
*** Running vivado
    with args -log base_pixel_pack_0.vds -m64 -product Vivado -mode batch -messageDb vivado.pb -notrace -source base_pixel_pack_0.tcl


****** Vivado v2018.2 (64-bit)
  **** SW Build 2258646 on Thu Jun 14 20:02:38 MDT 2018
  **** IP Build 2256618 on Thu Jun 14 22:10:49 MDT 2018
    ** Copyright 1986-2018 Xilinx, Inc. All Rights Reserved.

source base_pixel_pack_0.tcl -notrace
Command: synth_design -top base_pixel_pack_0 -part xc7z020clg400-1 -mode out_of_context
Starting synth_design
Attempting to get a license for feature 'Synthesis' and/or device 'xc7z020'
INFO: [Common 17-349] Got license for feature 'Synthesis' and/or device 'xc7z020'
INFO: Launching helper process for spawning children vivado processes
INFO: Helper process launched with PID 20108 
---------------------------------------------------------------------------------
Starting RTL Elaboration : Time (s): cpu = 00:00:04 ; elapsed = 00:00:06 . Memory (MB): peak = 1344.828 ; gain = 85.707 ; free physical = 1588 ; free virtual = 4928
---------------------------------------------------------------------------------
INFO: [Synth 8-6157] synthesizing module 'base_pixel_pack_0' [/home/junhonglin/Xilinx/PYNQ_Car/Robot/Robot.srcs/sources_1/bd/base/ip/base_pixel_pack_0/synth/base_pixel_pack_0.v:58]
INFO: [Synth 8-6157] synthesizing module 'pixel_pack' [/home/junhonglin/Xilinx/PYNQ_Car/Robot/Robot.srcs/sources_1/bd/base/ipshared/4b1f/hdl/verilog/pixel_pack.v:12]
	Parameter ap_ST_fsm_state1 bound to: 19'b0000000000000000001 
	Parameter ap_ST_fsm_state2 bound to: 19'b0000000000000000010 
	Parameter ap_ST_fsm_pp0_stage0 bound to: 19'b0000000000000000100 
	Parameter ap_ST_fsm_pp0_stage1 bound to: 19'b0000000000000001000 
	Parameter ap_ST_fsm_state6 bound to: 19'b0000000000000010000 
	Parameter ap_ST_fsm_pp1_stage0 bound to: 19'b0000000000000100000 
	Parameter ap_ST_fsm_pp1_stage1 bound to: 19'b0000000000001000000 
	Parameter ap_ST_fsm_pp2_stage0 bound to: 19'b0000000000010000000 
	Parameter ap_ST_fsm_pp2_stage1 bound to: 19'b0000000000100000000 
	Parameter ap_ST_fsm_pp2_stage2 bound to: 19'b0000000001000000000 
	Parameter ap_ST_fsm_pp2_stage3 bound to: 19'b0000000010000000000 
	Parameter ap_ST_fsm_state16 bound to: 19'b0000000100000000000 
	Parameter ap_ST_fsm_pp3_stage0 bound to: 19'b0000001000000000000 
	Parameter ap_ST_fsm_state19 bound to: 19'b0000010000000000000 
	Parameter ap_ST_fsm_pp4_stage0 bound to: 19'b0000100000000000000 
	Parameter ap_ST_fsm_pp4_stage1 bound to: 19'b0001000000000000000 
	Parameter ap_ST_fsm_pp4_stage2 bound to: 19'b0010000000000000000 
	Parameter ap_ST_fsm_pp4_stage3 bound to: 19'b0100000000000000000 
	Parameter ap_ST_fsm_state28 bound to: 19'b1000000000000000000 
	Parameter C_S_AXI_AXILITES_DATA_WIDTH bound to: 32 - type: integer 
	Parameter C_S_AXI_AXILITES_ADDR_WIDTH bound to: 5 - type: integer 
	Parameter C_S_AXI_DATA_WIDTH bound to: 32 - type: integer 
	Parameter C_S_AXI_AXILITES_WSTRB_WIDTH bound to: 4 - type: integer 
	Parameter C_S_AXI_WSTRB_WIDTH bound to: 4 - type: integer 
INFO: [Synth 8-5534] Detected attribute (* fsm_encoding = "none" *) [/home/junhonglin/Xilinx/PYNQ_Car/Robot/Robot.srcs/sources_1/bd/base/ipshared/4b1f/hdl/verilog/pixel_pack.v:201]
INFO: [Synth 8-6157] synthesizing module 'pixel_pack_AXILiteS_s_axi' [/home/junhonglin/Xilinx/PYNQ_Car/Robot/Robot.srcs/sources_1/bd/base/ipshared/4b1f/hdl/verilog/pixel_pack_AXILiteS_s_axi.v:9]
	Parameter C_S_AXI_ADDR_WIDTH bound to: 5 - type: integer 
	Parameter C_S_AXI_DATA_WIDTH bound to: 32 - type: integer 
	Parameter ADDR_MODE_DATA_0 bound to: 5'b10000 
	Parameter ADDR_MODE_CTRL bound to: 5'b10100 
	Parameter ADDR_ALPHA_V_DATA_0 bound to: 5'b11000 
	Parameter ADDR_ALPHA_V_CTRL bound to: 5'b11100 
	Parameter WRIDLE bound to: 2'b00 
	Parameter WRDATA bound to: 2'b01 
	Parameter WRRESP bound to: 2'b10 
	Parameter WRRESET bound to: 2'b11 
	Parameter RDIDLE bound to: 2'b00 
	Parameter RDDATA bound to: 2'b01 
	Parameter RDRESET bound to: 2'b10 
	Parameter ADDR_BITS bound to: 5 - type: integer 
INFO: [Synth 8-155] case statement is not full and has no default [/home/junhonglin/Xilinx/PYNQ_Car/Robot/Robot.srcs/sources_1/bd/base/ipshared/4b1f/hdl/verilog/pixel_pack_AXILiteS_s_axi.v:175]
INFO: [Synth 8-6155] done synthesizing module 'pixel_pack_AXILiteS_s_axi' (1#1) [/home/junhonglin/Xilinx/PYNQ_Car/Robot/Robot.srcs/sources_1/bd/base/ipshared/4b1f/hdl/verilog/pixel_pack_AXILiteS_s_axi.v:9]
INFO: [Synth 8-6155] done synthesizing module 'pixel_pack' (2#1) [/home/junhonglin/Xilinx/PYNQ_Car/Robot/Robot.srcs/sources_1/bd/base/ipshared/4b1f/hdl/verilog/pixel_pack.v:12]
INFO: [Synth 8-6155] done synthesizing module 'base_pixel_pack_0' (3#1) [/home/junhonglin/Xilinx/PYNQ_Car/Robot/Robot.srcs/sources_1/bd/base/ip/base_pixel_pack_0/synth/base_pixel_pack_0.v:58]
---------------------------------------------------------------------------------
Finished RTL Elaboration : Time (s): cpu = 00:00:06 ; elapsed = 00:00:08 . Memory (MB): peak = 1390.453 ; gain = 131.332 ; free physical = 1555 ; free virtual = 4896
---------------------------------------------------------------------------------

Report Check Netlist: 
+------+------------------+-------+---------+-------+------------------+
|      |Item              |Errors |Warnings |Status |Description       |
+------+------------------+-------+---------+-------+------------------+
|1     |multi_driven_nets |      0|        0|Passed |Multi driven nets |
+------+------------------+-------+---------+-------+------------------+
---------------------------------------------------------------------------------
Start Handling Custom Attributes
---------------------------------------------------------------------------------
---------------------------------------------------------------------------------
Finished Handling Custom Attributes : Time (s): cpu = 00:00:07 ; elapsed = 00:00:09 . Memory (MB): peak = 1390.453 ; gain = 131.332 ; free physical = 1523 ; free virtual = 4864
---------------------------------------------------------------------------------
---------------------------------------------------------------------------------
Finished RTL Optimization Phase 1 : Time (s): cpu = 00:00:07 ; elapsed = 00:00:09 . Memory (MB): peak = 1390.453 ; gain = 131.332 ; free physical = 1523 ; free virtual = 4864
---------------------------------------------------------------------------------
INFO: [Device 21-403] Loading part xc7z020clg400-1
INFO: [Project 1-570] Preparing netlist for logic optimization

Processing XDC Constraints
Initializing timing engine
Parsing XDC File [/home/junhonglin/Xilinx/PYNQ_Car/Robot/Robot.srcs/sources_1/bd/base/ip/base_pixel_pack_0/constraints/pixel_pack_ooc.xdc] for cell 'inst'
Finished Parsing XDC File [/home/junhonglin/Xilinx/PYNQ_Car/Robot/Robot.srcs/sources_1/bd/base/ip/base_pixel_pack_0/constraints/pixel_pack_ooc.xdc] for cell 'inst'
Parsing XDC File [/home/junhonglin/Xilinx/PYNQ_Car/Robot/Robot.runs/base_pixel_pack_0_synth_1/dont_touch.xdc]
Finished Parsing XDC File [/home/junhonglin/Xilinx/PYNQ_Car/Robot/Robot.runs/base_pixel_pack_0_synth_1/dont_touch.xdc]
Completed Processing XDC Constraints

INFO: [Project 1-111] Unisim Transformation Summary:
No Unisim elements were transformed.

Constraint Validation Runtime : Time (s): cpu = 00:00:00.12 ; elapsed = 00:00:00.11 . Memory (MB): peak = 1776.484 ; gain = 0.000 ; free physical = 781 ; free virtual = 4124
---------------------------------------------------------------------------------
Finished Constraint Validation : Time (s): cpu = 00:00:32 ; elapsed = 00:01:10 . Memory (MB): peak = 1776.484 ; gain = 517.363 ; free physical = 768 ; free virtual = 4114
---------------------------------------------------------------------------------
---------------------------------------------------------------------------------
Start Loading Part and Timing Information
---------------------------------------------------------------------------------
Loading part: xc7z020clg400-1
---------------------------------------------------------------------------------
Finished Loading Part and Timing Information : Time (s): cpu = 00:00:32 ; elapsed = 00:01:10 . Memory (MB): peak = 1776.484 ; gain = 517.363 ; free physical = 768 ; free virtual = 4114
---------------------------------------------------------------------------------
---------------------------------------------------------------------------------
Start Applying 'set_property' XDC Constraints
---------------------------------------------------------------------------------
Applied set_property DONT_TOUCH = true for inst. (constraint file  /home/junhonglin/Xilinx/PYNQ_Car/Robot/Robot.runs/base_pixel_pack_0_synth_1/dont_touch.xdc, line 9).
---------------------------------------------------------------------------------
Finished applying 'set_property' XDC Constraints : Time (s): cpu = 00:00:32 ; elapsed = 00:01:10 . Memory (MB): peak = 1776.484 ; gain = 517.363 ; free physical = 768 ; free virtual = 4115
---------------------------------------------------------------------------------
INFO: [Synth 8-802] inferred FSM for state register 'wstate_reg' in module 'pixel_pack_AXILiteS_s_axi'
INFO: [Synth 8-802] inferred FSM for state register 'rstate_reg' in module 'pixel_pack_AXILiteS_s_axi'
INFO: [Synth 8-5544] ROM "wnext" won't be mapped to Block RAM because address size (1) smaller than threshold (5)
INFO: [Synth 8-5544] ROM "wnext" won't be mapped to Block RAM because address size (1) smaller than threshold (5)
INFO: [Synth 8-4490] FSM extraction disabled for register 'ap_CS_fsm_reg' through user attribute
INFO: [Synth 8-5544] ROM "ap_NS_fsm" won't be mapped to Block RAM because address size (1) smaller than threshold (5)
INFO: [Synth 8-5544] ROM "ap_NS_fsm" won't be mapped to Block RAM because address size (1) smaller than threshold (5)
INFO: [Synth 8-5544] ROM "ap_NS_fsm" won't be mapped to Block RAM because address size (1) smaller than threshold (5)
INFO: [Synth 8-5544] ROM "ap_NS_fsm" won't be mapped to Block RAM because address size (1) smaller than threshold (5)
INFO: [Synth 8-5544] ROM "ap_NS_fsm" won't be mapped to Block RAM because address size (1) smaller than threshold (5)
INFO: [Synth 8-5544] ROM "ap_NS_fsm" won't be mapped to Block RAM because address size (1) smaller than threshold (5)
INFO: [Synth 8-5544] ROM "ap_NS_fsm" won't be mapped to Block RAM because address size (1) smaller than threshold (5)
INFO: [Synth 8-5544] ROM "ap_NS_fsm" won't be mapped to Block RAM because address size (1) smaller than threshold (5)
INFO: [Synth 8-5544] ROM "ap_NS_fsm" won't be mapped to Block RAM because address size (1) smaller than threshold (5)
INFO: [Synth 8-5544] ROM "ap_NS_fsm" won't be mapped to Block RAM because address size (1) smaller than threshold (5)
INFO: [Synth 8-5544] ROM "ap_NS_fsm" won't be mapped to Block RAM because address size (1) smaller than threshold (5)
INFO: [Synth 8-5544] ROM "ap_NS_fsm" won't be mapped to Block RAM because address size (1) smaller than threshold (5)
INFO: [Synth 8-5544] ROM "ap_NS_fsm" won't be mapped to Block RAM because address size (1) smaller than threshold (5)
INFO: [Synth 8-5544] ROM "ap_NS_fsm" won't be mapped to Block RAM because address size (1) smaller than threshold (5)
INFO: [Synth 8-5544] ROM "stream_in_24_data_V_0_state" won't be mapped to Block RAM because address size (1) smaller than threshold (5)
INFO: [Synth 8-5544] ROM "stream_in_24_data_V_0_state" won't be mapped to Block RAM because address size (1) smaller than threshold (5)
INFO: [Synth 8-5544] ROM "stream_in_24_last_V_0_state" won't be mapped to Block RAM because address size (1) smaller than threshold (5)
INFO: [Synth 8-5544] ROM "stream_in_24_last_V_0_state" won't be mapped to Block RAM because address size (1) smaller than threshold (5)
INFO: [Synth 8-5544] ROM "stream_in_24_user_V_0_state" won't be mapped to Block RAM because address size (1) smaller than threshold (5)
INFO: [Synth 8-5544] ROM "stream_in_24_user_V_0_state" won't be mapped to Block RAM because address size (1) smaller than threshold (5)
INFO: [Synth 8-5544] ROM "stream_out_32_data_V_1_state" won't be mapped to Block RAM because address size (1) smaller than threshold (5)
INFO: [Synth 8-5544] ROM "stream_out_32_data_V_1_state" won't be mapped to Block RAM because address size (1) smaller than threshold (5)
INFO: [Synth 8-5544] ROM "stream_out_32_last_V_1_state" won't be mapped to Block RAM because address size (1) smaller than threshold (5)
INFO: [Synth 8-5544] ROM "stream_out_32_last_V_1_state" won't be mapped to Block RAM because address size (1) smaller than threshold (5)
INFO: [Synth 8-5544] ROM "stream_out_32_user_V_1_state" won't be mapped to Block RAM because address size (1) smaller than threshold (5)
INFO: [Synth 8-5544] ROM "stream_out_32_user_V_1_state" won't be mapped to Block RAM because address size (1) smaller than threshold (5)
---------------------------------------------------------------------------------------------------
                   State |                     New Encoding |                Previous Encoding 
---------------------------------------------------------------------------------------------------
                  iSTATE |                             0001 |                               11
*
                  WRIDLE |                             0010 |                               00
                  WRDATA |                             0100 |                               01
                  WRRESP |                             1000 |                               10
---------------------------------------------------------------------------------------------------
INFO: [Synth 8-3354] encoded FSM with state register 'wstate_reg' using encoding 'one-hot' in module 'pixel_pack_AXILiteS_s_axi'
---------------------------------------------------------------------------------------------------
                   State |                     New Encoding |                Previous Encoding 
---------------------------------------------------------------------------------------------------
                  iSTATE |                              001 |                               10
*
                  RDIDLE |                              010 |                               00
                  RDDATA |                              100 |                               01
---------------------------------------------------------------------------------------------------
INFO: [Synth 8-3354] encoded FSM with state register 'rstate_reg' using encoding 'one-hot' in module 'pixel_pack_AXILiteS_s_axi'
---------------------------------------------------------------------------------
Finished RTL Optimization Phase 2 : Time (s): cpu = 00:00:33 ; elapsed = 00:01:11 . Memory (MB): peak = 1776.484 ; gain = 517.363 ; free physical = 645 ; free virtual = 3992
---------------------------------------------------------------------------------

Report RTL Partitions: 
+-+--------------+------------+----------+
| |RTL Partition |Replication |Instances |
+-+--------------+------------+----------+
+-+--------------+------------+----------+
---------------------------------------------------------------------------------
Start RTL Component Statistics 
---------------------------------------------------------------------------------
Detailed RTL Component Info : 
+---XORs : 
	   2 Input      1 Bit         XORs := 2     
+---Registers : 
	               96 Bit    Registers := 5     
	               32 Bit    Registers := 12    
	               24 Bit    Registers := 2     
	               19 Bit    Registers := 1     
	                8 Bit    Registers := 3     
	                5 Bit    Registers := 1     
	                4 Bit    Registers := 10    
	                2 Bit    Registers := 6     
	                1 Bit    Registers := 51    
+---Muxes : 
	   2 Input     96 Bit        Muxes := 6     
	   2 Input     32 Bit        Muxes := 9     
	   3 Input     32 Bit        Muxes := 1     
	   2 Input     24 Bit        Muxes := 1     
	   3 Input     19 Bit        Muxes := 2     
	   2 Input     18 Bit        Muxes := 1     
	   2 Input     16 Bit        Muxes := 1     
	   2 Input     15 Bit        Muxes := 1     
	   3 Input     14 Bit        Muxes := 1     
	   2 Input     13 Bit        Muxes := 1     
	   3 Input     12 Bit        Muxes := 1     
	   2 Input     11 Bit        Muxes := 2     
	   2 Input      9 Bit        Muxes := 1     
	   2 Input      8 Bit        Muxes := 1     
	   2 Input      7 Bit        Muxes := 2     
	   2 Input      6 Bit        Muxes := 2     
	   2 Input      5 Bit        Muxes := 2     
	   3 Input      5 Bit        Muxes := 1     
	   4 Input      4 Bit        Muxes := 1     
	   2 Input      4 Bit        Muxes := 15    
	   3 Input      3 Bit        Muxes := 1     
	   2 Input      3 Bit        Muxes := 2     
	   2 Input      2 Bit        Muxes := 15    
	   4 Input      2 Bit        Muxes := 3     
	   2 Input      1 Bit        Muxes := 33    
---------------------------------------------------------------------------------
Finished RTL Component Statistics 
---------------------------------------------------------------------------------
---------------------------------------------------------------------------------
Start RTL Hierarchical Component Statistics 
---------------------------------------------------------------------------------
Hierarchical RTL Component report 
Module pixel_pack_AXILiteS_s_axi 
Detailed RTL Component Info : 
+---Registers : 
	               32 Bit    Registers := 2     
	                8 Bit    Registers := 1     
	                5 Bit    Registers := 1     
+---Muxes : 
	   2 Input     32 Bit        Muxes := 1     
	   3 Input     32 Bit        Muxes := 1     
	   4 Input      4 Bit        Muxes := 1     
	   2 Input      4 Bit        Muxes := 3     
	   3 Input      3 Bit        Muxes := 1     
	   2 Input      3 Bit        Muxes := 2     
Module pixel_pack 
Detailed RTL Component Info : 
+---XORs : 
	   2 Input      1 Bit         XORs := 2     
+---Registers : 
	               96 Bit    Registers := 5     
	               32 Bit    Registers := 10    
	               24 Bit    Registers := 2     
	               19 Bit    Registers := 1     
	                8 Bit    Registers := 2     
	                4 Bit    Registers := 10    
	                2 Bit    Registers := 6     
	                1 Bit    Registers := 51    
+---Muxes : 
	   2 Input     96 Bit        Muxes := 6     
	   2 Input     32 Bit        Muxes := 8     
	   2 Input     24 Bit        Muxes := 1     
	   3 Input     19 Bit        Muxes := 2     
	   2 Input     18 Bit        Muxes := 1     
	   2 Input     16 Bit        Muxes := 1     
	   2 Input     15 Bit        Muxes := 1     
	   3 Input     14 Bit        Muxes := 1     
	   2 Input     13 Bit        Muxes := 1     
	   3 Input     12 Bit        Muxes := 1     
	   2 Input     11 Bit        Muxes := 2     
	   2 Input      9 Bit        Muxes := 1     
	   2 Input      8 Bit        Muxes := 1     
	   2 Input      7 Bit        Muxes := 2     
	   2 Input      6 Bit        Muxes := 2     
	   2 Input      5 Bit        Muxes := 2     
	   3 Input      5 Bit        Muxes := 1     
	   2 Input      4 Bit        Muxes := 12    
	   2 Input      2 Bit        Muxes := 15    
	   4 Input      2 Bit        Muxes := 3     
	   2 Input      1 Bit        Muxes := 33    
---------------------------------------------------------------------------------
Finished RTL Hierarchical Component Statistics
---------------------------------------------------------------------------------
---------------------------------------------------------------------------------
Start Part Resource Summary
---------------------------------------------------------------------------------
Part Resources:
DSPs: 220 (col length:60)
BRAMs: 280 (col length: RAMB18 60 RAMB36 30)
---------------------------------------------------------------------------------
Finished Part Resource Summary
---------------------------------------------------------------------------------
---------------------------------------------------------------------------------
Start Cross Boundary and Area Optimization
---------------------------------------------------------------------------------
Warning: Parallel synthesis criteria is not met 
INFO: [Synth 8-5544] ROM "data101" won't be mapped to Block RAM because address size (1) smaller than threshold (5)
INFO: [Synth 8-5544] ROM "data101" won't be mapped to Block RAM because address size (1) smaller than threshold (5)
INFO: [Synth 8-5544] ROM "ap_NS_fsm" won't be mapped to Block RAM because address size (1) smaller than threshold (5)
INFO: [Synth 8-5544] ROM "ap_NS_fsm" won't be mapped to Block RAM because address size (1) smaller than threshold (5)
INFO: [Synth 8-5544] ROM "ap_NS_fsm" won't be mapped to Block RAM because address size (1) smaller than threshold (5)
INFO: [Synth 8-5544] ROM "ap_NS_fsm" won't be mapped to Block RAM because address size (1) smaller than threshold (5)
INFO: [Synth 8-5544] ROM "ap_NS_fsm" won't be mapped to Block RAM because address size (1) smaller than threshold (5)
WARNING: [Synth 8-3332] Sequential element (p_071_2_3_reg_533_reg[3]) is unused and will be removed from module pixel_pack.
WARNING: [Synth 8-3332] Sequential element (p_071_s_reg_368_reg[3]) is unused and will be removed from module pixel_pack.
WARNING: [Synth 8-3332] Sequential element (ap_phi_reg_pp4_iter0_p_071_2_reg_415_reg[3]) is unused and will be removed from module pixel_pack.
WARNING: [Synth 8-3332] Sequential element (ap_phi_reg_pp4_iter0_p_071_2_1_reg_459_reg[3]) is unused and will be removed from module pixel_pack.
WARNING: [Synth 8-3332] Sequential element (ap_phi_reg_pp4_iter1_p_071_2_2_reg_503_reg[3]) is unused and will be removed from module pixel_pack.
WARNING: [Synth 8-3332] Sequential element (p_067_2_3_reg_545_reg[0]) is unused and will be removed from module pixel_pack.
WARNING: [Synth 8-3332] Sequential element (p_067_s_reg_380_reg[0]) is unused and will be removed from module pixel_pack.
WARNING: [Synth 8-3332] Sequential element (ap_phi_reg_pp4_iter0_p_067_2_reg_426_reg[0]) is unused and will be removed from module pixel_pack.
WARNING: [Synth 8-3332] Sequential element (ap_phi_reg_pp4_iter0_p_067_2_1_reg_470_reg[0]) is unused and will be removed from module pixel_pack.
WARNING: [Synth 8-3332] Sequential element (ap_phi_reg_pp4_iter1_p_067_2_2_reg_513_reg[0]) is unused and will be removed from module pixel_pack.
---------------------------------------------------------------------------------
Finished Cross Boundary and Area Optimization : Time (s): cpu = 00:00:42 ; elapsed = 00:01:20 . Memory (MB): peak = 1776.484 ; gain = 517.363 ; free physical = 1304 ; free virtual = 4652
---------------------------------------------------------------------------------

Report RTL Partitions: 
+-+--------------+------------+----------+
| |RTL Partition |Replication |Instances |
+-+--------------+------------+----------+
+-+--------------+------------+----------+
---------------------------------------------------------------------------------
Start Applying XDC Timing Constraints
---------------------------------------------------------------------------------
---------------------------------------------------------------------------------
Finished Applying XDC Timing Constraints : Time (s): cpu = 00:00:58 ; elapsed = 00:01:44 . Memory (MB): peak = 1776.484 ; gain = 517.363 ; free physical = 758 ; free virtual = 4108
---------------------------------------------------------------------------------
---------------------------------------------------------------------------------
Start Timing Optimization
---------------------------------------------------------------------------------
---------------------------------------------------------------------------------
Finished Timing Optimization : Time (s): cpu = 00:01:02 ; elapsed = 00:01:48 . Memory (MB): peak = 1783.195 ; gain = 524.074 ; free physical = 692 ; free virtual = 4043
---------------------------------------------------------------------------------

Report RTL Partitions: 
+-+--------------+------------+----------+
| |RTL Partition |Replication |Instances |
+-+--------------+------------+----------+
+-+--------------+------------+----------+
---------------------------------------------------------------------------------
Start Technology Mapping
---------------------------------------------------------------------------------
---------------------------------------------------------------------------------
Finished Technology Mapping : Time (s): cpu = 00:01:04 ; elapsed = 00:01:50 . Memory (MB): peak = 1783.195 ; gain = 524.074 ; free physical = 616 ; free virtual = 3967
---------------------------------------------------------------------------------

Report RTL Partitions: 
+-+--------------+------------+----------+
| |RTL Partition |Replication |Instances |
+-+--------------+------------+----------+
+-+--------------+------------+----------+
---------------------------------------------------------------------------------
Start IO Insertion
---------------------------------------------------------------------------------
---------------------------------------------------------------------------------
Start Flattening Before IO Insertion
---------------------------------------------------------------------------------
---------------------------------------------------------------------------------
Finished Flattening Before IO Insertion
---------------------------------------------------------------------------------
---------------------------------------------------------------------------------
Start Final Netlist Cleanup
---------------------------------------------------------------------------------
---------------------------------------------------------------------------------
Finished Final Netlist Cleanup
---------------------------------------------------------------------------------
---------------------------------------------------------------------------------
Finished IO Insertion : Time (s): cpu = 00:01:06 ; elapsed = 00:01:52 . Memory (MB): peak = 1783.195 ; gain = 524.074 ; free physical = 647 ; free virtual = 3998
---------------------------------------------------------------------------------

Report Check Netlist: 
+------+------------------+-------+---------+-------+------------------+
|      |Item              |Errors |Warnings |Status |Description       |
+------+------------------+-------+---------+-------+------------------+
|1     |multi_driven_nets |      0|        0|Passed |Multi driven nets |
+------+------------------+-------+---------+-------+------------------+
---------------------------------------------------------------------------------
Start Renaming Generated Instances
---------------------------------------------------------------------------------
---------------------------------------------------------------------------------
Finished Renaming Generated Instances : Time (s): cpu = 00:01:06 ; elapsed = 00:01:52 . Memory (MB): peak = 1783.195 ; gain = 524.074 ; free physical = 651 ; free virtual = 4003
---------------------------------------------------------------------------------

Report RTL Partitions: 
+-+--------------+------------+----------+
| |RTL Partition |Replication |Instances |
+-+--------------+------------+----------+
+-+--------------+------------+----------+
---------------------------------------------------------------------------------
Start Rebuilding User Hierarchy
---------------------------------------------------------------------------------
---------------------------------------------------------------------------------
Finished Rebuilding User Hierarchy : Time (s): cpu = 00:01:06 ; elapsed = 00:01:52 . Memory (MB): peak = 1783.195 ; gain = 524.074 ; free physical = 636 ; free virtual = 3987
---------------------------------------------------------------------------------
---------------------------------------------------------------------------------
Start Renaming Generated Ports
---------------------------------------------------------------------------------
---------------------------------------------------------------------------------
Finished Renaming Generated Ports : Time (s): cpu = 00:01:06 ; elapsed = 00:01:52 . Memory (MB): peak = 1783.195 ; gain = 524.074 ; free physical = 635 ; free virtual = 3987
---------------------------------------------------------------------------------
---------------------------------------------------------------------------------
Start Handling Custom Attributes
---------------------------------------------------------------------------------
---------------------------------------------------------------------------------
Finished Handling Custom Attributes : Time (s): cpu = 00:01:07 ; elapsed = 00:01:52 . Memory (MB): peak = 1783.195 ; gain = 524.074 ; free physical = 638 ; free virtual = 3990
---------------------------------------------------------------------------------
---------------------------------------------------------------------------------
Start Renaming Generated Nets
---------------------------------------------------------------------------------
---------------------------------------------------------------------------------
Finished Renaming Generated Nets : Time (s): cpu = 00:01:07 ; elapsed = 00:01:52 . Memory (MB): peak = 1783.195 ; gain = 524.074 ; free physical = 636 ; free virtual = 3988
---------------------------------------------------------------------------------
---------------------------------------------------------------------------------
Start Writing Synthesis Report
---------------------------------------------------------------------------------

Report BlackBoxes: 
+-+--------------+----------+
| |BlackBox name |Instances |
+-+--------------+----------+
+-+--------------+----------+

Report Cell Usage: 
+------+-----+------+
|      |Cell |Count |
+------+-----+------+
|1     |LUT1 |     2|
|2     |LUT2 |    15|
|3     |LUT3 |   131|
|4     |LUT4 |   118|
|5     |LUT5 |   237|
|6     |LUT6 |   174|
|7     |FDRE |  1057|
|8     |FDSE |     3|
+------+-----+------+

Report Instance Areas: 
+------+--------------------------------+--------------------------+------+
|      |Instance                        |Module                    |Cells |
+------+--------------------------------+--------------------------+------+
|1     |top                             |                          |  1737|
|2     |  inst                          |pixel_pack                |  1737|
|3     |    pixel_pack_AXILiteS_s_axi_U |pixel_pack_AXILiteS_s_axi |   169|
+------+--------------------------------+--------------------------+------+
---------------------------------------------------------------------------------
Finished Writing Synthesis Report : Time (s): cpu = 00:01:07 ; elapsed = 00:01:52 . Memory (MB): peak = 1783.195 ; gain = 524.074 ; free physical = 636 ; free virtual = 3988
---------------------------------------------------------------------------------
Synthesis finished with 0 errors, 0 critical warnings and 10 warnings.
Synthesis Optimization Runtime : Time (s): cpu = 00:00:46 ; elapsed = 00:00:58 . Memory (MB): peak = 1783.195 ; gain = 138.043 ; free physical = 685 ; free virtual = 4037
Synthesis Optimization Complete : Time (s): cpu = 00:01:07 ; elapsed = 00:01:52 . Memory (MB): peak = 1783.203 ; gain = 524.074 ; free physical = 684 ; free virtual = 4036
INFO: [Project 1-571] Translating synthesized netlist
WARNING: [Netlist 29-101] Netlist 'base_pixel_pack_0' is not ideal for floorplanning, since the cellview 'pixel_pack' contains a large number of primitives.  Please consider enabling hierarchy in synthesis if you want to do floorplanning.
INFO: [Project 1-570] Preparing netlist for logic optimization
INFO: [Opt 31-138] Pushed 0 inverter(s) to 0 load pin(s).
INFO: [Project 1-111] Unisim Transformation Summary:
No Unisim elements were transformed.

INFO: [Common 17-83] Releasing license: Synthesis
57 Infos, 11 Warnings, 0 Critical Warnings and 0 Errors encountered.
synth_design completed successfully
synth_design: Time (s): cpu = 00:01:11 ; elapsed = 00:01:55 . Memory (MB): peak = 1815.211 ; gain = 567.836 ; free physical = 1947 ; free virtual = 5294
WARNING: [Constraints 18-5210] No constraint will be written out.
INFO: [Common 17-1381] The checkpoint '/home/junhonglin/Xilinx/PYNQ_Car/Robot/Robot.runs/base_pixel_pack_0_synth_1/base_pixel_pack_0.dcp' has been generated.
