16:46:18 INFO  : Registering command handlers for SDK TCF services
16:46:19 INFO  : Launching XSCT server: xsct -n -interactive /home/junhonglin/Xilinx/PYNQ_Car/Robot.sdk/temp_xsdb_launch_script.tcl
16:46:22 INFO  : XSCT server has started successfully.
16:46:22 INFO  : Successfully done setting XSCT server connection channel  
16:46:22 INFO  : Restoring local repository preferences: 
		 /home/junhonglin/Xilinx/PYNQ_Car/Robot/sw_repo
16:46:31 INFO  : Successfully done setting SDK workspace  
16:46:36 INFO  : SDK has detected change in the last modified timestamps for source hardware specification file Source:1552897773000,  Project:1552636541000
16:46:36 INFO  : Project hw_base's source hardware specification located at /home/junhonglin/Xilinx/PYNQ_Car/Robot/Robot.sdk/Robot.hdf is now different from the local copy.
		 The local copy will be replaced with the source specification and your workspace will be updated.
16:46:48 INFO  : Copied contents of /home/junhonglin/Xilinx/PYNQ_Car/Robot/Robot.sdk/Robot.hdf into /hw_base/system.hdf.
16:46:57 INFO  : Synchronizing projects in the workspace with the hardware platform specification changes.
16:47:01 INFO  : 
16:47:02 INFO  : 
16:47:04 INFO  : 
16:47:07 INFO  : 
16:47:08 INFO  : Updating hardware inferred compiler options for arduino_4wdmoto.
16:47:08 INFO  : Clearing existing target manager status.
16:47:08 INFO  : Workspace synchronized with the new hardware specification file. Cleaning dependent projects...
16:47:12 WARN  : Linker script will not be updated automatically. Users need to update it manually.
16:47:37 INFO  : Connected to target on host '127.0.0.1' and port '3121'.
16:47:38 INFO  : Jtag cable 'Xilinx TUL 1234-tulA' is selected.
16:47:38 INFO  : 'jtag frequency' command is executed.
16:47:38 INFO  : ----------------XSDB Script----------------
connect -url tcp:127.0.0.1:3121
----------------End of Script----------------

16:58:59 INFO  : Connected to target on host '127.0.0.1' and port '3121'.
16:59:00 INFO  : Jtag cable 'Xilinx TUL 1234-tulA' is selected.
16:59:00 INFO  : 'jtag frequency' command is executed.
16:59:00 INFO  : ----------------XSDB Script----------------
connect -url tcp:127.0.0.1:3121
----------------End of Script----------------

