Copyright 1986-2018 Xilinx, Inc. All Rights Reserved.
------------------------------------------------------------------------------------
| Tool Version : Vivado v.2018.2 (lin64) Build 2258646 Thu Jun 14 20:02:38 MDT 2018
| Date         : Mon Mar 18 12:16:05 2019
| Host         : ubuntu running 64-bit Ubuntu 16.04.5 LTS
| Command      : upgrade_ip
| Device       : xc7z020clg400-1
------------------------------------------------------------------------------------

Upgrade Log for IP 'system_v_vid_in_axi4s_0_0'

1. Summary
----------

SUCCESS in the upgrade of system_v_vid_in_axi4s_0_0 (xilinx.com:ip:v_vid_in_axi4s:4.0) from (Rev. 7) to (Rev. 8)






Copyright 1986-2018 Xilinx, Inc. All Rights Reserved.
------------------------------------------------------------------------------------
| Tool Version : Vivado v.2018.2 (lin64) Build 2258646 Thu Jun 14 20:02:38 MDT 2018
| Date         : Mon Mar 18 12:16:05 2019
| Host         : ubuntu running 64-bit Ubuntu 16.04.5 LTS
| Command      : upgrade_ip
| Device       : xc7z020clg400-1
------------------------------------------------------------------------------------

Upgrade Log for IP 'system_v_axi4s_vid_out_0_0'

1. Summary
----------

SUCCESS in the upgrade of system_v_axi4s_vid_out_0_0 (xilinx.com:ip:v_axi4s_vid_out:4.0) from (Rev. 8) to (Rev. 9)






Copyright 1986-2018 Xilinx, Inc. All Rights Reserved.
------------------------------------------------------------------------------------
| Tool Version : Vivado v.2018.2 (lin64) Build 2258646 Thu Jun 14 20:02:38 MDT 2018
| Date         : Mon Mar 18 12:16:05 2019
| Host         : ubuntu running 64-bit Ubuntu 16.04.5 LTS
| Command      : upgrade_ip
| Device       : xc7z020clg400-1
------------------------------------------------------------------------------------

Upgrade Log for IP 'system_uartlite_1'

1. Summary
----------

SUCCESS in the upgrade of system_uartlite_1 (xilinx.com:ip:axi_uartlite:2.0) from (Rev. 19) to (Rev. 21)






Copyright 1986-2018 Xilinx, Inc. All Rights Reserved.
------------------------------------------------------------------------------------
| Tool Version : Vivado v.2018.2 (lin64) Build 2258646 Thu Jun 14 20:02:38 MDT 2018
| Date         : Mon Mar 18 12:16:04 2019
| Host         : ubuntu running 64-bit Ubuntu 16.04.5 LTS
| Command      : upgrade_ip
| Device       : xc7z020clg400-1
------------------------------------------------------------------------------------

Upgrade Log for IP 'system_uartlite_0'

1. Summary
----------

SUCCESS in the upgrade of system_uartlite_0 (xilinx.com:ip:axi_uartlite:2.0) from (Rev. 19) to (Rev. 21)






Copyright 1986-2018 Xilinx, Inc. All Rights Reserved.
------------------------------------------------------------------------------------
| Tool Version : Vivado v.2018.2 (lin64) Build 2258646 Thu Jun 14 20:02:38 MDT 2018
| Date         : Mon Mar 18 12:16:04 2019
| Host         : ubuntu running 64-bit Ubuntu 16.04.5 LTS
| Command      : upgrade_ip
| Device       : xc7z020clg400-1
------------------------------------------------------------------------------------

Upgrade Log for IP 'system_timer_5_0'

1. Summary
----------

SUCCESS in the upgrade of system_timer_5_0 (xilinx.com:ip:axi_timer:2.0) from (Rev. 17) to (Rev. 19)






Copyright 1986-2018 Xilinx, Inc. All Rights Reserved.
------------------------------------------------------------------------------------
| Tool Version : Vivado v.2018.2 (lin64) Build 2258646 Thu Jun 14 20:02:38 MDT 2018
| Date         : Mon Mar 18 12:16:04 2019
| Host         : ubuntu running 64-bit Ubuntu 16.04.5 LTS
| Command      : upgrade_ip
| Device       : xc7z020clg400-1
------------------------------------------------------------------------------------

Upgrade Log for IP 'system_timer_4_0'

1. Summary
----------

SUCCESS in the upgrade of system_timer_4_0 (xilinx.com:ip:axi_timer:2.0) from (Rev. 17) to (Rev. 19)






Copyright 1986-2018 Xilinx, Inc. All Rights Reserved.
------------------------------------------------------------------------------------
| Tool Version : Vivado v.2018.2 (lin64) Build 2258646 Thu Jun 14 20:02:38 MDT 2018
| Date         : Mon Mar 18 12:16:04 2019
| Host         : ubuntu running 64-bit Ubuntu 16.04.5 LTS
| Command      : upgrade_ip
| Device       : xc7z020clg400-1
------------------------------------------------------------------------------------

Upgrade Log for IP 'system_timer_3_0'

1. Summary
----------

SUCCESS in the upgrade of system_timer_3_0 (xilinx.com:ip:axi_timer:2.0) from (Rev. 17) to (Rev. 19)






Copyright 1986-2018 Xilinx, Inc. All Rights Reserved.
------------------------------------------------------------------------------------
| Tool Version : Vivado v.2018.2 (lin64) Build 2258646 Thu Jun 14 20:02:38 MDT 2018
| Date         : Mon Mar 18 12:16:04 2019
| Host         : ubuntu running 64-bit Ubuntu 16.04.5 LTS
| Command      : upgrade_ip
| Device       : xc7z020clg400-1
------------------------------------------------------------------------------------

Upgrade Log for IP 'system_timer_2_0'

1. Summary
----------

SUCCESS in the upgrade of system_timer_2_0 (xilinx.com:ip:axi_timer:2.0) from (Rev. 17) to (Rev. 19)






Copyright 1986-2018 Xilinx, Inc. All Rights Reserved.
------------------------------------------------------------------------------------
| Tool Version : Vivado v.2018.2 (lin64) Build 2258646 Thu Jun 14 20:02:38 MDT 2018
| Date         : Mon Mar 18 12:16:03 2019
| Host         : ubuntu running 64-bit Ubuntu 16.04.5 LTS
| Command      : upgrade_ip
| Device       : xc7z020clg400-1
------------------------------------------------------------------------------------

Upgrade Log for IP 'system_timer_1_1'

1. Summary
----------

SUCCESS in the upgrade of system_timer_1_1 (xilinx.com:ip:axi_timer:2.0) from (Rev. 17) to (Rev. 19)






Copyright 1986-2018 Xilinx, Inc. All Rights Reserved.
------------------------------------------------------------------------------------
| Tool Version : Vivado v.2018.2 (lin64) Build 2258646 Thu Jun 14 20:02:38 MDT 2018
| Date         : Mon Mar 18 12:16:03 2019
| Host         : ubuntu running 64-bit Ubuntu 16.04.5 LTS
| Command      : upgrade_ip
| Device       : xc7z020clg400-1
------------------------------------------------------------------------------------

Upgrade Log for IP 'system_timer_1_0'

1. Summary
----------

SUCCESS in the upgrade of system_timer_1_0 (xilinx.com:ip:axi_timer:2.0) from (Rev. 17) to (Rev. 19)






Copyright 1986-2018 Xilinx, Inc. All Rights Reserved.
------------------------------------------------------------------------------------
| Tool Version : Vivado v.2018.2 (lin64) Build 2258646 Thu Jun 14 20:02:38 MDT 2018
| Date         : Mon Mar 18 12:16:03 2019
| Host         : ubuntu running 64-bit Ubuntu 16.04.5 LTS
| Command      : upgrade_ip
| Device       : xc7z020clg400-1
------------------------------------------------------------------------------------

Upgrade Log for IP 'system_timer_1'

1. Summary
----------

SUCCESS in the upgrade of system_timer_1 (xilinx.com:ip:axi_timer:2.0) from (Rev. 17) to (Rev. 19)






Copyright 1986-2018 Xilinx, Inc. All Rights Reserved.
------------------------------------------------------------------------------------
| Tool Version : Vivado v.2018.2 (lin64) Build 2258646 Thu Jun 14 20:02:38 MDT 2018
| Date         : Mon Mar 18 12:16:03 2019
| Host         : ubuntu running 64-bit Ubuntu 16.04.5 LTS
| Command      : upgrade_ip
| Device       : xc7z020clg400-1
------------------------------------------------------------------------------------

Upgrade Log for IP 'system_timer_0_1'

1. Summary
----------

SUCCESS in the upgrade of system_timer_0_1 (xilinx.com:ip:axi_timer:2.0) from (Rev. 17) to (Rev. 19)






Copyright 1986-2018 Xilinx, Inc. All Rights Reserved.
------------------------------------------------------------------------------------
| Tool Version : Vivado v.2018.2 (lin64) Build 2258646 Thu Jun 14 20:02:38 MDT 2018
| Date         : Mon Mar 18 12:16:02 2019
| Host         : ubuntu running 64-bit Ubuntu 16.04.5 LTS
| Command      : upgrade_ip
| Device       : xc7z020clg400-1
------------------------------------------------------------------------------------

Upgrade Log for IP 'system_timer_0_0'

1. Summary
----------

SUCCESS in the upgrade of system_timer_0_0 (xilinx.com:ip:axi_timer:2.0) from (Rev. 17) to (Rev. 19)






Copyright 1986-2018 Xilinx, Inc. All Rights Reserved.
------------------------------------------------------------------------------------
| Tool Version : Vivado v.2018.2 (lin64) Build 2258646 Thu Jun 14 20:02:38 MDT 2018
| Date         : Mon Mar 18 12:16:02 2019
| Host         : ubuntu running 64-bit Ubuntu 16.04.5 LTS
| Command      : upgrade_ip
| Device       : xc7z020clg400-1
------------------------------------------------------------------------------------

Upgrade Log for IP 'system_timer_0'

1. Summary
----------

SUCCESS in the upgrade of system_timer_0 (xilinx.com:ip:axi_timer:2.0) from (Rev. 17) to (Rev. 19)






Copyright 1986-2018 Xilinx, Inc. All Rights Reserved.
------------------------------------------------------------------------------------
| Tool Version : Vivado v.2018.2 (lin64) Build 2258646 Thu Jun 14 20:02:38 MDT 2018
| Date         : Mon Mar 18 12:16:02 2019
| Host         : ubuntu running 64-bit Ubuntu 16.04.5 LTS
| Command      : upgrade_ip
| Device       : xc7z020clg400-1
------------------------------------------------------------------------------------

Upgrade Log for IP 'system_system_interrupts_0'

1. Summary
----------

SUCCESS in the upgrade of system_system_interrupts_0 (xilinx.com:ip:axi_intc:4.1) from (Rev. 10) to (Rev. 11)

2. Upgrade messages
-------------------

WARNING: upgrade cannot add parameter C_IRQ_CONNECTION with default value 0 : a parameter called C_IRQ_CONNECTION already exists in axi_intc_v4_1






Copyright 1986-2018 Xilinx, Inc. All Rights Reserved.
------------------------------------------------------------------------------------
| Tool Version : Vivado v.2018.2 (lin64) Build 2258646 Thu Jun 14 20:02:38 MDT 2018
| Date         : Mon Mar 18 12:16:01 2019
| Host         : ubuntu running 64-bit Ubuntu 16.04.5 LTS
| Command      : upgrade_ip
| Device       : xc7z020clg400-1
------------------------------------------------------------------------------------

Upgrade Log for IP 'system_switches_gpio_0'

1. Summary
----------

SUCCESS in the upgrade of system_switches_gpio_0 (xilinx.com:ip:axi_gpio:2.0) from (Rev. 17) to (Rev. 19)






Copyright 1986-2018 Xilinx, Inc. All Rights Reserved.
------------------------------------------------------------------------------------
| Tool Version : Vivado v.2018.2 (lin64) Build 2258646 Thu Jun 14 20:02:38 MDT 2018
| Date         : Mon Mar 18 12:16:01 2019
| Host         : ubuntu running 64-bit Ubuntu 16.04.5 LTS
| Command      : upgrade_ip
| Device       : xc7z020clg400-1
------------------------------------------------------------------------------------

Upgrade Log for IP 'system_spi_shared_0'

1. Summary
----------

SUCCESS in the upgrade of system_spi_shared_0 (xilinx.com:ip:axi_quad_spi:3.2) from (Rev. 14) to (Rev. 16)






Copyright 1986-2018 Xilinx, Inc. All Rights Reserved.
------------------------------------------------------------------------------------
| Tool Version : Vivado v.2018.2 (lin64) Build 2258646 Thu Jun 14 20:02:38 MDT 2018
| Date         : Mon Mar 18 12:16:01 2019
| Host         : ubuntu running 64-bit Ubuntu 16.04.5 LTS
| Command      : upgrade_ip
| Device       : xc7z020clg400-1
------------------------------------------------------------------------------------

Upgrade Log for IP 'system_spi_direct_0'

1. Summary
----------

SUCCESS in the upgrade of system_spi_direct_0 (xilinx.com:ip:axi_quad_spi:3.2) from (Rev. 14) to (Rev. 16)






Copyright 1986-2018 Xilinx, Inc. All Rights Reserved.
------------------------------------------------------------------------------------
| Tool Version : Vivado v.2018.2 (lin64) Build 2258646 Thu Jun 14 20:02:38 MDT 2018
| Date         : Mon Mar 18 12:16:01 2019
| Host         : ubuntu running 64-bit Ubuntu 16.04.5 LTS
| Command      : upgrade_ip
| Device       : xc7z020clg400-1
------------------------------------------------------------------------------------

Upgrade Log for IP 'system_spi_1_0'

1. Summary
----------

SUCCESS in the upgrade of system_spi_1_0 (xilinx.com:ip:axi_quad_spi:3.2) from (Rev. 14) to (Rev. 16)






Copyright 1986-2018 Xilinx, Inc. All Rights Reserved.
------------------------------------------------------------------------------------
| Tool Version : Vivado v.2018.2 (lin64) Build 2258646 Thu Jun 14 20:02:38 MDT 2018
| Date         : Mon Mar 18 12:16:00 2019
| Host         : ubuntu running 64-bit Ubuntu 16.04.5 LTS
| Command      : upgrade_ip
| Device       : xc7z020clg400-1
------------------------------------------------------------------------------------

Upgrade Log for IP 'system_spi_1'

1. Summary
----------

SUCCESS in the upgrade of system_spi_1 (xilinx.com:ip:axi_quad_spi:3.2) from (Rev. 14) to (Rev. 16)






Copyright 1986-2018 Xilinx, Inc. All Rights Reserved.
------------------------------------------------------------------------------------
| Tool Version : Vivado v.2018.2 (lin64) Build 2258646 Thu Jun 14 20:02:38 MDT 2018
| Date         : Mon Mar 18 12:16:00 2019
| Host         : ubuntu running 64-bit Ubuntu 16.04.5 LTS
| Command      : upgrade_ip
| Device       : xc7z020clg400-1
------------------------------------------------------------------------------------

Upgrade Log for IP 'system_spi_0_0'

1. Summary
----------

SUCCESS in the upgrade of system_spi_0_0 (xilinx.com:ip:axi_quad_spi:3.2) from (Rev. 14) to (Rev. 16)






Copyright 1986-2018 Xilinx, Inc. All Rights Reserved.
------------------------------------------------------------------------------------
| Tool Version : Vivado v.2018.2 (lin64) Build 2258646 Thu Jun 14 20:02:38 MDT 2018
| Date         : Mon Mar 18 12:16:00 2019
| Host         : ubuntu running 64-bit Ubuntu 16.04.5 LTS
| Command      : upgrade_ip
| Device       : xc7z020clg400-1
------------------------------------------------------------------------------------

Upgrade Log for IP 'system_spi_0'

1. Summary
----------

SUCCESS in the upgrade of system_spi_0 (xilinx.com:ip:axi_quad_spi:3.2) from (Rev. 14) to (Rev. 16)






Copyright 1986-2018 Xilinx, Inc. All Rights Reserved.
------------------------------------------------------------------------------------
| Tool Version : Vivado v.2018.2 (lin64) Build 2258646 Thu Jun 14 20:02:38 MDT 2018
| Date         : Mon Mar 18 12:16:00 2019
| Host         : ubuntu running 64-bit Ubuntu 16.04.5 LTS
| Command      : upgrade_ip
| Device       : xc7z020clg400-1
------------------------------------------------------------------------------------

Upgrade Log for IP 'system_rpi_gpio_0'

1. Summary
----------

SUCCESS in the upgrade of system_rpi_gpio_0 (xilinx.com:ip:axi_gpio:2.0) from (Rev. 17) to (Rev. 19)






Copyright 1986-2018 Xilinx, Inc. All Rights Reserved.
------------------------------------------------------------------------------------
| Tool Version : Vivado v.2018.2 (lin64) Build 2258646 Thu Jun 14 20:02:38 MDT 2018
| Date         : Mon Mar 18 12:15:59 2019
| Host         : ubuntu running 64-bit Ubuntu 16.04.5 LTS
| Command      : upgrade_ip
| Device       : xc7z020clg400-1
------------------------------------------------------------------------------------

Upgrade Log for IP 'system_rgbleds_gpio_0'

1. Summary
----------

SUCCESS in the upgrade of system_rgbleds_gpio_0 (xilinx.com:ip:axi_gpio:2.0) from (Rev. 17) to (Rev. 19)






Copyright 1986-2018 Xilinx, Inc. All Rights Reserved.
------------------------------------------------------------------------------------
| Tool Version : Vivado v.2018.2 (lin64) Build 2258646 Thu Jun 14 20:02:38 MDT 2018
| Date         : Mon Mar 18 12:15:59 2019
| Host         : ubuntu running 64-bit Ubuntu 16.04.5 LTS
| Command      : upgrade_ip
| Device       : xc7z020clg400-1
------------------------------------------------------------------------------------

Upgrade Log for IP 'system_ps7_0_axi_periph_1_0'

1. Summary
----------

SUCCESS in the upgrade of system_ps7_0_axi_periph_1_0 (xilinx.com:ip:axi_interconnect:2.1) from (Rev. 16) to (Rev. 18)






Copyright 1986-2018 Xilinx, Inc. All Rights Reserved.
------------------------------------------------------------------------------------
| Tool Version : Vivado v.2018.2 (lin64) Build 2258646 Thu Jun 14 20:02:38 MDT 2018
| Date         : Mon Mar 18 12:15:59 2019
| Host         : ubuntu running 64-bit Ubuntu 16.04.5 LTS
| Command      : upgrade_ip
| Device       : xc7z020clg400-1
------------------------------------------------------------------------------------

Upgrade Log for IP 'system_ps7_0_axi_periph_0'

1. Summary
----------

SUCCESS in the upgrade of system_ps7_0_axi_periph_0 (xilinx.com:ip:axi_interconnect:2.1) from (Rev. 16) to (Rev. 18)






Copyright 1986-2018 Xilinx, Inc. All Rights Reserved.
------------------------------------------------------------------------------------
| Tool Version : Vivado v.2018.2 (lin64) Build 2258646 Thu Jun 14 20:02:38 MDT 2018
| Date         : Mon Mar 18 12:15:59 2019
| Host         : ubuntu running 64-bit Ubuntu 16.04.5 LTS
| Command      : upgrade_ip
| Device       : xc7z020clg400-1
------------------------------------------------------------------------------------

Upgrade Log for IP 'system_ps7_0_axi_periph1_0'

1. Summary
----------

SUCCESS in the upgrade of system_ps7_0_axi_periph1_0 (xilinx.com:ip:axi_interconnect:2.1) from (Rev. 16) to (Rev. 18)






Copyright 1986-2018 Xilinx, Inc. All Rights Reserved.
------------------------------------------------------------------------------------
| Tool Version : Vivado v.2018.2 (lin64) Build 2258646 Thu Jun 14 20:02:38 MDT 2018
| Date         : Mon Mar 18 12:15:59 2019
| Host         : ubuntu running 64-bit Ubuntu 16.04.5 LTS
| Command      : upgrade_ip
| Device       : xc7z020clg400-1
------------------------------------------------------------------------------------

Upgrade Log for IP 'system_microblaze_0_axi_periph_3'

1. Summary
----------

SUCCESS in the upgrade of system_microblaze_0_axi_periph_3 (xilinx.com:ip:axi_interconnect:2.1) from (Rev. 16) to (Rev. 18)






Copyright 1986-2018 Xilinx, Inc. All Rights Reserved.
------------------------------------------------------------------------------------
| Tool Version : Vivado v.2018.2 (lin64) Build 2258646 Thu Jun 14 20:02:38 MDT 2018
| Date         : Mon Mar 18 12:15:58 2019
| Host         : ubuntu running 64-bit Ubuntu 16.04.5 LTS
| Command      : upgrade_ip
| Device       : xc7z020clg400-1
------------------------------------------------------------------------------------

Upgrade Log for IP 'system_microblaze_0_axi_periph_2'

1. Summary
----------

SUCCESS in the upgrade of system_microblaze_0_axi_periph_2 (xilinx.com:ip:axi_interconnect:2.1) from (Rev. 16) to (Rev. 18)






Copyright 1986-2018 Xilinx, Inc. All Rights Reserved.
------------------------------------------------------------------------------------
| Tool Version : Vivado v.2018.2 (lin64) Build 2258646 Thu Jun 14 20:02:38 MDT 2018
| Date         : Mon Mar 18 12:15:58 2019
| Host         : ubuntu running 64-bit Ubuntu 16.04.5 LTS
| Command      : upgrade_ip
| Device       : xc7z020clg400-1
------------------------------------------------------------------------------------

Upgrade Log for IP 'system_microblaze_0_axi_periph_1'

1. Summary
----------

SUCCESS in the upgrade of system_microblaze_0_axi_periph_1 (xilinx.com:ip:axi_interconnect:2.1) from (Rev. 16) to (Rev. 18)






Copyright 1986-2018 Xilinx, Inc. All Rights Reserved.
------------------------------------------------------------------------------------
| Tool Version : Vivado v.2018.2 (lin64) Build 2258646 Thu Jun 14 20:02:38 MDT 2018
| Date         : Mon Mar 18 12:15:58 2019
| Host         : ubuntu running 64-bit Ubuntu 16.04.5 LTS
| Command      : upgrade_ip
| Device       : xc7z020clg400-1
------------------------------------------------------------------------------------

Upgrade Log for IP 'system_microblaze_0_axi_periph_0'

1. Summary
----------

SUCCESS in the upgrade of system_microblaze_0_axi_periph_0 (xilinx.com:ip:axi_interconnect:2.1) from (Rev. 16) to (Rev. 18)






Copyright 1986-2018 Xilinx, Inc. All Rights Reserved.
------------------------------------------------------------------------------------
| Tool Version : Vivado v.2018.2 (lin64) Build 2258646 Thu Jun 14 20:02:38 MDT 2018
| Date         : Mon Mar 18 12:15:58 2019
| Host         : ubuntu running 64-bit Ubuntu 16.04.5 LTS
| Command      : upgrade_ip
| Device       : xc7z020clg400-1
------------------------------------------------------------------------------------

Upgrade Log for IP 'system_mdm_1_0'

1. Summary
----------

SUCCESS in the upgrade of system_mdm_1_0 (xilinx.com:ip:mdm:3.2) from (Rev. 12) to (Rev. 14)

2. Upgrade messages
-------------------

WARNING: upgrade cannot add parameter C_DEBUG_INTERFACE with default value 0 : a parameter called C_DEBUG_INTERFACE already exists in mdm_v3_2
Set parameter C_M_AXIS_ID_WIDTH to value 7 (source 'default')
Set parameter C_S_AXI_ADDR_WIDTH to value 4 (source 'default')






Copyright 1986-2018 Xilinx, Inc. All Rights Reserved.
------------------------------------------------------------------------------------
| Tool Version : Vivado v.2018.2 (lin64) Build 2258646 Thu Jun 14 20:02:38 MDT 2018
| Date         : Mon Mar 18 12:15:57 2019
| Host         : ubuntu running 64-bit Ubuntu 16.04.5 LTS
| Command      : upgrade_ip
| Device       : xc7z020clg400-1
------------------------------------------------------------------------------------

Upgrade Log for IP 'system_mb_bram_ctrl_3'

1. Summary
----------

SUCCESS in the upgrade of system_mb_bram_ctrl_3 (xilinx.com:ip:axi_bram_ctrl:4.0) from (Rev. 13) to (Rev. 14)






Copyright 1986-2018 Xilinx, Inc. All Rights Reserved.
------------------------------------------------------------------------------------
| Tool Version : Vivado v.2018.2 (lin64) Build 2258646 Thu Jun 14 20:02:38 MDT 2018
| Date         : Mon Mar 18 12:15:57 2019
| Host         : ubuntu running 64-bit Ubuntu 16.04.5 LTS
| Command      : upgrade_ip
| Device       : xc7z020clg400-1
------------------------------------------------------------------------------------

Upgrade Log for IP 'system_mb_bram_ctrl_2'

1. Summary
----------

SUCCESS in the upgrade of system_mb_bram_ctrl_2 (xilinx.com:ip:axi_bram_ctrl:4.0) from (Rev. 13) to (Rev. 14)






Copyright 1986-2018 Xilinx, Inc. All Rights Reserved.
------------------------------------------------------------------------------------
| Tool Version : Vivado v.2018.2 (lin64) Build 2258646 Thu Jun 14 20:02:38 MDT 2018
| Date         : Mon Mar 18 12:15:57 2019
| Host         : ubuntu running 64-bit Ubuntu 16.04.5 LTS
| Command      : upgrade_ip
| Device       : xc7z020clg400-1
------------------------------------------------------------------------------------

Upgrade Log for IP 'system_mb_bram_ctrl_1'

1. Summary
----------

SUCCESS in the upgrade of system_mb_bram_ctrl_1 (xilinx.com:ip:axi_bram_ctrl:4.0) from (Rev. 13) to (Rev. 14)






Copyright 1986-2018 Xilinx, Inc. All Rights Reserved.
------------------------------------------------------------------------------------
| Tool Version : Vivado v.2018.2 (lin64) Build 2258646 Thu Jun 14 20:02:38 MDT 2018
| Date         : Mon Mar 18 12:15:57 2019
| Host         : ubuntu running 64-bit Ubuntu 16.04.5 LTS
| Command      : upgrade_ip
| Device       : xc7z020clg400-1
------------------------------------------------------------------------------------

Upgrade Log for IP 'system_mb_bram_ctrl_0'

1. Summary
----------

SUCCESS in the upgrade of system_mb_bram_ctrl_0 (xilinx.com:ip:axi_bram_ctrl:4.0) from (Rev. 13) to (Rev. 14)






Copyright 1986-2018 Xilinx, Inc. All Rights Reserved.
------------------------------------------------------------------------------------
| Tool Version : Vivado v.2018.2 (lin64) Build 2258646 Thu Jun 14 20:02:38 MDT 2018
| Date         : Mon Mar 18 12:15:57 2019
| Host         : ubuntu running 64-bit Ubuntu 16.04.5 LTS
| Command      : upgrade_ip
| Device       : xc7z020clg400-1
------------------------------------------------------------------------------------

Upgrade Log for IP 'system_mb_3'

1. Summary
----------

SUCCESS in the upgrade of system_mb_3 (xilinx.com:ip:microblaze:10.0) from (Rev. 5) to (Rev. 7)






Copyright 1986-2018 Xilinx, Inc. All Rights Reserved.
------------------------------------------------------------------------------------
| Tool Version : Vivado v.2018.2 (lin64) Build 2258646 Thu Jun 14 20:02:38 MDT 2018
| Date         : Mon Mar 18 12:15:56 2019
| Host         : ubuntu running 64-bit Ubuntu 16.04.5 LTS
| Command      : upgrade_ip
| Device       : xc7z020clg400-1
------------------------------------------------------------------------------------

Upgrade Log for IP 'system_mb_2'

1. Summary
----------

SUCCESS in the upgrade of system_mb_2 (xilinx.com:ip:microblaze:10.0) from (Rev. 5) to (Rev. 7)






Copyright 1986-2018 Xilinx, Inc. All Rights Reserved.
------------------------------------------------------------------------------------
| Tool Version : Vivado v.2018.2 (lin64) Build 2258646 Thu Jun 14 20:02:38 MDT 2018
| Date         : Mon Mar 18 12:15:56 2019
| Host         : ubuntu running 64-bit Ubuntu 16.04.5 LTS
| Command      : upgrade_ip
| Device       : xc7z020clg400-1
------------------------------------------------------------------------------------

Upgrade Log for IP 'system_mb_1'

1. Summary
----------

SUCCESS in the upgrade of system_mb_1 (xilinx.com:ip:microblaze:10.0) from (Rev. 5) to (Rev. 7)






Copyright 1986-2018 Xilinx, Inc. All Rights Reserved.
------------------------------------------------------------------------------------
| Tool Version : Vivado v.2018.2 (lin64) Build 2258646 Thu Jun 14 20:02:38 MDT 2018
| Date         : Mon Mar 18 12:15:56 2019
| Host         : ubuntu running 64-bit Ubuntu 16.04.5 LTS
| Command      : upgrade_ip
| Device       : xc7z020clg400-1
------------------------------------------------------------------------------------

Upgrade Log for IP 'system_mb_0'

1. Summary
----------

SUCCESS in the upgrade of system_mb_0 (xilinx.com:ip:microblaze:10.0) from (Rev. 5) to (Rev. 7)






Copyright 1986-2018 Xilinx, Inc. All Rights Reserved.
------------------------------------------------------------------------------------
| Tool Version : Vivado v.2018.2 (lin64) Build 2258646 Thu Jun 14 20:02:38 MDT 2018
| Date         : Mon Mar 18 12:15:55 2019
| Host         : ubuntu running 64-bit Ubuntu 16.04.5 LTS
| Command      : upgrade_ip
| Device       : xc7z020clg400-1
------------------------------------------------------------------------------------

Upgrade Log for IP 'system_logic_1_4'

1. Summary
----------

SUCCESS in the upgrade of system_logic_1_4 (xilinx.com:ip:xlconstant:1.1) from (Rev. 3) to (Rev. 5)






Copyright 1986-2018 Xilinx, Inc. All Rights Reserved.
------------------------------------------------------------------------------------
| Tool Version : Vivado v.2018.2 (lin64) Build 2258646 Thu Jun 14 20:02:38 MDT 2018
| Date         : Mon Mar 18 12:15:55 2019
| Host         : ubuntu running 64-bit Ubuntu 16.04.5 LTS
| Command      : upgrade_ip
| Device       : xc7z020clg400-1
------------------------------------------------------------------------------------

Upgrade Log for IP 'system_logic_1_3'

1. Summary
----------

SUCCESS in the upgrade of system_logic_1_3 (xilinx.com:ip:xlconstant:1.1) from (Rev. 3) to (Rev. 5)






Copyright 1986-2018 Xilinx, Inc. All Rights Reserved.
------------------------------------------------------------------------------------
| Tool Version : Vivado v.2018.2 (lin64) Build 2258646 Thu Jun 14 20:02:38 MDT 2018
| Date         : Mon Mar 18 12:15:55 2019
| Host         : ubuntu running 64-bit Ubuntu 16.04.5 LTS
| Command      : upgrade_ip
| Device       : xc7z020clg400-1
------------------------------------------------------------------------------------

Upgrade Log for IP 'system_logic_1_2'

1. Summary
----------

SUCCESS in the upgrade of system_logic_1_2 (xilinx.com:ip:xlconstant:1.1) from (Rev. 3) to (Rev. 5)






Copyright 1986-2018 Xilinx, Inc. All Rights Reserved.
------------------------------------------------------------------------------------
| Tool Version : Vivado v.2018.2 (lin64) Build 2258646 Thu Jun 14 20:02:38 MDT 2018
| Date         : Mon Mar 18 12:15:54 2019
| Host         : ubuntu running 64-bit Ubuntu 16.04.5 LTS
| Command      : upgrade_ip
| Device       : xc7z020clg400-1
------------------------------------------------------------------------------------

Upgrade Log for IP 'system_logic_1_1'

1. Summary
----------

SUCCESS in the upgrade of system_logic_1_1 (xilinx.com:ip:xlconstant:1.1) from (Rev. 3) to (Rev. 5)






Copyright 1986-2018 Xilinx, Inc. All Rights Reserved.
------------------------------------------------------------------------------------
| Tool Version : Vivado v.2018.2 (lin64) Build 2258646 Thu Jun 14 20:02:38 MDT 2018
| Date         : Mon Mar 18 12:15:54 2019
| Host         : ubuntu running 64-bit Ubuntu 16.04.5 LTS
| Command      : upgrade_ip
| Device       : xc7z020clg400-1
------------------------------------------------------------------------------------

Upgrade Log for IP 'system_logic_1_0'

1. Summary
----------

SUCCESS in the upgrade of system_logic_1_0 (xilinx.com:ip:xlconstant:1.1) from (Rev. 3) to (Rev. 5)






Copyright 1986-2018 Xilinx, Inc. All Rights Reserved.
------------------------------------------------------------------------------------
| Tool Version : Vivado v.2018.2 (lin64) Build 2258646 Thu Jun 14 20:02:38 MDT 2018
| Date         : Mon Mar 18 12:15:54 2019
| Host         : ubuntu running 64-bit Ubuntu 16.04.5 LTS
| Command      : upgrade_ip
| Device       : xc7z020clg400-1
------------------------------------------------------------------------------------

Upgrade Log for IP 'system_lmb_bram_if_cntlr_3'

1. Summary
----------

SUCCESS in the upgrade of system_lmb_bram_if_cntlr_3 (xilinx.com:ip:lmb_bram_if_cntlr:4.0) from (Rev. 14) to (Rev. 15)

2. Upgrade messages
-------------------

Set parameter C_MASK2 to value 0x0000000000800000 (source 'default')
Set parameter C_MASK3 to value 0x0000000000800000 (source 'default')






Copyright 1986-2018 Xilinx, Inc. All Rights Reserved.
------------------------------------------------------------------------------------
| Tool Version : Vivado v.2018.2 (lin64) Build 2258646 Thu Jun 14 20:02:38 MDT 2018
| Date         : Mon Mar 18 12:15:54 2019
| Host         : ubuntu running 64-bit Ubuntu 16.04.5 LTS
| Command      : upgrade_ip
| Device       : xc7z020clg400-1
------------------------------------------------------------------------------------

Upgrade Log for IP 'system_lmb_bram_if_cntlr_2'

1. Summary
----------

SUCCESS in the upgrade of system_lmb_bram_if_cntlr_2 (xilinx.com:ip:lmb_bram_if_cntlr:4.0) from (Rev. 14) to (Rev. 15)

2. Upgrade messages
-------------------

Set parameter C_MASK2 to value 0x0000000000800000 (source 'default')
Set parameter C_MASK3 to value 0x0000000000800000 (source 'default')






Copyright 1986-2018 Xilinx, Inc. All Rights Reserved.
------------------------------------------------------------------------------------
| Tool Version : Vivado v.2018.2 (lin64) Build 2258646 Thu Jun 14 20:02:38 MDT 2018
| Date         : Mon Mar 18 12:15:53 2019
| Host         : ubuntu running 64-bit Ubuntu 16.04.5 LTS
| Command      : upgrade_ip
| Device       : xc7z020clg400-1
------------------------------------------------------------------------------------

Upgrade Log for IP 'system_lmb_bram_if_cntlr_1'

1. Summary
----------

SUCCESS in the upgrade of system_lmb_bram_if_cntlr_1 (xilinx.com:ip:lmb_bram_if_cntlr:4.0) from (Rev. 14) to (Rev. 15)

2. Upgrade messages
-------------------

Set parameter C_MASK2 to value 0x0000000000800000 (source 'default')
Set parameter C_MASK3 to value 0x0000000000800000 (source 'default')






Copyright 1986-2018 Xilinx, Inc. All Rights Reserved.
------------------------------------------------------------------------------------
| Tool Version : Vivado v.2018.2 (lin64) Build 2258646 Thu Jun 14 20:02:38 MDT 2018
| Date         : Mon Mar 18 12:15:53 2019
| Host         : ubuntu running 64-bit Ubuntu 16.04.5 LTS
| Command      : upgrade_ip
| Device       : xc7z020clg400-1
------------------------------------------------------------------------------------

Upgrade Log for IP 'system_lmb_bram_if_cntlr_0'

1. Summary
----------

SUCCESS in the upgrade of system_lmb_bram_if_cntlr_0 (xilinx.com:ip:lmb_bram_if_cntlr:4.0) from (Rev. 14) to (Rev. 15)

2. Upgrade messages
-------------------

Set parameter C_MASK2 to value 0x0000000000800000 (source 'default')
Set parameter C_MASK3 to value 0x0000000000800000 (source 'default')






Copyright 1986-2018 Xilinx, Inc. All Rights Reserved.
------------------------------------------------------------------------------------
| Tool Version : Vivado v.2018.2 (lin64) Build 2258646 Thu Jun 14 20:02:38 MDT 2018
| Date         : Mon Mar 18 12:15:53 2019
| Host         : ubuntu running 64-bit Ubuntu 16.04.5 LTS
| Command      : upgrade_ip
| Device       : xc7z020clg400-1
------------------------------------------------------------------------------------

Upgrade Log for IP 'system_leds_gpio_0'

1. Summary
----------

SUCCESS in the upgrade of system_leds_gpio_0 (xilinx.com:ip:axi_gpio:2.0) from (Rev. 17) to (Rev. 19)






Copyright 1986-2018 Xilinx, Inc. All Rights Reserved.
------------------------------------------------------------------------------------
| Tool Version : Vivado v.2018.2 (lin64) Build 2258646 Thu Jun 14 20:02:38 MDT 2018
| Date         : Mon Mar 18 12:15:53 2019
| Host         : ubuntu running 64-bit Ubuntu 16.04.5 LTS
| Command      : upgrade_ip
| Device       : xc7z020clg400-1
------------------------------------------------------------------------------------

Upgrade Log for IP 'system_intr_3'

1. Summary
----------

SUCCESS in the upgrade of system_intr_3 (xilinx.com:ip:axi_gpio:2.0) from (Rev. 17) to (Rev. 19)






Copyright 1986-2018 Xilinx, Inc. All Rights Reserved.
------------------------------------------------------------------------------------
| Tool Version : Vivado v.2018.2 (lin64) Build 2258646 Thu Jun 14 20:02:38 MDT 2018
| Date         : Mon Mar 18 12:15:52 2019
| Host         : ubuntu running 64-bit Ubuntu 16.04.5 LTS
| Command      : upgrade_ip
| Device       : xc7z020clg400-1
------------------------------------------------------------------------------------

Upgrade Log for IP 'system_intr_2'

1. Summary
----------

SUCCESS in the upgrade of system_intr_2 (xilinx.com:ip:axi_gpio:2.0) from (Rev. 17) to (Rev. 19)






Copyright 1986-2018 Xilinx, Inc. All Rights Reserved.
------------------------------------------------------------------------------------
| Tool Version : Vivado v.2018.2 (lin64) Build 2258646 Thu Jun 14 20:02:38 MDT 2018
| Date         : Mon Mar 18 12:15:52 2019
| Host         : ubuntu running 64-bit Ubuntu 16.04.5 LTS
| Command      : upgrade_ip
| Device       : xc7z020clg400-1
------------------------------------------------------------------------------------

Upgrade Log for IP 'system_intr_1'

1. Summary
----------

SUCCESS in the upgrade of system_intr_1 (xilinx.com:ip:axi_gpio:2.0) from (Rev. 17) to (Rev. 19)






Copyright 1986-2018 Xilinx, Inc. All Rights Reserved.
------------------------------------------------------------------------------------
| Tool Version : Vivado v.2018.2 (lin64) Build 2258646 Thu Jun 14 20:02:38 MDT 2018
| Date         : Mon Mar 18 12:15:52 2019
| Host         : ubuntu running 64-bit Ubuntu 16.04.5 LTS
| Command      : upgrade_ip
| Device       : xc7z020clg400-1
------------------------------------------------------------------------------------

Upgrade Log for IP 'system_intr_0'

1. Summary
----------

SUCCESS in the upgrade of system_intr_0 (xilinx.com:ip:axi_gpio:2.0) from (Rev. 17) to (Rev. 19)






Copyright 1986-2018 Xilinx, Inc. All Rights Reserved.
------------------------------------------------------------------------------------
| Tool Version : Vivado v.2018.2 (lin64) Build 2258646 Thu Jun 14 20:02:38 MDT 2018
| Date         : Mon Mar 18 12:15:52 2019
| Host         : ubuntu running 64-bit Ubuntu 16.04.5 LTS
| Command      : upgrade_ip
| Device       : xc7z020clg400-1
------------------------------------------------------------------------------------

Upgrade Log for IP 'system_intc_3'

1. Summary
----------

SUCCESS in the upgrade of system_intc_3 (xilinx.com:ip:axi_intc:4.1) from (Rev. 10) to (Rev. 11)

2. Upgrade messages
-------------------

WARNING: upgrade cannot add parameter C_IRQ_CONNECTION with default value 0 : a parameter called C_IRQ_CONNECTION already exists in axi_intc_v4_1






Copyright 1986-2018 Xilinx, Inc. All Rights Reserved.
------------------------------------------------------------------------------------
| Tool Version : Vivado v.2018.2 (lin64) Build 2258646 Thu Jun 14 20:02:38 MDT 2018
| Date         : Mon Mar 18 12:15:51 2019
| Host         : ubuntu running 64-bit Ubuntu 16.04.5 LTS
| Command      : upgrade_ip
| Device       : xc7z020clg400-1
------------------------------------------------------------------------------------

Upgrade Log for IP 'system_intc_2'

1. Summary
----------

SUCCESS in the upgrade of system_intc_2 (xilinx.com:ip:axi_intc:4.1) from (Rev. 10) to (Rev. 11)

2. Upgrade messages
-------------------

WARNING: upgrade cannot add parameter C_IRQ_CONNECTION with default value 0 : a parameter called C_IRQ_CONNECTION already exists in axi_intc_v4_1






Copyright 1986-2018 Xilinx, Inc. All Rights Reserved.
------------------------------------------------------------------------------------
| Tool Version : Vivado v.2018.2 (lin64) Build 2258646 Thu Jun 14 20:02:38 MDT 2018
| Date         : Mon Mar 18 12:15:51 2019
| Host         : ubuntu running 64-bit Ubuntu 16.04.5 LTS
| Command      : upgrade_ip
| Device       : xc7z020clg400-1
------------------------------------------------------------------------------------

Upgrade Log for IP 'system_intc_1'

1. Summary
----------

SUCCESS in the upgrade of system_intc_1 (xilinx.com:ip:axi_intc:4.1) from (Rev. 10) to (Rev. 11)

2. Upgrade messages
-------------------

WARNING: upgrade cannot add parameter C_IRQ_CONNECTION with default value 0 : a parameter called C_IRQ_CONNECTION already exists in axi_intc_v4_1






Copyright 1986-2018 Xilinx, Inc. All Rights Reserved.
------------------------------------------------------------------------------------
| Tool Version : Vivado v.2018.2 (lin64) Build 2258646 Thu Jun 14 20:02:38 MDT 2018
| Date         : Mon Mar 18 12:15:51 2019
| Host         : ubuntu running 64-bit Ubuntu 16.04.5 LTS
| Command      : upgrade_ip
| Device       : xc7z020clg400-1
------------------------------------------------------------------------------------

Upgrade Log for IP 'system_intc_0'

1. Summary
----------

SUCCESS in the upgrade of system_intc_0 (xilinx.com:ip:axi_intc:4.1) from (Rev. 10) to (Rev. 11)

2. Upgrade messages
-------------------

WARNING: upgrade cannot add parameter C_IRQ_CONNECTION with default value 0 : a parameter called C_IRQ_CONNECTION already exists in axi_intc_v4_1






Copyright 1986-2018 Xilinx, Inc. All Rights Reserved.
------------------------------------------------------------------------------------
| Tool Version : Vivado v.2018.2 (lin64) Build 2258646 Thu Jun 14 20:02:38 MDT 2018
| Date         : Mon Mar 18 12:15:51 2019
| Host         : ubuntu running 64-bit Ubuntu 16.04.5 LTS
| Command      : upgrade_ip
| Device       : xc7z020clg400-1
------------------------------------------------------------------------------------

Upgrade Log for IP 'system_iic_direct_0'

1. Summary
----------

SUCCESS in the upgrade of system_iic_direct_0 (xilinx.com:ip:axi_iic:2.0) from (Rev. 18) to (Rev. 20)






Copyright 1986-2018 Xilinx, Inc. All Rights Reserved.
------------------------------------------------------------------------------------
| Tool Version : Vivado v.2018.2 (lin64) Build 2258646 Thu Jun 14 20:02:38 MDT 2018
| Date         : Mon Mar 18 12:15:51 2019
| Host         : ubuntu running 64-bit Ubuntu 16.04.5 LTS
| Command      : upgrade_ip
| Device       : xc7z020clg400-1
------------------------------------------------------------------------------------

Upgrade Log for IP 'system_iic_1_0'

1. Summary
----------

SUCCESS in the upgrade of system_iic_1_0 (xilinx.com:ip:axi_iic:2.0) from (Rev. 18) to (Rev. 20)






Copyright 1986-2018 Xilinx, Inc. All Rights Reserved.
------------------------------------------------------------------------------------
| Tool Version : Vivado v.2018.2 (lin64) Build 2258646 Thu Jun 14 20:02:38 MDT 2018
| Date         : Mon Mar 18 12:15:50 2019
| Host         : ubuntu running 64-bit Ubuntu 16.04.5 LTS
| Command      : upgrade_ip
| Device       : xc7z020clg400-1
------------------------------------------------------------------------------------

Upgrade Log for IP 'system_iic_1'

1. Summary
----------

SUCCESS in the upgrade of system_iic_1 (xilinx.com:ip:axi_iic:2.0) from (Rev. 18) to (Rev. 20)






Copyright 1986-2018 Xilinx, Inc. All Rights Reserved.
------------------------------------------------------------------------------------
| Tool Version : Vivado v.2018.2 (lin64) Build 2258646 Thu Jun 14 20:02:38 MDT 2018
| Date         : Mon Mar 18 12:15:50 2019
| Host         : ubuntu running 64-bit Ubuntu 16.04.5 LTS
| Command      : upgrade_ip
| Device       : xc7z020clg400-1
------------------------------------------------------------------------------------

Upgrade Log for IP 'system_iic_0_0'

1. Summary
----------

SUCCESS in the upgrade of system_iic_0_0 (xilinx.com:ip:axi_iic:2.0) from (Rev. 18) to (Rev. 20)






Copyright 1986-2018 Xilinx, Inc. All Rights Reserved.
------------------------------------------------------------------------------------
| Tool Version : Vivado v.2018.2 (lin64) Build 2258646 Thu Jun 14 20:02:38 MDT 2018
| Date         : Mon Mar 18 12:15:50 2019
| Host         : ubuntu running 64-bit Ubuntu 16.04.5 LTS
| Command      : upgrade_ip
| Device       : xc7z020clg400-1
------------------------------------------------------------------------------------

Upgrade Log for IP 'system_iic_0'

1. Summary
----------

SUCCESS in the upgrade of system_iic_0 (xilinx.com:ip:axi_iic:2.0) from (Rev. 18) to (Rev. 20)






Copyright 1986-2018 Xilinx, Inc. All Rights Reserved.
------------------------------------------------------------------------------------
| Tool Version : Vivado v.2018.2 (lin64) Build 2258646 Thu Jun 14 20:02:38 MDT 2018
| Date         : Mon Mar 18 12:15:49 2019
| Host         : ubuntu running 64-bit Ubuntu 16.04.5 LTS
| Command      : upgrade_ip
| Device       : xc7z020clg400-1
------------------------------------------------------------------------------------

Upgrade Log for IP 'system_hdmi_out_hpd_video_0'

1. Summary
----------

SUCCESS in the upgrade of system_hdmi_out_hpd_video_0 (xilinx.com:ip:axi_gpio:2.0) from (Rev. 17) to (Rev. 19)






Copyright 1986-2018 Xilinx, Inc. All Rights Reserved.
------------------------------------------------------------------------------------
| Tool Version : Vivado v.2018.2 (lin64) Build 2258646 Thu Jun 14 20:02:38 MDT 2018
| Date         : Mon Mar 18 12:15:49 2019
| Host         : ubuntu running 64-bit Ubuntu 16.04.5 LTS
| Command      : upgrade_ip
| Device       : xc7z020clg400-1
------------------------------------------------------------------------------------

Upgrade Log for IP 'system_gpio_1'

1. Summary
----------

SUCCESS in the upgrade of system_gpio_1 (xilinx.com:ip:axi_gpio:2.0) from (Rev. 17) to (Rev. 19)






Copyright 1986-2018 Xilinx, Inc. All Rights Reserved.
------------------------------------------------------------------------------------
| Tool Version : Vivado v.2018.2 (lin64) Build 2258646 Thu Jun 14 20:02:38 MDT 2018
| Date         : Mon Mar 18 12:15:49 2019
| Host         : ubuntu running 64-bit Ubuntu 16.04.5 LTS
| Command      : upgrade_ip
| Device       : xc7z020clg400-1
------------------------------------------------------------------------------------

Upgrade Log for IP 'system_gpio_0'

1. Summary
----------

SUCCESS in the upgrade of system_gpio_0 (xilinx.com:ip:axi_gpio:2.0) from (Rev. 17) to (Rev. 19)






Copyright 1986-2018 Xilinx, Inc. All Rights Reserved.
------------------------------------------------------------------------------------
| Tool Version : Vivado v.2018.2 (lin64) Build 2258646 Thu Jun 14 20:02:38 MDT 2018
| Date         : Mon Mar 18 12:15:48 2019
| Host         : ubuntu running 64-bit Ubuntu 16.04.5 LTS
| Command      : upgrade_ip
| Device       : xc7z020clg400-1
------------------------------------------------------------------------------------

Upgrade Log for IP 'system_constant_tkeep_tstrb_1'

1. Summary
----------

SUCCESS in the upgrade of system_constant_tkeep_tstrb_1 (xilinx.com:ip:xlconstant:1.1) from (Rev. 3) to (Rev. 5)






Copyright 1986-2018 Xilinx, Inc. All Rights Reserved.
------------------------------------------------------------------------------------
| Tool Version : Vivado v.2018.2 (lin64) Build 2258646 Thu Jun 14 20:02:38 MDT 2018
| Date         : Mon Mar 18 12:15:48 2019
| Host         : ubuntu running 64-bit Ubuntu 16.04.5 LTS
| Command      : upgrade_ip
| Device       : xc7z020clg400-1
------------------------------------------------------------------------------------

Upgrade Log for IP 'system_constant_tkeep_tstrb_0'

1. Summary
----------

SUCCESS in the upgrade of system_constant_tkeep_tstrb_0 (xilinx.com:ip:xlconstant:1.1) from (Rev. 3) to (Rev. 5)






Copyright 1986-2018 Xilinx, Inc. All Rights Reserved.
------------------------------------------------------------------------------------
| Tool Version : Vivado v.2018.2 (lin64) Build 2258646 Thu Jun 14 20:02:38 MDT 2018
| Date         : Mon Mar 18 12:15:48 2019
| Host         : ubuntu running 64-bit Ubuntu 16.04.5 LTS
| Command      : upgrade_ip
| Device       : xc7z020clg400-1
------------------------------------------------------------------------------------

Upgrade Log for IP 'system_constant_8bit_0_0'

1. Summary
----------

SUCCESS in the upgrade of system_constant_8bit_0_0 (xilinx.com:ip:xlconstant:1.1) from (Rev. 3) to (Rev. 5)






Copyright 1986-2018 Xilinx, Inc. All Rights Reserved.
------------------------------------------------------------------------------------
| Tool Version : Vivado v.2018.2 (lin64) Build 2258646 Thu Jun 14 20:02:38 MDT 2018
| Date         : Mon Mar 18 12:15:48 2019
| Host         : ubuntu running 64-bit Ubuntu 16.04.5 LTS
| Command      : upgrade_ip
| Device       : xc7z020clg400-1
------------------------------------------------------------------------------------

Upgrade Log for IP 'system_clk_wiz_10MHz_0'

1. Summary
----------

SUCCESS in the upgrade of system_clk_wiz_10MHz_0 from xilinx.com:ip:clk_wiz:5.4 (Rev. 3) to xilinx.com:ip:clk_wiz:6.0 (Rev. 1)






Copyright 1986-2018 Xilinx, Inc. All Rights Reserved.
------------------------------------------------------------------------------------
| Tool Version : Vivado v.2018.2 (lin64) Build 2258646 Thu Jun 14 20:02:38 MDT 2018
| Date         : Mon Mar 18 12:15:47 2019
| Host         : ubuntu running 64-bit Ubuntu 16.04.5 LTS
| Command      : upgrade_ip
| Device       : xc7z020clg400-1
------------------------------------------------------------------------------------

Upgrade Log for IP 'system_btns_gpio_0'

1. Summary
----------

SUCCESS in the upgrade of system_btns_gpio_0 (xilinx.com:ip:axi_gpio:2.0) from (Rev. 17) to (Rev. 19)






Copyright 1986-2018 Xilinx, Inc. All Rights Reserved.
------------------------------------------------------------------------------------
| Tool Version : Vivado v.2018.2 (lin64) Build 2258646 Thu Jun 14 20:02:38 MDT 2018
| Date         : Mon Mar 18 12:15:47 2019
| Host         : ubuntu running 64-bit Ubuntu 16.04.5 LTS
| Command      : upgrade_ip
| Device       : xc7z020clg400-1
------------------------------------------------------------------------------------

Upgrade Log for IP 'system_axis_register_slice_0_1'

1. Summary
----------

SUCCESS in the upgrade of system_axis_register_slice_0_1 (xilinx.com:ip:axis_register_slice:1.1) from (Rev. 15) to (Rev. 17)






Copyright 1986-2018 Xilinx, Inc. All Rights Reserved.
------------------------------------------------------------------------------------
| Tool Version : Vivado v.2018.2 (lin64) Build 2258646 Thu Jun 14 20:02:38 MDT 2018
| Date         : Mon Mar 18 12:15:47 2019
| Host         : ubuntu running 64-bit Ubuntu 16.04.5 LTS
| Command      : upgrade_ip
| Device       : xc7z020clg400-1
------------------------------------------------------------------------------------

Upgrade Log for IP 'system_axis_register_slice_0_0'

1. Summary
----------

SUCCESS in the upgrade of system_axis_register_slice_0_0 (xilinx.com:ip:axis_register_slice:1.1) from (Rev. 15) to (Rev. 17)






Copyright 1986-2018 Xilinx, Inc. All Rights Reserved.
------------------------------------------------------------------------------------
| Tool Version : Vivado v.2018.2 (lin64) Build 2258646 Thu Jun 14 20:02:38 MDT 2018
| Date         : Mon Mar 18 12:15:47 2019
| Host         : ubuntu running 64-bit Ubuntu 16.04.5 LTS
| Command      : upgrade_ip
| Device       : xc7z020clg400-1
------------------------------------------------------------------------------------

Upgrade Log for IP 'system_axis_data_fifo_0_1'

1. Summary
----------

SUCCESS in the upgrade of system_axis_data_fifo_0_1 (xilinx.com:ip:axis_data_fifo:1.1) from (Rev. 16) to (Rev. 18)






Copyright 1986-2018 Xilinx, Inc. All Rights Reserved.
------------------------------------------------------------------------------------
| Tool Version : Vivado v.2018.2 (lin64) Build 2258646 Thu Jun 14 20:02:38 MDT 2018
| Date         : Mon Mar 18 12:15:46 2019
| Host         : ubuntu running 64-bit Ubuntu 16.04.5 LTS
| Command      : upgrade_ip
| Device       : xc7z020clg400-1
------------------------------------------------------------------------------------

Upgrade Log for IP 'system_axis_data_fifo_0_0'

1. Summary
----------

SUCCESS in the upgrade of system_axis_data_fifo_0_0 (xilinx.com:ip:axis_data_fifo:1.1) from (Rev. 16) to (Rev. 18)






Copyright 1986-2018 Xilinx, Inc. All Rights Reserved.
------------------------------------------------------------------------------------
| Tool Version : Vivado v.2018.2 (lin64) Build 2258646 Thu Jun 14 20:02:38 MDT 2018
| Date         : Mon Mar 18 12:15:46 2019
| Host         : ubuntu running 64-bit Ubuntu 16.04.5 LTS
| Command      : upgrade_ip
| Device       : xc7z020clg400-1
------------------------------------------------------------------------------------

Upgrade Log for IP 'system_axi_vdma_0'

1. Summary
----------

SUCCESS in the upgrade of system_axi_vdma_0 (xilinx.com:ip:axi_vdma:6.3) from (Rev. 3) to (Rev. 5)






Copyright 1986-2018 Xilinx, Inc. All Rights Reserved.
------------------------------------------------------------------------------------
| Tool Version : Vivado v.2018.2 (lin64) Build 2258646 Thu Jun 14 20:02:38 MDT 2018
| Date         : Mon Mar 18 12:15:46 2019
| Host         : ubuntu running 64-bit Ubuntu 16.04.5 LTS
| Command      : upgrade_ip
| Device       : xc7z020clg400-1
------------------------------------------------------------------------------------

Upgrade Log for IP 'system_axi_uartlite_0_0'

1. Summary
----------

SUCCESS in the upgrade of system_axi_uartlite_0_0 (xilinx.com:ip:axi_uartlite:2.0) from (Rev. 19) to (Rev. 21)






Copyright 1986-2018 Xilinx, Inc. All Rights Reserved.
------------------------------------------------------------------------------------
| Tool Version : Vivado v.2018.2 (lin64) Build 2258646 Thu Jun 14 20:02:38 MDT 2018
| Date         : Mon Mar 18 12:15:46 2019
| Host         : ubuntu running 64-bit Ubuntu 16.04.5 LTS
| Command      : upgrade_ip
| Device       : xc7z020clg400-1
------------------------------------------------------------------------------------

Upgrade Log for IP 'system_axi_mem_intercon_1'

1. Summary
----------

SUCCESS in the upgrade of system_axi_mem_intercon_1 (xilinx.com:ip:axi_interconnect:2.1) from (Rev. 16) to (Rev. 18)






Copyright 1986-2018 Xilinx, Inc. All Rights Reserved.
------------------------------------------------------------------------------------
| Tool Version : Vivado v.2018.2 (lin64) Build 2258646 Thu Jun 14 20:02:38 MDT 2018
| Date         : Mon Mar 18 12:15:46 2019
| Host         : ubuntu running 64-bit Ubuntu 16.04.5 LTS
| Command      : upgrade_ip
| Device       : xc7z020clg400-1
------------------------------------------------------------------------------------

Upgrade Log for IP 'system_axi_mem_intercon_0'

1. Summary
----------

SUCCESS in the upgrade of system_axi_mem_intercon_0 (xilinx.com:ip:axi_interconnect:2.1) from (Rev. 16) to (Rev. 18)






Copyright 1986-2018 Xilinx, Inc. All Rights Reserved.
------------------------------------------------------------------------------------
| Tool Version : Vivado v.2018.2 (lin64) Build 2258646 Thu Jun 14 20:02:38 MDT 2018
| Date         : Mon Mar 18 12:15:45 2019
| Host         : ubuntu running 64-bit Ubuntu 16.04.5 LTS
| Command      : upgrade_ip
| Device       : xc7z020clg400-1
------------------------------------------------------------------------------------

Upgrade Log for IP 'system_axi_interconnect_0_1'

1. Summary
----------

SUCCESS in the upgrade of system_axi_interconnect_0_1 (xilinx.com:ip:axi_interconnect:2.1) from (Rev. 16) to (Rev. 18)






Copyright 1986-2018 Xilinx, Inc. All Rights Reserved.
------------------------------------------------------------------------------------
| Tool Version : Vivado v.2018.2 (lin64) Build 2258646 Thu Jun 14 20:02:38 MDT 2018
| Date         : Mon Mar 18 12:15:45 2019
| Host         : ubuntu running 64-bit Ubuntu 16.04.5 LTS
| Command      : upgrade_ip
| Device       : xc7z020clg400-1
------------------------------------------------------------------------------------

Upgrade Log for IP 'system_axi_interconnect_0_0'

1. Summary
----------

SUCCESS in the upgrade of system_axi_interconnect_0_0 (xilinx.com:ip:axi_interconnect:2.1) from (Rev. 16) to (Rev. 18)






Copyright 1986-2018 Xilinx, Inc. All Rights Reserved.
------------------------------------------------------------------------------------
| Tool Version : Vivado v.2018.2 (lin64) Build 2258646 Thu Jun 14 20:02:38 MDT 2018
| Date         : Mon Mar 18 12:15:45 2019
| Host         : ubuntu running 64-bit Ubuntu 16.04.5 LTS
| Command      : upgrade_ip
| Device       : xc7z020clg400-1
------------------------------------------------------------------------------------

Upgrade Log for IP 'system_axi_gpio_hdmiin_0'

1. Summary
----------

SUCCESS in the upgrade of system_axi_gpio_hdmiin_0 (xilinx.com:ip:axi_gpio:2.0) from (Rev. 17) to (Rev. 19)






Copyright 1986-2018 Xilinx, Inc. All Rights Reserved.
------------------------------------------------------------------------------------
| Tool Version : Vivado v.2018.2 (lin64) Build 2258646 Thu Jun 14 20:02:38 MDT 2018
| Date         : Mon Mar 18 12:15:45 2019
| Host         : ubuntu running 64-bit Ubuntu 16.04.5 LTS
| Command      : upgrade_ip
| Device       : xc7z020clg400-1
------------------------------------------------------------------------------------

Upgrade Log for IP 'system_axi_dma_0_1'

1. Summary
----------

SUCCESS in the upgrade of system_axi_dma_0_1 (xilinx.com:ip:axi_dma:7.1) from (Rev. 16) to (Rev. 18)






Copyright 1986-2018 Xilinx, Inc. All Rights Reserved.
------------------------------------------------------------------------------------
| Tool Version : Vivado v.2018.2 (lin64) Build 2258646 Thu Jun 14 20:02:38 MDT 2018
| Date         : Mon Mar 18 12:15:44 2019
| Host         : ubuntu running 64-bit Ubuntu 16.04.5 LTS
| Command      : upgrade_ip
| Device       : xc7z020clg400-1
------------------------------------------------------------------------------------

Upgrade Log for IP 'system_axi_dma_0_0'

1. Summary
----------

SUCCESS in the upgrade of system_axi_dma_0_0 (xilinx.com:ip:axi_dma:7.1) from (Rev. 16) to (Rev. 18)






Copyright 1986-2018 Xilinx, Inc. All Rights Reserved.
------------------------------------------------------------------------------------
| Tool Version : Vivado v.2018.2 (lin64) Build 2258646 Thu Jun 14 20:02:38 MDT 2018
| Date         : Mon Mar 18 12:15:44 2019
| Host         : ubuntu running 64-bit Ubuntu 16.04.5 LTS
| Command      : upgrade_ip
| Device       : xc7z020clg400-1
------------------------------------------------------------------------------------

Upgrade Log for IP 'system_arduino_gpio_0'

1. Summary
----------

SUCCESS in the upgrade of system_arduino_gpio_0 (xilinx.com:ip:axi_gpio:2.0) from (Rev. 17) to (Rev. 19)

