#-----------------------------------------------------------
# Vivado v2017.4 (64-bit)
# SW Build 2086221 on Fri Dec 15 20:54:30 MST 2017
# IP Build 2085800 on Fri Dec 15 22:25:07 MST 2017
# Start of session at: Tue Jan 22 18:57:32 2019
# Process ID: 8882
# Current directory: /home/junhonglin/Xilinx/PYNQ_Car
# Command line: vivado
# Log file: /home/junhonglin/Xilinx/PYNQ_Car/vivado.log
# Journal file: /home/junhonglin/Xilinx/PYNQ_Car/vivado.jou
#-----------------------------------------------------------
start_gui
open_project /home/junhonglin/Xilinx/PYNQ_Dirty/boards/Pynq-Z2/base/base/base.xpr
Scanning sources...
Finished scanning sources
INFO: [IP_Flow 19-234] Refreshing IP repositories
INFO: [IP_Flow 19-1700] Loaded user IP repository '/home/junhonglin/Xilinx/PYNQ_Dirty/boards/ip'.
INFO: [IP_Flow 19-2313] Loaded Vivado IP repository '/opt/Xilinx/Vivado/2017.4/data/ip'.
open_project: Time (s): cpu = 00:02:10 ; elapsed = 00:01:25 . Memory (MB): peak = 6735.391 ; gain = 662.996 ; free physical = 115 ; free virtual = 4445
update_compile_order -fileset sources_1
file copy -force /home/junhonglin/Xilinx/PYNQ_Dirty/boards/Pynq-Z2/base/base/base.runs/impl_1/top.sysdef /home/junhonglin/Xilinx/PYNQ_Dirty/boards/Pynq-Z2/base/base/base.sdk/top.hdf

launch_sdk -workspace /home/junhonglin/Xilinx/PYNQ_Dirty/boards/Pynq-Z2/base/base/base.sdk -hwspec /home/junhonglin/Xilinx/PYNQ_Dirty/boards/Pynq-Z2/base/base/base.sdk/top.hdf
INFO: [Vivado 12-393] Launching SDK...
INFO: [Vivado 12-417] Running xsdk -workspace /home/junhonglin/Xilinx/PYNQ_Dirty/boards/Pynq-Z2/base/base/base.sdk -hwspec /home/junhonglin/Xilinx/PYNQ_Dirty/boards/Pynq-Z2/base/base/base.sdk/top.hdf
INFO: [Vivado 12-3157] SDK launch initiated. Please check console for any further messages.
exit
INFO: [Common 17-206] Exiting Vivado at Tue Jan 22 19:21:07 2019...
