
*** Running vivado
    with args -log base_audio_codec_ctrl_0_0.vds -m64 -product Vivado -mode batch -messageDb vivado.pb -notrace -source base_audio_codec_ctrl_0_0.tcl


****** Vivado v2018.2 (64-bit)
  **** SW Build 2258646 on Thu Jun 14 20:02:38 MDT 2018
  **** IP Build 2256618 on Thu Jun 14 22:10:49 MDT 2018
    ** Copyright 1986-2018 Xilinx, Inc. All Rights Reserved.

source base_audio_codec_ctrl_0_0.tcl -notrace
Command: synth_design -top base_audio_codec_ctrl_0_0 -part xc7z020clg400-1 -mode out_of_context
Starting synth_design
Attempting to get a license for feature 'Synthesis' and/or device 'xc7z020'
INFO: [Common 17-349] Got license for feature 'Synthesis' and/or device 'xc7z020'
INFO: Launching helper process for spawning children vivado processes
INFO: Helper process launched with PID 27928 
---------------------------------------------------------------------------------
Starting RTL Elaboration : Time (s): cpu = 00:00:04 ; elapsed = 00:00:06 . Memory (MB): peak = 1343.828 ; gain = 84.707 ; free physical = 939 ; free virtual = 4428
---------------------------------------------------------------------------------
INFO: [Synth 8-638] synthesizing module 'base_audio_codec_ctrl_0_0' [/home/junhonglin/Xilinx/PYNQ_Car/Robot/Robot.srcs/sources_1/bd/base/ip/base_audio_codec_ctrl_0_0/synth/base_audio_codec_ctrl_0_0.vhd:85]
	Parameter C_S_AXI_DATA_WIDTH bound to: 32 - type: integer 
	Parameter C_S_AXI_ADDR_WIDTH bound to: 32 - type: integer 
	Parameter C_S_AXI_MIN_SIZE bound to: 32'b00000000000000000000000111111111 
	Parameter C_USE_WSTRB bound to: 0 - type: integer 
	Parameter C_DPHASE_TIMEOUT bound to: 8 - type: integer 
	Parameter C_BASEADDR bound to: 32'b11111111111111111111111111111111 
	Parameter C_HIGHADDR bound to: 32'b00000000000000000000000000000000 
	Parameter C_FAMILY bound to: zynq - type: string 
	Parameter C_NUM_REG bound to: 1 - type: integer 
	Parameter C_NUM_MEM bound to: 1 - type: integer 
	Parameter C_SLV_AWIDTH bound to: 32 - type: integer 
	Parameter C_SLV_DWIDTH bound to: 32 - type: integer 
	Parameter C_CODEC_ADDRESS bound to: 2'b11 
INFO: [Synth 8-3491] module 'i2s_ctrl' declared at '/home/junhonglin/Xilinx/PYNQ_Car/Robot/Robot.srcs/sources_1/bd/base/ipshared/f35b/src/i2s_ctrl.vhd:108' bound to instance 'U0' of component 'i2s_ctrl' [/home/junhonglin/Xilinx/PYNQ_Car/Robot/Robot.srcs/sources_1/bd/base/ip/base_audio_codec_ctrl_0_0/synth/base_audio_codec_ctrl_0_0.vhd:165]
INFO: [Synth 8-638] synthesizing module 'i2s_ctrl' [/home/junhonglin/Xilinx/PYNQ_Car/Robot/Robot.srcs/sources_1/bd/base/ipshared/f35b/src/i2s_ctrl.vhd:178]
	Parameter C_CODEC_ADDRESS bound to: 2'b11 
	Parameter C_S_AXI_DATA_WIDTH bound to: 32 - type: integer 
	Parameter C_S_AXI_ADDR_WIDTH bound to: 32 - type: integer 
	Parameter C_S_AXI_MIN_SIZE bound to: 511 - type: integer 
	Parameter C_USE_WSTRB bound to: 0 - type: integer 
	Parameter C_DPHASE_TIMEOUT bound to: 8 - type: integer 
	Parameter C_BASEADDR bound to: -1 - type: integer 
	Parameter C_HIGHADDR bound to: 0 - type: integer 
	Parameter C_FAMILY bound to: zynq - type: string 
	Parameter C_NUM_REG bound to: 1 - type: integer 
	Parameter C_NUM_MEM bound to: 1 - type: integer 
	Parameter C_SLV_AWIDTH bound to: 32 - type: integer 
	Parameter C_SLV_DWIDTH bound to: 32 - type: integer 
INFO: [Synth 8-5534] Detected attribute (* max_fanout = "10000" *) [/home/junhonglin/Xilinx/PYNQ_Car/Robot/Robot.srcs/sources_1/bd/base/ipshared/f35b/src/i2s_ctrl.vhd:144]
INFO: [Synth 8-5534] Detected attribute (* max_fanout = "10000" *) [/home/junhonglin/Xilinx/PYNQ_Car/Robot/Robot.srcs/sources_1/bd/base/ipshared/f35b/src/i2s_ctrl.vhd:145]
INFO: [Synth 8-638] synthesizing module 'axi_lite_ipif' [/home/junhonglin/Xilinx/PYNQ_Car/Robot/Robot.srcs/sources_1/bd/base/ipshared/f35b/src/axi_lite_ipif.vhd:240]
	Parameter C_S_AXI_DATA_WIDTH bound to: 32 - type: integer 
	Parameter C_S_AXI_ADDR_WIDTH bound to: 32 - type: integer 
	Parameter C_S_AXI_MIN_SIZE bound to: 511 - type: integer 
	Parameter C_USE_WSTRB bound to: 0 - type: integer 
	Parameter C_DPHASE_TIMEOUT bound to: 8 - type: integer 
	Parameter C_ARD_ADDR_RANGE_ARRAY bound to: 128'b00000000000000000000000000000000111111111111111111111111111111110000000000000000000000000000000000000000000000000000000000000000 
	Parameter C_ARD_NUM_CE_ARRAY bound to: 32'b00000000000000000000000000000101 
	Parameter C_FAMILY bound to: zynq - type: string 
INFO: [Synth 8-638] synthesizing module 'slave_attachment' [/home/junhonglin/Xilinx/PYNQ_Car/Robot/Robot.srcs/sources_1/bd/base/ipshared/f35b/src/slave_attachment.vhd:226]
	Parameter C_ARD_ADDR_RANGE_ARRAY bound to: 128'b00000000000000000000000000000000111111111111111111111111111111110000000000000000000000000000000000000000000000000000000000000000 
	Parameter C_ARD_NUM_CE_ARRAY bound to: 32'b00000000000000000000000000000101 
	Parameter C_IPIF_ABUS_WIDTH bound to: 32 - type: integer 
	Parameter C_IPIF_DBUS_WIDTH bound to: 32 - type: integer 
	Parameter C_S_AXI_MIN_SIZE bound to: 511 - type: integer 
	Parameter C_USE_WSTRB bound to: 0 - type: integer 
	Parameter C_DPHASE_TIMEOUT bound to: 8 - type: integer 
	Parameter C_FAMILY bound to: zynq - type: string 
INFO: [Synth 8-638] synthesizing module 'address_decoder' [/home/junhonglin/Xilinx/PYNQ_Car/Robot/Robot.srcs/sources_1/bd/base/ipshared/f35b/src/address_decoder.vhd:176]
	Parameter C_BUS_AWIDTH bound to: 9 - type: integer 
	Parameter C_S_AXI_MIN_SIZE bound to: 511 - type: integer 
	Parameter C_ARD_ADDR_RANGE_ARRAY bound to: 128'b00000000000000000000000000000000111111111111111111111111111111110000000000000000000000000000000000000000000000000000000000000000 
	Parameter C_ARD_NUM_CE_ARRAY bound to: 32'b00000000000000000000000000000101 
	Parameter C_FAMILY bound to: nofamily - type: string 
INFO: [Synth 8-638] synthesizing module 'pselect_f' [/home/junhonglin/Xilinx/PYNQ_Car/Robot/Robot.srcs/sources_1/bd/base/ipshared/f35b/src/pselect_f.vhd:165]
	Parameter C_AB bound to: 3 - type: integer 
	Parameter C_AW bound to: 3 - type: integer 
	Parameter C_BAR bound to: 3'b000 
	Parameter C_FAMILY bound to: nofamily - type: string 
INFO: [Synth 8-256] done synthesizing module 'pselect_f' (1#1) [/home/junhonglin/Xilinx/PYNQ_Car/Robot/Robot.srcs/sources_1/bd/base/ipshared/f35b/src/pselect_f.vhd:165]
INFO: [Synth 8-638] synthesizing module 'pselect_f__parameterized0' [/home/junhonglin/Xilinx/PYNQ_Car/Robot/Robot.srcs/sources_1/bd/base/ipshared/f35b/src/pselect_f.vhd:165]
	Parameter C_AB bound to: 3 - type: integer 
	Parameter C_AW bound to: 3 - type: integer 
	Parameter C_BAR bound to: 3'b001 
	Parameter C_FAMILY bound to: nofamily - type: string 
INFO: [Synth 8-256] done synthesizing module 'pselect_f__parameterized0' (1#1) [/home/junhonglin/Xilinx/PYNQ_Car/Robot/Robot.srcs/sources_1/bd/base/ipshared/f35b/src/pselect_f.vhd:165]
INFO: [Synth 8-638] synthesizing module 'pselect_f__parameterized1' [/home/junhonglin/Xilinx/PYNQ_Car/Robot/Robot.srcs/sources_1/bd/base/ipshared/f35b/src/pselect_f.vhd:165]
	Parameter C_AB bound to: 3 - type: integer 
	Parameter C_AW bound to: 3 - type: integer 
	Parameter C_BAR bound to: 3'b010 
	Parameter C_FAMILY bound to: nofamily - type: string 
INFO: [Synth 8-256] done synthesizing module 'pselect_f__parameterized1' (1#1) [/home/junhonglin/Xilinx/PYNQ_Car/Robot/Robot.srcs/sources_1/bd/base/ipshared/f35b/src/pselect_f.vhd:165]
INFO: [Synth 8-638] synthesizing module 'pselect_f__parameterized2' [/home/junhonglin/Xilinx/PYNQ_Car/Robot/Robot.srcs/sources_1/bd/base/ipshared/f35b/src/pselect_f.vhd:165]
	Parameter C_AB bound to: 3 - type: integer 
	Parameter C_AW bound to: 3 - type: integer 
	Parameter C_BAR bound to: 3'b011 
	Parameter C_FAMILY bound to: nofamily - type: string 
INFO: [Synth 8-256] done synthesizing module 'pselect_f__parameterized2' (1#1) [/home/junhonglin/Xilinx/PYNQ_Car/Robot/Robot.srcs/sources_1/bd/base/ipshared/f35b/src/pselect_f.vhd:165]
INFO: [Synth 8-638] synthesizing module 'pselect_f__parameterized3' [/home/junhonglin/Xilinx/PYNQ_Car/Robot/Robot.srcs/sources_1/bd/base/ipshared/f35b/src/pselect_f.vhd:165]
	Parameter C_AB bound to: 3 - type: integer 
	Parameter C_AW bound to: 3 - type: integer 
	Parameter C_BAR bound to: 3'b100 
	Parameter C_FAMILY bound to: nofamily - type: string 
INFO: [Synth 8-256] done synthesizing module 'pselect_f__parameterized3' (1#1) [/home/junhonglin/Xilinx/PYNQ_Car/Robot/Robot.srcs/sources_1/bd/base/ipshared/f35b/src/pselect_f.vhd:165]
INFO: [Synth 8-256] done synthesizing module 'address_decoder' (2#1) [/home/junhonglin/Xilinx/PYNQ_Car/Robot/Robot.srcs/sources_1/bd/base/ipshared/f35b/src/address_decoder.vhd:176]
INFO: [Synth 8-226] default block is never used [/home/junhonglin/Xilinx/PYNQ_Car/Robot/Robot.srcs/sources_1/bd/base/ipshared/f35b/src/slave_attachment.vhd:379]
INFO: [Synth 8-256] done synthesizing module 'slave_attachment' (3#1) [/home/junhonglin/Xilinx/PYNQ_Car/Robot/Robot.srcs/sources_1/bd/base/ipshared/f35b/src/slave_attachment.vhd:226]
INFO: [Synth 8-256] done synthesizing module 'axi_lite_ipif' (4#1) [/home/junhonglin/Xilinx/PYNQ_Car/Robot/Robot.srcs/sources_1/bd/base/ipshared/f35b/src/axi_lite_ipif.vhd:240]
INFO: [Synth 8-638] synthesizing module 'user_logic' [/home/junhonglin/Xilinx/PYNQ_Car/Robot/Robot.srcs/sources_1/bd/base/ipshared/f35b/src/user_logic.vhd:130]
	Parameter C_NUM_REG bound to: 5 - type: integer 
	Parameter C_SLV_DWIDTH bound to: 32 - type: integer 
INFO: [Synth 8-3491] module 'iis_deser' declared at '/home/junhonglin/Xilinx/PYNQ_Car/Robot/Robot.srcs/sources_1/bd/base/ipshared/f35b/src/iis_deser.vhd:24' bound to instance 'Inst_iis_deser' of component 'iis_deser' [/home/junhonglin/Xilinx/PYNQ_Car/Robot/Robot.srcs/sources_1/bd/base/ipshared/f35b/src/user_logic.vhd:205]
INFO: [Synth 8-638] synthesizing module 'iis_deser' [/home/junhonglin/Xilinx/PYNQ_Car/Robot/Robot.srcs/sources_1/bd/base/ipshared/f35b/src/iis_deser.vhd:35]
INFO: [Synth 8-256] done synthesizing module 'iis_deser' (5#1) [/home/junhonglin/Xilinx/PYNQ_Car/Robot/Robot.srcs/sources_1/bd/base/ipshared/f35b/src/iis_deser.vhd:35]
INFO: [Synth 8-3491] module 'iis_ser' declared at '/home/junhonglin/Xilinx/PYNQ_Car/Robot/Robot.srcs/sources_1/bd/base/ipshared/f35b/src/iis_ser.vhd:24' bound to instance 'Inst_iis_ser' of component 'iis_ser' [/home/junhonglin/Xilinx/PYNQ_Car/Robot/Robot.srcs/sources_1/bd/base/ipshared/f35b/src/user_logic.vhd:226]
INFO: [Synth 8-638] synthesizing module 'iis_ser' [/home/junhonglin/Xilinx/PYNQ_Car/Robot/Robot.srcs/sources_1/bd/base/ipshared/f35b/src/iis_ser.vhd:34]
INFO: [Synth 8-256] done synthesizing module 'iis_ser' (6#1) [/home/junhonglin/Xilinx/PYNQ_Car/Robot/Robot.srcs/sources_1/bd/base/ipshared/f35b/src/iis_ser.vhd:34]
INFO: [Synth 8-256] done synthesizing module 'user_logic' (7#1) [/home/junhonglin/Xilinx/PYNQ_Car/Robot/Robot.srcs/sources_1/bd/base/ipshared/f35b/src/user_logic.vhd:130]
INFO: [Synth 8-256] done synthesizing module 'i2s_ctrl' (8#1) [/home/junhonglin/Xilinx/PYNQ_Car/Robot/Robot.srcs/sources_1/bd/base/ipshared/f35b/src/i2s_ctrl.vhd:178]
INFO: [Synth 8-256] done synthesizing module 'base_audio_codec_ctrl_0_0' (9#1) [/home/junhonglin/Xilinx/PYNQ_Car/Robot/Robot.srcs/sources_1/bd/base/ip/base_audio_codec_ctrl_0_0/synth/base_audio_codec_ctrl_0_0.vhd:85]
WARNING: [Synth 8-3331] design address_decoder has unconnected port Address_In_Erly[0]
WARNING: [Synth 8-3331] design address_decoder has unconnected port Address_In_Erly[1]
WARNING: [Synth 8-3331] design address_decoder has unconnected port Address_In_Erly[2]
WARNING: [Synth 8-3331] design address_decoder has unconnected port Address_In_Erly[3]
WARNING: [Synth 8-3331] design address_decoder has unconnected port Address_In_Erly[7]
WARNING: [Synth 8-3331] design address_decoder has unconnected port Address_In_Erly[8]
WARNING: [Synth 8-3331] design address_decoder has unconnected port Bus_RNW
WARNING: [Synth 8-3331] design slave_attachment has unconnected port S_AXI_AWADDR[31]
WARNING: [Synth 8-3331] design slave_attachment has unconnected port S_AXI_AWADDR[30]
WARNING: [Synth 8-3331] design slave_attachment has unconnected port S_AXI_AWADDR[29]
WARNING: [Synth 8-3331] design slave_attachment has unconnected port S_AXI_AWADDR[28]
WARNING: [Synth 8-3331] design slave_attachment has unconnected port S_AXI_AWADDR[27]
WARNING: [Synth 8-3331] design slave_attachment has unconnected port S_AXI_AWADDR[26]
WARNING: [Synth 8-3331] design slave_attachment has unconnected port S_AXI_AWADDR[25]
WARNING: [Synth 8-3331] design slave_attachment has unconnected port S_AXI_AWADDR[24]
WARNING: [Synth 8-3331] design slave_attachment has unconnected port S_AXI_AWADDR[23]
WARNING: [Synth 8-3331] design slave_attachment has unconnected port S_AXI_AWADDR[22]
WARNING: [Synth 8-3331] design slave_attachment has unconnected port S_AXI_AWADDR[21]
WARNING: [Synth 8-3331] design slave_attachment has unconnected port S_AXI_AWADDR[20]
WARNING: [Synth 8-3331] design slave_attachment has unconnected port S_AXI_AWADDR[19]
WARNING: [Synth 8-3331] design slave_attachment has unconnected port S_AXI_AWADDR[18]
WARNING: [Synth 8-3331] design slave_attachment has unconnected port S_AXI_AWADDR[17]
WARNING: [Synth 8-3331] design slave_attachment has unconnected port S_AXI_AWADDR[16]
WARNING: [Synth 8-3331] design slave_attachment has unconnected port S_AXI_AWADDR[15]
WARNING: [Synth 8-3331] design slave_attachment has unconnected port S_AXI_AWADDR[14]
WARNING: [Synth 8-3331] design slave_attachment has unconnected port S_AXI_AWADDR[13]
WARNING: [Synth 8-3331] design slave_attachment has unconnected port S_AXI_AWADDR[12]
WARNING: [Synth 8-3331] design slave_attachment has unconnected port S_AXI_AWADDR[11]
WARNING: [Synth 8-3331] design slave_attachment has unconnected port S_AXI_AWADDR[10]
WARNING: [Synth 8-3331] design slave_attachment has unconnected port S_AXI_AWADDR[9]
WARNING: [Synth 8-3331] design slave_attachment has unconnected port S_AXI_WSTRB[3]
WARNING: [Synth 8-3331] design slave_attachment has unconnected port S_AXI_WSTRB[2]
WARNING: [Synth 8-3331] design slave_attachment has unconnected port S_AXI_WSTRB[1]
WARNING: [Synth 8-3331] design slave_attachment has unconnected port S_AXI_WSTRB[0]
WARNING: [Synth 8-3331] design slave_attachment has unconnected port S_AXI_ARADDR[31]
WARNING: [Synth 8-3331] design slave_attachment has unconnected port S_AXI_ARADDR[30]
WARNING: [Synth 8-3331] design slave_attachment has unconnected port S_AXI_ARADDR[29]
WARNING: [Synth 8-3331] design slave_attachment has unconnected port S_AXI_ARADDR[28]
WARNING: [Synth 8-3331] design slave_attachment has unconnected port S_AXI_ARADDR[27]
WARNING: [Synth 8-3331] design slave_attachment has unconnected port S_AXI_ARADDR[26]
WARNING: [Synth 8-3331] design slave_attachment has unconnected port S_AXI_ARADDR[25]
WARNING: [Synth 8-3331] design slave_attachment has unconnected port S_AXI_ARADDR[24]
WARNING: [Synth 8-3331] design slave_attachment has unconnected port S_AXI_ARADDR[23]
WARNING: [Synth 8-3331] design slave_attachment has unconnected port S_AXI_ARADDR[22]
WARNING: [Synth 8-3331] design slave_attachment has unconnected port S_AXI_ARADDR[21]
WARNING: [Synth 8-3331] design slave_attachment has unconnected port S_AXI_ARADDR[20]
WARNING: [Synth 8-3331] design slave_attachment has unconnected port S_AXI_ARADDR[19]
WARNING: [Synth 8-3331] design slave_attachment has unconnected port S_AXI_ARADDR[18]
WARNING: [Synth 8-3331] design slave_attachment has unconnected port S_AXI_ARADDR[17]
WARNING: [Synth 8-3331] design slave_attachment has unconnected port S_AXI_ARADDR[16]
WARNING: [Synth 8-3331] design slave_attachment has unconnected port S_AXI_ARADDR[15]
WARNING: [Synth 8-3331] design slave_attachment has unconnected port S_AXI_ARADDR[14]
WARNING: [Synth 8-3331] design slave_attachment has unconnected port S_AXI_ARADDR[13]
WARNING: [Synth 8-3331] design slave_attachment has unconnected port S_AXI_ARADDR[12]
WARNING: [Synth 8-3331] design slave_attachment has unconnected port S_AXI_ARADDR[11]
WARNING: [Synth 8-3331] design slave_attachment has unconnected port S_AXI_ARADDR[10]
WARNING: [Synth 8-3331] design slave_attachment has unconnected port S_AXI_ARADDR[9]
---------------------------------------------------------------------------------
Finished RTL Elaboration : Time (s): cpu = 00:00:11 ; elapsed = 00:00:13 . Memory (MB): peak = 1416.078 ; gain = 156.957 ; free physical = 1499 ; free virtual = 4962
---------------------------------------------------------------------------------

Report Check Netlist: 
+------+------------------+-------+---------+-------+------------------+
|      |Item              |Errors |Warnings |Status |Description       |
+------+------------------+-------+---------+-------+------------------+
|1     |multi_driven_nets |      0|        0|Passed |Multi driven nets |
+------+------------------+-------+---------+-------+------------------+
---------------------------------------------------------------------------------
Start Handling Custom Attributes
---------------------------------------------------------------------------------
---------------------------------------------------------------------------------
Finished Handling Custom Attributes : Time (s): cpu = 00:00:11 ; elapsed = 00:00:14 . Memory (MB): peak = 1416.078 ; gain = 156.957 ; free physical = 1489 ; free virtual = 4952
---------------------------------------------------------------------------------
---------------------------------------------------------------------------------
Finished RTL Optimization Phase 1 : Time (s): cpu = 00:00:11 ; elapsed = 00:00:14 . Memory (MB): peak = 1416.078 ; gain = 156.957 ; free physical = 1489 ; free virtual = 4952
---------------------------------------------------------------------------------
INFO: [Device 21-403] Loading part xc7z020clg400-1
INFO: [Project 1-570] Preparing netlist for logic optimization

Processing XDC Constraints
Initializing timing engine
Completed Processing XDC Constraints

INFO: [Project 1-111] Unisim Transformation Summary:
No Unisim elements were transformed.

WARNING: [Constraints 18-5210] No constraint will be written out.
Constraint Validation Runtime : Time (s): cpu = 00:00:00.13 ; elapsed = 00:00:00.21 . Memory (MB): peak = 1759.070 ; gain = 1.000 ; free physical = 1122 ; free virtual = 4586
---------------------------------------------------------------------------------
Finished Constraint Validation : Time (s): cpu = 00:00:35 ; elapsed = 00:01:15 . Memory (MB): peak = 1759.070 ; gain = 499.949 ; free physical = 1156 ; free virtual = 4621
---------------------------------------------------------------------------------
---------------------------------------------------------------------------------
Start Loading Part and Timing Information
---------------------------------------------------------------------------------
Loading part: xc7z020clg400-1
---------------------------------------------------------------------------------
Finished Loading Part and Timing Information : Time (s): cpu = 00:00:35 ; elapsed = 00:01:15 . Memory (MB): peak = 1759.070 ; gain = 499.949 ; free physical = 1156 ; free virtual = 4621
---------------------------------------------------------------------------------
---------------------------------------------------------------------------------
Start Applying 'set_property' XDC Constraints
---------------------------------------------------------------------------------
---------------------------------------------------------------------------------
Finished applying 'set_property' XDC Constraints : Time (s): cpu = 00:00:35 ; elapsed = 00:01:15 . Memory (MB): peak = 1759.070 ; gain = 499.949 ; free physical = 1157 ; free virtual = 4622
---------------------------------------------------------------------------------
INFO: [Synth 8-802] inferred FSM for state register 'state_reg' in module 'slave_attachment'
INFO: [Synth 8-5544] ROM "s_axi_rresp_i" won't be mapped to Block RAM because address size (2) smaller than threshold (5)
INFO: [Synth 8-5544] ROM "s_axi_rresp_i" won't be mapped to Block RAM because address size (2) smaller than threshold (5)
INFO: [Synth 8-5544] ROM "s_axi_bresp_i" won't be mapped to Block RAM because address size (2) smaller than threshold (5)
INFO: [Synth 8-5544] ROM "s_axi_bresp_i" won't be mapped to Block RAM because address size (2) smaller than threshold (5)
INFO: [Synth 8-5544] ROM "state" won't be mapped to Block RAM because address size (1) smaller than threshold (5)
INFO: [Synth 8-5544] ROM "state" won't be mapped to Block RAM because address size (1) smaller than threshold (5)
INFO: [Synth 8-5544] ROM "state" won't be mapped to Block RAM because address size (1) smaller than threshold (5)
INFO: [Synth 8-5544] ROM "state" won't be mapped to Block RAM because address size (1) smaller than threshold (5)
INFO: [Synth 8-802] inferred FSM for state register 'iis_state_reg' in module 'iis_deser'
INFO: [Synth 8-5544] ROM "ldata_reg" won't be mapped to Block RAM because address size (3) smaller than threshold (5)
INFO: [Synth 8-5544] ROM "iis_state" won't be mapped to Block RAM because address size (1) smaller than threshold (5)
INFO: [Synth 8-5544] ROM "iis_state" won't be mapped to Block RAM because address size (1) smaller than threshold (5)
INFO: [Synth 8-5544] ROM "iis_state" won't be mapped to Block RAM because address size (1) smaller than threshold (5)
INFO: [Synth 8-5544] ROM "iis_state" won't be mapped to Block RAM because address size (1) smaller than threshold (5)
INFO: [Synth 8-5544] ROM "iis_state" won't be mapped to Block RAM because address size (1) smaller than threshold (5)
INFO: [Synth 8-5544] ROM "iis_state" won't be mapped to Block RAM because address size (1) smaller than threshold (5)
INFO: [Synth 8-802] inferred FSM for state register 'iis_state_reg' in module 'iis_ser'
INFO: [Synth 8-5544] ROM "ldata_reg" won't be mapped to Block RAM because address size (3) smaller than threshold (5)
INFO: [Synth 8-5544] ROM "iis_state" won't be mapped to Block RAM because address size (1) smaller than threshold (5)
INFO: [Synth 8-5544] ROM "iis_state" won't be mapped to Block RAM because address size (1) smaller than threshold (5)
INFO: [Synth 8-5544] ROM "iis_state" won't be mapped to Block RAM because address size (1) smaller than threshold (5)
INFO: [Synth 8-5544] ROM "iis_state" won't be mapped to Block RAM because address size (1) smaller than threshold (5)
---------------------------------------------------------------------------------------------------
                   State |                     New Encoding |                Previous Encoding 
---------------------------------------------------------------------------------------------------
                 sm_idle |                             0010 |                               00
                 sm_read |                             1000 |                               01
                sm_write |                             0100 |                               10
                 sm_resp |                             0001 |                               11
---------------------------------------------------------------------------------------------------
INFO: [Synth 8-3354] encoded FSM with state register 'state_reg' using encoding 'one-hot' in module 'slave_attachment'
---------------------------------------------------------------------------------------------------
                   State |                     New Encoding |                Previous Encoding 
---------------------------------------------------------------------------------------------------
                   reset |                          0000001 |                              000
               wait_left |                          0000100 |                              001
               skip_left |                          1000000 |                              010
               read_left |                          0100000 |                              011
              wait_right |                          0010000 |                              100
              skip_right |                          0001000 |                              101
              read_right |                          0000010 |                              110
---------------------------------------------------------------------------------------------------
INFO: [Synth 8-3354] encoded FSM with state register 'iis_state_reg' using encoding 'one-hot' in module 'iis_deser'
---------------------------------------------------------------------------------------------------
                   State |                     New Encoding |                Previous Encoding 
---------------------------------------------------------------------------------------------------
                   reset |                            00001 |                              000
               wait_left |                            00100 |                              001
              write_left |                            10000 |                              010
              wait_right |                            01000 |                              011
             write_right |                            00010 |                              100
---------------------------------------------------------------------------------------------------
INFO: [Synth 8-3354] encoded FSM with state register 'iis_state_reg' using encoding 'one-hot' in module 'iis_ser'
---------------------------------------------------------------------------------
Finished RTL Optimization Phase 2 : Time (s): cpu = 00:00:36 ; elapsed = 00:01:16 . Memory (MB): peak = 1759.070 ; gain = 499.949 ; free physical = 1138 ; free virtual = 4603
---------------------------------------------------------------------------------

Report RTL Partitions: 
+-+--------------+------------+----------+
| |RTL Partition |Replication |Instances |
+-+--------------+------------+----------+
+-+--------------+------------+----------+
---------------------------------------------------------------------------------
Start RTL Component Statistics 
---------------------------------------------------------------------------------
Detailed RTL Component Info : 
+---Adders : 
	   2 Input     11 Bit       Adders := 1     
	   2 Input      5 Bit       Adders := 2     
	   2 Input      4 Bit       Adders := 1     
+---Registers : 
	               32 Bit    Registers := 3     
	               24 Bit    Registers := 6     
	               11 Bit    Registers := 1     
	                5 Bit    Registers := 2     
	                4 Bit    Registers := 1     
	                2 Bit    Registers := 2     
	                1 Bit    Registers := 16    
+---Muxes : 
	   2 Input     32 Bit        Muxes := 3     
	   4 Input     32 Bit        Muxes := 2     
	   2 Input     24 Bit        Muxes := 2     
	   2 Input      9 Bit        Muxes := 1     
	   7 Input      7 Bit        Muxes := 1     
	   2 Input      7 Bit        Muxes := 6     
	   5 Input      5 Bit        Muxes := 1     
	   2 Input      5 Bit        Muxes := 4     
	   4 Input      4 Bit        Muxes := 1     
	   2 Input      4 Bit        Muxes := 5     
	   2 Input      2 Bit        Muxes := 2     
	   2 Input      1 Bit        Muxes := 21    
	   7 Input      1 Bit        Muxes := 1     
	   5 Input      1 Bit        Muxes := 1     
	   4 Input      1 Bit        Muxes := 2     
---------------------------------------------------------------------------------
Finished RTL Component Statistics 
---------------------------------------------------------------------------------
---------------------------------------------------------------------------------
Start RTL Hierarchical Component Statistics 
---------------------------------------------------------------------------------
Hierarchical RTL Component report 
Module pselect_f 
Detailed RTL Component Info : 
+---Muxes : 
	   2 Input      1 Bit        Muxes := 1     
Module pselect_f__parameterized0 
Detailed RTL Component Info : 
+---Muxes : 
	   2 Input      1 Bit        Muxes := 1     
Module pselect_f__parameterized1 
Detailed RTL Component Info : 
+---Muxes : 
	   2 Input      1 Bit        Muxes := 1     
Module pselect_f__parameterized2 
Detailed RTL Component Info : 
+---Muxes : 
	   2 Input      1 Bit        Muxes := 1     
Module pselect_f__parameterized3 
Detailed RTL Component Info : 
+---Muxes : 
	   2 Input      1 Bit        Muxes := 1     
Module address_decoder 
Detailed RTL Component Info : 
+---Registers : 
	                1 Bit    Registers := 7     
Module slave_attachment 
Detailed RTL Component Info : 
+---Adders : 
	   2 Input      4 Bit       Adders := 1     
+---Registers : 
	               32 Bit    Registers := 1     
	                4 Bit    Registers := 1     
	                2 Bit    Registers := 2     
	                1 Bit    Registers := 3     
+---Muxes : 
	   2 Input      9 Bit        Muxes := 1     
	   4 Input      4 Bit        Muxes := 1     
	   2 Input      4 Bit        Muxes := 5     
	   2 Input      2 Bit        Muxes := 2     
	   2 Input      1 Bit        Muxes := 3     
Module iis_deser 
Detailed RTL Component Info : 
+---Adders : 
	   2 Input      5 Bit       Adders := 1     
+---Registers : 
	               24 Bit    Registers := 2     
	                5 Bit    Registers := 1     
	                1 Bit    Registers := 2     
+---Muxes : 
	   7 Input      7 Bit        Muxes := 1     
	   2 Input      7 Bit        Muxes := 6     
	   2 Input      1 Bit        Muxes := 4     
	   7 Input      1 Bit        Muxes := 1     
Module iis_ser 
Detailed RTL Component Info : 
+---Adders : 
	   2 Input      5 Bit       Adders := 1     
+---Registers : 
	               24 Bit    Registers := 2     
	                5 Bit    Registers := 1     
	                1 Bit    Registers := 3     
+---Muxes : 
	   2 Input     24 Bit        Muxes := 2     
	   5 Input      5 Bit        Muxes := 1     
	   2 Input      5 Bit        Muxes := 4     
	   2 Input      1 Bit        Muxes := 7     
	   5 Input      1 Bit        Muxes := 1     
Module user_logic 
Detailed RTL Component Info : 
+---Adders : 
	   2 Input     11 Bit       Adders := 1     
+---Registers : 
	               32 Bit    Registers := 2     
	               24 Bit    Registers := 2     
	               11 Bit    Registers := 1     
	                1 Bit    Registers := 1     
+---Muxes : 
	   2 Input     32 Bit        Muxes := 3     
	   4 Input     32 Bit        Muxes := 2     
	   2 Input      1 Bit        Muxes := 2     
	   4 Input      1 Bit        Muxes := 2     
---------------------------------------------------------------------------------
Finished RTL Hierarchical Component Statistics
---------------------------------------------------------------------------------
---------------------------------------------------------------------------------
Start Part Resource Summary
---------------------------------------------------------------------------------
Part Resources:
DSPs: 220 (col length:60)
BRAMs: 280 (col length: RAMB18 60 RAMB36 30)
---------------------------------------------------------------------------------
Finished Part Resource Summary
---------------------------------------------------------------------------------
---------------------------------------------------------------------------------
Start Cross Boundary and Area Optimization
---------------------------------------------------------------------------------
Warning: Parallel synthesis criteria is not met 
INFO: [Synth 8-4471] merging register 'U0/USER_LOGIC_I/Inst_iis_ser/lrclk_d1_reg' into 'U0/USER_LOGIC_I/Inst_iis_deser/lrclk_d1_reg' [/home/junhonglin/Xilinx/PYNQ_Car/Robot/Robot.srcs/sources_1/bd/base/ipshared/f35b/src/iis_ser.vhd:63]
INFO: [Synth 8-4471] merging register 'U0/USER_LOGIC_I/Inst_iis_ser/sclk_d1_reg' into 'U0/USER_LOGIC_I/Inst_iis_deser/sclk_d1_reg' [/home/junhonglin/Xilinx/PYNQ_Car/Robot/Robot.srcs/sources_1/bd/base/ipshared/f35b/src/iis_ser.vhd:62]
WARNING: [Synth 8-6014] Unused sequential element U0/AXI_LITE_IPIF_I/I_SLAVE_ATTACHMENT/I_DECODER/MEM_DECODE_GEN[0].cs_out_i_reg was removed.  [/home/junhonglin/Xilinx/PYNQ_Car/Robot/Robot.srcs/sources_1/bd/base/ipshared/f35b/src/address_decoder.vhd:400]
WARNING: [Synth 8-6014] Unused sequential element U0/USER_LOGIC_I/Inst_iis_ser/lrclk_d1_reg was removed.  [/home/junhonglin/Xilinx/PYNQ_Car/Robot/Robot.srcs/sources_1/bd/base/ipshared/f35b/src/iis_ser.vhd:63]
WARNING: [Synth 8-6014] Unused sequential element U0/USER_LOGIC_I/Inst_iis_ser/sclk_d1_reg was removed.  [/home/junhonglin/Xilinx/PYNQ_Car/Robot/Robot.srcs/sources_1/bd/base/ipshared/f35b/src/iis_ser.vhd:62]
INFO: [Synth 8-5544] ROM "U0/USER_LOGIC_I/DataTx_L" won't be mapped to Block RAM because address size (3) smaller than threshold (5)
INFO: [Synth 8-5544] ROM "U0/USER_LOGIC_I/DataTx_R" won't be mapped to Block RAM because address size (3) smaller than threshold (5)
INFO: [Synth 8-3917] design base_audio_codec_ctrl_0_0 has port codec_address[1] driven by constant 1
INFO: [Synth 8-3917] design base_audio_codec_ctrl_0_0 has port codec_address[0] driven by constant 1
WARNING: [Synth 8-3331] design base_audio_codec_ctrl_0_0 has unconnected port s_axi_awaddr[31]
WARNING: [Synth 8-3331] design base_audio_codec_ctrl_0_0 has unconnected port s_axi_awaddr[30]
WARNING: [Synth 8-3331] design base_audio_codec_ctrl_0_0 has unconnected port s_axi_awaddr[29]
WARNING: [Synth 8-3331] design base_audio_codec_ctrl_0_0 has unconnected port s_axi_awaddr[28]
WARNING: [Synth 8-3331] design base_audio_codec_ctrl_0_0 has unconnected port s_axi_awaddr[27]
WARNING: [Synth 8-3331] design base_audio_codec_ctrl_0_0 has unconnected port s_axi_awaddr[26]
WARNING: [Synth 8-3331] design base_audio_codec_ctrl_0_0 has unconnected port s_axi_awaddr[25]
WARNING: [Synth 8-3331] design base_audio_codec_ctrl_0_0 has unconnected port s_axi_awaddr[24]
WARNING: [Synth 8-3331] design base_audio_codec_ctrl_0_0 has unconnected port s_axi_awaddr[23]
WARNING: [Synth 8-3331] design base_audio_codec_ctrl_0_0 has unconnected port s_axi_awaddr[22]
WARNING: [Synth 8-3331] design base_audio_codec_ctrl_0_0 has unconnected port s_axi_awaddr[21]
WARNING: [Synth 8-3331] design base_audio_codec_ctrl_0_0 has unconnected port s_axi_awaddr[20]
WARNING: [Synth 8-3331] design base_audio_codec_ctrl_0_0 has unconnected port s_axi_awaddr[19]
WARNING: [Synth 8-3331] design base_audio_codec_ctrl_0_0 has unconnected port s_axi_awaddr[18]
WARNING: [Synth 8-3331] design base_audio_codec_ctrl_0_0 has unconnected port s_axi_awaddr[17]
WARNING: [Synth 8-3331] design base_audio_codec_ctrl_0_0 has unconnected port s_axi_awaddr[16]
WARNING: [Synth 8-3331] design base_audio_codec_ctrl_0_0 has unconnected port s_axi_awaddr[15]
WARNING: [Synth 8-3331] design base_audio_codec_ctrl_0_0 has unconnected port s_axi_awaddr[14]
WARNING: [Synth 8-3331] design base_audio_codec_ctrl_0_0 has unconnected port s_axi_awaddr[13]
WARNING: [Synth 8-3331] design base_audio_codec_ctrl_0_0 has unconnected port s_axi_awaddr[12]
WARNING: [Synth 8-3331] design base_audio_codec_ctrl_0_0 has unconnected port s_axi_awaddr[11]
WARNING: [Synth 8-3331] design base_audio_codec_ctrl_0_0 has unconnected port s_axi_awaddr[10]
WARNING: [Synth 8-3331] design base_audio_codec_ctrl_0_0 has unconnected port s_axi_awaddr[9]
WARNING: [Synth 8-3331] design base_audio_codec_ctrl_0_0 has unconnected port s_axi_awaddr[8]
WARNING: [Synth 8-3331] design base_audio_codec_ctrl_0_0 has unconnected port s_axi_awaddr[7]
WARNING: [Synth 8-3331] design base_audio_codec_ctrl_0_0 has unconnected port s_axi_awaddr[6]
WARNING: [Synth 8-3331] design base_audio_codec_ctrl_0_0 has unconnected port s_axi_awaddr[5]
WARNING: [Synth 8-3331] design base_audio_codec_ctrl_0_0 has unconnected port s_axi_wstrb[3]
WARNING: [Synth 8-3331] design base_audio_codec_ctrl_0_0 has unconnected port s_axi_wstrb[2]
WARNING: [Synth 8-3331] design base_audio_codec_ctrl_0_0 has unconnected port s_axi_wstrb[1]
WARNING: [Synth 8-3331] design base_audio_codec_ctrl_0_0 has unconnected port s_axi_wstrb[0]
WARNING: [Synth 8-3331] design base_audio_codec_ctrl_0_0 has unconnected port s_axi_araddr[31]
WARNING: [Synth 8-3331] design base_audio_codec_ctrl_0_0 has unconnected port s_axi_araddr[30]
WARNING: [Synth 8-3331] design base_audio_codec_ctrl_0_0 has unconnected port s_axi_araddr[29]
WARNING: [Synth 8-3331] design base_audio_codec_ctrl_0_0 has unconnected port s_axi_araddr[28]
WARNING: [Synth 8-3331] design base_audio_codec_ctrl_0_0 has unconnected port s_axi_araddr[27]
WARNING: [Synth 8-3331] design base_audio_codec_ctrl_0_0 has unconnected port s_axi_araddr[26]
WARNING: [Synth 8-3331] design base_audio_codec_ctrl_0_0 has unconnected port s_axi_araddr[25]
WARNING: [Synth 8-3331] design base_audio_codec_ctrl_0_0 has unconnected port s_axi_araddr[24]
WARNING: [Synth 8-3331] design base_audio_codec_ctrl_0_0 has unconnected port s_axi_araddr[23]
WARNING: [Synth 8-3331] design base_audio_codec_ctrl_0_0 has unconnected port s_axi_araddr[22]
WARNING: [Synth 8-3331] design base_audio_codec_ctrl_0_0 has unconnected port s_axi_araddr[21]
WARNING: [Synth 8-3331] design base_audio_codec_ctrl_0_0 has unconnected port s_axi_araddr[20]
INFO: [Common 17-14] Message 'Synth 8-3331' appears 100 times and further instances of the messages will be disabled. Use the Tcl command set_msg_config to change the current settings.
INFO: [Synth 8-3333] propagating constant 0 across sequential element (\U0/AXI_LITE_IPIF_I/I_SLAVE_ATTACHMENT/s_axi_bresp_i_reg[0] )
INFO: [Synth 8-3333] propagating constant 0 across sequential element (\U0/AXI_LITE_IPIF_I/I_SLAVE_ATTACHMENT/s_axi_bresp_i_reg[1] )
INFO: [Synth 8-3333] propagating constant 0 across sequential element (\U0/AXI_LITE_IPIF_I/I_SLAVE_ATTACHMENT/s_axi_rresp_i_reg[0] )
INFO: [Synth 8-3333] propagating constant 0 across sequential element (\U0/AXI_LITE_IPIF_I/I_SLAVE_ATTACHMENT/s_axi_rresp_i_reg[1] )
INFO: [Synth 8-3332] Sequential element (U0/AXI_LITE_IPIF_I/I_SLAVE_ATTACHMENT/s_axi_bresp_i_reg[1]) is unused and will be removed from module base_audio_codec_ctrl_0_0.
INFO: [Synth 8-3332] Sequential element (U0/AXI_LITE_IPIF_I/I_SLAVE_ATTACHMENT/s_axi_bresp_i_reg[0]) is unused and will be removed from module base_audio_codec_ctrl_0_0.
INFO: [Synth 8-3332] Sequential element (U0/AXI_LITE_IPIF_I/I_SLAVE_ATTACHMENT/s_axi_rresp_i_reg[1]) is unused and will be removed from module base_audio_codec_ctrl_0_0.
INFO: [Synth 8-3332] Sequential element (U0/AXI_LITE_IPIF_I/I_SLAVE_ATTACHMENT/s_axi_rresp_i_reg[0]) is unused and will be removed from module base_audio_codec_ctrl_0_0.
---------------------------------------------------------------------------------
Finished Cross Boundary and Area Optimization : Time (s): cpu = 00:00:38 ; elapsed = 00:01:19 . Memory (MB): peak = 1759.070 ; gain = 499.949 ; free physical = 1129 ; free virtual = 4597
---------------------------------------------------------------------------------

Report RTL Partitions: 
+-+--------------+------------+----------+
| |RTL Partition |Replication |Instances |
+-+--------------+------------+----------+
+-+--------------+------------+----------+
---------------------------------------------------------------------------------
Start Applying XDC Timing Constraints
---------------------------------------------------------------------------------
---------------------------------------------------------------------------------
Finished Applying XDC Timing Constraints : Time (s): cpu = 00:00:55 ; elapsed = 00:01:43 . Memory (MB): peak = 1759.070 ; gain = 499.949 ; free physical = 900 ; free virtual = 4369
---------------------------------------------------------------------------------
---------------------------------------------------------------------------------
Start Timing Optimization
---------------------------------------------------------------------------------
---------------------------------------------------------------------------------
Finished Timing Optimization : Time (s): cpu = 00:00:55 ; elapsed = 00:01:43 . Memory (MB): peak = 1759.070 ; gain = 499.949 ; free physical = 900 ; free virtual = 4369
---------------------------------------------------------------------------------

Report RTL Partitions: 
+-+--------------+------------+----------+
| |RTL Partition |Replication |Instances |
+-+--------------+------------+----------+
+-+--------------+------------+----------+
---------------------------------------------------------------------------------
Start Technology Mapping
---------------------------------------------------------------------------------
---------------------------------------------------------------------------------
Finished Technology Mapping : Time (s): cpu = 00:00:55 ; elapsed = 00:01:43 . Memory (MB): peak = 1759.070 ; gain = 499.949 ; free physical = 896 ; free virtual = 4365
---------------------------------------------------------------------------------

Report RTL Partitions: 
+-+--------------+------------+----------+
| |RTL Partition |Replication |Instances |
+-+--------------+------------+----------+
+-+--------------+------------+----------+
---------------------------------------------------------------------------------
Start IO Insertion
---------------------------------------------------------------------------------
---------------------------------------------------------------------------------
Start Flattening Before IO Insertion
---------------------------------------------------------------------------------
---------------------------------------------------------------------------------
Finished Flattening Before IO Insertion
---------------------------------------------------------------------------------
---------------------------------------------------------------------------------
Start Final Netlist Cleanup
---------------------------------------------------------------------------------
---------------------------------------------------------------------------------
Finished Final Netlist Cleanup
---------------------------------------------------------------------------------
---------------------------------------------------------------------------------
Finished IO Insertion : Time (s): cpu = 00:00:56 ; elapsed = 00:01:44 . Memory (MB): peak = 1759.070 ; gain = 499.949 ; free physical = 915 ; free virtual = 4384
---------------------------------------------------------------------------------

Report Check Netlist: 
+------+------------------+-------+---------+-------+------------------+
|      |Item              |Errors |Warnings |Status |Description       |
+------+------------------+-------+---------+-------+------------------+
|1     |multi_driven_nets |      0|        0|Passed |Multi driven nets |
+------+------------------+-------+---------+-------+------------------+
---------------------------------------------------------------------------------
Start Renaming Generated Instances
---------------------------------------------------------------------------------
---------------------------------------------------------------------------------
Finished Renaming Generated Instances : Time (s): cpu = 00:00:56 ; elapsed = 00:01:44 . Memory (MB): peak = 1759.070 ; gain = 499.949 ; free physical = 915 ; free virtual = 4384
---------------------------------------------------------------------------------

Report RTL Partitions: 
+-+--------------+------------+----------+
| |RTL Partition |Replication |Instances |
+-+--------------+------------+----------+
+-+--------------+------------+----------+
---------------------------------------------------------------------------------
Start Rebuilding User Hierarchy
---------------------------------------------------------------------------------
---------------------------------------------------------------------------------
Finished Rebuilding User Hierarchy : Time (s): cpu = 00:00:56 ; elapsed = 00:01:44 . Memory (MB): peak = 1759.070 ; gain = 499.949 ; free physical = 914 ; free virtual = 4382
---------------------------------------------------------------------------------
---------------------------------------------------------------------------------
Start Renaming Generated Ports
---------------------------------------------------------------------------------
---------------------------------------------------------------------------------
Finished Renaming Generated Ports : Time (s): cpu = 00:00:56 ; elapsed = 00:01:44 . Memory (MB): peak = 1759.070 ; gain = 499.949 ; free physical = 913 ; free virtual = 4382
---------------------------------------------------------------------------------
---------------------------------------------------------------------------------
Start Handling Custom Attributes
---------------------------------------------------------------------------------
---------------------------------------------------------------------------------
Finished Handling Custom Attributes : Time (s): cpu = 00:00:56 ; elapsed = 00:01:44 . Memory (MB): peak = 1759.070 ; gain = 499.949 ; free physical = 913 ; free virtual = 4382
---------------------------------------------------------------------------------
---------------------------------------------------------------------------------
Start Renaming Generated Nets
---------------------------------------------------------------------------------
---------------------------------------------------------------------------------
Finished Renaming Generated Nets : Time (s): cpu = 00:00:57 ; elapsed = 00:01:44 . Memory (MB): peak = 1759.070 ; gain = 499.949 ; free physical = 913 ; free virtual = 4382
---------------------------------------------------------------------------------
---------------------------------------------------------------------------------
Start Writing Synthesis Report
---------------------------------------------------------------------------------

Report BlackBoxes: 
+-+--------------+----------+
| |BlackBox name |Instances |
+-+--------------+----------+
+-+--------------+----------+

Report Cell Usage: 
+------+-----+------+
|      |Cell |Count |
+------+-----+------+
|1     |LUT1 |     5|
|2     |LUT2 |    17|
|3     |LUT3 |    14|
|4     |LUT4 |    11|
|5     |LUT5 |    81|
|6     |LUT6 |    59|
|7     |FDRE |   293|
|8     |FDSE |     1|
+------+-----+------+

Report Instance Areas: 
+------+-------------------------+-----------------+------+
|      |Instance                 |Module           |Cells |
+------+-------------------------+-----------------+------+
|1     |top                      |                 |   481|
|2     |  U0                     |i2s_ctrl         |   481|
|3     |    AXI_LITE_IPIF_I      |axi_lite_ipif    |   144|
|4     |      I_SLAVE_ATTACHMENT |slave_attachment |   144|
|5     |        I_DECODER        |address_decoder  |    93|
|6     |    USER_LOGIC_I         |user_logic       |   337|
|7     |      Inst_iis_deser     |iis_deser        |    80|
|8     |      Inst_iis_ser       |iis_ser          |   119|
+------+-------------------------+-----------------+------+
---------------------------------------------------------------------------------
Finished Writing Synthesis Report : Time (s): cpu = 00:00:57 ; elapsed = 00:01:44 . Memory (MB): peak = 1759.070 ; gain = 499.949 ; free physical = 913 ; free virtual = 4382
---------------------------------------------------------------------------------
Synthesis finished with 0 errors, 0 critical warnings and 61 warnings.
Synthesis Optimization Runtime : Time (s): cpu = 00:00:38 ; elapsed = 00:00:50 . Memory (MB): peak = 1759.070 ; gain = 156.957 ; free physical = 960 ; free virtual = 4428
Synthesis Optimization Complete : Time (s): cpu = 00:00:57 ; elapsed = 00:01:45 . Memory (MB): peak = 1759.070 ; gain = 499.949 ; free physical = 960 ; free virtual = 4429
INFO: [Project 1-571] Translating synthesized netlist
INFO: [Project 1-570] Preparing netlist for logic optimization
INFO: [Opt 31-138] Pushed 0 inverter(s) to 0 load pin(s).
INFO: [Project 1-111] Unisim Transformation Summary:
No Unisim elements were transformed.

INFO: [Common 17-83] Releasing license: Synthesis
82 Infos, 104 Warnings, 0 Critical Warnings and 0 Errors encountered.
synth_design completed successfully
synth_design: Time (s): cpu = 00:01:00 ; elapsed = 00:01:47 . Memory (MB): peak = 1767.078 ; gain = 519.703 ; free physical = 915 ; free virtual = 4384
WARNING: [Constraints 18-5210] No constraint will be written out.
INFO: [Common 17-1381] The checkpoint '/home/junhonglin/Xilinx/PYNQ_Car/Robot/Robot.runs/base_audio_codec_ctrl_0_0_synth_1/base_audio_codec_ctrl_0_0.dcp' has been generated.
INFO: [Coretcl 2-1482] Added synthesis output to IP cache for IP /home/junhonglin/Xilinx/PYNQ_Car/Robot/Robot.srcs/sources_1/bd/base/ip/base_audio_codec_ctrl_0_0/base_audio_codec_ctrl_0_0.xci
INFO: [Coretcl 2-1174] Renamed 7 cell refs.
WARNING: [Constraints 18-5210] No constraint will be written out.
INFO: [Common 17-1381] The checkpoint '/home/junhonglin/Xilinx/PYNQ_Car/Robot/Robot.runs/base_audio_codec_ctrl_0_0_synth_1/base_audio_codec_ctrl_0_0.dcp' has been generated.
INFO: [runtcl-4] Executing : report_utilization -file base_audio_codec_ctrl_0_0_utilization_synth.rpt -pb base_audio_codec_ctrl_0_0_utilization_synth.pb
report_utilization: Time (s): cpu = 00:00:00.24 ; elapsed = 00:00:00.30 . Memory (MB): peak = 1791.090 ; gain = 0.000 ; free physical = 1505 ; free virtual = 4972
INFO: [Common 17-206] Exiting Vivado at Wed Mar 20 13:32:30 2019...
