Copyright 1986-2017 Xilinx, Inc. All Rights Reserved.
-----------------------------------------------------------------------------------------------
| Tool Version : Vivado v.2017.4 (lin64) Build 2086221 Fri Dec 15 20:54:30 MST 2017
| Date         : Mon Feb 25 23:29:11 2019
| Host         : ubuntu running 64-bit Ubuntu 16.04.5 LTS
| Command      : report_clock_utilization -file PYNQ_HDMI_wrapper_clock_utilization_routed.rpt
| Design       : PYNQ_HDMI_wrapper
| Device       : 7z020-clg400
| Speed File   : -1  PRODUCTION 1.11 2014-09-11
-----------------------------------------------------------------------------------------------

Clock Utilization Report

Table of Contents
-----------------
1. Clock Primitive Utilization
2. Global Clock Resources
3. Global Clock Source Details
4. Local Clock Details
5. Clock Regions: Key Resource Utilization
6. Clock Regions : Global Clock Summary
7. Device Cell Placement Summary for Global Clock g0
8. Device Cell Placement Summary for Global Clock g1
9. Device Cell Placement Summary for Global Clock g2
10. Device Cell Placement Summary for Global Clock g3
11. Device Cell Placement Summary for Global Clock g4
12. Device Cell Placement Summary for Global Clock g5
13. Device Cell Placement Summary for Global Clock g6
14. Clock Region Cell Placement per Global Clock: Region X0Y0
15. Clock Region Cell Placement per Global Clock: Region X1Y0
16. Clock Region Cell Placement per Global Clock: Region X0Y1
17. Clock Region Cell Placement per Global Clock: Region X1Y1
18. Clock Region Cell Placement per Global Clock: Region X0Y2
19. Clock Region Cell Placement per Global Clock: Region X1Y2

1. Clock Primitive Utilization
------------------------------

+----------+------+-----------+-----+--------------+--------+
| Type     | Used | Available | LOC | Clock Region | Pblock |
+----------+------+-----------+-----+--------------+--------+
| BUFGCTRL |    6 |        32 |   0 |            0 |      0 |
| BUFH     |    0 |        72 |   0 |            0 |      0 |
| BUFIO    |    1 |        16 |   0 |            0 |      0 |
| BUFMR    |    0 |         8 |   0 |            0 |      0 |
| BUFR     |    1 |        16 |   0 |            0 |      0 |
| MMCM     |    2 |         4 |   0 |            0 |      0 |
| PLL      |    0 |         4 |   0 |            0 |      0 |
+----------+------+-----------+-----+--------------+--------+


2. Global Clock Resources
-------------------------

+-----------+-----------+-----------------+------------+----------------+--------------+-------------------+-------------+-----------------+--------------+--------------------------------------------------------------------------------------------+---------------------------------------------------------------------------+---------------------------------------------------------------------------+
| Global Id | Source Id | Driver Type/Pin | Constraint | Site           | Clock Region | Load Clock Region | Clock Loads | Non-Clock Loads | Clock Period | Clock                                                                                      | Driver Pin                                                                | Net                                                                       |
+-----------+-----------+-----------------+------------+----------------+--------------+-------------------+-------------+-----------------+--------------+--------------------------------------------------------------------------------------------+---------------------------------------------------------------------------+---------------------------------------------------------------------------+
| g0        | src0      | BUFG/O          | None       | BUFGCTRL_X0Y16 | n/a          |                 6 |        6913 |               0 |        7.000 | clk_fpga_1                                                                                 | PYNQ_HDMI_i/processing_system7_0/inst/buffer_fclk_clk_1.FCLK_CLK_1_BUFG/O | PYNQ_HDMI_i/processing_system7_0/inst/FCLK_CLK1                           |
| g1        | src1      | BUFG/O          | None       | BUFGCTRL_X0Y1  | n/a          |                 4 |        4131 |               0 |              |                                                                                            | CMOS_PIXCLK_IBUF_BUFG_inst/O                                              | CMOS_PIXCLK_IBUF_BUFG                                                     |
| g2        | src2      | BUFR/O          | None       | BUFR_X1Y9      | X1Y2         |                 1 |        1552 |               0 |       10.000 | axi_dynclk_0_PXL_CLK_O                                                                     | PYNQ_HDMI_i/axi_dynclk_0/U0/BUFR_inst/O                                   | PYNQ_HDMI_i/axi_dynclk_0/U0/PXL_CLK_O                                     |
| g3        | src0      | BUFG/O          | None       | BUFGCTRL_X0Y17 | n/a          |                 5 |        1529 |               0 |       10.000 | clk_fpga_0                                                                                 | PYNQ_HDMI_i/processing_system7_0/inst/buffer_fclk_clk_0.FCLK_CLK_0_BUFG/O | PYNQ_HDMI_i/processing_system7_0/inst/FCLK_CLK0                           |
| g4        | src3      | BUFG/O          | None       | BUFGCTRL_X0Y2  | n/a          |                 1 |         458 |               0 |       33.000 | dbg_hub/inst/BSCANID.u_xsdbm_id/SWITCH_N_EXT_BSCAN.bscan_inst/SERIES7_BSCAN.bscan_inst/TCK | dbg_hub/inst/BSCANID.u_xsdbm_id/SWITCH_N_EXT_BSCAN.u_bufg_icon_tck/O      | dbg_hub/inst/BSCANID.u_xsdbm_id/itck_i                                    |
| g5        | src4      | BUFG/O          | None       | BUFGCTRL_X0Y3  | n/a          |                 1 |           1 |               0 |       50.000 | clkfbout_PYNQ_HDMI_clk_wiz_0_3                                                             | PYNQ_HDMI_i/CAM_IN_PIPE/clk_wiz_0/inst/clkf_buf/O                         | PYNQ_HDMI_i/CAM_IN_PIPE/clk_wiz_0/inst/clkfbout_buf_PYNQ_HDMI_clk_wiz_0_3 |
| g6        | src4      | BUFG/O          | None       | BUFGCTRL_X0Y0  | n/a          |                 1 |           0 |               1 |       41.667 | clk_out1_PYNQ_HDMI_clk_wiz_0_3                                                             | PYNQ_HDMI_i/CAM_IN_PIPE/clk_wiz_0/inst/clkout1_buf/O                      | PYNQ_HDMI_i/CAM_IN_PIPE/clk_wiz_0/inst/clk_out1                           |
+-----------+-----------+-----------------+------------+----------------+--------------+-------------------+-------------+-----------------+--------------+--------------------------------------------------------------------------------------------+---------------------------------------------------------------------------+---------------------------------------------------------------------------+
* Clock Loads column represents the clock pin loads (pin count)
** Non-Clock Loads column represents the non-clock pin loads (pin count)


3. Global Clock Source Details
------------------------------

+-----------+-----------+---------------------+------------+-----------------+--------------+-------------+-----------------+---------------------+--------------------------------------------------------------------------------------------+--------------------------------------------------------------------------------------------+-----------------------------------------------------------------------+
| Source Id | Global Id | Driver Type/Pin     | Constraint | Site            | Clock Region | Clock Loads | Non-Clock Loads | Source Clock Period | Source Clock                                                                               | Driver Pin                                                                                 | Net                                                                   |
+-----------+-----------+---------------------+------------+-----------------+--------------+-------------+-----------------+---------------------+--------------------------------------------------------------------------------------------+--------------------------------------------------------------------------------------------+-----------------------------------------------------------------------+
| src0      | g3        | PS7/FCLKCLK[0]      | PS7_X0Y0   | PS7_X0Y0        | X0Y2         |           1 |               0 |              10.000 | clk_fpga_0                                                                                 | PYNQ_HDMI_i/processing_system7_0/inst/PS7_i/FCLKCLK[0]                                     | PYNQ_HDMI_i/processing_system7_0/inst/FCLK_CLK_unbuffered[0]          |
| src0      | g0        | PS7/FCLKCLK[1]      | PS7_X0Y0   | PS7_X0Y0        | X0Y2         |           1 |               0 |               7.000 | clk_fpga_1                                                                                 | PYNQ_HDMI_i/processing_system7_0/inst/PS7_i/FCLKCLK[1]                                     | PYNQ_HDMI_i/processing_system7_0/inst/FCLK_CLK_unbuffered[1]          |
| src1      | g1        | IBUF/O              | IOB_X1Y63  | IOB_X1Y63       | X1Y1         |           1 |               0 |                     |                                                                                            | CMOS_PIXCLK_IBUF_inst/O                                                                    | CMOS_PIXCLK_IBUF                                                      |
| src2      | g2,       | MMCME2_ADV/CLKOUT0  | None       | MMCME2_ADV_X1Y2 | X1Y2         |           2 |               0 |               2.000 | I                                                                                          | PYNQ_HDMI_i/axi_dynclk_0/U0/Inst_mmcme2_drp/mmcm_adv_inst/CLKOUT0                          | PYNQ_HDMI_i/axi_dynclk_0/U0/Inst_mmcme2_drp/I                         |
| src3      | g4        | BSCANE2/TCK         | None       | BSCAN_X0Y0      | X1Y1         |           1 |               0 |              33.000 | dbg_hub/inst/BSCANID.u_xsdbm_id/SWITCH_N_EXT_BSCAN.bscan_inst/SERIES7_BSCAN.bscan_inst/TCK | dbg_hub/inst/BSCANID.u_xsdbm_id/SWITCH_N_EXT_BSCAN.bscan_inst/SERIES7_BSCAN.bscan_inst/TCK | dbg_hub/inst/BSCANID.u_xsdbm_id/SWITCH_N_EXT_BSCAN.bscan_inst/tck_bs  |
| src4      | g6        | MMCME2_ADV/CLKOUT0  | None       | MMCME2_ADV_X1Y0 | X1Y0         |           1 |               0 |              41.667 | clk_out1_PYNQ_HDMI_clk_wiz_0_3                                                             | PYNQ_HDMI_i/CAM_IN_PIPE/clk_wiz_0/inst/mmcm_adv_inst/CLKOUT0                               | PYNQ_HDMI_i/CAM_IN_PIPE/clk_wiz_0/inst/clk_out1_PYNQ_HDMI_clk_wiz_0_3 |
| src4      | g5        | MMCME2_ADV/CLKFBOUT | None       | MMCME2_ADV_X1Y0 | X1Y0         |           1 |               0 |              50.000 | clkfbout_PYNQ_HDMI_clk_wiz_0_3                                                             | PYNQ_HDMI_i/CAM_IN_PIPE/clk_wiz_0/inst/mmcm_adv_inst/CLKFBOUT                              | PYNQ_HDMI_i/CAM_IN_PIPE/clk_wiz_0/inst/clkfbout_PYNQ_HDMI_clk_wiz_0_3 |
+-----------+-----------+---------------------+------------+-----------------+--------------+-------------+-----------------+---------------------+--------------------------------------------------------------------------------------------+--------------------------------------------------------------------------------------------+-----------------------------------------------------------------------+
* Clock Loads column represents the clock pin loads (pin count)
** Non-Clock Loads column represents the non-clock pin loads (pin count)


4. Local Clock Details
----------------------

+----------+-----------------+------------+------------------+--------------+-------------+-----------------+--------------+-------+-----------------------------------------------------------+-----------------------------------------------------+
| Local Id | Driver Type/Pin | Constraint | Site/BEL         | Clock Region | Clock Loads | Non-Clock Loads | Clock Period | Clock | Driver Pin                                                | Net                                                 |
+----------+-----------------+------------+------------------+--------------+-------------+-----------------+--------------+-------+-----------------------------------------------------------+-----------------------------------------------------||
| 0        | FDCE/Q          | None       | SLICE_X47Y27/AFF | X0Y0         |           1 |               0 |              |       | PYNQ_HDMI_i/CAM_IN_PIPE/PIC_LAY_0/inst/u1/dval_ctrl_reg/Q | PYNQ_HDMI_i/CAM_IN_PIPE/PIC_LAY_0/inst/u1/dval_ctrl - Static -
+----------+-----------------+------------+------------------+--------------+-------------+-----------------+--------------+-------+-----------------------------------------------------------+-----------------------------------------------------||
* Local Clocks in this context represents only clocks driven by non-global buffers
** Clock Loads column represents the clock pin loads (pin count)
*** Non-Clock Loads column represents the non-clock pin loads (pin count)


5. Clock Regions: Key Resource Utilization
------------------------------------------

+-------------------+--------------+--------------+--------------+--------------+--------------+--------------+--------------+--------------+--------------+--------------+--------------+--------------+--------------+--------------+--------------+
|                   | Global Clock |     BUFRs    |    BUFMRs    |    BUFIOs    |     MMCM     |      PLL     |      GT      |      PCI     |    ILOGIC    |    OLOGIC    |      FF      |     LUTM     |    RAMB18    |    RAMB36    |    DSP48E2   |
+-------------------+------+-------+------+-------+------+-------+------+-------+------+-------+------+-------+------+-------+------+-------+------+-------+------+-------+------+-------+------+-------+------+-------+------+-------+------+-------+
| Clock Region Name | Used | Avail | Used | Avail | Used | Avail | Used | Avail | Used | Avail | Used | Avail | Used | Avail | Used | Avail | Used | Avail | Used | Avail | Used | Avail | Used | Avail | Used | Avail | Used | Avail | Used | Avail |
+-------------------+------+-------+------+-------+------+-------+------+-------+------+-------+------+-------+------+-------+------+-------+------+-------+------+-------+------+-------+------+-------+------+-------+------+-------+------+-------+
| X0Y0              |    2 |    12 |    0 |     4 |    0 |     2 |    0 |     4 |    0 |     1 |    0 |     1 |    0 |     0 |    0 |     0 |    0 |    50 |    0 |    50 | 4564 |  2500 | 2734 |  1000 |    1 |    60 |   12 |    30 |    0 |    60 |
| X1Y0              |    4 |    12 |    0 |     4 |    0 |     2 |    0 |     4 |    1 |     1 |    0 |     1 |    0 |     0 |    0 |     0 |    0 |    50 |    0 |    50 |  788 |  3200 |  229 |   850 |    1 |    60 |    0 |    30 |    0 |    40 |
| X0Y1              |    3 |    12 |    0 |     0 |    0 |     0 |    0 |     0 |    0 |     0 |    0 |     0 |    0 |     0 |    0 |     0 |    0 |     0 |    0 |     0 | 3074 |  1200 | 1191 |   400 |    0 |    20 |    4 |    10 |    0 |    20 |
| X1Y1              |    5 |    12 |    0 |     4 |    0 |     2 |    0 |     4 |    0 |     1 |    0 |     1 |    0 |     0 |    0 |     0 |    0 |    50 |    0 |    50 | 1566 |  2600 |  498 |   850 |    0 |    60 |    4 |    30 |    0 |    40 |
| X0Y2              |    2 |    12 |    0 |     0 |    0 |     0 |    0 |     0 |    0 |     0 |    0 |     0 |    0 |     0 |    0 |     0 |    0 |     0 |    0 |     0 | 1267 |  1200 |  391 |   400 |    0 |    20 |    0 |    10 |    0 |    20 |
| X1Y2              |    4 |    12 |    1 |     4 |    0 |     2 |    1 |     4 |    1 |     1 |    0 |     1 |    0 |     0 |    0 |     0 |    0 |    50 |    8 |    50 | 1686 |  2600 |  592 |   850 |    0 |    60 |    5 |    30 |    3 |    40 |
+-------------------+------+-------+------+-------+------+-------+------+-------+------+-------+------+-------+------+-------+------+-------+------+-------+------+-------+------+-------+------+-------+------+-------+------+-------+------+-------+
* Global Clock column represents track count; while other columns represents cell counts


6. Clock Regions : Global Clock Summary
---------------------------------------

All Modules
+----+----+----+
|    | X0 | X1 |
+----+----+----+
| Y2 |  2 |  4 |
| Y1 |  3 |  5 |
| Y0 |  2 |  4 |
+----+----+----+


7. Device Cell Placement Summary for Global Clock g0
----------------------------------------------------

+-----------+-----------------+-------------------+------------+-------------+---------------+-------------+----------+----------------+----------+-------------------------------------------------+
| Global Id | Driver Type/Pin | Driver Region (D) | Clock      | Period (ns) | Waveform (ns) | Slice Loads | IO Loads | Clocking Loads | GT Loads | Net                                             |
+-----------+-----------------+-------------------+------------+-------------+---------------+-------------+----------+----------------+----------+-------------------------------------------------+
| g0        | BUFG/O          | n/a               | clk_fpga_1 |       7.000 | {0.000 3.500} |        6833 |        0 |              0 |        0 | PYNQ_HDMI_i/processing_system7_0/inst/FCLK_CLK1 |
+-----------+-----------------+-------------------+------------+-------------+---------------+-------------+----------+----------------+----------+-------------------------------------------------+
* Logic Loads column represents load cell count of all cell types other than IO, GT and clock resources
** IO Loads column represents load cell count of IO types
*** Clocking Loads column represents load cell count that are clock resources (global clock buffer, MMCM, PLL, etc)
**** GT Loads column represents load cell count of GT types


+----+-------+------+
|    | X0    | X1   |
+----+-------+------+
| Y2 |   570 |  130 |
| Y1 |  1957 |  285 |
| Y0 |  3644 |  247 |
+----+-------+------+


8. Device Cell Placement Summary for Global Clock g1
----------------------------------------------------

+-----------+-----------------+-------------------+-------+-------------+---------------+-------------+----------+----------------+----------+-----------------------+
| Global Id | Driver Type/Pin | Driver Region (D) | Clock | Period (ns) | Waveform (ns) | Slice Loads | IO Loads | Clocking Loads | GT Loads | Net                   |
+-----------+-----------------+-------------------+-------+-------------+---------------+-------------+----------+----------------+----------+-----------------------+
| g1        | BUFG/O          | n/a               |       |             |               |        4088 |        0 |              0 |        0 | CMOS_PIXCLK_IBUF_BUFG |
+-----------+-----------------+-------------------+-------+-------------+---------------+-------------+----------+----------------+----------+-----------------------+
* Logic Loads column represents load cell count of all cell types other than IO, GT and clock resources
** IO Loads column represents load cell count of IO types
*** Clocking Loads column represents load cell count that are clock resources (global clock buffer, MMCM, PLL, etc)
**** GT Loads column represents load cell count of GT types


+----+-------+------+
|    | X0    | X1   |
+----+-------+------+
| Y2 |     0 |    0 |
| Y1 |   588 |  875 |
| Y0 |  2037 |  588 |
+----+-------+------+


9. Device Cell Placement Summary for Global Clock g2
----------------------------------------------------

+-----------+-----------------+-------------------+------------------------+-------------+---------------+-------------+----------+----------------+----------+---------------------------------------+
| Global Id | Driver Type/Pin | Driver Region (D) | Clock                  | Period (ns) | Waveform (ns) | Slice Loads | IO Loads | Clocking Loads | GT Loads | Net                                   |
+-----------+-----------------+-------------------+------------------------+-------------+---------------+-------------+----------+----------------+----------+---------------------------------------+
| g2        | BUFR/O          | X1Y2              | axi_dynclk_0_PXL_CLK_O |      10.000 | {0.000 4.000} |        1528 |        8 |              0 |        0 | PYNQ_HDMI_i/axi_dynclk_0/U0/PXL_CLK_O |
+-----------+-----------------+-------------------+------------------------+-------------+---------------+-------------+----------+----------------+----------+---------------------------------------+
* Logic Loads column represents load cell count of all cell types other than IO, GT and clock resources
** IO Loads column represents load cell count of IO types
*** Clocking Loads column represents load cell count that are clock resources (global clock buffer, MMCM, PLL, etc)
**** GT Loads column represents load cell count of GT types


+----+----+-----------+
|    | X0 | X1        |
+----+----+-----------+
| Y2 |  0 |  (D) 1536 |
| Y1 |  0 |         0 |
| Y0 |  0 |         0 |
+----+----+-----------+


10. Device Cell Placement Summary for Global Clock g3
-----------------------------------------------------

+-----------+-----------------+-------------------+------------+-------------+---------------+-------------+----------+----------------+----------+-------------------------------------------------+
| Global Id | Driver Type/Pin | Driver Region (D) | Clock      | Period (ns) | Waveform (ns) | Slice Loads | IO Loads | Clocking Loads | GT Loads | Net                                             |
+-----------+-----------------+-------------------+------------+-------------+---------------+-------------+----------+----------------+----------+-------------------------------------------------+
| g3        | BUFG/O          | n/a               | clk_fpga_0 |      10.000 | {0.000 5.000} |        1526 |        0 |              2 |        0 | PYNQ_HDMI_i/processing_system7_0/inst/FCLK_CLK0 |
+-----------+-----------------+-------------------+------------+-------------+---------------+-------------+----------+----------------+----------+-------------------------------------------------+
* Logic Loads column represents load cell count of all cell types other than IO, GT and clock resources
** IO Loads column represents load cell count of IO types
*** Clocking Loads column represents load cell count that are clock resources (global clock buffer, MMCM, PLL, etc)
**** GT Loads column represents load cell count of GT types


+----+------+-----+
|    | X0   | X1  |
+----+------+-----+
| Y2 |  707 |  61 |
| Y1 |  754 |   5 |
| Y0 |    0 |   1 |
+----+------+-----+


11. Device Cell Placement Summary for Global Clock g4
-----------------------------------------------------

+-----------+-----------------+-------------------+--------------------------------------------------------------------------------------------+-------------+----------------+-------------+----------+----------------+----------+----------------------------------------+
| Global Id | Driver Type/Pin | Driver Region (D) | Clock                                                                                      | Period (ns) | Waveform (ns)  | Slice Loads | IO Loads | Clocking Loads | GT Loads | Net                                    |
+-----------+-----------------+-------------------+--------------------------------------------------------------------------------------------+-------------+----------------+-------------+----------+----------------+----------+----------------------------------------+
| g4        | BUFG/O          | n/a               | dbg_hub/inst/BSCANID.u_xsdbm_id/SWITCH_N_EXT_BSCAN.bscan_inst/SERIES7_BSCAN.bscan_inst/TCK |      33.000 | {0.000 16.500} |         455 |        0 |              0 |        0 | dbg_hub/inst/BSCANID.u_xsdbm_id/itck_i |
+-----------+-----------------+-------------------+--------------------------------------------------------------------------------------------+-------------+----------------+-------------+----------+----------------+----------+----------------------------------------+
* Logic Loads column represents load cell count of all cell types other than IO, GT and clock resources
** IO Loads column represents load cell count of IO types
*** Clocking Loads column represents load cell count that are clock resources (global clock buffer, MMCM, PLL, etc)
**** GT Loads column represents load cell count of GT types


+----+----+------+
|    | X0 | X1   |
+----+----+------+
| Y2 |  0 |    0 |
| Y1 |  0 |  455 |
| Y0 |  0 |    0 |
+----+----+------+


12. Device Cell Placement Summary for Global Clock g5
-----------------------------------------------------

+-----------+-----------------+-------------------+--------------------------------+-------------+----------------+-------------+----------+----------------+----------+---------------------------------------------------------------------------+
| Global Id | Driver Type/Pin | Driver Region (D) | Clock                          | Period (ns) | Waveform (ns)  | Slice Loads | IO Loads | Clocking Loads | GT Loads | Net                                                                       |
+-----------+-----------------+-------------------+--------------------------------+-------------+----------------+-------------+----------+----------------+----------+---------------------------------------------------------------------------+
| g5        | BUFG/O          | n/a               | clkfbout_PYNQ_HDMI_clk_wiz_0_3 |      50.000 | {0.000 25.000} |           0 |        0 |              1 |        0 | PYNQ_HDMI_i/CAM_IN_PIPE/clk_wiz_0/inst/clkfbout_buf_PYNQ_HDMI_clk_wiz_0_3 |
+-----------+-----------------+-------------------+--------------------------------+-------------+----------------+-------------+----------+----------------+----------+---------------------------------------------------------------------------+
* Logic Loads column represents load cell count of all cell types other than IO, GT and clock resources
** IO Loads column represents load cell count of IO types
*** Clocking Loads column represents load cell count that are clock resources (global clock buffer, MMCM, PLL, etc)
**** GT Loads column represents load cell count of GT types


+----+----+----+
|    | X0 | X1 |
+----+----+----+
| Y2 |  0 |  0 |
| Y1 |  0 |  0 |
| Y0 |  0 |  1 |
+----+----+----+


13. Device Cell Placement Summary for Global Clock g6
-----------------------------------------------------

+-----------+-----------------+-------------------+--------------------------------+-------------+----------------+-------------+----------+----------------+----------+-------------------------------------------------+
| Global Id | Driver Type/Pin | Driver Region (D) | Clock                          | Period (ns) | Waveform (ns)  | Slice Loads | IO Loads | Clocking Loads | GT Loads | Net                                             |
+-----------+-----------------+-------------------+--------------------------------+-------------+----------------+-------------+----------+----------------+----------+-------------------------------------------------+
| g6        | BUFG/O          | n/a               | clk_out1_PYNQ_HDMI_clk_wiz_0_3 |      41.667 | {0.000 20.833} |           0 |        1 |              0 |        0 | PYNQ_HDMI_i/CAM_IN_PIPE/clk_wiz_0/inst/clk_out1 |
+-----------+-----------------+-------------------+--------------------------------+-------------+----------------+-------------+----------+----------------+----------+-------------------------------------------------+
* Logic Loads column represents load cell count of all cell types other than IO, GT and clock resources
** IO Loads column represents load cell count of IO types
*** Clocking Loads column represents load cell count that are clock resources (global clock buffer, MMCM, PLL, etc)
**** GT Loads column represents load cell count of GT types


+----+----+----+
|    | X0 | X1 |
+----+----+----+
| Y2 |  0 |  0 |
| Y1 |  0 |  1 |
| Y0 |  0 |  0 |
+----+----+----+


14. Clock Region Cell Placement per Global Clock: Region X0Y0
-------------------------------------------------------------

+-----------+-------+-----------------+------------+-------------+-----------------+------+--------+------+-----+----+------+-----+---------+-------------------------------------------------+
| Global Id | Track | Driver Type/Pin | Constraint | Clock Loads | Non-Clock Loads | FF   | LUTRAM | RAMB | DSP | GT | MMCM | PLL | Hard IP | Net                                             |
+-----------+-------+-----------------+------------+-------------+-----------------+------+--------+------+-----+----+------+-----+---------+-------------------------------------------------+
| g0        | n/a   | BUFG/O          | None       |        3644 |               0 | 3449 |    180 |   13 |   0 |  0 |    0 |   0 |       0 | PYNQ_HDMI_i/processing_system7_0/inst/FCLK_CLK1 |
| g1        | n/a   | BUFG/O          | None       |        2037 |               0 | 1114 |    920 |    3 |   0 |  0 |    0 |   0 |       0 | CMOS_PIXCLK_IBUF_BUFG                           |
+-----------+-------+-----------------+------------+-------------+-----------------+------+--------+------+-----+----+------+-----+---------+-------------------------------------------------+
* Clock Loads column represents the clock pin loads (pin count)
** Non-Clock Loads column represents the non-clock pin loads (pin count)
*** Columns FF, LUTRAM, RAMB through 'Hard IP' represents load cell counts


15. Clock Region Cell Placement per Global Clock: Region X1Y0
-------------------------------------------------------------

+-----------+-------+-----------------+------------+-------------+-----------------+-----+--------+------+-----+----+------+-----+---------+---------------------------------------------------------------------------+
| Global Id | Track | Driver Type/Pin | Constraint | Clock Loads | Non-Clock Loads | FF  | LUTRAM | RAMB | DSP | GT | MMCM | PLL | Hard IP | Net                                                                       |
+-----------+-------+-----------------+------------+-------------+-----------------+-----+--------+------+-----+----+------+-----+---------+---------------------------------------------------------------------------+
| g0        | n/a   | BUFG/O          | None       |         247 |               0 | 245 |      0 |    1 |   0 |  0 |    0 |   0 |       0 | PYNQ_HDMI_i/processing_system7_0/inst/FCLK_CLK1                           |
| g1        | n/a   | BUFG/O          | None       |         588 |               0 | 543 |     45 |    0 |   0 |  0 |    0 |   0 |       0 | CMOS_PIXCLK_IBUF_BUFG                                                     |
| g3        | n/a   | BUFG/O          | None       |           1 |               0 |   0 |      0 |    0 |   0 |  0 |    1 |   0 |       0 | PYNQ_HDMI_i/processing_system7_0/inst/FCLK_CLK0                           |
| g5        | n/a   | BUFG/O          | None       |           1 |               0 |   0 |      0 |    0 |   0 |  0 |    1 |   0 |       0 | PYNQ_HDMI_i/CAM_IN_PIPE/clk_wiz_0/inst/clkfbout_buf_PYNQ_HDMI_clk_wiz_0_3 |
+-----------+-------+-----------------+------------+-------------+-----------------+-----+--------+------+-----+----+------+-----+---------+---------------------------------------------------------------------------+
* Clock Loads column represents the clock pin loads (pin count)
** Non-Clock Loads column represents the non-clock pin loads (pin count)
*** Columns FF, LUTRAM, RAMB through 'Hard IP' represents load cell counts


16. Clock Region Cell Placement per Global Clock: Region X0Y1
-------------------------------------------------------------

+-----------+-------+-----------------+------------+-------------+-----------------+------+--------+------+-----+----+------+-----+---------+-------------------------------------------------+
| Global Id | Track | Driver Type/Pin | Constraint | Clock Loads | Non-Clock Loads | FF   | LUTRAM | RAMB | DSP | GT | MMCM | PLL | Hard IP | Net                                             |
+-----------+-------+-----------------+------------+-------------+-----------------+------+--------+------+-----+----+------+-----+---------+-------------------------------------------------+
| g0        | n/a   | BUFG/O          | None       |        1957 |               0 | 1885 |     72 |    0 |   0 |  0 |    0 |   0 |       0 | PYNQ_HDMI_i/processing_system7_0/inst/FCLK_CLK1 |
| g1        | n/a   | BUFG/O          | None       |         588 |               0 |  495 |     89 |    4 |   0 |  0 |    0 |   0 |       0 | CMOS_PIXCLK_IBUF_BUFG                           |
| g3        | n/a   | BUFG/O          | None       |         754 |               0 |  694 |     60 |    0 |   0 |  0 |    0 |   0 |       0 | PYNQ_HDMI_i/processing_system7_0/inst/FCLK_CLK0 |
+-----------+-------+-----------------+------------+-------------+-----------------+------+--------+------+-----+----+------+-----+---------+-------------------------------------------------+
* Clock Loads column represents the clock pin loads (pin count)
** Non-Clock Loads column represents the non-clock pin loads (pin count)
*** Columns FF, LUTRAM, RAMB through 'Hard IP' represents load cell counts


17. Clock Region Cell Placement per Global Clock: Region X1Y1
-------------------------------------------------------------

+-----------+-------+-----------------+------------+-------------+-----------------+-----+--------+------+-----+----+------+-----+---------+-------------------------------------------------+
| Global Id | Track | Driver Type/Pin | Constraint | Clock Loads | Non-Clock Loads | FF  | LUTRAM | RAMB | DSP | GT | MMCM | PLL | Hard IP | Net                                             |
+-----------+-------+-----------------+------------+-------------+-----------------+-----+--------+------+-----+----+------+-----+---------+-------------------------------------------------+
| g0        | n/a   | BUFG/O          | None       |         285 |               0 | 258 |     27 |    0 |   0 |  0 |    0 |   0 |       0 | PYNQ_HDMI_i/processing_system7_0/inst/FCLK_CLK1 |
| g1        | n/a   | BUFG/O          | None       |         875 |               0 | 848 |     23 |    4 |   0 |  0 |    0 |   0 |       0 | CMOS_PIXCLK_IBUF_BUFG                           |
| g3        | n/a   | BUFG/O          | None       |           5 |               0 |   5 |      0 |    0 |   0 |  0 |    0 |   0 |       0 | PYNQ_HDMI_i/processing_system7_0/inst/FCLK_CLK0 |
| g4        | n/a   | BUFG/O          | None       |         455 |               0 | 455 |      0 |    0 |   0 |  0 |    0 |   0 |       0 | dbg_hub/inst/BSCANID.u_xsdbm_id/itck_i          |
| g6        | n/a   | BUFG/O          | None       |           0 |               1 |   0 |      0 |    0 |   0 |  0 |    0 |   0 |       0 | PYNQ_HDMI_i/CAM_IN_PIPE/clk_wiz_0/inst/clk_out1 |
+-----------+-------+-----------------+------------+-------------+-----------------+-----+--------+------+-----+----+------+-----+---------+-------------------------------------------------+
* Clock Loads column represents the clock pin loads (pin count)
** Non-Clock Loads column represents the non-clock pin loads (pin count)
*** Columns FF, LUTRAM, RAMB through 'Hard IP' represents load cell counts


18. Clock Region Cell Placement per Global Clock: Region X0Y2
-------------------------------------------------------------

+-----------+-------+-----------------+------------+-------------+-----------------+-----+--------+------+-----+----+------+-----+---------+-------------------------------------------------+
| Global Id | Track | Driver Type/Pin | Constraint | Clock Loads | Non-Clock Loads | FF  | LUTRAM | RAMB | DSP | GT | MMCM | PLL | Hard IP | Net                                             |
+-----------+-------+-----------------+------------+-------------+-----------------+-----+--------+------+-----+----+------+-----+---------+-------------------------------------------------+
| g0        | n/a   | BUFG/O          | None       |         570 |               0 | 569 |      0 |    0 |   0 |  0 |    0 |   0 |       0 | PYNQ_HDMI_i/processing_system7_0/inst/FCLK_CLK1 |
| g3        | n/a   | BUFG/O          | None       |         707 |               0 | 698 |      8 |    0 |   0 |  0 |    0 |   0 |       0 | PYNQ_HDMI_i/processing_system7_0/inst/FCLK_CLK0 |
+-----------+-------+-----------------+------------+-------------+-----------------+-----+--------+------+-----+----+------+-----+---------+-------------------------------------------------+
* Clock Loads column represents the clock pin loads (pin count)
** Non-Clock Loads column represents the non-clock pin loads (pin count)
*** Columns FF, LUTRAM, RAMB through 'Hard IP' represents load cell counts


19. Clock Region Cell Placement per Global Clock: Region X1Y2
-------------------------------------------------------------

+-----------+-------+-----------------+------------+-------------+-----------------+------+--------+------+-----+----+------+-----+---------+-------------------------------------------------+
| Global Id | Track | Driver Type/Pin | Constraint | Clock Loads | Non-Clock Loads | FF   | LUTRAM | RAMB | DSP | GT | MMCM | PLL | Hard IP | Net                                             |
+-----------+-------+-----------------+------------+-------------+-----------------+------+--------+------+-----+----+------+-----+---------+-------------------------------------------------+
| g0        | n/a   | BUFG/O          | None       |         130 |               0 |  114 |     11 |    5 |   0 |  0 |    0 |   0 |       0 | PYNQ_HDMI_i/processing_system7_0/inst/FCLK_CLK1 |
| g2        | n/a   | BUFR/O          | None       |        1536 |               0 | 1512 |      8 |    5 |   3 |  0 |    0 |   0 |       0 | PYNQ_HDMI_i/axi_dynclk_0/U0/PXL_CLK_O           |
| g3        | n/a   | BUFG/O          | None       |          61 |               0 |   60 |      0 |    0 |   0 |  0 |    1 |   0 |       0 | PYNQ_HDMI_i/processing_system7_0/inst/FCLK_CLK0 |
+-----------+-------+-----------------+------------+-------------+-----------------+------+--------+------+-----+----+------+-----+---------+-------------------------------------------------+
* Clock Loads column represents the clock pin loads (pin count)
** Non-Clock Loads column represents the non-clock pin loads (pin count)
*** Columns FF, LUTRAM, RAMB through 'Hard IP' represents load cell counts



# Location of BUFG Primitives 
set_property LOC BUFGCTRL_X0Y2 [get_cells dbg_hub/inst/BSCANID.u_xsdbm_id/SWITCH_N_EXT_BSCAN.u_bufg_icon_tck]
set_property LOC BUFGCTRL_X0Y16 [get_cells PYNQ_HDMI_i/processing_system7_0/inst/buffer_fclk_clk_1.FCLK_CLK_1_BUFG]
set_property LOC BUFGCTRL_X0Y17 [get_cells PYNQ_HDMI_i/processing_system7_0/inst/buffer_fclk_clk_0.FCLK_CLK_0_BUFG]
set_property LOC BUFGCTRL_X0Y3 [get_cells PYNQ_HDMI_i/CAM_IN_PIPE/clk_wiz_0/inst/clkf_buf]
set_property LOC BUFGCTRL_X0Y0 [get_cells PYNQ_HDMI_i/CAM_IN_PIPE/clk_wiz_0/inst/clkout1_buf]
set_property LOC BUFGCTRL_X0Y1 [get_cells CMOS_PIXCLK_IBUF_BUFG_inst]

# Location of BUFIO Primitives 
set_property LOC BUFIO_X1Y9 [get_cells PYNQ_HDMI_i/axi_dynclk_0/U0/BUFIO_inst]

# Location of BUFR Primitives 
set_property LOC BUFR_X1Y9 [get_cells PYNQ_HDMI_i/axi_dynclk_0/U0/BUFR_inst]

# Location of IO Primitives which is load of clock spine
set_property LOC IOB_X1Y85 [get_cells XCLK_OBUF_inst]

# Location of clock ports
set_property LOC IOB_X1Y63 [get_ports CMOS_PIXCLK]

# Clock net "dbg_hub/inst/BSCANID.u_xsdbm_id/itck_i" driven by instance "dbg_hub/inst/BSCANID.u_xsdbm_id/SWITCH_N_EXT_BSCAN.u_bufg_icon_tck" located at site "BUFGCTRL_X0Y2"
#startgroup
create_pblock {CLKAG_dbg_hub/inst/BSCANID.u_xsdbm_id/itck_i}
add_cells_to_pblock [get_pblocks  {CLKAG_dbg_hub/inst/BSCANID.u_xsdbm_id/itck_i}] [get_cells -filter { PRIMITIVE_GROUP != I/O && IS_PRIMITIVE==1 && PRIMITIVE_LEVEL !=INTERNAL } -of_object [get_pins -filter {DIRECTION==IN} -of_objects [get_nets -hierarchical -filter {PARENT=="dbg_hub/inst/BSCANID.u_xsdbm_id/itck_i"}]]]
resize_pblock [get_pblocks {CLKAG_dbg_hub/inst/BSCANID.u_xsdbm_id/itck_i}] -add {CLOCKREGION_X1Y1:CLOCKREGION_X1Y1}
#endgroup

# Clock net "PYNQ_HDMI_i/processing_system7_0/inst/FCLK_CLK1" driven by instance "PYNQ_HDMI_i/processing_system7_0/inst/buffer_fclk_clk_1.FCLK_CLK_1_BUFG" located at site "BUFGCTRL_X0Y16"
#startgroup
create_pblock {CLKAG_PYNQ_HDMI_i/processing_system7_0/inst/FCLK_CLK1}
add_cells_to_pblock [get_pblocks  {CLKAG_PYNQ_HDMI_i/processing_system7_0/inst/FCLK_CLK1}] [get_cells -filter { PRIMITIVE_GROUP != I/O && IS_PRIMITIVE==1 && PRIMITIVE_LEVEL !=INTERNAL } -of_object [get_pins -filter {DIRECTION==IN} -of_objects [get_nets -hierarchical -filter {PARENT=="PYNQ_HDMI_i/processing_system7_0/inst/FCLK_CLK1"}]]]
resize_pblock [get_pblocks {CLKAG_PYNQ_HDMI_i/processing_system7_0/inst/FCLK_CLK1}] -add {CLOCKREGION_X0Y0:CLOCKREGION_X0Y0 CLOCKREGION_X0Y1:CLOCKREGION_X0Y1 CLOCKREGION_X0Y2:CLOCKREGION_X0Y2 CLOCKREGION_X1Y0:CLOCKREGION_X1Y0 CLOCKREGION_X1Y1:CLOCKREGION_X1Y1 CLOCKREGION_X1Y2:CLOCKREGION_X1Y2}
#endgroup

# Clock net "PYNQ_HDMI_i/processing_system7_0/inst/FCLK_CLK0" driven by instance "PYNQ_HDMI_i/processing_system7_0/inst/buffer_fclk_clk_0.FCLK_CLK_0_BUFG" located at site "BUFGCTRL_X0Y17"
#startgroup
create_pblock {CLKAG_PYNQ_HDMI_i/processing_system7_0/inst/FCLK_CLK0}
add_cells_to_pblock [get_pblocks  {CLKAG_PYNQ_HDMI_i/processing_system7_0/inst/FCLK_CLK0}] [get_cells -filter { PRIMITIVE_GROUP != I/O && IS_PRIMITIVE==1 && PRIMITIVE_LEVEL !=INTERNAL && NAME!=PYNQ_HDMI_i/axi_dynclk_0/U0/Inst_mmcme2_drp/mmcm_adv_inst && NAME!=PYNQ_HDMI_i/CAM_IN_PIPE/clk_wiz_0/inst/mmcm_adv_inst} -of_object [get_pins -filter {DIRECTION==IN} -of_objects [get_nets -hierarchical -filter {PARENT=="PYNQ_HDMI_i/processing_system7_0/inst/FCLK_CLK0"}]]]
resize_pblock [get_pblocks {CLKAG_PYNQ_HDMI_i/processing_system7_0/inst/FCLK_CLK0}] -add {CLOCKREGION_X0Y1:CLOCKREGION_X0Y1 CLOCKREGION_X0Y2:CLOCKREGION_X0Y2 CLOCKREGION_X1Y1:CLOCKREGION_X1Y1 CLOCKREGION_X1Y2:CLOCKREGION_X1Y2}
#endgroup

# Clock net "PYNQ_HDMI_i/axi_dynclk_0/U0/PXL_CLK_O" driven by instance "PYNQ_HDMI_i/axi_dynclk_0/U0/BUFR_inst" located at site "BUFR_X1Y9"
#startgroup
create_pblock {CLKAG_PYNQ_HDMI_i/axi_dynclk_0/U0/PXL_CLK_O}
add_cells_to_pblock [get_pblocks  {CLKAG_PYNQ_HDMI_i/axi_dynclk_0/U0/PXL_CLK_O}] [get_cells -filter { PRIMITIVE_GROUP != I/O && IS_PRIMITIVE==1 && PRIMITIVE_LEVEL !=INTERNAL } -of_object [get_pins -filter {DIRECTION==IN} -of_objects [get_nets -hierarchical -filter {PARENT=="PYNQ_HDMI_i/axi_dynclk_0/U0/PXL_CLK_O"}]]]
resize_pblock [get_pblocks {CLKAG_PYNQ_HDMI_i/axi_dynclk_0/U0/PXL_CLK_O}] -add {CLOCKREGION_X1Y2:CLOCKREGION_X1Y2}
#endgroup

# Clock net "CMOS_PIXCLK_IBUF_BUFG" driven by instance "CMOS_PIXCLK_IBUF_BUFG_inst" located at site "BUFGCTRL_X0Y1"
#startgroup
create_pblock {CLKAG_CMOS_PIXCLK_IBUF_BUFG}
add_cells_to_pblock [get_pblocks  {CLKAG_CMOS_PIXCLK_IBUF_BUFG}] [get_cells -filter { PRIMITIVE_GROUP != I/O && IS_PRIMITIVE==1 && PRIMITIVE_LEVEL !=INTERNAL } -of_object [get_pins -filter {DIRECTION==IN} -of_objects [get_nets -hierarchical -filter {PARENT=="CMOS_PIXCLK_IBUF_BUFG"}]]]
resize_pblock [get_pblocks {CLKAG_CMOS_PIXCLK_IBUF_BUFG}] -add {CLOCKREGION_X0Y0:CLOCKREGION_X0Y0 CLOCKREGION_X0Y1:CLOCKREGION_X0Y1 CLOCKREGION_X1Y0:CLOCKREGION_X1Y0 CLOCKREGION_X1Y1:CLOCKREGION_X1Y1}
#endgroup
