21:26:28 INFO  : Registering command handlers for SDK TCF services
21:26:30 INFO  : Adding '/home/junhonglin/Xilinx/PYNQ_Dirty/boards/sw_repo' as a new local repository.
21:26:43 INFO  : Result from executing command 'getProjects': bsp_iop_arduino_mb;hw_base
21:26:43 INFO  : Result from executing command 'getProjects': bsp_iop_arduino_mb;hw_base
21:26:43 INFO  : Result from executing command 'getProjects': bsp_iop_arduino_mb;hw_base
21:26:43 INFO  : Result from executing command 'getProjects': bsp_iop_arduino_mb;hw_base
21:26:43 INFO  : Result from executing command 'getProjects': bsp_iop_arduino_mb;hw_base
21:26:43 INFO  : Result from executing command 'getProjects': bsp_iop_arduino_mb;hw_base
21:26:43 INFO  : Result from executing command 'getProjects': bsp_iop_arduino_mb;hw_base
21:26:43 INFO  : Result from executing command 'getProjects': bsp_iop_arduino_mb;hw_base
21:26:43 INFO  : Result from executing command 'getProjects': bsp_iop_arduino_mb;hw_base
21:26:43 INFO  : Result from executing command 'getProjects': bsp_iop_arduino_mb;hw_base
21:26:43 INFO  : Result from executing command 'getProjects': bsp_iop_arduino_mb;hw_base
21:26:43 INFO  : Result from executing command 'getProjects': bsp_iop_arduino_mb;hw_base
21:26:43 INFO  : Result from executing command 'getProjects': bsp_iop_arduino_mb;hw_base
21:26:43 INFO  : Result from executing command 'getProjects': bsp_iop_arduino_mb;hw_base
21:26:43 INFO  : Result from executing command 'getProjects': bsp_iop_arduino_mb;hw_base
21:26:43 INFO  : Result from executing command 'getProjects': bsp_iop_arduino_mb;hw_base
21:26:43 INFO  : Result from executing command 'getProjects': bsp_iop_arduino_mb;hw_base
21:26:43 INFO  : Result from executing command 'getProjects': bsp_iop_arduino_mb;hw_base
21:26:43 INFO  : Result from executing command 'getProjects': bsp_iop_arduino_mb;hw_base
21:26:43 INFO  : Result from executing command 'getProjects': bsp_iop_arduino_mb;hw_base
21:26:43 INFO  : Result from executing command 'getProjects': bsp_iop_arduino_mb;hw_base
21:26:43 INFO  : Result from executing command 'getProjects': bsp_iop_arduino_mb;hw_base
21:26:43 INFO  : Result from executing command 'getProjects': bsp_iop_arduino_mb;hw_base
21:26:43 INFO  : Result from executing command 'getProjects': bsp_iop_arduino_mb;hw_base
21:26:43 INFO  : Result from executing command 'getProjects': bsp_iop_arduino_mb;hw_base
21:26:43 INFO  : Result from executing command 'getProjects': bsp_iop_arduino_mb;hw_base
21:26:43 INFO  : Result from executing command 'getProjects': bsp_iop_arduino_mb;hw_base
21:26:47 INFO  : Result from executing command 'getProjects': bsp_iop_arduino_mb;bsp_iop_pmoda_mb;hw_base
21:26:47 INFO  : Result from executing command 'getProjects': bsp_iop_arduino_mb;bsp_iop_pmoda_mb;hw_base
21:26:47 INFO  : Result from executing command 'getProjects': bsp_iop_arduino_mb;bsp_iop_pmoda_mb;hw_base
21:26:47 INFO  : Result from executing command 'getProjects': bsp_iop_arduino_mb;bsp_iop_pmoda_mb;hw_base
21:26:47 INFO  : Result from executing command 'getProjects': bsp_iop_arduino_mb;bsp_iop_pmoda_mb;hw_base
21:26:47 INFO  : Result from executing command 'getProjects': bsp_iop_arduino_mb;bsp_iop_pmoda_mb;hw_base
21:26:47 INFO  : Result from executing command 'getProjects': bsp_iop_arduino_mb;bsp_iop_pmoda_mb;hw_base
21:26:47 INFO  : Result from executing command 'getProjects': bsp_iop_arduino_mb;bsp_iop_pmoda_mb;hw_base
21:26:47 INFO  : Result from executing command 'getProjects': bsp_iop_arduino_mb;bsp_iop_pmoda_mb;hw_base
21:26:47 INFO  : Result from executing command 'getProjects': bsp_iop_arduino_mb;bsp_iop_pmoda_mb;hw_base
21:26:47 INFO  : Result from executing command 'getProjects': bsp_iop_arduino_mb;bsp_iop_pmoda_mb;hw_base
21:26:47 INFO  : Result from executing command 'getProjects': bsp_iop_arduino_mb;bsp_iop_pmoda_mb;hw_base
21:26:47 INFO  : Result from executing command 'getProjects': bsp_iop_arduino_mb;bsp_iop_pmoda_mb;hw_base
21:26:47 INFO  : Result from executing command 'getProjects': bsp_iop_arduino_mb;bsp_iop_pmoda_mb;hw_base
21:26:47 INFO  : Result from executing command 'getProjects': bsp_iop_arduino_mb;bsp_iop_pmoda_mb;hw_base
21:26:47 INFO  : Result from executing command 'getProjects': bsp_iop_arduino_mb;bsp_iop_pmoda_mb;hw_base
21:26:47 INFO  : Result from executing command 'getProjects': bsp_iop_arduino_mb;bsp_iop_pmoda_mb;hw_base
21:26:47 INFO  : Result from executing command 'getProjects': bsp_iop_arduino_mb;bsp_iop_pmoda_mb;hw_base
21:26:47 INFO  : Result from executing command 'getProjects': bsp_iop_arduino_mb;bsp_iop_pmoda_mb;hw_base
21:26:47 INFO  : Result from executing command 'getProjects': bsp_iop_arduino_mb;bsp_iop_pmoda_mb;hw_base
21:26:47 INFO  : Result from executing command 'getProjects': bsp_iop_arduino_mb;bsp_iop_pmoda_mb;hw_base
21:26:47 INFO  : Result from executing command 'getProjects': bsp_iop_arduino_mb;bsp_iop_pmoda_mb;hw_base
21:26:47 INFO  : Result from executing command 'getProjects': bsp_iop_arduino_mb;bsp_iop_pmoda_mb;hw_base
21:26:47 INFO  : Result from executing command 'getProjects': bsp_iop_arduino_mb;bsp_iop_pmoda_mb;hw_base
21:26:47 INFO  : Result from executing command 'getProjects': bsp_iop_arduino_mb;bsp_iop_pmoda_mb;hw_base
21:26:47 INFO  : Result from executing command 'getProjects': bsp_iop_arduino_mb;bsp_iop_pmoda_mb;hw_base
21:26:47 INFO  : Result from executing command 'getProjects': bsp_iop_arduino_mb;bsp_iop_pmoda_mb;hw_base
21:26:49 INFO  : Result from executing command 'getProjects': bsp_iop_arduino_mb;bsp_iop_pmoda_mb;bsp_iop_pmodb_mb;hw_base
21:26:49 INFO  : Result from executing command 'getProjects': bsp_iop_arduino_mb;bsp_iop_pmoda_mb;bsp_iop_pmodb_mb;hw_base
21:26:49 INFO  : Result from executing command 'getProjects': bsp_iop_arduino_mb;bsp_iop_pmoda_mb;bsp_iop_pmodb_mb;hw_base
21:26:49 INFO  : Result from executing command 'getProjects': bsp_iop_arduino_mb;bsp_iop_pmoda_mb;bsp_iop_pmodb_mb;hw_base
21:26:49 INFO  : Result from executing command 'getProjects': bsp_iop_arduino_mb;bsp_iop_pmoda_mb;bsp_iop_pmodb_mb;hw_base
21:26:49 INFO  : Result from executing command 'getProjects': bsp_iop_arduino_mb;bsp_iop_pmoda_mb;bsp_iop_pmodb_mb;hw_base
21:26:49 INFO  : Result from executing command 'getProjects': bsp_iop_arduino_mb;bsp_iop_pmoda_mb;bsp_iop_pmodb_mb;hw_base
21:26:49 INFO  : Result from executing command 'getProjects': bsp_iop_arduino_mb;bsp_iop_pmoda_mb;bsp_iop_pmodb_mb;hw_base
21:26:49 INFO  : Result from executing command 'getProjects': bsp_iop_arduino_mb;bsp_iop_pmoda_mb;bsp_iop_pmodb_mb;hw_base
21:26:49 INFO  : Result from executing command 'getProjects': bsp_iop_arduino_mb;bsp_iop_pmoda_mb;bsp_iop_pmodb_mb;hw_base
21:26:49 INFO  : Result from executing command 'getProjects': bsp_iop_arduino_mb;bsp_iop_pmoda_mb;bsp_iop_pmodb_mb;hw_base
21:26:49 INFO  : Result from executing command 'getProjects': bsp_iop_arduino_mb;bsp_iop_pmoda_mb;bsp_iop_pmodb_mb;hw_base
21:26:49 INFO  : Result from executing command 'getProjects': bsp_iop_arduino_mb;bsp_iop_pmoda_mb;bsp_iop_pmodb_mb;hw_base
21:26:49 INFO  : Result from executing command 'getProjects': bsp_iop_arduino_mb;bsp_iop_pmoda_mb;bsp_iop_pmodb_mb;hw_base
21:26:49 INFO  : Result from executing command 'getProjects': bsp_iop_arduino_mb;bsp_iop_pmoda_mb;bsp_iop_pmodb_mb;hw_base
21:26:49 INFO  : Result from executing command 'getProjects': bsp_iop_arduino_mb;bsp_iop_pmoda_mb;bsp_iop_pmodb_mb;hw_base
21:26:49 INFO  : Result from executing command 'getProjects': bsp_iop_arduino_mb;bsp_iop_pmoda_mb;bsp_iop_pmodb_mb;hw_base
21:26:49 INFO  : Result from executing command 'getProjects': bsp_iop_arduino_mb;bsp_iop_pmoda_mb;bsp_iop_pmodb_mb;hw_base
21:26:49 INFO  : Result from executing command 'getProjects': bsp_iop_arduino_mb;bsp_iop_pmoda_mb;bsp_iop_pmodb_mb;hw_base
21:26:49 INFO  : Result from executing command 'getProjects': bsp_iop_arduino_mb;bsp_iop_pmoda_mb;bsp_iop_pmodb_mb;hw_base
21:26:49 INFO  : Result from executing command 'getProjects': bsp_iop_arduino_mb;bsp_iop_pmoda_mb;bsp_iop_pmodb_mb;hw_base
21:26:49 INFO  : Result from executing command 'getProjects': bsp_iop_arduino_mb;bsp_iop_pmoda_mb;bsp_iop_pmodb_mb;hw_base
21:26:49 INFO  : Result from executing command 'getProjects': bsp_iop_arduino_mb;bsp_iop_pmoda_mb;bsp_iop_pmodb_mb;hw_base
21:26:49 INFO  : Result from executing command 'getProjects': bsp_iop_arduino_mb;bsp_iop_pmoda_mb;bsp_iop_pmodb_mb;hw_base
21:26:49 INFO  : Result from executing command 'getProjects': bsp_iop_arduino_mb;bsp_iop_pmoda_mb;bsp_iop_pmodb_mb;hw_base
21:26:49 INFO  : Result from executing command 'getProjects': bsp_iop_arduino_mb;bsp_iop_pmoda_mb;bsp_iop_pmodb_mb;hw_base
21:26:49 INFO  : Result from executing command 'getProjects': bsp_iop_arduino_mb;bsp_iop_pmoda_mb;bsp_iop_pmodb_mb;hw_base
21:26:52 INFO  : Result from executing command 'getProjects': bsp_iop_arduino_mb;bsp_iop_pmoda_mb;bsp_iop_pmodb_mb;bsp_iop_rpi_mb;hw_base
21:26:52 INFO  : Result from executing command 'getProjects': bsp_iop_arduino_mb;bsp_iop_pmoda_mb;bsp_iop_pmodb_mb;bsp_iop_rpi_mb;hw_base
21:26:52 INFO  : Result from executing command 'getProjects': bsp_iop_arduino_mb;bsp_iop_pmoda_mb;bsp_iop_pmodb_mb;bsp_iop_rpi_mb;hw_base
21:26:52 INFO  : Result from executing command 'getProjects': bsp_iop_arduino_mb;bsp_iop_pmoda_mb;bsp_iop_pmodb_mb;bsp_iop_rpi_mb;hw_base
21:26:52 INFO  : Result from executing command 'getProjects': bsp_iop_arduino_mb;bsp_iop_pmoda_mb;bsp_iop_pmodb_mb;bsp_iop_rpi_mb;hw_base
21:26:52 INFO  : Result from executing command 'getProjects': bsp_iop_arduino_mb;bsp_iop_pmoda_mb;bsp_iop_pmodb_mb;bsp_iop_rpi_mb;hw_base
21:26:52 INFO  : Result from executing command 'getProjects': bsp_iop_arduino_mb;bsp_iop_pmoda_mb;bsp_iop_pmodb_mb;bsp_iop_rpi_mb;hw_base
21:26:52 INFO  : Result from executing command 'getProjects': bsp_iop_arduino_mb;bsp_iop_pmoda_mb;bsp_iop_pmodb_mb;bsp_iop_rpi_mb;hw_base
21:26:52 INFO  : Result from executing command 'getProjects': bsp_iop_arduino_mb;bsp_iop_pmoda_mb;bsp_iop_pmodb_mb;bsp_iop_rpi_mb;hw_base
21:26:52 INFO  : Result from executing command 'getProjects': bsp_iop_arduino_mb;bsp_iop_pmoda_mb;bsp_iop_pmodb_mb;bsp_iop_rpi_mb;hw_base
21:26:52 INFO  : Result from executing command 'getProjects': bsp_iop_arduino_mb;bsp_iop_pmoda_mb;bsp_iop_pmodb_mb;bsp_iop_rpi_mb;hw_base
21:26:52 INFO  : Result from executing command 'getProjects': bsp_iop_arduino_mb;bsp_iop_pmoda_mb;bsp_iop_pmodb_mb;bsp_iop_rpi_mb;hw_base
21:26:52 INFO  : Result from executing command 'getProjects': bsp_iop_arduino_mb;bsp_iop_pmoda_mb;bsp_iop_pmodb_mb;bsp_iop_rpi_mb;hw_base
21:26:52 INFO  : Result from executing command 'getProjects': bsp_iop_arduino_mb;bsp_iop_pmoda_mb;bsp_iop_pmodb_mb;bsp_iop_rpi_mb;hw_base
21:26:52 INFO  : Result from executing command 'getProjects': bsp_iop_arduino_mb;bsp_iop_pmoda_mb;bsp_iop_pmodb_mb;bsp_iop_rpi_mb;hw_base
21:26:52 INFO  : Result from executing command 'getProjects': bsp_iop_arduino_mb;bsp_iop_pmoda_mb;bsp_iop_pmodb_mb;bsp_iop_rpi_mb;hw_base
21:26:52 INFO  : Result from executing command 'getProjects': bsp_iop_arduino_mb;bsp_iop_pmoda_mb;bsp_iop_pmodb_mb;bsp_iop_rpi_mb;hw_base
21:26:52 INFO  : Result from executing command 'getProjects': bsp_iop_arduino_mb;bsp_iop_pmoda_mb;bsp_iop_pmodb_mb;bsp_iop_rpi_mb;hw_base
21:26:52 INFO  : Result from executing command 'getProjects': bsp_iop_arduino_mb;bsp_iop_pmoda_mb;bsp_iop_pmodb_mb;bsp_iop_rpi_mb;hw_base
21:26:52 INFO  : Result from executing command 'getProjects': bsp_iop_arduino_mb;bsp_iop_pmoda_mb;bsp_iop_pmodb_mb;bsp_iop_rpi_mb;hw_base
21:26:52 INFO  : Result from executing command 'getProjects': bsp_iop_arduino_mb;bsp_iop_pmoda_mb;bsp_iop_pmodb_mb;bsp_iop_rpi_mb;hw_base
21:26:52 INFO  : Result from executing command 'getProjects': bsp_iop_arduino_mb;bsp_iop_pmoda_mb;bsp_iop_pmodb_mb;bsp_iop_rpi_mb;hw_base
21:26:52 INFO  : Result from executing command 'getProjects': bsp_iop_arduino_mb;bsp_iop_pmoda_mb;bsp_iop_pmodb_mb;bsp_iop_rpi_mb;hw_base
21:26:52 INFO  : Result from executing command 'getProjects': bsp_iop_arduino_mb;bsp_iop_pmoda_mb;bsp_iop_pmodb_mb;bsp_iop_rpi_mb;hw_base
21:26:52 INFO  : Result from executing command 'getProjects': bsp_iop_arduino_mb;bsp_iop_pmoda_mb;bsp_iop_pmodb_mb;bsp_iop_rpi_mb;hw_base
21:26:52 INFO  : Result from executing command 'getProjects': bsp_iop_arduino_mb;bsp_iop_pmoda_mb;bsp_iop_pmodb_mb;bsp_iop_rpi_mb;hw_base
21:26:52 INFO  : Result from executing command 'getProjects': bsp_iop_arduino_mb;bsp_iop_pmoda_mb;bsp_iop_pmodb_mb;bsp_iop_rpi_mb;hw_base
14:38:25 INFO  : Registering command handlers for SDK TCF services
14:38:27 INFO  : Adding '/home/junhonglin/Xilinx/PYNQ_Dirty/boards/sw_repo' as a new local repository.
14:38:42 INFO  : Result from executing command 'getProjects': bsp_iop_arduino_mb;hw_base
14:38:42 INFO  : Result from executing command 'getProjects': bsp_iop_arduino_mb;hw_base
14:38:42 INFO  : Result from executing command 'getProjects': bsp_iop_arduino_mb;hw_base
14:38:42 INFO  : Result from executing command 'getProjects': bsp_iop_arduino_mb;hw_base
14:38:42 INFO  : Result from executing command 'getProjects': bsp_iop_arduino_mb;hw_base
14:38:42 INFO  : Result from executing command 'getProjects': bsp_iop_arduino_mb;hw_base
14:38:42 INFO  : Result from executing command 'getProjects': bsp_iop_arduino_mb;hw_base
14:38:42 INFO  : Result from executing command 'getProjects': bsp_iop_arduino_mb;hw_base
14:38:42 INFO  : Result from executing command 'getProjects': bsp_iop_arduino_mb;hw_base
14:38:42 INFO  : Result from executing command 'getProjects': bsp_iop_arduino_mb;hw_base
14:38:42 INFO  : Result from executing command 'getProjects': bsp_iop_arduino_mb;hw_base
14:38:42 INFO  : Result from executing command 'getProjects': bsp_iop_arduino_mb;hw_base
14:38:42 INFO  : Result from executing command 'getProjects': bsp_iop_arduino_mb;hw_base
14:38:42 INFO  : Result from executing command 'getProjects': bsp_iop_arduino_mb;hw_base
14:38:42 INFO  : Result from executing command 'getProjects': bsp_iop_arduino_mb;hw_base
14:38:42 INFO  : Result from executing command 'getProjects': bsp_iop_arduino_mb;hw_base
14:38:43 INFO  : Result from executing command 'getProjects': bsp_iop_arduino_mb;hw_base
14:38:43 INFO  : Result from executing command 'getProjects': bsp_iop_arduino_mb;hw_base
14:38:43 INFO  : Result from executing command 'getProjects': bsp_iop_arduino_mb;hw_base
14:38:43 INFO  : Result from executing command 'getProjects': bsp_iop_arduino_mb;hw_base
14:38:43 INFO  : Result from executing command 'getProjects': bsp_iop_arduino_mb;hw_base
14:38:43 INFO  : Result from executing command 'getProjects': bsp_iop_arduino_mb;hw_base
14:38:43 INFO  : Result from executing command 'getProjects': bsp_iop_arduino_mb;hw_base
14:38:43 INFO  : Result from executing command 'getProjects': bsp_iop_arduino_mb;hw_base
14:38:43 INFO  : Result from executing command 'getProjects': bsp_iop_arduino_mb;hw_base
14:38:43 INFO  : Result from executing command 'getProjects': bsp_iop_arduino_mb;hw_base
14:38:43 INFO  : Result from executing command 'getProjects': bsp_iop_arduino_mb;hw_base
14:38:47 INFO  : Result from executing command 'getProjects': bsp_iop_arduino_mb;bsp_iop_pmoda_mb;hw_base
14:38:47 INFO  : Result from executing command 'getProjects': bsp_iop_arduino_mb;bsp_iop_pmoda_mb;hw_base
14:38:47 INFO  : Result from executing command 'getProjects': bsp_iop_arduino_mb;bsp_iop_pmoda_mb;hw_base
14:38:47 INFO  : Result from executing command 'getProjects': bsp_iop_arduino_mb;bsp_iop_pmoda_mb;hw_base
14:38:47 INFO  : Result from executing command 'getProjects': bsp_iop_arduino_mb;bsp_iop_pmoda_mb;hw_base
14:38:48 INFO  : Result from executing command 'getProjects': bsp_iop_arduino_mb;bsp_iop_pmoda_mb;hw_base
14:38:48 INFO  : Result from executing command 'getProjects': bsp_iop_arduino_mb;bsp_iop_pmoda_mb;hw_base
14:38:48 INFO  : Result from executing command 'getProjects': bsp_iop_arduino_mb;bsp_iop_pmoda_mb;hw_base
14:38:48 INFO  : Result from executing command 'getProjects': bsp_iop_arduino_mb;bsp_iop_pmoda_mb;hw_base
14:38:48 INFO  : Result from executing command 'getProjects': bsp_iop_arduino_mb;bsp_iop_pmoda_mb;hw_base
14:38:48 INFO  : Result from executing command 'getProjects': bsp_iop_arduino_mb;bsp_iop_pmoda_mb;hw_base
14:38:48 INFO  : Result from executing command 'getProjects': bsp_iop_arduino_mb;bsp_iop_pmoda_mb;hw_base
14:38:48 INFO  : Result from executing command 'getProjects': bsp_iop_arduino_mb;bsp_iop_pmoda_mb;hw_base
14:38:48 INFO  : Result from executing command 'getProjects': bsp_iop_arduino_mb;bsp_iop_pmoda_mb;hw_base
14:38:48 INFO  : Result from executing command 'getProjects': bsp_iop_arduino_mb;bsp_iop_pmoda_mb;hw_base
14:38:48 INFO  : Result from executing command 'getProjects': bsp_iop_arduino_mb;bsp_iop_pmoda_mb;hw_base
14:38:48 INFO  : Result from executing command 'getProjects': bsp_iop_arduino_mb;bsp_iop_pmoda_mb;hw_base
14:38:48 INFO  : Result from executing command 'getProjects': bsp_iop_arduino_mb;bsp_iop_pmoda_mb;hw_base
14:38:48 INFO  : Result from executing command 'getProjects': bsp_iop_arduino_mb;bsp_iop_pmoda_mb;hw_base
14:38:48 INFO  : Result from executing command 'getProjects': bsp_iop_arduino_mb;bsp_iop_pmoda_mb;hw_base
14:38:48 INFO  : Result from executing command 'getProjects': bsp_iop_arduino_mb;bsp_iop_pmoda_mb;hw_base
14:38:48 INFO  : Result from executing command 'getProjects': bsp_iop_arduino_mb;bsp_iop_pmoda_mb;hw_base
14:38:48 INFO  : Result from executing command 'getProjects': bsp_iop_arduino_mb;bsp_iop_pmoda_mb;hw_base
14:38:48 INFO  : Result from executing command 'getProjects': bsp_iop_arduino_mb;bsp_iop_pmoda_mb;hw_base
14:38:48 INFO  : Result from executing command 'getProjects': bsp_iop_arduino_mb;bsp_iop_pmoda_mb;hw_base
14:38:48 INFO  : Result from executing command 'getProjects': bsp_iop_arduino_mb;bsp_iop_pmoda_mb;hw_base
14:38:48 INFO  : Result from executing command 'getProjects': bsp_iop_arduino_mb;bsp_iop_pmoda_mb;hw_base
14:38:51 INFO  : Result from executing command 'getProjects': bsp_iop_arduino_mb;bsp_iop_pmoda_mb;bsp_iop_pmodb_mb;hw_base
14:38:51 INFO  : Result from executing command 'getProjects': bsp_iop_arduino_mb;bsp_iop_pmoda_mb;bsp_iop_pmodb_mb;hw_base
14:38:51 INFO  : Result from executing command 'getProjects': bsp_iop_arduino_mb;bsp_iop_pmoda_mb;bsp_iop_pmodb_mb;hw_base
14:38:51 INFO  : Result from executing command 'getProjects': bsp_iop_arduino_mb;bsp_iop_pmoda_mb;bsp_iop_pmodb_mb;hw_base
14:38:51 INFO  : Result from executing command 'getProjects': bsp_iop_arduino_mb;bsp_iop_pmoda_mb;bsp_iop_pmodb_mb;hw_base
14:38:51 INFO  : Result from executing command 'getProjects': bsp_iop_arduino_mb;bsp_iop_pmoda_mb;bsp_iop_pmodb_mb;hw_base
14:38:51 INFO  : Result from executing command 'getProjects': bsp_iop_arduino_mb;bsp_iop_pmoda_mb;bsp_iop_pmodb_mb;hw_base
14:38:51 INFO  : Result from executing command 'getProjects': bsp_iop_arduino_mb;bsp_iop_pmoda_mb;bsp_iop_pmodb_mb;hw_base
14:38:51 INFO  : Result from executing command 'getProjects': bsp_iop_arduino_mb;bsp_iop_pmoda_mb;bsp_iop_pmodb_mb;hw_base
14:38:51 INFO  : Result from executing command 'getProjects': bsp_iop_arduino_mb;bsp_iop_pmoda_mb;bsp_iop_pmodb_mb;hw_base
14:38:51 INFO  : Result from executing command 'getProjects': bsp_iop_arduino_mb;bsp_iop_pmoda_mb;bsp_iop_pmodb_mb;hw_base
14:38:51 INFO  : Result from executing command 'getProjects': bsp_iop_arduino_mb;bsp_iop_pmoda_mb;bsp_iop_pmodb_mb;hw_base
14:38:51 INFO  : Result from executing command 'getProjects': bsp_iop_arduino_mb;bsp_iop_pmoda_mb;bsp_iop_pmodb_mb;hw_base
14:38:51 INFO  : Result from executing command 'getProjects': bsp_iop_arduino_mb;bsp_iop_pmoda_mb;bsp_iop_pmodb_mb;hw_base
14:38:51 INFO  : Result from executing command 'getProjects': bsp_iop_arduino_mb;bsp_iop_pmoda_mb;bsp_iop_pmodb_mb;hw_base
14:38:51 INFO  : Result from executing command 'getProjects': bsp_iop_arduino_mb;bsp_iop_pmoda_mb;bsp_iop_pmodb_mb;hw_base
14:38:51 INFO  : Result from executing command 'getProjects': bsp_iop_arduino_mb;bsp_iop_pmoda_mb;bsp_iop_pmodb_mb;hw_base
14:38:51 INFO  : Result from executing command 'getProjects': bsp_iop_arduino_mb;bsp_iop_pmoda_mb;bsp_iop_pmodb_mb;hw_base
14:38:51 INFO  : Result from executing command 'getProjects': bsp_iop_arduino_mb;bsp_iop_pmoda_mb;bsp_iop_pmodb_mb;hw_base
14:38:51 INFO  : Result from executing command 'getProjects': bsp_iop_arduino_mb;bsp_iop_pmoda_mb;bsp_iop_pmodb_mb;hw_base
14:38:51 INFO  : Result from executing command 'getProjects': bsp_iop_arduino_mb;bsp_iop_pmoda_mb;bsp_iop_pmodb_mb;hw_base
14:38:51 INFO  : Result from executing command 'getProjects': bsp_iop_arduino_mb;bsp_iop_pmoda_mb;bsp_iop_pmodb_mb;hw_base
14:38:51 INFO  : Result from executing command 'getProjects': bsp_iop_arduino_mb;bsp_iop_pmoda_mb;bsp_iop_pmodb_mb;hw_base
14:38:51 INFO  : Result from executing command 'getProjects': bsp_iop_arduino_mb;bsp_iop_pmoda_mb;bsp_iop_pmodb_mb;hw_base
14:38:51 INFO  : Result from executing command 'getProjects': bsp_iop_arduino_mb;bsp_iop_pmoda_mb;bsp_iop_pmodb_mb;hw_base
14:38:51 INFO  : Result from executing command 'getProjects': bsp_iop_arduino_mb;bsp_iop_pmoda_mb;bsp_iop_pmodb_mb;hw_base
14:38:51 INFO  : Result from executing command 'getProjects': bsp_iop_arduino_mb;bsp_iop_pmoda_mb;bsp_iop_pmodb_mb;hw_base
14:38:54 INFO  : Result from executing command 'getProjects': bsp_iop_arduino_mb;bsp_iop_pmoda_mb;bsp_iop_pmodb_mb;bsp_iop_rpi_mb;hw_base
14:38:54 INFO  : Result from executing command 'getProjects': bsp_iop_arduino_mb;bsp_iop_pmoda_mb;bsp_iop_pmodb_mb;bsp_iop_rpi_mb;hw_base
14:38:54 INFO  : Result from executing command 'getProjects': bsp_iop_arduino_mb;bsp_iop_pmoda_mb;bsp_iop_pmodb_mb;bsp_iop_rpi_mb;hw_base
14:38:54 INFO  : Result from executing command 'getProjects': bsp_iop_arduino_mb;bsp_iop_pmoda_mb;bsp_iop_pmodb_mb;bsp_iop_rpi_mb;hw_base
14:38:54 INFO  : Result from executing command 'getProjects': bsp_iop_arduino_mb;bsp_iop_pmoda_mb;bsp_iop_pmodb_mb;bsp_iop_rpi_mb;hw_base
14:38:54 INFO  : Result from executing command 'getProjects': bsp_iop_arduino_mb;bsp_iop_pmoda_mb;bsp_iop_pmodb_mb;bsp_iop_rpi_mb;hw_base
14:38:54 INFO  : Result from executing command 'getProjects': bsp_iop_arduino_mb;bsp_iop_pmoda_mb;bsp_iop_pmodb_mb;bsp_iop_rpi_mb;hw_base
14:38:54 INFO  : Result from executing command 'getProjects': bsp_iop_arduino_mb;bsp_iop_pmoda_mb;bsp_iop_pmodb_mb;bsp_iop_rpi_mb;hw_base
14:38:54 INFO  : Result from executing command 'getProjects': bsp_iop_arduino_mb;bsp_iop_pmoda_mb;bsp_iop_pmodb_mb;bsp_iop_rpi_mb;hw_base
14:38:54 INFO  : Result from executing command 'getProjects': bsp_iop_arduino_mb;bsp_iop_pmoda_mb;bsp_iop_pmodb_mb;bsp_iop_rpi_mb;hw_base
14:38:54 INFO  : Result from executing command 'getProjects': bsp_iop_arduino_mb;bsp_iop_pmoda_mb;bsp_iop_pmodb_mb;bsp_iop_rpi_mb;hw_base
14:38:54 INFO  : Result from executing command 'getProjects': bsp_iop_arduino_mb;bsp_iop_pmoda_mb;bsp_iop_pmodb_mb;bsp_iop_rpi_mb;hw_base
14:38:54 INFO  : Result from executing command 'getProjects': bsp_iop_arduino_mb;bsp_iop_pmoda_mb;bsp_iop_pmodb_mb;bsp_iop_rpi_mb;hw_base
14:38:54 INFO  : Result from executing command 'getProjects': bsp_iop_arduino_mb;bsp_iop_pmoda_mb;bsp_iop_pmodb_mb;bsp_iop_rpi_mb;hw_base
14:38:54 INFO  : Result from executing command 'getProjects': bsp_iop_arduino_mb;bsp_iop_pmoda_mb;bsp_iop_pmodb_mb;bsp_iop_rpi_mb;hw_base
14:38:54 INFO  : Result from executing command 'getProjects': bsp_iop_arduino_mb;bsp_iop_pmoda_mb;bsp_iop_pmodb_mb;bsp_iop_rpi_mb;hw_base
14:38:54 INFO  : Result from executing command 'getProjects': bsp_iop_arduino_mb;bsp_iop_pmoda_mb;bsp_iop_pmodb_mb;bsp_iop_rpi_mb;hw_base
14:38:54 INFO  : Result from executing command 'getProjects': bsp_iop_arduino_mb;bsp_iop_pmoda_mb;bsp_iop_pmodb_mb;bsp_iop_rpi_mb;hw_base
14:38:54 INFO  : Result from executing command 'getProjects': bsp_iop_arduino_mb;bsp_iop_pmoda_mb;bsp_iop_pmodb_mb;bsp_iop_rpi_mb;hw_base
14:38:54 INFO  : Result from executing command 'getProjects': bsp_iop_arduino_mb;bsp_iop_pmoda_mb;bsp_iop_pmodb_mb;bsp_iop_rpi_mb;hw_base
14:38:54 INFO  : Result from executing command 'getProjects': bsp_iop_arduino_mb;bsp_iop_pmoda_mb;bsp_iop_pmodb_mb;bsp_iop_rpi_mb;hw_base
14:38:54 INFO  : Result from executing command 'getProjects': bsp_iop_arduino_mb;bsp_iop_pmoda_mb;bsp_iop_pmodb_mb;bsp_iop_rpi_mb;hw_base
14:38:54 INFO  : Result from executing command 'getProjects': bsp_iop_arduino_mb;bsp_iop_pmoda_mb;bsp_iop_pmodb_mb;bsp_iop_rpi_mb;hw_base
14:38:54 INFO  : Result from executing command 'getProjects': bsp_iop_arduino_mb;bsp_iop_pmoda_mb;bsp_iop_pmodb_mb;bsp_iop_rpi_mb;hw_base
14:38:54 INFO  : Result from executing command 'getProjects': bsp_iop_arduino_mb;bsp_iop_pmoda_mb;bsp_iop_pmodb_mb;bsp_iop_rpi_mb;hw_base
14:38:54 INFO  : Result from executing command 'getProjects': bsp_iop_arduino_mb;bsp_iop_pmoda_mb;bsp_iop_pmodb_mb;bsp_iop_rpi_mb;hw_base
14:38:54 INFO  : Result from executing command 'getProjects': bsp_iop_arduino_mb;bsp_iop_pmoda_mb;bsp_iop_pmodb_mb;bsp_iop_rpi_mb;hw_base
14:45:12 INFO  : Registering command handlers for SDK TCF services
14:45:14 INFO  : Adding '/home/junhonglin/Xilinx/PYNQ_Dirty/boards/sw_repo' as a new local repository.
14:45:25 INFO  : Result from executing command 'getProjects': bsp_iop_arduino_mb;hw_base
14:45:25 INFO  : Result from executing command 'getProjects': bsp_iop_arduino_mb;hw_base
14:45:25 INFO  : Result from executing command 'getProjects': bsp_iop_arduino_mb;hw_base
14:45:25 INFO  : Result from executing command 'getProjects': bsp_iop_arduino_mb;hw_base
14:45:25 INFO  : Result from executing command 'getProjects': bsp_iop_arduino_mb;hw_base
14:45:25 INFO  : Result from executing command 'getProjects': bsp_iop_arduino_mb;hw_base
14:45:25 INFO  : Result from executing command 'getProjects': bsp_iop_arduino_mb;hw_base
14:45:25 INFO  : Result from executing command 'getProjects': bsp_iop_arduino_mb;hw_base
14:45:25 INFO  : Result from executing command 'getProjects': bsp_iop_arduino_mb;hw_base
14:45:25 INFO  : Result from executing command 'getProjects': bsp_iop_arduino_mb;hw_base
14:45:25 INFO  : Result from executing command 'getProjects': bsp_iop_arduino_mb;hw_base
14:45:25 INFO  : Result from executing command 'getProjects': bsp_iop_arduino_mb;hw_base
14:45:25 INFO  : Result from executing command 'getProjects': bsp_iop_arduino_mb;hw_base
14:45:25 INFO  : Result from executing command 'getProjects': bsp_iop_arduino_mb;hw_base
14:45:25 INFO  : Result from executing command 'getProjects': bsp_iop_arduino_mb;hw_base
14:45:25 INFO  : Result from executing command 'getProjects': bsp_iop_arduino_mb;hw_base
14:45:25 INFO  : Result from executing command 'getProjects': bsp_iop_arduino_mb;hw_base
14:45:25 INFO  : Result from executing command 'getProjects': bsp_iop_arduino_mb;hw_base
14:45:25 INFO  : Result from executing command 'getProjects': bsp_iop_arduino_mb;hw_base
14:45:25 INFO  : Result from executing command 'getProjects': bsp_iop_arduino_mb;hw_base
14:45:25 INFO  : Result from executing command 'getProjects': bsp_iop_arduino_mb;hw_base
14:45:25 INFO  : Result from executing command 'getProjects': bsp_iop_arduino_mb;hw_base
14:45:25 INFO  : Result from executing command 'getProjects': bsp_iop_arduino_mb;hw_base
14:45:25 INFO  : Result from executing command 'getProjects': bsp_iop_arduino_mb;hw_base
14:45:25 INFO  : Result from executing command 'getProjects': bsp_iop_arduino_mb;hw_base
14:45:25 INFO  : Result from executing command 'getProjects': bsp_iop_arduino_mb;hw_base
14:45:25 INFO  : Result from executing command 'getProjects': bsp_iop_arduino_mb;hw_base
14:45:30 INFO  : Result from executing command 'getProjects': bsp_iop_arduino_mb;bsp_iop_pmoda_mb;hw_base
14:45:30 INFO  : Result from executing command 'getProjects': bsp_iop_arduino_mb;bsp_iop_pmoda_mb;hw_base
14:45:30 INFO  : Result from executing command 'getProjects': bsp_iop_arduino_mb;bsp_iop_pmoda_mb;hw_base
14:45:30 INFO  : Result from executing command 'getProjects': bsp_iop_arduino_mb;bsp_iop_pmoda_mb;hw_base
14:45:30 INFO  : Result from executing command 'getProjects': bsp_iop_arduino_mb;bsp_iop_pmoda_mb;hw_base
14:45:30 INFO  : Result from executing command 'getProjects': bsp_iop_arduino_mb;bsp_iop_pmoda_mb;hw_base
14:45:30 INFO  : Result from executing command 'getProjects': bsp_iop_arduino_mb;bsp_iop_pmoda_mb;hw_base
14:45:30 INFO  : Result from executing command 'getProjects': bsp_iop_arduino_mb;bsp_iop_pmoda_mb;hw_base
14:45:30 INFO  : Result from executing command 'getProjects': bsp_iop_arduino_mb;bsp_iop_pmoda_mb;hw_base
14:45:30 INFO  : Result from executing command 'getProjects': bsp_iop_arduino_mb;bsp_iop_pmoda_mb;hw_base
14:45:30 INFO  : Result from executing command 'getProjects': bsp_iop_arduino_mb;bsp_iop_pmoda_mb;hw_base
14:45:30 INFO  : Result from executing command 'getProjects': bsp_iop_arduino_mb;bsp_iop_pmoda_mb;hw_base
14:45:30 INFO  : Result from executing command 'getProjects': bsp_iop_arduino_mb;bsp_iop_pmoda_mb;hw_base
14:45:30 INFO  : Result from executing command 'getProjects': bsp_iop_arduino_mb;bsp_iop_pmoda_mb;hw_base
14:45:30 INFO  : Result from executing command 'getProjects': bsp_iop_arduino_mb;bsp_iop_pmoda_mb;hw_base
14:45:30 INFO  : Result from executing command 'getProjects': bsp_iop_arduino_mb;bsp_iop_pmoda_mb;hw_base
14:45:30 INFO  : Result from executing command 'getProjects': bsp_iop_arduino_mb;bsp_iop_pmoda_mb;hw_base
14:45:30 INFO  : Result from executing command 'getProjects': bsp_iop_arduino_mb;bsp_iop_pmoda_mb;hw_base
14:45:30 INFO  : Result from executing command 'getProjects': bsp_iop_arduino_mb;bsp_iop_pmoda_mb;hw_base
14:45:30 INFO  : Result from executing command 'getProjects': bsp_iop_arduino_mb;bsp_iop_pmoda_mb;hw_base
14:45:30 INFO  : Result from executing command 'getProjects': bsp_iop_arduino_mb;bsp_iop_pmoda_mb;hw_base
14:45:30 INFO  : Result from executing command 'getProjects': bsp_iop_arduino_mb;bsp_iop_pmoda_mb;hw_base
14:45:30 INFO  : Result from executing command 'getProjects': bsp_iop_arduino_mb;bsp_iop_pmoda_mb;hw_base
14:45:30 INFO  : Result from executing command 'getProjects': bsp_iop_arduino_mb;bsp_iop_pmoda_mb;hw_base
14:45:30 INFO  : Result from executing command 'getProjects': bsp_iop_arduino_mb;bsp_iop_pmoda_mb;hw_base
14:45:30 INFO  : Result from executing command 'getProjects': bsp_iop_arduino_mb;bsp_iop_pmoda_mb;hw_base
14:45:30 INFO  : Result from executing command 'getProjects': bsp_iop_arduino_mb;bsp_iop_pmoda_mb;hw_base
14:45:33 INFO  : Result from executing command 'getProjects': bsp_iop_arduino_mb;bsp_iop_pmoda_mb;bsp_iop_pmodb_mb;hw_base
14:45:33 INFO  : Result from executing command 'getProjects': bsp_iop_arduino_mb;bsp_iop_pmoda_mb;bsp_iop_pmodb_mb;hw_base
14:45:33 INFO  : Result from executing command 'getProjects': bsp_iop_arduino_mb;bsp_iop_pmoda_mb;bsp_iop_pmodb_mb;hw_base
14:45:33 INFO  : Result from executing command 'getProjects': bsp_iop_arduino_mb;bsp_iop_pmoda_mb;bsp_iop_pmodb_mb;hw_base
14:45:33 INFO  : Result from executing command 'getProjects': bsp_iop_arduino_mb;bsp_iop_pmoda_mb;bsp_iop_pmodb_mb;hw_base
14:45:33 INFO  : Result from executing command 'getProjects': bsp_iop_arduino_mb;bsp_iop_pmoda_mb;bsp_iop_pmodb_mb;hw_base
14:45:33 INFO  : Result from executing command 'getProjects': bsp_iop_arduino_mb;bsp_iop_pmoda_mb;bsp_iop_pmodb_mb;hw_base
14:45:33 INFO  : Result from executing command 'getProjects': bsp_iop_arduino_mb;bsp_iop_pmoda_mb;bsp_iop_pmodb_mb;hw_base
14:45:33 INFO  : Result from executing command 'getProjects': bsp_iop_arduino_mb;bsp_iop_pmoda_mb;bsp_iop_pmodb_mb;hw_base
14:45:33 INFO  : Result from executing command 'getProjects': bsp_iop_arduino_mb;bsp_iop_pmoda_mb;bsp_iop_pmodb_mb;hw_base
14:45:33 INFO  : Result from executing command 'getProjects': bsp_iop_arduino_mb;bsp_iop_pmoda_mb;bsp_iop_pmodb_mb;hw_base
14:45:33 INFO  : Result from executing command 'getProjects': bsp_iop_arduino_mb;bsp_iop_pmoda_mb;bsp_iop_pmodb_mb;hw_base
14:45:33 INFO  : Result from executing command 'getProjects': bsp_iop_arduino_mb;bsp_iop_pmoda_mb;bsp_iop_pmodb_mb;hw_base
14:45:33 INFO  : Result from executing command 'getProjects': bsp_iop_arduino_mb;bsp_iop_pmoda_mb;bsp_iop_pmodb_mb;hw_base
14:45:33 INFO  : Result from executing command 'getProjects': bsp_iop_arduino_mb;bsp_iop_pmoda_mb;bsp_iop_pmodb_mb;hw_base
14:45:33 INFO  : Result from executing command 'getProjects': bsp_iop_arduino_mb;bsp_iop_pmoda_mb;bsp_iop_pmodb_mb;hw_base
14:45:33 INFO  : Result from executing command 'getProjects': bsp_iop_arduino_mb;bsp_iop_pmoda_mb;bsp_iop_pmodb_mb;hw_base
14:45:33 INFO  : Result from executing command 'getProjects': bsp_iop_arduino_mb;bsp_iop_pmoda_mb;bsp_iop_pmodb_mb;hw_base
14:45:33 INFO  : Result from executing command 'getProjects': bsp_iop_arduino_mb;bsp_iop_pmoda_mb;bsp_iop_pmodb_mb;hw_base
14:45:33 INFO  : Result from executing command 'getProjects': bsp_iop_arduino_mb;bsp_iop_pmoda_mb;bsp_iop_pmodb_mb;hw_base
14:45:33 INFO  : Result from executing command 'getProjects': bsp_iop_arduino_mb;bsp_iop_pmoda_mb;bsp_iop_pmodb_mb;hw_base
14:45:33 INFO  : Result from executing command 'getProjects': bsp_iop_arduino_mb;bsp_iop_pmoda_mb;bsp_iop_pmodb_mb;hw_base
14:45:33 INFO  : Result from executing command 'getProjects': bsp_iop_arduino_mb;bsp_iop_pmoda_mb;bsp_iop_pmodb_mb;hw_base
14:45:33 INFO  : Result from executing command 'getProjects': bsp_iop_arduino_mb;bsp_iop_pmoda_mb;bsp_iop_pmodb_mb;hw_base
14:45:33 INFO  : Result from executing command 'getProjects': bsp_iop_arduino_mb;bsp_iop_pmoda_mb;bsp_iop_pmodb_mb;hw_base
14:45:33 INFO  : Result from executing command 'getProjects': bsp_iop_arduino_mb;bsp_iop_pmoda_mb;bsp_iop_pmodb_mb;hw_base
14:45:33 INFO  : Result from executing command 'getProjects': bsp_iop_arduino_mb;bsp_iop_pmoda_mb;bsp_iop_pmodb_mb;hw_base
14:45:37 INFO  : Result from executing command 'getProjects': bsp_iop_arduino_mb;bsp_iop_pmoda_mb;bsp_iop_pmodb_mb;bsp_iop_rpi_mb;hw_base
14:45:37 INFO  : Result from executing command 'getProjects': bsp_iop_arduino_mb;bsp_iop_pmoda_mb;bsp_iop_pmodb_mb;bsp_iop_rpi_mb;hw_base
14:45:37 INFO  : Result from executing command 'getProjects': bsp_iop_arduino_mb;bsp_iop_pmoda_mb;bsp_iop_pmodb_mb;bsp_iop_rpi_mb;hw_base
14:45:37 INFO  : Result from executing command 'getProjects': bsp_iop_arduino_mb;bsp_iop_pmoda_mb;bsp_iop_pmodb_mb;bsp_iop_rpi_mb;hw_base
14:45:37 INFO  : Result from executing command 'getProjects': bsp_iop_arduino_mb;bsp_iop_pmoda_mb;bsp_iop_pmodb_mb;bsp_iop_rpi_mb;hw_base
14:45:37 INFO  : Result from executing command 'getProjects': bsp_iop_arduino_mb;bsp_iop_pmoda_mb;bsp_iop_pmodb_mb;bsp_iop_rpi_mb;hw_base
14:45:37 INFO  : Result from executing command 'getProjects': bsp_iop_arduino_mb;bsp_iop_pmoda_mb;bsp_iop_pmodb_mb;bsp_iop_rpi_mb;hw_base
14:45:37 INFO  : Result from executing command 'getProjects': bsp_iop_arduino_mb;bsp_iop_pmoda_mb;bsp_iop_pmodb_mb;bsp_iop_rpi_mb;hw_base
14:45:37 INFO  : Result from executing command 'getProjects': bsp_iop_arduino_mb;bsp_iop_pmoda_mb;bsp_iop_pmodb_mb;bsp_iop_rpi_mb;hw_base
14:45:37 INFO  : Result from executing command 'getProjects': bsp_iop_arduino_mb;bsp_iop_pmoda_mb;bsp_iop_pmodb_mb;bsp_iop_rpi_mb;hw_base
14:45:37 INFO  : Result from executing command 'getProjects': bsp_iop_arduino_mb;bsp_iop_pmoda_mb;bsp_iop_pmodb_mb;bsp_iop_rpi_mb;hw_base
14:45:37 INFO  : Result from executing command 'getProjects': bsp_iop_arduino_mb;bsp_iop_pmoda_mb;bsp_iop_pmodb_mb;bsp_iop_rpi_mb;hw_base
14:45:37 INFO  : Result from executing command 'getProjects': bsp_iop_arduino_mb;bsp_iop_pmoda_mb;bsp_iop_pmodb_mb;bsp_iop_rpi_mb;hw_base
14:45:37 INFO  : Result from executing command 'getProjects': bsp_iop_arduino_mb;bsp_iop_pmoda_mb;bsp_iop_pmodb_mb;bsp_iop_rpi_mb;hw_base
14:45:37 INFO  : Result from executing command 'getProjects': bsp_iop_arduino_mb;bsp_iop_pmoda_mb;bsp_iop_pmodb_mb;bsp_iop_rpi_mb;hw_base
14:45:37 INFO  : Result from executing command 'getProjects': bsp_iop_arduino_mb;bsp_iop_pmoda_mb;bsp_iop_pmodb_mb;bsp_iop_rpi_mb;hw_base
14:45:37 INFO  : Result from executing command 'getProjects': bsp_iop_arduino_mb;bsp_iop_pmoda_mb;bsp_iop_pmodb_mb;bsp_iop_rpi_mb;hw_base
14:45:37 INFO  : Result from executing command 'getProjects': bsp_iop_arduino_mb;bsp_iop_pmoda_mb;bsp_iop_pmodb_mb;bsp_iop_rpi_mb;hw_base
14:45:37 INFO  : Result from executing command 'getProjects': bsp_iop_arduino_mb;bsp_iop_pmoda_mb;bsp_iop_pmodb_mb;bsp_iop_rpi_mb;hw_base
14:45:37 INFO  : Result from executing command 'getProjects': bsp_iop_arduino_mb;bsp_iop_pmoda_mb;bsp_iop_pmodb_mb;bsp_iop_rpi_mb;hw_base
14:45:37 INFO  : Result from executing command 'getProjects': bsp_iop_arduino_mb;bsp_iop_pmoda_mb;bsp_iop_pmodb_mb;bsp_iop_rpi_mb;hw_base
14:45:37 INFO  : Result from executing command 'getProjects': bsp_iop_arduino_mb;bsp_iop_pmoda_mb;bsp_iop_pmodb_mb;bsp_iop_rpi_mb;hw_base
14:45:37 INFO  : Result from executing command 'getProjects': bsp_iop_arduino_mb;bsp_iop_pmoda_mb;bsp_iop_pmodb_mb;bsp_iop_rpi_mb;hw_base
14:45:37 INFO  : Result from executing command 'getProjects': bsp_iop_arduino_mb;bsp_iop_pmoda_mb;bsp_iop_pmodb_mb;bsp_iop_rpi_mb;hw_base
14:45:37 INFO  : Result from executing command 'getProjects': bsp_iop_arduino_mb;bsp_iop_pmoda_mb;bsp_iop_pmodb_mb;bsp_iop_rpi_mb;hw_base
14:45:37 INFO  : Result from executing command 'getProjects': bsp_iop_arduino_mb;bsp_iop_pmoda_mb;bsp_iop_pmodb_mb;bsp_iop_rpi_mb;hw_base
14:45:37 INFO  : Result from executing command 'getProjects': bsp_iop_arduino_mb;bsp_iop_pmoda_mb;bsp_iop_pmodb_mb;bsp_iop_rpi_mb;hw_base
14:50:44 INFO  : Registering command handlers for SDK TCF services
14:50:46 INFO  : Adding '/home/junhonglin/Xilinx/PYNQ_Dirty/boards/sw_repo' as a new local repository.
14:50:57 INFO  : Result from executing command 'getProjects': bsp_iop_arduino_mb;hw_base
14:50:57 INFO  : Result from executing command 'getProjects': bsp_iop_arduino_mb;hw_base
14:50:57 INFO  : Result from executing command 'getProjects': bsp_iop_arduino_mb;hw_base
14:50:57 INFO  : Result from executing command 'getProjects': bsp_iop_arduino_mb;hw_base
14:50:57 INFO  : Result from executing command 'getProjects': bsp_iop_arduino_mb;hw_base
14:50:57 INFO  : Result from executing command 'getProjects': bsp_iop_arduino_mb;hw_base
14:50:57 INFO  : Result from executing command 'getProjects': bsp_iop_arduino_mb;hw_base
14:50:57 INFO  : Result from executing command 'getProjects': bsp_iop_arduino_mb;hw_base
14:50:57 INFO  : Result from executing command 'getProjects': bsp_iop_arduino_mb;hw_base
14:50:57 INFO  : Result from executing command 'getProjects': bsp_iop_arduino_mb;hw_base
14:50:57 INFO  : Result from executing command 'getProjects': bsp_iop_arduino_mb;hw_base
14:50:57 INFO  : Result from executing command 'getProjects': bsp_iop_arduino_mb;hw_base
14:50:57 INFO  : Result from executing command 'getProjects': bsp_iop_arduino_mb;hw_base
14:50:57 INFO  : Result from executing command 'getProjects': bsp_iop_arduino_mb;hw_base
14:50:57 INFO  : Result from executing command 'getProjects': bsp_iop_arduino_mb;hw_base
14:50:57 INFO  : Result from executing command 'getProjects': bsp_iop_arduino_mb;hw_base
14:50:57 INFO  : Result from executing command 'getProjects': bsp_iop_arduino_mb;hw_base
14:50:57 INFO  : Result from executing command 'getProjects': bsp_iop_arduino_mb;hw_base
14:50:57 INFO  : Result from executing command 'getProjects': bsp_iop_arduino_mb;hw_base
14:50:57 INFO  : Result from executing command 'getProjects': bsp_iop_arduino_mb;hw_base
14:50:57 INFO  : Result from executing command 'getProjects': bsp_iop_arduino_mb;hw_base
14:50:57 INFO  : Result from executing command 'getProjects': bsp_iop_arduino_mb;hw_base
14:50:57 INFO  : Result from executing command 'getProjects': bsp_iop_arduino_mb;hw_base
14:50:57 INFO  : Result from executing command 'getProjects': bsp_iop_arduino_mb;hw_base
14:50:57 INFO  : Result from executing command 'getProjects': bsp_iop_arduino_mb;hw_base
14:50:57 INFO  : Result from executing command 'getProjects': bsp_iop_arduino_mb;hw_base
14:50:57 INFO  : Result from executing command 'getProjects': bsp_iop_arduino_mb;hw_base
14:51:01 INFO  : Result from executing command 'getProjects': bsp_iop_arduino_mb;bsp_iop_pmoda_mb;hw_base
14:51:01 INFO  : Result from executing command 'getProjects': bsp_iop_arduino_mb;bsp_iop_pmoda_mb;hw_base
14:51:01 INFO  : Result from executing command 'getProjects': bsp_iop_arduino_mb;bsp_iop_pmoda_mb;hw_base
14:51:01 INFO  : Result from executing command 'getProjects': bsp_iop_arduino_mb;bsp_iop_pmoda_mb;hw_base
14:51:01 INFO  : Result from executing command 'getProjects': bsp_iop_arduino_mb;bsp_iop_pmoda_mb;hw_base
14:51:01 INFO  : Result from executing command 'getProjects': bsp_iop_arduino_mb;bsp_iop_pmoda_mb;hw_base
14:51:01 INFO  : Result from executing command 'getProjects': bsp_iop_arduino_mb;bsp_iop_pmoda_mb;hw_base
14:51:01 INFO  : Result from executing command 'getProjects': bsp_iop_arduino_mb;bsp_iop_pmoda_mb;hw_base
14:51:01 INFO  : Result from executing command 'getProjects': bsp_iop_arduino_mb;bsp_iop_pmoda_mb;hw_base
14:51:01 INFO  : Result from executing command 'getProjects': bsp_iop_arduino_mb;bsp_iop_pmoda_mb;hw_base
14:51:01 INFO  : Result from executing command 'getProjects': bsp_iop_arduino_mb;bsp_iop_pmoda_mb;hw_base
14:51:01 INFO  : Result from executing command 'getProjects': bsp_iop_arduino_mb;bsp_iop_pmoda_mb;hw_base
14:51:01 INFO  : Result from executing command 'getProjects': bsp_iop_arduino_mb;bsp_iop_pmoda_mb;hw_base
14:51:01 INFO  : Result from executing command 'getProjects': bsp_iop_arduino_mb;bsp_iop_pmoda_mb;hw_base
14:51:01 INFO  : Result from executing command 'getProjects': bsp_iop_arduino_mb;bsp_iop_pmoda_mb;hw_base
14:51:01 INFO  : Result from executing command 'getProjects': bsp_iop_arduino_mb;bsp_iop_pmoda_mb;hw_base
14:51:02 INFO  : Result from executing command 'getProjects': bsp_iop_arduino_mb;bsp_iop_pmoda_mb;hw_base
14:51:02 INFO  : Result from executing command 'getProjects': bsp_iop_arduino_mb;bsp_iop_pmoda_mb;hw_base
14:51:02 INFO  : Result from executing command 'getProjects': bsp_iop_arduino_mb;bsp_iop_pmoda_mb;hw_base
14:51:02 INFO  : Result from executing command 'getProjects': bsp_iop_arduino_mb;bsp_iop_pmoda_mb;hw_base
14:51:02 INFO  : Result from executing command 'getProjects': bsp_iop_arduino_mb;bsp_iop_pmoda_mb;hw_base
14:51:02 INFO  : Result from executing command 'getProjects': bsp_iop_arduino_mb;bsp_iop_pmoda_mb;hw_base
14:51:02 INFO  : Result from executing command 'getProjects': bsp_iop_arduino_mb;bsp_iop_pmoda_mb;hw_base
14:51:02 INFO  : Result from executing command 'getProjects': bsp_iop_arduino_mb;bsp_iop_pmoda_mb;hw_base
14:51:02 INFO  : Result from executing command 'getProjects': bsp_iop_arduino_mb;bsp_iop_pmoda_mb;hw_base
14:51:02 INFO  : Result from executing command 'getProjects': bsp_iop_arduino_mb;bsp_iop_pmoda_mb;hw_base
14:51:02 INFO  : Result from executing command 'getProjects': bsp_iop_arduino_mb;bsp_iop_pmoda_mb;hw_base
14:51:05 INFO  : Result from executing command 'getProjects': bsp_iop_arduino_mb;bsp_iop_pmoda_mb;bsp_iop_pmodb_mb;hw_base
14:51:05 INFO  : Result from executing command 'getProjects': bsp_iop_arduino_mb;bsp_iop_pmoda_mb;bsp_iop_pmodb_mb;hw_base
14:51:05 INFO  : Result from executing command 'getProjects': bsp_iop_arduino_mb;bsp_iop_pmoda_mb;bsp_iop_pmodb_mb;hw_base
14:51:05 INFO  : Result from executing command 'getProjects': bsp_iop_arduino_mb;bsp_iop_pmoda_mb;bsp_iop_pmodb_mb;hw_base
14:51:05 INFO  : Result from executing command 'getProjects': bsp_iop_arduino_mb;bsp_iop_pmoda_mb;bsp_iop_pmodb_mb;hw_base
14:51:05 INFO  : Result from executing command 'getProjects': bsp_iop_arduino_mb;bsp_iop_pmoda_mb;bsp_iop_pmodb_mb;hw_base
14:51:05 INFO  : Result from executing command 'getProjects': bsp_iop_arduino_mb;bsp_iop_pmoda_mb;bsp_iop_pmodb_mb;hw_base
14:51:05 INFO  : Result from executing command 'getProjects': bsp_iop_arduino_mb;bsp_iop_pmoda_mb;bsp_iop_pmodb_mb;hw_base
14:51:05 INFO  : Result from executing command 'getProjects': bsp_iop_arduino_mb;bsp_iop_pmoda_mb;bsp_iop_pmodb_mb;hw_base
14:51:05 INFO  : Result from executing command 'getProjects': bsp_iop_arduino_mb;bsp_iop_pmoda_mb;bsp_iop_pmodb_mb;hw_base
14:51:05 INFO  : Result from executing command 'getProjects': bsp_iop_arduino_mb;bsp_iop_pmoda_mb;bsp_iop_pmodb_mb;hw_base
14:51:05 INFO  : Result from executing command 'getProjects': bsp_iop_arduino_mb;bsp_iop_pmoda_mb;bsp_iop_pmodb_mb;hw_base
14:51:05 INFO  : Result from executing command 'getProjects': bsp_iop_arduino_mb;bsp_iop_pmoda_mb;bsp_iop_pmodb_mb;hw_base
14:51:05 INFO  : Result from executing command 'getProjects': bsp_iop_arduino_mb;bsp_iop_pmoda_mb;bsp_iop_pmodb_mb;hw_base
14:51:05 INFO  : Result from executing command 'getProjects': bsp_iop_arduino_mb;bsp_iop_pmoda_mb;bsp_iop_pmodb_mb;hw_base
14:51:05 INFO  : Result from executing command 'getProjects': bsp_iop_arduino_mb;bsp_iop_pmoda_mb;bsp_iop_pmodb_mb;hw_base
14:51:05 INFO  : Result from executing command 'getProjects': bsp_iop_arduino_mb;bsp_iop_pmoda_mb;bsp_iop_pmodb_mb;hw_base
14:51:05 INFO  : Result from executing command 'getProjects': bsp_iop_arduino_mb;bsp_iop_pmoda_mb;bsp_iop_pmodb_mb;hw_base
14:51:05 INFO  : Result from executing command 'getProjects': bsp_iop_arduino_mb;bsp_iop_pmoda_mb;bsp_iop_pmodb_mb;hw_base
14:51:05 INFO  : Result from executing command 'getProjects': bsp_iop_arduino_mb;bsp_iop_pmoda_mb;bsp_iop_pmodb_mb;hw_base
14:51:05 INFO  : Result from executing command 'getProjects': bsp_iop_arduino_mb;bsp_iop_pmoda_mb;bsp_iop_pmodb_mb;hw_base
14:51:05 INFO  : Result from executing command 'getProjects': bsp_iop_arduino_mb;bsp_iop_pmoda_mb;bsp_iop_pmodb_mb;hw_base
14:51:05 INFO  : Result from executing command 'getProjects': bsp_iop_arduino_mb;bsp_iop_pmoda_mb;bsp_iop_pmodb_mb;hw_base
14:51:05 INFO  : Result from executing command 'getProjects': bsp_iop_arduino_mb;bsp_iop_pmoda_mb;bsp_iop_pmodb_mb;hw_base
14:51:05 INFO  : Result from executing command 'getProjects': bsp_iop_arduino_mb;bsp_iop_pmoda_mb;bsp_iop_pmodb_mb;hw_base
14:51:05 INFO  : Result from executing command 'getProjects': bsp_iop_arduino_mb;bsp_iop_pmoda_mb;bsp_iop_pmodb_mb;hw_base
14:51:05 INFO  : Result from executing command 'getProjects': bsp_iop_arduino_mb;bsp_iop_pmoda_mb;bsp_iop_pmodb_mb;hw_base
14:51:08 INFO  : Result from executing command 'getProjects': bsp_iop_arduino_mb;bsp_iop_pmoda_mb;bsp_iop_pmodb_mb;bsp_iop_rpi_mb;hw_base
14:51:08 INFO  : Result from executing command 'getProjects': bsp_iop_arduino_mb;bsp_iop_pmoda_mb;bsp_iop_pmodb_mb;bsp_iop_rpi_mb;hw_base
14:51:08 INFO  : Result from executing command 'getProjects': bsp_iop_arduino_mb;bsp_iop_pmoda_mb;bsp_iop_pmodb_mb;bsp_iop_rpi_mb;hw_base
14:51:08 INFO  : Result from executing command 'getProjects': bsp_iop_arduino_mb;bsp_iop_pmoda_mb;bsp_iop_pmodb_mb;bsp_iop_rpi_mb;hw_base
14:51:08 INFO  : Result from executing command 'getProjects': bsp_iop_arduino_mb;bsp_iop_pmoda_mb;bsp_iop_pmodb_mb;bsp_iop_rpi_mb;hw_base
14:51:08 INFO  : Result from executing command 'getProjects': bsp_iop_arduino_mb;bsp_iop_pmoda_mb;bsp_iop_pmodb_mb;bsp_iop_rpi_mb;hw_base
14:51:08 INFO  : Result from executing command 'getProjects': bsp_iop_arduino_mb;bsp_iop_pmoda_mb;bsp_iop_pmodb_mb;bsp_iop_rpi_mb;hw_base
14:51:08 INFO  : Result from executing command 'getProjects': bsp_iop_arduino_mb;bsp_iop_pmoda_mb;bsp_iop_pmodb_mb;bsp_iop_rpi_mb;hw_base
14:51:08 INFO  : Result from executing command 'getProjects': bsp_iop_arduino_mb;bsp_iop_pmoda_mb;bsp_iop_pmodb_mb;bsp_iop_rpi_mb;hw_base
14:51:08 INFO  : Result from executing command 'getProjects': bsp_iop_arduino_mb;bsp_iop_pmoda_mb;bsp_iop_pmodb_mb;bsp_iop_rpi_mb;hw_base
14:51:08 INFO  : Result from executing command 'getProjects': bsp_iop_arduino_mb;bsp_iop_pmoda_mb;bsp_iop_pmodb_mb;bsp_iop_rpi_mb;hw_base
14:51:08 INFO  : Result from executing command 'getProjects': bsp_iop_arduino_mb;bsp_iop_pmoda_mb;bsp_iop_pmodb_mb;bsp_iop_rpi_mb;hw_base
14:51:08 INFO  : Result from executing command 'getProjects': bsp_iop_arduino_mb;bsp_iop_pmoda_mb;bsp_iop_pmodb_mb;bsp_iop_rpi_mb;hw_base
14:51:08 INFO  : Result from executing command 'getProjects': bsp_iop_arduino_mb;bsp_iop_pmoda_mb;bsp_iop_pmodb_mb;bsp_iop_rpi_mb;hw_base
14:51:08 INFO  : Result from executing command 'getProjects': bsp_iop_arduino_mb;bsp_iop_pmoda_mb;bsp_iop_pmodb_mb;bsp_iop_rpi_mb;hw_base
14:51:08 INFO  : Result from executing command 'getProjects': bsp_iop_arduino_mb;bsp_iop_pmoda_mb;bsp_iop_pmodb_mb;bsp_iop_rpi_mb;hw_base
14:51:08 INFO  : Result from executing command 'getProjects': bsp_iop_arduino_mb;bsp_iop_pmoda_mb;bsp_iop_pmodb_mb;bsp_iop_rpi_mb;hw_base
14:51:08 INFO  : Result from executing command 'getProjects': bsp_iop_arduino_mb;bsp_iop_pmoda_mb;bsp_iop_pmodb_mb;bsp_iop_rpi_mb;hw_base
14:51:08 INFO  : Result from executing command 'getProjects': bsp_iop_arduino_mb;bsp_iop_pmoda_mb;bsp_iop_pmodb_mb;bsp_iop_rpi_mb;hw_base
14:51:08 INFO  : Result from executing command 'getProjects': bsp_iop_arduino_mb;bsp_iop_pmoda_mb;bsp_iop_pmodb_mb;bsp_iop_rpi_mb;hw_base
14:51:08 INFO  : Result from executing command 'getProjects': bsp_iop_arduino_mb;bsp_iop_pmoda_mb;bsp_iop_pmodb_mb;bsp_iop_rpi_mb;hw_base
14:51:08 INFO  : Result from executing command 'getProjects': bsp_iop_arduino_mb;bsp_iop_pmoda_mb;bsp_iop_pmodb_mb;bsp_iop_rpi_mb;hw_base
14:51:08 INFO  : Result from executing command 'getProjects': bsp_iop_arduino_mb;bsp_iop_pmoda_mb;bsp_iop_pmodb_mb;bsp_iop_rpi_mb;hw_base
14:51:08 INFO  : Result from executing command 'getProjects': bsp_iop_arduino_mb;bsp_iop_pmoda_mb;bsp_iop_pmodb_mb;bsp_iop_rpi_mb;hw_base
14:51:08 INFO  : Result from executing command 'getProjects': bsp_iop_arduino_mb;bsp_iop_pmoda_mb;bsp_iop_pmodb_mb;bsp_iop_rpi_mb;hw_base
14:51:08 INFO  : Result from executing command 'getProjects': bsp_iop_arduino_mb;bsp_iop_pmoda_mb;bsp_iop_pmodb_mb;bsp_iop_rpi_mb;hw_base
14:51:08 INFO  : Result from executing command 'getProjects': bsp_iop_arduino_mb;bsp_iop_pmoda_mb;bsp_iop_pmodb_mb;bsp_iop_rpi_mb;hw_base
16:33:53 INFO  : Registering command handlers for SDK TCF services
16:33:55 INFO  : Restoring local repository preferences: 
		 /home/junhonglin/Xilinx/PYNQ_Dirty/boards/sw_repo
16:33:55 INFO  : Adding '/home/junhonglin/Xilinx/PYNQ_Car/Robot/sw_repo' as a new local repository.
16:34:34 INFO  : Registering command handlers for SDK TCF services
16:34:36 INFO  : Restoring local repository preferences: 
		 /home/junhonglin/Xilinx/PYNQ_Car/Robot/sw_repo
		 /home/junhonglin/Xilinx/PYNQ_Dirty/boards/sw_repo
16:36:30 INFO  : Registering command handlers for SDK TCF services
16:36:32 INFO  : Adding '/home/junhonglin/Xilinx/PYNQ_Car/Robot/sw_repo' as a new local repository.
16:36:46 INFO  : Result from executing command 'getProjects': bsp_iop_arduino_mb;hw_base
16:36:46 INFO  : Result from executing command 'getProjects': bsp_iop_arduino_mb;hw_base
16:36:46 INFO  : Result from executing command 'getProjects': bsp_iop_arduino_mb;hw_base
16:36:46 INFO  : Result from executing command 'getProjects': bsp_iop_arduino_mb;hw_base
16:36:46 INFO  : Result from executing command 'getProjects': bsp_iop_arduino_mb;hw_base
16:36:46 INFO  : Result from executing command 'getProjects': bsp_iop_arduino_mb;hw_base
16:36:46 INFO  : Result from executing command 'getProjects': bsp_iop_arduino_mb;hw_base
16:36:46 INFO  : Result from executing command 'getProjects': bsp_iop_arduino_mb;hw_base
16:36:46 INFO  : Result from executing command 'getProjects': bsp_iop_arduino_mb;hw_base
16:36:46 INFO  : Result from executing command 'getProjects': bsp_iop_arduino_mb;hw_base
16:36:46 INFO  : Result from executing command 'getProjects': bsp_iop_arduino_mb;hw_base
16:36:46 INFO  : Result from executing command 'getProjects': bsp_iop_arduino_mb;hw_base
16:36:46 INFO  : Result from executing command 'getProjects': bsp_iop_arduino_mb;hw_base
16:36:46 INFO  : Result from executing command 'getProjects': bsp_iop_arduino_mb;hw_base
16:36:46 INFO  : Result from executing command 'getProjects': bsp_iop_arduino_mb;hw_base
16:36:46 INFO  : Result from executing command 'getProjects': bsp_iop_arduino_mb;hw_base
16:36:46 INFO  : Result from executing command 'getProjects': bsp_iop_arduino_mb;hw_base
16:36:46 INFO  : Result from executing command 'getProjects': bsp_iop_arduino_mb;hw_base
16:36:47 INFO  : Result from executing command 'getProjects': bsp_iop_arduino_mb;hw_base
16:36:47 INFO  : Result from executing command 'getProjects': bsp_iop_arduino_mb;hw_base
16:36:47 INFO  : Result from executing command 'getProjects': bsp_iop_arduino_mb;hw_base
16:36:47 INFO  : Result from executing command 'getProjects': bsp_iop_arduino_mb;hw_base
16:36:47 INFO  : Result from executing command 'getProjects': bsp_iop_arduino_mb;hw_base
16:36:47 INFO  : Result from executing command 'getProjects': bsp_iop_arduino_mb;hw_base
16:36:47 INFO  : Result from executing command 'getProjects': bsp_iop_arduino_mb;hw_base
16:36:47 INFO  : Result from executing command 'getProjects': bsp_iop_arduino_mb;hw_base
16:36:47 INFO  : Result from executing command 'getProjects': bsp_iop_arduino_mb;hw_base
16:36:52 INFO  : Result from executing command 'getProjects': bsp_iop_arduino_mb;bsp_iop_pmoda_mb;hw_base
16:36:52 INFO  : Result from executing command 'getProjects': bsp_iop_arduino_mb;bsp_iop_pmoda_mb;hw_base
16:36:52 INFO  : Result from executing command 'getProjects': bsp_iop_arduino_mb;bsp_iop_pmoda_mb;hw_base
16:36:52 INFO  : Result from executing command 'getProjects': bsp_iop_arduino_mb;bsp_iop_pmoda_mb;hw_base
16:36:52 INFO  : Result from executing command 'getProjects': bsp_iop_arduino_mb;bsp_iop_pmoda_mb;hw_base
16:36:52 INFO  : Result from executing command 'getProjects': bsp_iop_arduino_mb;bsp_iop_pmoda_mb;hw_base
16:36:52 INFO  : Result from executing command 'getProjects': bsp_iop_arduino_mb;bsp_iop_pmoda_mb;hw_base
16:36:52 INFO  : Result from executing command 'getProjects': bsp_iop_arduino_mb;bsp_iop_pmoda_mb;hw_base
16:36:52 INFO  : Result from executing command 'getProjects': bsp_iop_arduino_mb;bsp_iop_pmoda_mb;hw_base
16:36:52 INFO  : Result from executing command 'getProjects': bsp_iop_arduino_mb;bsp_iop_pmoda_mb;hw_base
16:36:52 INFO  : Result from executing command 'getProjects': bsp_iop_arduino_mb;bsp_iop_pmoda_mb;hw_base
16:36:52 INFO  : Result from executing command 'getProjects': bsp_iop_arduino_mb;bsp_iop_pmoda_mb;hw_base
16:36:52 INFO  : Result from executing command 'getProjects': bsp_iop_arduino_mb;bsp_iop_pmoda_mb;hw_base
16:36:52 INFO  : Result from executing command 'getProjects': bsp_iop_arduino_mb;bsp_iop_pmoda_mb;hw_base
16:36:52 INFO  : Result from executing command 'getProjects': bsp_iop_arduino_mb;bsp_iop_pmoda_mb;hw_base
16:36:52 INFO  : Result from executing command 'getProjects': bsp_iop_arduino_mb;bsp_iop_pmoda_mb;hw_base
16:36:52 INFO  : Result from executing command 'getProjects': bsp_iop_arduino_mb;bsp_iop_pmoda_mb;hw_base
16:36:52 INFO  : Result from executing command 'getProjects': bsp_iop_arduino_mb;bsp_iop_pmoda_mb;hw_base
16:36:52 INFO  : Result from executing command 'getProjects': bsp_iop_arduino_mb;bsp_iop_pmoda_mb;hw_base
16:36:52 INFO  : Result from executing command 'getProjects': bsp_iop_arduino_mb;bsp_iop_pmoda_mb;hw_base
16:36:52 INFO  : Result from executing command 'getProjects': bsp_iop_arduino_mb;bsp_iop_pmoda_mb;hw_base
16:36:52 INFO  : Result from executing command 'getProjects': bsp_iop_arduino_mb;bsp_iop_pmoda_mb;hw_base
16:36:52 INFO  : Result from executing command 'getProjects': bsp_iop_arduino_mb;bsp_iop_pmoda_mb;hw_base
16:36:52 INFO  : Result from executing command 'getProjects': bsp_iop_arduino_mb;bsp_iop_pmoda_mb;hw_base
16:36:52 INFO  : Result from executing command 'getProjects': bsp_iop_arduino_mb;bsp_iop_pmoda_mb;hw_base
16:36:52 INFO  : Result from executing command 'getProjects': bsp_iop_arduino_mb;bsp_iop_pmoda_mb;hw_base
16:36:52 INFO  : Result from executing command 'getProjects': bsp_iop_arduino_mb;bsp_iop_pmoda_mb;hw_base
16:36:54 INFO  : Result from executing command 'getProjects': bsp_iop_arduino_mb;bsp_iop_pmoda_mb;bsp_iop_pmodb_mb;hw_base
16:36:54 INFO  : Result from executing command 'getProjects': bsp_iop_arduino_mb;bsp_iop_pmoda_mb;bsp_iop_pmodb_mb;hw_base
16:36:54 INFO  : Result from executing command 'getProjects': bsp_iop_arduino_mb;bsp_iop_pmoda_mb;bsp_iop_pmodb_mb;hw_base
16:36:54 INFO  : Result from executing command 'getProjects': bsp_iop_arduino_mb;bsp_iop_pmoda_mb;bsp_iop_pmodb_mb;hw_base
16:36:54 INFO  : Result from executing command 'getProjects': bsp_iop_arduino_mb;bsp_iop_pmoda_mb;bsp_iop_pmodb_mb;hw_base
16:36:54 INFO  : Result from executing command 'getProjects': bsp_iop_arduino_mb;bsp_iop_pmoda_mb;bsp_iop_pmodb_mb;hw_base
16:36:54 INFO  : Result from executing command 'getProjects': bsp_iop_arduino_mb;bsp_iop_pmoda_mb;bsp_iop_pmodb_mb;hw_base
16:36:54 INFO  : Result from executing command 'getProjects': bsp_iop_arduino_mb;bsp_iop_pmoda_mb;bsp_iop_pmodb_mb;hw_base
16:36:54 INFO  : Result from executing command 'getProjects': bsp_iop_arduino_mb;bsp_iop_pmoda_mb;bsp_iop_pmodb_mb;hw_base
16:36:54 INFO  : Result from executing command 'getProjects': bsp_iop_arduino_mb;bsp_iop_pmoda_mb;bsp_iop_pmodb_mb;hw_base
16:36:54 INFO  : Result from executing command 'getProjects': bsp_iop_arduino_mb;bsp_iop_pmoda_mb;bsp_iop_pmodb_mb;hw_base
16:36:54 INFO  : Result from executing command 'getProjects': bsp_iop_arduino_mb;bsp_iop_pmoda_mb;bsp_iop_pmodb_mb;hw_base
16:36:54 INFO  : Result from executing command 'getProjects': bsp_iop_arduino_mb;bsp_iop_pmoda_mb;bsp_iop_pmodb_mb;hw_base
16:36:54 INFO  : Result from executing command 'getProjects': bsp_iop_arduino_mb;bsp_iop_pmoda_mb;bsp_iop_pmodb_mb;hw_base
16:36:54 INFO  : Result from executing command 'getProjects': bsp_iop_arduino_mb;bsp_iop_pmoda_mb;bsp_iop_pmodb_mb;hw_base
16:36:54 INFO  : Result from executing command 'getProjects': bsp_iop_arduino_mb;bsp_iop_pmoda_mb;bsp_iop_pmodb_mb;hw_base
16:36:54 INFO  : Result from executing command 'getProjects': bsp_iop_arduino_mb;bsp_iop_pmoda_mb;bsp_iop_pmodb_mb;hw_base
16:36:54 INFO  : Result from executing command 'getProjects': bsp_iop_arduino_mb;bsp_iop_pmoda_mb;bsp_iop_pmodb_mb;hw_base
16:36:54 INFO  : Result from executing command 'getProjects': bsp_iop_arduino_mb;bsp_iop_pmoda_mb;bsp_iop_pmodb_mb;hw_base
16:36:54 INFO  : Result from executing command 'getProjects': bsp_iop_arduino_mb;bsp_iop_pmoda_mb;bsp_iop_pmodb_mb;hw_base
16:36:54 INFO  : Result from executing command 'getProjects': bsp_iop_arduino_mb;bsp_iop_pmoda_mb;bsp_iop_pmodb_mb;hw_base
16:36:54 INFO  : Result from executing command 'getProjects': bsp_iop_arduino_mb;bsp_iop_pmoda_mb;bsp_iop_pmodb_mb;hw_base
16:36:54 INFO  : Result from executing command 'getProjects': bsp_iop_arduino_mb;bsp_iop_pmoda_mb;bsp_iop_pmodb_mb;hw_base
16:36:54 INFO  : Result from executing command 'getProjects': bsp_iop_arduino_mb;bsp_iop_pmoda_mb;bsp_iop_pmodb_mb;hw_base
16:36:54 INFO  : Result from executing command 'getProjects': bsp_iop_arduino_mb;bsp_iop_pmoda_mb;bsp_iop_pmodb_mb;hw_base
16:36:54 INFO  : Result from executing command 'getProjects': bsp_iop_arduino_mb;bsp_iop_pmoda_mb;bsp_iop_pmodb_mb;hw_base
16:36:54 INFO  : Result from executing command 'getProjects': bsp_iop_arduino_mb;bsp_iop_pmoda_mb;bsp_iop_pmodb_mb;hw_base
16:36:58 INFO  : Result from executing command 'getProjects': bsp_iop_arduino_mb;bsp_iop_pmoda_mb;bsp_iop_pmodb_mb;bsp_iop_rpi_mb;hw_base
16:36:58 INFO  : Result from executing command 'getProjects': bsp_iop_arduino_mb;bsp_iop_pmoda_mb;bsp_iop_pmodb_mb;bsp_iop_rpi_mb;hw_base
16:36:58 INFO  : Result from executing command 'getProjects': bsp_iop_arduino_mb;bsp_iop_pmoda_mb;bsp_iop_pmodb_mb;bsp_iop_rpi_mb;hw_base
16:36:58 INFO  : Result from executing command 'getProjects': bsp_iop_arduino_mb;bsp_iop_pmoda_mb;bsp_iop_pmodb_mb;bsp_iop_rpi_mb;hw_base
16:36:58 INFO  : Result from executing command 'getProjects': bsp_iop_arduino_mb;bsp_iop_pmoda_mb;bsp_iop_pmodb_mb;bsp_iop_rpi_mb;hw_base
16:36:58 INFO  : Result from executing command 'getProjects': bsp_iop_arduino_mb;bsp_iop_pmoda_mb;bsp_iop_pmodb_mb;bsp_iop_rpi_mb;hw_base
16:36:58 INFO  : Result from executing command 'getProjects': bsp_iop_arduino_mb;bsp_iop_pmoda_mb;bsp_iop_pmodb_mb;bsp_iop_rpi_mb;hw_base
16:36:58 INFO  : Result from executing command 'getProjects': bsp_iop_arduino_mb;bsp_iop_pmoda_mb;bsp_iop_pmodb_mb;bsp_iop_rpi_mb;hw_base
16:36:58 INFO  : Result from executing command 'getProjects': bsp_iop_arduino_mb;bsp_iop_pmoda_mb;bsp_iop_pmodb_mb;bsp_iop_rpi_mb;hw_base
16:36:58 INFO  : Result from executing command 'getProjects': bsp_iop_arduino_mb;bsp_iop_pmoda_mb;bsp_iop_pmodb_mb;bsp_iop_rpi_mb;hw_base
16:36:58 INFO  : Result from executing command 'getProjects': bsp_iop_arduino_mb;bsp_iop_pmoda_mb;bsp_iop_pmodb_mb;bsp_iop_rpi_mb;hw_base
16:36:58 INFO  : Result from executing command 'getProjects': bsp_iop_arduino_mb;bsp_iop_pmoda_mb;bsp_iop_pmodb_mb;bsp_iop_rpi_mb;hw_base
16:36:58 INFO  : Result from executing command 'getProjects': bsp_iop_arduino_mb;bsp_iop_pmoda_mb;bsp_iop_pmodb_mb;bsp_iop_rpi_mb;hw_base
16:36:58 INFO  : Result from executing command 'getProjects': bsp_iop_arduino_mb;bsp_iop_pmoda_mb;bsp_iop_pmodb_mb;bsp_iop_rpi_mb;hw_base
16:36:58 INFO  : Result from executing command 'getProjects': bsp_iop_arduino_mb;bsp_iop_pmoda_mb;bsp_iop_pmodb_mb;bsp_iop_rpi_mb;hw_base
16:36:58 INFO  : Result from executing command 'getProjects': bsp_iop_arduino_mb;bsp_iop_pmoda_mb;bsp_iop_pmodb_mb;bsp_iop_rpi_mb;hw_base
16:36:58 INFO  : Result from executing command 'getProjects': bsp_iop_arduino_mb;bsp_iop_pmoda_mb;bsp_iop_pmodb_mb;bsp_iop_rpi_mb;hw_base
16:36:58 INFO  : Result from executing command 'getProjects': bsp_iop_arduino_mb;bsp_iop_pmoda_mb;bsp_iop_pmodb_mb;bsp_iop_rpi_mb;hw_base
16:36:58 INFO  : Result from executing command 'getProjects': bsp_iop_arduino_mb;bsp_iop_pmoda_mb;bsp_iop_pmodb_mb;bsp_iop_rpi_mb;hw_base
16:36:58 INFO  : Result from executing command 'getProjects': bsp_iop_arduino_mb;bsp_iop_pmoda_mb;bsp_iop_pmodb_mb;bsp_iop_rpi_mb;hw_base
16:36:58 INFO  : Result from executing command 'getProjects': bsp_iop_arduino_mb;bsp_iop_pmoda_mb;bsp_iop_pmodb_mb;bsp_iop_rpi_mb;hw_base
16:36:58 INFO  : Result from executing command 'getProjects': bsp_iop_arduino_mb;bsp_iop_pmoda_mb;bsp_iop_pmodb_mb;bsp_iop_rpi_mb;hw_base
16:36:58 INFO  : Result from executing command 'getProjects': bsp_iop_arduino_mb;bsp_iop_pmoda_mb;bsp_iop_pmodb_mb;bsp_iop_rpi_mb;hw_base
16:36:58 INFO  : Result from executing command 'getProjects': bsp_iop_arduino_mb;bsp_iop_pmoda_mb;bsp_iop_pmodb_mb;bsp_iop_rpi_mb;hw_base
16:36:58 INFO  : Result from executing command 'getProjects': bsp_iop_arduino_mb;bsp_iop_pmoda_mb;bsp_iop_pmodb_mb;bsp_iop_rpi_mb;hw_base
16:36:58 INFO  : Result from executing command 'getProjects': bsp_iop_arduino_mb;bsp_iop_pmoda_mb;bsp_iop_pmodb_mb;bsp_iop_rpi_mb;hw_base
16:36:58 INFO  : Result from executing command 'getProjects': bsp_iop_arduino_mb;bsp_iop_pmoda_mb;bsp_iop_pmodb_mb;bsp_iop_rpi_mb;hw_base
15:20:21 INFO  : Registering command handlers for SDK TCF services
15:20:23 INFO  : Adding '/home/junhonglin/Xilinx/PYNQ_Car/Robot/sw_repo' as a new local repository.
15:20:35 INFO  : Result from executing command 'getProjects': bsp_iop_arduino_mb;hw_base
15:20:35 INFO  : Result from executing command 'getProjects': bsp_iop_arduino_mb;hw_base
15:20:35 INFO  : Result from executing command 'getProjects': bsp_iop_arduino_mb;hw_base
15:20:35 INFO  : Result from executing command 'getProjects': bsp_iop_arduino_mb;hw_base
15:20:35 INFO  : Result from executing command 'getProjects': bsp_iop_arduino_mb;hw_base
15:20:35 INFO  : Result from executing command 'getProjects': bsp_iop_arduino_mb;hw_base
15:20:35 INFO  : Result from executing command 'getProjects': bsp_iop_arduino_mb;hw_base
15:20:35 INFO  : Result from executing command 'getProjects': bsp_iop_arduino_mb;hw_base
15:20:35 INFO  : Result from executing command 'getProjects': bsp_iop_arduino_mb;hw_base
15:20:35 INFO  : Result from executing command 'getProjects': bsp_iop_arduino_mb;hw_base
15:20:35 INFO  : Result from executing command 'getProjects': bsp_iop_arduino_mb;hw_base
15:20:35 INFO  : Result from executing command 'getProjects': bsp_iop_arduino_mb;hw_base
15:20:35 INFO  : Result from executing command 'getProjects': bsp_iop_arduino_mb;hw_base
15:20:35 INFO  : Result from executing command 'getProjects': bsp_iop_arduino_mb;hw_base
15:20:35 INFO  : Result from executing command 'getProjects': bsp_iop_arduino_mb;hw_base
15:20:35 INFO  : Result from executing command 'getProjects': bsp_iop_arduino_mb;hw_base
15:20:35 INFO  : Result from executing command 'getProjects': bsp_iop_arduino_mb;hw_base
15:20:35 INFO  : Result from executing command 'getProjects': bsp_iop_arduino_mb;hw_base
15:20:35 INFO  : Result from executing command 'getProjects': bsp_iop_arduino_mb;hw_base
15:20:35 INFO  : Result from executing command 'getProjects': bsp_iop_arduino_mb;hw_base
15:20:35 INFO  : Result from executing command 'getProjects': bsp_iop_arduino_mb;hw_base
15:20:35 INFO  : Result from executing command 'getProjects': bsp_iop_arduino_mb;hw_base
15:20:35 INFO  : Result from executing command 'getProjects': bsp_iop_arduino_mb;hw_base
15:20:35 INFO  : Result from executing command 'getProjects': bsp_iop_arduino_mb;hw_base
15:20:35 INFO  : Result from executing command 'getProjects': bsp_iop_arduino_mb;hw_base
15:20:35 INFO  : Result from executing command 'getProjects': bsp_iop_arduino_mb;hw_base
15:20:35 INFO  : Result from executing command 'getProjects': bsp_iop_arduino_mb;hw_base
15:20:40 INFO  : Result from executing command 'getProjects': bsp_iop_arduino_mb;bsp_iop_pmoda_mb;hw_base
15:20:40 INFO  : Result from executing command 'getProjects': bsp_iop_arduino_mb;bsp_iop_pmoda_mb;hw_base
15:20:40 INFO  : Result from executing command 'getProjects': bsp_iop_arduino_mb;bsp_iop_pmoda_mb;hw_base
15:20:40 INFO  : Result from executing command 'getProjects': bsp_iop_arduino_mb;bsp_iop_pmoda_mb;hw_base
15:20:40 INFO  : Result from executing command 'getProjects': bsp_iop_arduino_mb;bsp_iop_pmoda_mb;hw_base
15:20:40 INFO  : Result from executing command 'getProjects': bsp_iop_arduino_mb;bsp_iop_pmoda_mb;hw_base
15:20:41 INFO  : Result from executing command 'getProjects': bsp_iop_arduino_mb;bsp_iop_pmoda_mb;hw_base
15:20:41 INFO  : Result from executing command 'getProjects': bsp_iop_arduino_mb;bsp_iop_pmoda_mb;hw_base
15:20:41 INFO  : Result from executing command 'getProjects': bsp_iop_arduino_mb;bsp_iop_pmoda_mb;hw_base
15:20:41 INFO  : Result from executing command 'getProjects': bsp_iop_arduino_mb;bsp_iop_pmoda_mb;hw_base
15:20:41 INFO  : Result from executing command 'getProjects': bsp_iop_arduino_mb;bsp_iop_pmoda_mb;hw_base
15:20:41 INFO  : Result from executing command 'getProjects': bsp_iop_arduino_mb;bsp_iop_pmoda_mb;hw_base
15:20:41 INFO  : Result from executing command 'getProjects': bsp_iop_arduino_mb;bsp_iop_pmoda_mb;hw_base
15:20:41 INFO  : Result from executing command 'getProjects': bsp_iop_arduino_mb;bsp_iop_pmoda_mb;hw_base
15:20:41 INFO  : Result from executing command 'getProjects': bsp_iop_arduino_mb;bsp_iop_pmoda_mb;hw_base
15:20:41 INFO  : Result from executing command 'getProjects': bsp_iop_arduino_mb;bsp_iop_pmoda_mb;hw_base
15:20:41 INFO  : Result from executing command 'getProjects': bsp_iop_arduino_mb;bsp_iop_pmoda_mb;hw_base
15:20:41 INFO  : Result from executing command 'getProjects': bsp_iop_arduino_mb;bsp_iop_pmoda_mb;hw_base
15:20:41 INFO  : Result from executing command 'getProjects': bsp_iop_arduino_mb;bsp_iop_pmoda_mb;hw_base
15:20:41 INFO  : Result from executing command 'getProjects': bsp_iop_arduino_mb;bsp_iop_pmoda_mb;hw_base
15:20:41 INFO  : Result from executing command 'getProjects': bsp_iop_arduino_mb;bsp_iop_pmoda_mb;hw_base
15:20:41 INFO  : Result from executing command 'getProjects': bsp_iop_arduino_mb;bsp_iop_pmoda_mb;hw_base
15:20:41 INFO  : Result from executing command 'getProjects': bsp_iop_arduino_mb;bsp_iop_pmoda_mb;hw_base
15:20:41 INFO  : Result from executing command 'getProjects': bsp_iop_arduino_mb;bsp_iop_pmoda_mb;hw_base
15:20:41 INFO  : Result from executing command 'getProjects': bsp_iop_arduino_mb;bsp_iop_pmoda_mb;hw_base
15:20:41 INFO  : Result from executing command 'getProjects': bsp_iop_arduino_mb;bsp_iop_pmoda_mb;hw_base
15:20:41 INFO  : Result from executing command 'getProjects': bsp_iop_arduino_mb;bsp_iop_pmoda_mb;hw_base
15:20:43 INFO  : Result from executing command 'getProjects': bsp_iop_arduino_mb;bsp_iop_pmoda_mb;bsp_iop_pmodb_mb;hw_base
15:20:43 INFO  : Result from executing command 'getProjects': bsp_iop_arduino_mb;bsp_iop_pmoda_mb;bsp_iop_pmodb_mb;hw_base
15:20:43 INFO  : Result from executing command 'getProjects': bsp_iop_arduino_mb;bsp_iop_pmoda_mb;bsp_iop_pmodb_mb;hw_base
15:20:43 INFO  : Result from executing command 'getProjects': bsp_iop_arduino_mb;bsp_iop_pmoda_mb;bsp_iop_pmodb_mb;hw_base
15:20:43 INFO  : Result from executing command 'getProjects': bsp_iop_arduino_mb;bsp_iop_pmoda_mb;bsp_iop_pmodb_mb;hw_base
15:20:43 INFO  : Result from executing command 'getProjects': bsp_iop_arduino_mb;bsp_iop_pmoda_mb;bsp_iop_pmodb_mb;hw_base
15:20:43 INFO  : Result from executing command 'getProjects': bsp_iop_arduino_mb;bsp_iop_pmoda_mb;bsp_iop_pmodb_mb;hw_base
15:20:43 INFO  : Result from executing command 'getProjects': bsp_iop_arduino_mb;bsp_iop_pmoda_mb;bsp_iop_pmodb_mb;hw_base
15:20:43 INFO  : Result from executing command 'getProjects': bsp_iop_arduino_mb;bsp_iop_pmoda_mb;bsp_iop_pmodb_mb;hw_base
15:20:43 INFO  : Result from executing command 'getProjects': bsp_iop_arduino_mb;bsp_iop_pmoda_mb;bsp_iop_pmodb_mb;hw_base
15:20:43 INFO  : Result from executing command 'getProjects': bsp_iop_arduino_mb;bsp_iop_pmoda_mb;bsp_iop_pmodb_mb;hw_base
15:20:43 INFO  : Result from executing command 'getProjects': bsp_iop_arduino_mb;bsp_iop_pmoda_mb;bsp_iop_pmodb_mb;hw_base
15:20:43 INFO  : Result from executing command 'getProjects': bsp_iop_arduino_mb;bsp_iop_pmoda_mb;bsp_iop_pmodb_mb;hw_base
15:20:43 INFO  : Result from executing command 'getProjects': bsp_iop_arduino_mb;bsp_iop_pmoda_mb;bsp_iop_pmodb_mb;hw_base
15:20:43 INFO  : Result from executing command 'getProjects': bsp_iop_arduino_mb;bsp_iop_pmoda_mb;bsp_iop_pmodb_mb;hw_base
15:20:43 INFO  : Result from executing command 'getProjects': bsp_iop_arduino_mb;bsp_iop_pmoda_mb;bsp_iop_pmodb_mb;hw_base
15:20:43 INFO  : Result from executing command 'getProjects': bsp_iop_arduino_mb;bsp_iop_pmoda_mb;bsp_iop_pmodb_mb;hw_base
15:20:43 INFO  : Result from executing command 'getProjects': bsp_iop_arduino_mb;bsp_iop_pmoda_mb;bsp_iop_pmodb_mb;hw_base
15:20:43 INFO  : Result from executing command 'getProjects': bsp_iop_arduino_mb;bsp_iop_pmoda_mb;bsp_iop_pmodb_mb;hw_base
15:20:43 INFO  : Result from executing command 'getProjects': bsp_iop_arduino_mb;bsp_iop_pmoda_mb;bsp_iop_pmodb_mb;hw_base
15:20:43 INFO  : Result from executing command 'getProjects': bsp_iop_arduino_mb;bsp_iop_pmoda_mb;bsp_iop_pmodb_mb;hw_base
15:20:43 INFO  : Result from executing command 'getProjects': bsp_iop_arduino_mb;bsp_iop_pmoda_mb;bsp_iop_pmodb_mb;hw_base
15:20:44 INFO  : Result from executing command 'getProjects': bsp_iop_arduino_mb;bsp_iop_pmoda_mb;bsp_iop_pmodb_mb;hw_base
15:20:44 INFO  : Result from executing command 'getProjects': bsp_iop_arduino_mb;bsp_iop_pmoda_mb;bsp_iop_pmodb_mb;hw_base
15:20:44 INFO  : Result from executing command 'getProjects': bsp_iop_arduino_mb;bsp_iop_pmoda_mb;bsp_iop_pmodb_mb;hw_base
15:20:44 INFO  : Result from executing command 'getProjects': bsp_iop_arduino_mb;bsp_iop_pmoda_mb;bsp_iop_pmodb_mb;hw_base
15:20:44 INFO  : Result from executing command 'getProjects': bsp_iop_arduino_mb;bsp_iop_pmoda_mb;bsp_iop_pmodb_mb;hw_base
15:20:47 INFO  : Result from executing command 'getProjects': bsp_iop_arduino_mb;bsp_iop_pmoda_mb;bsp_iop_pmodb_mb;bsp_iop_rpi_mb;hw_base
15:20:47 INFO  : Result from executing command 'getProjects': bsp_iop_arduino_mb;bsp_iop_pmoda_mb;bsp_iop_pmodb_mb;bsp_iop_rpi_mb;hw_base
15:20:47 INFO  : Result from executing command 'getProjects': bsp_iop_arduino_mb;bsp_iop_pmoda_mb;bsp_iop_pmodb_mb;bsp_iop_rpi_mb;hw_base
15:20:47 INFO  : Result from executing command 'getProjects': bsp_iop_arduino_mb;bsp_iop_pmoda_mb;bsp_iop_pmodb_mb;bsp_iop_rpi_mb;hw_base
15:20:47 INFO  : Result from executing command 'getProjects': bsp_iop_arduino_mb;bsp_iop_pmoda_mb;bsp_iop_pmodb_mb;bsp_iop_rpi_mb;hw_base
15:20:47 INFO  : Result from executing command 'getProjects': bsp_iop_arduino_mb;bsp_iop_pmoda_mb;bsp_iop_pmodb_mb;bsp_iop_rpi_mb;hw_base
15:20:47 INFO  : Result from executing command 'getProjects': bsp_iop_arduino_mb;bsp_iop_pmoda_mb;bsp_iop_pmodb_mb;bsp_iop_rpi_mb;hw_base
15:20:47 INFO  : Result from executing command 'getProjects': bsp_iop_arduino_mb;bsp_iop_pmoda_mb;bsp_iop_pmodb_mb;bsp_iop_rpi_mb;hw_base
15:20:47 INFO  : Result from executing command 'getProjects': bsp_iop_arduino_mb;bsp_iop_pmoda_mb;bsp_iop_pmodb_mb;bsp_iop_rpi_mb;hw_base
15:20:47 INFO  : Result from executing command 'getProjects': bsp_iop_arduino_mb;bsp_iop_pmoda_mb;bsp_iop_pmodb_mb;bsp_iop_rpi_mb;hw_base
15:20:47 INFO  : Result from executing command 'getProjects': bsp_iop_arduino_mb;bsp_iop_pmoda_mb;bsp_iop_pmodb_mb;bsp_iop_rpi_mb;hw_base
15:20:47 INFO  : Result from executing command 'getProjects': bsp_iop_arduino_mb;bsp_iop_pmoda_mb;bsp_iop_pmodb_mb;bsp_iop_rpi_mb;hw_base
15:20:47 INFO  : Result from executing command 'getProjects': bsp_iop_arduino_mb;bsp_iop_pmoda_mb;bsp_iop_pmodb_mb;bsp_iop_rpi_mb;hw_base
15:20:47 INFO  : Result from executing command 'getProjects': bsp_iop_arduino_mb;bsp_iop_pmoda_mb;bsp_iop_pmodb_mb;bsp_iop_rpi_mb;hw_base
15:20:47 INFO  : Result from executing command 'getProjects': bsp_iop_arduino_mb;bsp_iop_pmoda_mb;bsp_iop_pmodb_mb;bsp_iop_rpi_mb;hw_base
15:20:47 INFO  : Result from executing command 'getProjects': bsp_iop_arduino_mb;bsp_iop_pmoda_mb;bsp_iop_pmodb_mb;bsp_iop_rpi_mb;hw_base
15:20:47 INFO  : Result from executing command 'getProjects': bsp_iop_arduino_mb;bsp_iop_pmoda_mb;bsp_iop_pmodb_mb;bsp_iop_rpi_mb;hw_base
15:20:47 INFO  : Result from executing command 'getProjects': bsp_iop_arduino_mb;bsp_iop_pmoda_mb;bsp_iop_pmodb_mb;bsp_iop_rpi_mb;hw_base
15:20:47 INFO  : Result from executing command 'getProjects': bsp_iop_arduino_mb;bsp_iop_pmoda_mb;bsp_iop_pmodb_mb;bsp_iop_rpi_mb;hw_base
15:20:47 INFO  : Result from executing command 'getProjects': bsp_iop_arduino_mb;bsp_iop_pmoda_mb;bsp_iop_pmodb_mb;bsp_iop_rpi_mb;hw_base
15:20:47 INFO  : Result from executing command 'getProjects': bsp_iop_arduino_mb;bsp_iop_pmoda_mb;bsp_iop_pmodb_mb;bsp_iop_rpi_mb;hw_base
15:20:47 INFO  : Result from executing command 'getProjects': bsp_iop_arduino_mb;bsp_iop_pmoda_mb;bsp_iop_pmodb_mb;bsp_iop_rpi_mb;hw_base
15:20:47 INFO  : Result from executing command 'getProjects': bsp_iop_arduino_mb;bsp_iop_pmoda_mb;bsp_iop_pmodb_mb;bsp_iop_rpi_mb;hw_base
15:20:47 INFO  : Result from executing command 'getProjects': bsp_iop_arduino_mb;bsp_iop_pmoda_mb;bsp_iop_pmodb_mb;bsp_iop_rpi_mb;hw_base
15:20:47 INFO  : Result from executing command 'getProjects': bsp_iop_arduino_mb;bsp_iop_pmoda_mb;bsp_iop_pmodb_mb;bsp_iop_rpi_mb;hw_base
15:20:47 INFO  : Result from executing command 'getProjects': bsp_iop_arduino_mb;bsp_iop_pmoda_mb;bsp_iop_pmodb_mb;bsp_iop_rpi_mb;hw_base
15:20:47 INFO  : Result from executing command 'getProjects': bsp_iop_arduino_mb;bsp_iop_pmoda_mb;bsp_iop_pmodb_mb;bsp_iop_rpi_mb;hw_base
16:43:27 INFO  : Registering command handlers for SDK TCF services
16:43:30 INFO  : Adding '/home/junhonglin/Xilinx/PYNQ_Car/Robot/sw_repo' as a new local repository.
16:43:43 INFO  : Result from executing command 'getProjects': bsp_iop_arduino_mb;hw_base
16:43:43 INFO  : Result from executing command 'getProjects': bsp_iop_arduino_mb;hw_base
16:43:43 INFO  : Result from executing command 'getProjects': bsp_iop_arduino_mb;hw_base
16:43:43 INFO  : Result from executing command 'getProjects': bsp_iop_arduino_mb;hw_base
16:43:43 INFO  : Result from executing command 'getProjects': bsp_iop_arduino_mb;hw_base
16:43:43 INFO  : Result from executing command 'getProjects': bsp_iop_arduino_mb;hw_base
16:43:43 INFO  : Result from executing command 'getProjects': bsp_iop_arduino_mb;hw_base
16:43:43 INFO  : Result from executing command 'getProjects': bsp_iop_arduino_mb;hw_base
16:43:43 INFO  : Result from executing command 'getProjects': bsp_iop_arduino_mb;hw_base
16:43:43 INFO  : Result from executing command 'getProjects': bsp_iop_arduino_mb;hw_base
16:43:43 INFO  : Result from executing command 'getProjects': bsp_iop_arduino_mb;hw_base
16:43:43 INFO  : Result from executing command 'getProjects': bsp_iop_arduino_mb;hw_base
16:43:43 INFO  : Result from executing command 'getProjects': bsp_iop_arduino_mb;hw_base
16:43:43 INFO  : Result from executing command 'getProjects': bsp_iop_arduino_mb;hw_base
16:43:43 INFO  : Result from executing command 'getProjects': bsp_iop_arduino_mb;hw_base
16:43:43 INFO  : Result from executing command 'getProjects': bsp_iop_arduino_mb;hw_base
16:43:43 INFO  : Result from executing command 'getProjects': bsp_iop_arduino_mb;hw_base
16:43:43 INFO  : Result from executing command 'getProjects': bsp_iop_arduino_mb;hw_base
16:43:43 INFO  : Result from executing command 'getProjects': bsp_iop_arduino_mb;hw_base
16:43:43 INFO  : Result from executing command 'getProjects': bsp_iop_arduino_mb;hw_base
16:43:43 INFO  : Result from executing command 'getProjects': bsp_iop_arduino_mb;hw_base
16:43:43 INFO  : Result from executing command 'getProjects': bsp_iop_arduino_mb;hw_base
16:43:43 INFO  : Result from executing command 'getProjects': bsp_iop_arduino_mb;hw_base
16:43:43 INFO  : Result from executing command 'getProjects': bsp_iop_arduino_mb;hw_base
16:43:43 INFO  : Result from executing command 'getProjects': bsp_iop_arduino_mb;hw_base
16:43:43 INFO  : Result from executing command 'getProjects': bsp_iop_arduino_mb;hw_base
16:43:43 INFO  : Result from executing command 'getProjects': bsp_iop_arduino_mb;hw_base
16:43:48 INFO  : Result from executing command 'getProjects': bsp_iop_arduino_mb;bsp_iop_pmoda_mb;hw_base
16:43:48 INFO  : Result from executing command 'getProjects': bsp_iop_arduino_mb;bsp_iop_pmoda_mb;hw_base
16:43:48 INFO  : Result from executing command 'getProjects': bsp_iop_arduino_mb;bsp_iop_pmoda_mb;hw_base
16:43:48 INFO  : Result from executing command 'getProjects': bsp_iop_arduino_mb;bsp_iop_pmoda_mb;hw_base
16:43:48 INFO  : Result from executing command 'getProjects': bsp_iop_arduino_mb;bsp_iop_pmoda_mb;hw_base
16:43:48 INFO  : Result from executing command 'getProjects': bsp_iop_arduino_mb;bsp_iop_pmoda_mb;hw_base
16:43:48 INFO  : Result from executing command 'getProjects': bsp_iop_arduino_mb;bsp_iop_pmoda_mb;hw_base
16:43:48 INFO  : Result from executing command 'getProjects': bsp_iop_arduino_mb;bsp_iop_pmoda_mb;hw_base
16:43:48 INFO  : Result from executing command 'getProjects': bsp_iop_arduino_mb;bsp_iop_pmoda_mb;hw_base
16:43:48 INFO  : Result from executing command 'getProjects': bsp_iop_arduino_mb;bsp_iop_pmoda_mb;hw_base
16:43:48 INFO  : Result from executing command 'getProjects': bsp_iop_arduino_mb;bsp_iop_pmoda_mb;hw_base
16:43:48 INFO  : Result from executing command 'getProjects': bsp_iop_arduino_mb;bsp_iop_pmoda_mb;hw_base
16:43:48 INFO  : Result from executing command 'getProjects': bsp_iop_arduino_mb;bsp_iop_pmoda_mb;hw_base
16:43:48 INFO  : Result from executing command 'getProjects': bsp_iop_arduino_mb;bsp_iop_pmoda_mb;hw_base
16:43:48 INFO  : Result from executing command 'getProjects': bsp_iop_arduino_mb;bsp_iop_pmoda_mb;hw_base
16:43:48 INFO  : Result from executing command 'getProjects': bsp_iop_arduino_mb;bsp_iop_pmoda_mb;hw_base
16:43:48 INFO  : Result from executing command 'getProjects': bsp_iop_arduino_mb;bsp_iop_pmoda_mb;hw_base
16:43:48 INFO  : Result from executing command 'getProjects': bsp_iop_arduino_mb;bsp_iop_pmoda_mb;hw_base
16:43:48 INFO  : Result from executing command 'getProjects': bsp_iop_arduino_mb;bsp_iop_pmoda_mb;hw_base
16:43:48 INFO  : Result from executing command 'getProjects': bsp_iop_arduino_mb;bsp_iop_pmoda_mb;hw_base
16:43:48 INFO  : Result from executing command 'getProjects': bsp_iop_arduino_mb;bsp_iop_pmoda_mb;hw_base
16:43:48 INFO  : Result from executing command 'getProjects': bsp_iop_arduino_mb;bsp_iop_pmoda_mb;hw_base
16:43:48 INFO  : Result from executing command 'getProjects': bsp_iop_arduino_mb;bsp_iop_pmoda_mb;hw_base
16:43:48 INFO  : Result from executing command 'getProjects': bsp_iop_arduino_mb;bsp_iop_pmoda_mb;hw_base
16:43:48 INFO  : Result from executing command 'getProjects': bsp_iop_arduino_mb;bsp_iop_pmoda_mb;hw_base
16:43:48 INFO  : Result from executing command 'getProjects': bsp_iop_arduino_mb;bsp_iop_pmoda_mb;hw_base
16:43:48 INFO  : Result from executing command 'getProjects': bsp_iop_arduino_mb;bsp_iop_pmoda_mb;hw_base
16:43:50 INFO  : Result from executing command 'getProjects': bsp_iop_arduino_mb;bsp_iop_pmoda_mb;bsp_iop_pmodb_mb;hw_base
16:43:50 INFO  : Result from executing command 'getProjects': bsp_iop_arduino_mb;bsp_iop_pmoda_mb;bsp_iop_pmodb_mb;hw_base
16:43:50 INFO  : Result from executing command 'getProjects': bsp_iop_arduino_mb;bsp_iop_pmoda_mb;bsp_iop_pmodb_mb;hw_base
16:43:50 INFO  : Result from executing command 'getProjects': bsp_iop_arduino_mb;bsp_iop_pmoda_mb;bsp_iop_pmodb_mb;hw_base
16:43:50 INFO  : Result from executing command 'getProjects': bsp_iop_arduino_mb;bsp_iop_pmoda_mb;bsp_iop_pmodb_mb;hw_base
16:43:50 INFO  : Result from executing command 'getProjects': bsp_iop_arduino_mb;bsp_iop_pmoda_mb;bsp_iop_pmodb_mb;hw_base
16:43:50 INFO  : Result from executing command 'getProjects': bsp_iop_arduino_mb;bsp_iop_pmoda_mb;bsp_iop_pmodb_mb;hw_base
16:43:50 INFO  : Result from executing command 'getProjects': bsp_iop_arduino_mb;bsp_iop_pmoda_mb;bsp_iop_pmodb_mb;hw_base
16:43:50 INFO  : Result from executing command 'getProjects': bsp_iop_arduino_mb;bsp_iop_pmoda_mb;bsp_iop_pmodb_mb;hw_base
16:43:50 INFO  : Result from executing command 'getProjects': bsp_iop_arduino_mb;bsp_iop_pmoda_mb;bsp_iop_pmodb_mb;hw_base
16:43:50 INFO  : Result from executing command 'getProjects': bsp_iop_arduino_mb;bsp_iop_pmoda_mb;bsp_iop_pmodb_mb;hw_base
16:43:50 INFO  : Result from executing command 'getProjects': bsp_iop_arduino_mb;bsp_iop_pmoda_mb;bsp_iop_pmodb_mb;hw_base
16:43:50 INFO  : Result from executing command 'getProjects': bsp_iop_arduino_mb;bsp_iop_pmoda_mb;bsp_iop_pmodb_mb;hw_base
16:43:50 INFO  : Result from executing command 'getProjects': bsp_iop_arduino_mb;bsp_iop_pmoda_mb;bsp_iop_pmodb_mb;hw_base
16:43:50 INFO  : Result from executing command 'getProjects': bsp_iop_arduino_mb;bsp_iop_pmoda_mb;bsp_iop_pmodb_mb;hw_base
16:43:50 INFO  : Result from executing command 'getProjects': bsp_iop_arduino_mb;bsp_iop_pmoda_mb;bsp_iop_pmodb_mb;hw_base
16:43:50 INFO  : Result from executing command 'getProjects': bsp_iop_arduino_mb;bsp_iop_pmoda_mb;bsp_iop_pmodb_mb;hw_base
16:43:50 INFO  : Result from executing command 'getProjects': bsp_iop_arduino_mb;bsp_iop_pmoda_mb;bsp_iop_pmodb_mb;hw_base
16:43:50 INFO  : Result from executing command 'getProjects': bsp_iop_arduino_mb;bsp_iop_pmoda_mb;bsp_iop_pmodb_mb;hw_base
16:43:50 INFO  : Result from executing command 'getProjects': bsp_iop_arduino_mb;bsp_iop_pmoda_mb;bsp_iop_pmodb_mb;hw_base
16:43:50 INFO  : Result from executing command 'getProjects': bsp_iop_arduino_mb;bsp_iop_pmoda_mb;bsp_iop_pmodb_mb;hw_base
16:43:50 INFO  : Result from executing command 'getProjects': bsp_iop_arduino_mb;bsp_iop_pmoda_mb;bsp_iop_pmodb_mb;hw_base
16:43:50 INFO  : Result from executing command 'getProjects': bsp_iop_arduino_mb;bsp_iop_pmoda_mb;bsp_iop_pmodb_mb;hw_base
16:43:50 INFO  : Result from executing command 'getProjects': bsp_iop_arduino_mb;bsp_iop_pmoda_mb;bsp_iop_pmodb_mb;hw_base
16:43:50 INFO  : Result from executing command 'getProjects': bsp_iop_arduino_mb;bsp_iop_pmoda_mb;bsp_iop_pmodb_mb;hw_base
16:43:50 INFO  : Result from executing command 'getProjects': bsp_iop_arduino_mb;bsp_iop_pmoda_mb;bsp_iop_pmodb_mb;hw_base
16:43:50 INFO  : Result from executing command 'getProjects': bsp_iop_arduino_mb;bsp_iop_pmoda_mb;bsp_iop_pmodb_mb;hw_base
16:43:54 INFO  : Result from executing command 'getProjects': bsp_iop_arduino_mb;bsp_iop_pmoda_mb;bsp_iop_pmodb_mb;bsp_iop_rpi_mb;hw_base
16:43:54 INFO  : Result from executing command 'getProjects': bsp_iop_arduino_mb;bsp_iop_pmoda_mb;bsp_iop_pmodb_mb;bsp_iop_rpi_mb;hw_base
16:43:54 INFO  : Result from executing command 'getProjects': bsp_iop_arduino_mb;bsp_iop_pmoda_mb;bsp_iop_pmodb_mb;bsp_iop_rpi_mb;hw_base
16:43:54 INFO  : Result from executing command 'getProjects': bsp_iop_arduino_mb;bsp_iop_pmoda_mb;bsp_iop_pmodb_mb;bsp_iop_rpi_mb;hw_base
16:43:54 INFO  : Result from executing command 'getProjects': bsp_iop_arduino_mb;bsp_iop_pmoda_mb;bsp_iop_pmodb_mb;bsp_iop_rpi_mb;hw_base
16:43:54 INFO  : Result from executing command 'getProjects': bsp_iop_arduino_mb;bsp_iop_pmoda_mb;bsp_iop_pmodb_mb;bsp_iop_rpi_mb;hw_base
16:43:54 INFO  : Result from executing command 'getProjects': bsp_iop_arduino_mb;bsp_iop_pmoda_mb;bsp_iop_pmodb_mb;bsp_iop_rpi_mb;hw_base
16:43:54 INFO  : Result from executing command 'getProjects': bsp_iop_arduino_mb;bsp_iop_pmoda_mb;bsp_iop_pmodb_mb;bsp_iop_rpi_mb;hw_base
16:43:54 INFO  : Result from executing command 'getProjects': bsp_iop_arduino_mb;bsp_iop_pmoda_mb;bsp_iop_pmodb_mb;bsp_iop_rpi_mb;hw_base
16:43:54 INFO  : Result from executing command 'getProjects': bsp_iop_arduino_mb;bsp_iop_pmoda_mb;bsp_iop_pmodb_mb;bsp_iop_rpi_mb;hw_base
16:43:54 INFO  : Result from executing command 'getProjects': bsp_iop_arduino_mb;bsp_iop_pmoda_mb;bsp_iop_pmodb_mb;bsp_iop_rpi_mb;hw_base
16:43:54 INFO  : Result from executing command 'getProjects': bsp_iop_arduino_mb;bsp_iop_pmoda_mb;bsp_iop_pmodb_mb;bsp_iop_rpi_mb;hw_base
16:43:54 INFO  : Result from executing command 'getProjects': bsp_iop_arduino_mb;bsp_iop_pmoda_mb;bsp_iop_pmodb_mb;bsp_iop_rpi_mb;hw_base
16:43:54 INFO  : Result from executing command 'getProjects': bsp_iop_arduino_mb;bsp_iop_pmoda_mb;bsp_iop_pmodb_mb;bsp_iop_rpi_mb;hw_base
16:43:54 INFO  : Result from executing command 'getProjects': bsp_iop_arduino_mb;bsp_iop_pmoda_mb;bsp_iop_pmodb_mb;bsp_iop_rpi_mb;hw_base
16:43:54 INFO  : Result from executing command 'getProjects': bsp_iop_arduino_mb;bsp_iop_pmoda_mb;bsp_iop_pmodb_mb;bsp_iop_rpi_mb;hw_base
16:43:54 INFO  : Result from executing command 'getProjects': bsp_iop_arduino_mb;bsp_iop_pmoda_mb;bsp_iop_pmodb_mb;bsp_iop_rpi_mb;hw_base
16:43:54 INFO  : Result from executing command 'getProjects': bsp_iop_arduino_mb;bsp_iop_pmoda_mb;bsp_iop_pmodb_mb;bsp_iop_rpi_mb;hw_base
16:43:54 INFO  : Result from executing command 'getProjects': bsp_iop_arduino_mb;bsp_iop_pmoda_mb;bsp_iop_pmodb_mb;bsp_iop_rpi_mb;hw_base
16:43:54 INFO  : Result from executing command 'getProjects': bsp_iop_arduino_mb;bsp_iop_pmoda_mb;bsp_iop_pmodb_mb;bsp_iop_rpi_mb;hw_base
16:43:54 INFO  : Result from executing command 'getProjects': bsp_iop_arduino_mb;bsp_iop_pmoda_mb;bsp_iop_pmodb_mb;bsp_iop_rpi_mb;hw_base
16:43:54 INFO  : Result from executing command 'getProjects': bsp_iop_arduino_mb;bsp_iop_pmoda_mb;bsp_iop_pmodb_mb;bsp_iop_rpi_mb;hw_base
16:43:54 INFO  : Result from executing command 'getProjects': bsp_iop_arduino_mb;bsp_iop_pmoda_mb;bsp_iop_pmodb_mb;bsp_iop_rpi_mb;hw_base
16:43:54 INFO  : Result from executing command 'getProjects': bsp_iop_arduino_mb;bsp_iop_pmoda_mb;bsp_iop_pmodb_mb;bsp_iop_rpi_mb;hw_base
16:43:54 INFO  : Result from executing command 'getProjects': bsp_iop_arduino_mb;bsp_iop_pmoda_mb;bsp_iop_pmodb_mb;bsp_iop_rpi_mb;hw_base
16:43:54 INFO  : Result from executing command 'getProjects': bsp_iop_arduino_mb;bsp_iop_pmoda_mb;bsp_iop_pmodb_mb;bsp_iop_rpi_mb;hw_base
16:43:54 INFO  : Result from executing command 'getProjects': bsp_iop_arduino_mb;bsp_iop_pmoda_mb;bsp_iop_pmodb_mb;bsp_iop_rpi_mb;hw_base
