#-----------------------------------------------------------
# Webtalk v2018.2 (64-bit)
# SW Build 2258646 on Thu Jun 14 20:02:38 MDT 2018
# 
# Start of session at: Tue Mar 26 16:16:30 2019
# Process ID: 15985
# Current directory: /home/junhonglin/Xilinx/PYNQ_Car/Robot/sw_repo/webtalk
# Command line: wbtcv -mode batch -source sdk_webtalk.tcl
# Log file: /home/junhonglin/Xilinx/PYNQ_Car/Robot/sw_repo/webtalk/webtalk.log
# Journal file: /home/junhonglin/Xilinx/PYNQ_Car/Robot/sw_repo/webtalk/webtalk.jou
#-----------------------------------------------------------
source sdk_webtalk.tcl
# webtalk_init -webtalk_dir /home/junhonglin/Xilinx/PYNQ_Car/Robot/sw_repo/webtalk
# webtalk_register_client -client project
# webtalk_add_data -client project -key date_generated -value "2019-03-26 16:16:28" -context "software_version_and_target_device"
# webtalk_add_data -client project -key product_version -value "SDK v2018.2" -context "software_version_and_target_device"
# webtalk_add_data -client project -key build_version -value "2018.2" -context "software_version_and_target_device"
# webtalk_add_data -client project -key os_platform -value "amd64" -context "software_version_and_target_device"
# webtalk_add_data -client project -key registration_id -value "" -context "software_version_and_target_device"
# webtalk_add_data -client project -key tool_flow -value "SDK" -context "software_version_and_target_device"
# webtalk_add_data -client project -key beta -value "false" -context "software_version_and_target_device"
# webtalk_add_data -client project -key route_design -value "NA" -context "software_version_and_target_device"
# webtalk_add_data -client project -key target_family -value "NA" -context "software_version_and_target_device"
# webtalk_add_data -client project -key target_device -value "NA" -context "software_version_and_target_device"
# webtalk_add_data -client project -key target_package -value "NA" -context "software_version_and_target_device"
# webtalk_add_data -client project -key target_speed -value "NA" -context "software_version_and_target_device"
# webtalk_add_data -client project -key random_id -value "n1qnc3braong2uvv4g8ej8ldq1" -context "software_version_and_target_device"
# webtalk_add_data -client project -key project_id -value "2018.2_2" -context "software_version_and_target_device"
# webtalk_add_data -client project -key project_iteration -value "2" -context "software_version_and_target_device"
# webtalk_add_data -client project -key os_name -value "Ubuntu" -context "user_environment"
# webtalk_add_data -client project -key os_release -value "Ubuntu 18.04.2 LTS" -context "user_environment"
# webtalk_add_data -client project -key cpu_name -value "Intel(R) Core(TM) i7-4720HQ CPU @ 2.60GHz" -context "user_environment"
# webtalk_add_data -client project -key cpu_speed -value "2601.000 MHz" -context "user_environment"
# webtalk_add_data -client project -key total_processors -value "8" -context "user_environment"
# webtalk_add_data -client project -key system_ram -value "8.340 GB" -context "user_environment"
# webtalk_register_client -client sdk
# webtalk_add_data -client sdk -key uid -value "1553580349000" -context "sdk\\\\application/1553580349000"
# webtalk_add_data -client sdk -key hwid -value "1553238815000" -context "sdk\\\\application/1553580349000"
# webtalk_add_data -client sdk -key bspid -value "1553238816000" -context "sdk\\\\application/1553580349000"
# webtalk_add_data -client sdk -key newbsp -value "false" -context "sdk\\\\application/1553580349000"
# webtalk_add_data -client sdk -key os -value "standalone" -context "sdk\\\\application/1553580349000"
# webtalk_add_data -client sdk -key apptemplate -value "empty_application" -context "sdk\\\\application/1553580349000"
# webtalk_add_data -client sdk -key RecordType -value "APPCreation" -context "sdk\\\\application/1553580349000"
# webtalk_add_data -client sdk -key LangUsed -value "CPP" -context "sdk\\\\application/1553580349000"
# webtalk_add_data -client sdk -key Procused -value "microblaze" -context "sdk\\\\application/1553580349000"
# webtalk_add_data -client sdk -key uid -value "1553580406000" -context "sdk\\\\application/1553580406000"
# webtalk_add_data -client sdk -key hwid -value "1553238815000" -context "sdk\\\\application/1553580406000"
# webtalk_add_data -client sdk -key bspid -value "1553238816000" -context "sdk\\\\application/1553580406000"
# webtalk_add_data -client sdk -key newbsp -value "false" -context "sdk\\\\application/1553580406000"
# webtalk_add_data -client sdk -key os -value "standalone" -context "sdk\\\\application/1553580406000"
# webtalk_add_data -client sdk -key apptemplate -value "hello_world" -context "sdk\\\\application/1553580406000"
# webtalk_add_data -client sdk -key RecordType -value "APPCreation" -context "sdk\\\\application/1553580406000"
# webtalk_add_data -client sdk -key LangUsed -value "C" -context "sdk\\\\application/1553580406000"
# webtalk_add_data -client sdk -key Procused -value "microblaze" -context "sdk\\\\application/1553580406000"
# webtalk_add_data -client sdk -key uid -value "1553580617000" -context "sdk\\\\application/1553580617000"
# webtalk_add_data -client sdk -key hwid -value "1553238815000" -context "sdk\\\\application/1553580617000"
# webtalk_add_data -client sdk -key bspid -value "1553238816000" -context "sdk\\\\application/1553580617000"
# webtalk_add_data -client sdk -key newbsp -value "false" -context "sdk\\\\application/1553580617000"
# webtalk_add_data -client sdk -key os -value "standalone" -context "sdk\\\\application/1553580617000"
# webtalk_add_data -client sdk -key apptemplate -value "empty_application" -context "sdk\\\\application/1553580617000"
# webtalk_add_data -client sdk -key RecordType -value "APPCreation" -context "sdk\\\\application/1553580617000"
# webtalk_add_data -client sdk -key LangUsed -value "CPP" -context "sdk\\\\application/1553580617000"
# webtalk_add_data -client sdk -key Procused -value "microblaze" -context "sdk\\\\application/1553580617000"
# webtalk_add_data -client sdk -key uid -value "1553584581000" -context "sdk\\\\application/1553584581000"
# webtalk_add_data -client sdk -key hwid -value "1553238815000" -context "sdk\\\\application/1553584581000"
# webtalk_add_data -client sdk -key bspid -value "1553238816000" -context "sdk\\\\application/1553584581000"
# webtalk_add_data -client sdk -key newbsp -value "false" -context "sdk\\\\application/1553584581000"
# webtalk_add_data -client sdk -key os -value "standalone" -context "sdk\\\\application/1553584581000"
# webtalk_add_data -client sdk -key apptemplate -value "empty_application" -context "sdk\\\\application/1553584581000"
# webtalk_add_data -client sdk -key RecordType -value "APPCreation" -context "sdk\\\\application/1553584581000"
# webtalk_add_data -client sdk -key LangUsed -value "CPP" -context "sdk\\\\application/1553584581000"
# webtalk_add_data -client sdk -key Procused -value "microblaze" -context "sdk\\\\application/1553584581000"
# webtalk_add_data -client sdk -key uid -value "NA" -context "sdk\\\\bsp/1553588188647"
# webtalk_add_data -client sdk -key RecordType -value "ToolUsage" -context "sdk\\\\bsp/1553588188647"
# webtalk_add_data -client sdk -key BootgenCount -value "0" -context "sdk\\\\bsp/1553588188647"
# webtalk_add_data -client sdk -key DebugCount -value "2" -context "sdk\\\\bsp/1553588188647"
# webtalk_add_data -client sdk -key PerfCount -value "0" -context "sdk\\\\bsp/1553588188647"
# webtalk_add_data -client sdk -key FlashCount -value "0" -context "sdk\\\\bsp/1553588188647"
# webtalk_add_data -client sdk -key CrossTriggCount -value "0" -context "sdk\\\\bsp/1553588188647"
# webtalk_add_data -client sdk -key QemuDebugCount -value "0" -context "sdk\\\\bsp/1553588188647"
# webtalk_transmit -clientid 3436468731 -regid "" -xml /home/junhonglin/Xilinx/PYNQ_Car/Robot/sw_repo/webtalk/usage_statistics_ext_sdk.xml -html /home/junhonglin/Xilinx/PYNQ_Car/Robot/sw_repo/webtalk/usage_statistics_ext_sdk.html -wdm /home/junhonglin/Xilinx/PYNQ_Car/Robot/sw_repo/webtalk/sdk_webtalk.wdm -intro "<H3>SDK Usage Report</H3><BR>"
# webtalk_terminate
INFO: [Common 17-206] Exiting Webtalk at Tue Mar 26 16:16:30 2019...
