
*** Running vivado
    with args -log base_mb_iop_arduino_reset_0.vds -m64 -product Vivado -mode batch -messageDb vivado.pb -notrace -source base_mb_iop_arduino_reset_0.tcl


****** Vivado v2018.2 (64-bit)
  **** SW Build 2258646 on Thu Jun 14 20:02:38 MDT 2018
  **** IP Build 2256618 on Thu Jun 14 22:10:49 MDT 2018
    ** Copyright 1986-2018 Xilinx, Inc. All Rights Reserved.

source base_mb_iop_arduino_reset_0.tcl -notrace
Command: synth_design -top base_mb_iop_arduino_reset_0 -part xc7z020clg400-1 -mode out_of_context
Starting synth_design
Attempting to get a license for feature 'Synthesis' and/or device 'xc7z020'
INFO: [Common 17-349] Got license for feature 'Synthesis' and/or device 'xc7z020'
INFO: Launching helper process for spawning children vivado processes
INFO: Helper process launched with PID 31353 
---------------------------------------------------------------------------------
Starting RTL Elaboration : Time (s): cpu = 00:00:04 ; elapsed = 00:00:05 . Memory (MB): peak = 1343.328 ; gain = 84.707 ; free physical = 1333 ; free virtual = 4839
---------------------------------------------------------------------------------
INFO: [Synth 8-6157] synthesizing module 'base_mb_iop_arduino_reset_0' [/home/junhonglin/Xilinx/PYNQ_Car/Robot/Robot.srcs/sources_1/bd/base/ip/base_mb_iop_arduino_reset_0/synth/base_mb_iop_arduino_reset_0.v:57]
INFO: [Synth 8-6157] synthesizing module 'xlslice_v1_0_1_xlslice' [/home/junhonglin/Xilinx/PYNQ_Car/Robot/Robot.srcs/sources_1/bd/base/ipshared/f3db/hdl/xlslice_v1_0_vl_rfs.v:13]
	Parameter DIN_WIDTH bound to: 10 - type: integer 
	Parameter DIN_FROM bound to: 2 - type: integer 
	Parameter DIN_TO bound to: 2 - type: integer 
INFO: [Synth 8-6155] done synthesizing module 'xlslice_v1_0_1_xlslice' (1#1) [/home/junhonglin/Xilinx/PYNQ_Car/Robot/Robot.srcs/sources_1/bd/base/ipshared/f3db/hdl/xlslice_v1_0_vl_rfs.v:13]
INFO: [Synth 8-6155] done synthesizing module 'base_mb_iop_arduino_reset_0' (2#1) [/home/junhonglin/Xilinx/PYNQ_Car/Robot/Robot.srcs/sources_1/bd/base/ip/base_mb_iop_arduino_reset_0/synth/base_mb_iop_arduino_reset_0.v:57]
WARNING: [Synth 8-3331] design xlslice_v1_0_1_xlslice has unconnected port Din[9]
WARNING: [Synth 8-3331] design xlslice_v1_0_1_xlslice has unconnected port Din[8]
WARNING: [Synth 8-3331] design xlslice_v1_0_1_xlslice has unconnected port Din[7]
WARNING: [Synth 8-3331] design xlslice_v1_0_1_xlslice has unconnected port Din[6]
WARNING: [Synth 8-3331] design xlslice_v1_0_1_xlslice has unconnected port Din[5]
WARNING: [Synth 8-3331] design xlslice_v1_0_1_xlslice has unconnected port Din[4]
WARNING: [Synth 8-3331] design xlslice_v1_0_1_xlslice has unconnected port Din[3]
WARNING: [Synth 8-3331] design xlslice_v1_0_1_xlslice has unconnected port Din[1]
WARNING: [Synth 8-3331] design xlslice_v1_0_1_xlslice has unconnected port Din[0]
---------------------------------------------------------------------------------
Finished RTL Elaboration : Time (s): cpu = 00:00:06 ; elapsed = 00:00:08 . Memory (MB): peak = 1388.953 ; gain = 130.332 ; free physical = 1233 ; free virtual = 4738
---------------------------------------------------------------------------------

Report Check Netlist: 
+------+------------------+-------+---------+-------+------------------+
|      |Item              |Errors |Warnings |Status |Description       |
+------+------------------+-------+---------+-------+------------------+
|1     |multi_driven_nets |      0|        0|Passed |Multi driven nets |
+------+------------------+-------+---------+-------+------------------+
---------------------------------------------------------------------------------
Start Handling Custom Attributes
---------------------------------------------------------------------------------
---------------------------------------------------------------------------------
Finished Handling Custom Attributes : Time (s): cpu = 00:00:06 ; elapsed = 00:00:09 . Memory (MB): peak = 1388.953 ; gain = 130.332 ; free physical = 1215 ; free virtual = 4720
---------------------------------------------------------------------------------
---------------------------------------------------------------------------------
Finished RTL Optimization Phase 1 : Time (s): cpu = 00:00:06 ; elapsed = 00:00:09 . Memory (MB): peak = 1388.953 ; gain = 130.332 ; free physical = 1215 ; free virtual = 4720
---------------------------------------------------------------------------------
INFO: [Device 21-403] Loading part xc7z020clg400-1
INFO: [Project 1-570] Preparing netlist for logic optimization

Processing XDC Constraints
Initializing timing engine
Completed Processing XDC Constraints

INFO: [Project 1-111] Unisim Transformation Summary:
No Unisim elements were transformed.

WARNING: [Constraints 18-5210] No constraint will be written out.
Constraint Validation Runtime : Time (s): cpu = 00:00:00.10 ; elapsed = 00:00:00.21 . Memory (MB): peak = 1671.969 ; gain = 2.000 ; free physical = 560 ; free virtual = 4069
---------------------------------------------------------------------------------
Finished Constraint Validation : Time (s): cpu = 00:00:29 ; elapsed = 00:01:07 . Memory (MB): peak = 1671.969 ; gain = 413.348 ; free physical = 523 ; free virtual = 4033
---------------------------------------------------------------------------------
---------------------------------------------------------------------------------
Start Loading Part and Timing Information
---------------------------------------------------------------------------------
Loading part: xc7z020clg400-1
---------------------------------------------------------------------------------
Finished Loading Part and Timing Information : Time (s): cpu = 00:00:29 ; elapsed = 00:01:07 . Memory (MB): peak = 1671.969 ; gain = 413.348 ; free physical = 523 ; free virtual = 4033
---------------------------------------------------------------------------------
---------------------------------------------------------------------------------
Start Applying 'set_property' XDC Constraints
---------------------------------------------------------------------------------
---------------------------------------------------------------------------------
Finished applying 'set_property' XDC Constraints : Time (s): cpu = 00:00:29 ; elapsed = 00:01:07 . Memory (MB): peak = 1671.969 ; gain = 413.348 ; free physical = 523 ; free virtual = 4033
---------------------------------------------------------------------------------
---------------------------------------------------------------------------------
Finished RTL Optimization Phase 2 : Time (s): cpu = 00:00:29 ; elapsed = 00:01:07 . Memory (MB): peak = 1671.969 ; gain = 413.348 ; free physical = 522 ; free virtual = 4033
---------------------------------------------------------------------------------

Report RTL Partitions: 
+-+--------------+------------+----------+
| |RTL Partition |Replication |Instances |
+-+--------------+------------+----------+
+-+--------------+------------+----------+
---------------------------------------------------------------------------------
Start RTL Component Statistics 
---------------------------------------------------------------------------------
Detailed RTL Component Info : 
---------------------------------------------------------------------------------
Finished RTL Component Statistics 
---------------------------------------------------------------------------------
---------------------------------------------------------------------------------
Start RTL Hierarchical Component Statistics 
---------------------------------------------------------------------------------
Hierarchical RTL Component report 
---------------------------------------------------------------------------------
Finished RTL Hierarchical Component Statistics
---------------------------------------------------------------------------------
---------------------------------------------------------------------------------
Start Part Resource Summary
---------------------------------------------------------------------------------
Part Resources:
DSPs: 220 (col length:60)
BRAMs: 280 (col length: RAMB18 60 RAMB36 30)
---------------------------------------------------------------------------------
Finished Part Resource Summary
---------------------------------------------------------------------------------
---------------------------------------------------------------------------------
Start Cross Boundary and Area Optimization
---------------------------------------------------------------------------------
Warning: Parallel synthesis criteria is not met 
WARNING: [Synth 8-3330] design base_mb_iop_arduino_reset_0 has an empty top module
WARNING: [Synth 8-3331] design base_mb_iop_arduino_reset_0 has unconnected port Din[9]
WARNING: [Synth 8-3331] design base_mb_iop_arduino_reset_0 has unconnected port Din[8]
WARNING: [Synth 8-3331] design base_mb_iop_arduino_reset_0 has unconnected port Din[7]
WARNING: [Synth 8-3331] design base_mb_iop_arduino_reset_0 has unconnected port Din[6]
WARNING: [Synth 8-3331] design base_mb_iop_arduino_reset_0 has unconnected port Din[5]
WARNING: [Synth 8-3331] design base_mb_iop_arduino_reset_0 has unconnected port Din[4]
WARNING: [Synth 8-3331] design base_mb_iop_arduino_reset_0 has unconnected port Din[3]
WARNING: [Synth 8-3331] design base_mb_iop_arduino_reset_0 has unconnected port Din[1]
WARNING: [Synth 8-3331] design base_mb_iop_arduino_reset_0 has unconnected port Din[0]
---------------------------------------------------------------------------------
Finished Cross Boundary and Area Optimization : Time (s): cpu = 00:00:30 ; elapsed = 00:01:07 . Memory (MB): peak = 1671.969 ; gain = 413.348 ; free physical = 534 ; free virtual = 4046
---------------------------------------------------------------------------------

Report RTL Partitions: 
+-+--------------+------------+----------+
| |RTL Partition |Replication |Instances |
+-+--------------+------------+----------+
+-+--------------+------------+----------+
---------------------------------------------------------------------------------
Start Applying XDC Timing Constraints
---------------------------------------------------------------------------------
---------------------------------------------------------------------------------
Finished Applying XDC Timing Constraints : Time (s): cpu = 00:00:46 ; elapsed = 00:01:31 . Memory (MB): peak = 1683.953 ; gain = 425.332 ; free physical = 888 ; free virtual = 4400
---------------------------------------------------------------------------------
---------------------------------------------------------------------------------
Start Timing Optimization
---------------------------------------------------------------------------------
---------------------------------------------------------------------------------
Finished Timing Optimization : Time (s): cpu = 00:00:46 ; elapsed = 00:01:31 . Memory (MB): peak = 1683.953 ; gain = 425.332 ; free physical = 888 ; free virtual = 4400
---------------------------------------------------------------------------------

Report RTL Partitions: 
+-+--------------+------------+----------+
| |RTL Partition |Replication |Instances |
+-+--------------+------------+----------+
+-+--------------+------------+----------+
---------------------------------------------------------------------------------
Start Technology Mapping
---------------------------------------------------------------------------------
---------------------------------------------------------------------------------
Finished Technology Mapping : Time (s): cpu = 00:00:46 ; elapsed = 00:01:31 . Memory (MB): peak = 1683.953 ; gain = 425.332 ; free physical = 888 ; free virtual = 4399
---------------------------------------------------------------------------------

Report RTL Partitions: 
+-+--------------+------------+----------+
| |RTL Partition |Replication |Instances |
+-+--------------+------------+----------+
+-+--------------+------------+----------+
---------------------------------------------------------------------------------
Start IO Insertion
---------------------------------------------------------------------------------
---------------------------------------------------------------------------------
Start Flattening Before IO Insertion
---------------------------------------------------------------------------------
---------------------------------------------------------------------------------
Finished Flattening Before IO Insertion
---------------------------------------------------------------------------------
---------------------------------------------------------------------------------
Start Final Netlist Cleanup
---------------------------------------------------------------------------------
---------------------------------------------------------------------------------
Finished Final Netlist Cleanup
---------------------------------------------------------------------------------
---------------------------------------------------------------------------------
Finished IO Insertion : Time (s): cpu = 00:00:47 ; elapsed = 00:01:32 . Memory (MB): peak = 1683.953 ; gain = 425.332 ; free physical = 897 ; free virtual = 4408
---------------------------------------------------------------------------------

Report Check Netlist: 
+------+------------------+-------+---------+-------+------------------+
|      |Item              |Errors |Warnings |Status |Description       |
+------+------------------+-------+---------+-------+------------------+
|1     |multi_driven_nets |      0|        0|Passed |Multi driven nets |
+------+------------------+-------+---------+-------+------------------+
---------------------------------------------------------------------------------
Start Renaming Generated Instances
---------------------------------------------------------------------------------
---------------------------------------------------------------------------------
Finished Renaming Generated Instances : Time (s): cpu = 00:00:47 ; elapsed = 00:01:32 . Memory (MB): peak = 1683.953 ; gain = 425.332 ; free physical = 896 ; free virtual = 4408
---------------------------------------------------------------------------------

Report RTL Partitions: 
+-+--------------+------------+----------+
| |RTL Partition |Replication |Instances |
+-+--------------+------------+----------+
+-+--------------+------------+----------+
---------------------------------------------------------------------------------
Start Rebuilding User Hierarchy
---------------------------------------------------------------------------------
---------------------------------------------------------------------------------
Finished Rebuilding User Hierarchy : Time (s): cpu = 00:00:47 ; elapsed = 00:01:32 . Memory (MB): peak = 1683.953 ; gain = 425.332 ; free physical = 896 ; free virtual = 4407
---------------------------------------------------------------------------------
---------------------------------------------------------------------------------
Start Renaming Generated Ports
---------------------------------------------------------------------------------
---------------------------------------------------------------------------------
Finished Renaming Generated Ports : Time (s): cpu = 00:00:47 ; elapsed = 00:01:32 . Memory (MB): peak = 1683.953 ; gain = 425.332 ; free physical = 896 ; free virtual = 4407
---------------------------------------------------------------------------------
---------------------------------------------------------------------------------
Start Handling Custom Attributes
---------------------------------------------------------------------------------
---------------------------------------------------------------------------------
Finished Handling Custom Attributes : Time (s): cpu = 00:00:47 ; elapsed = 00:01:32 . Memory (MB): peak = 1683.953 ; gain = 425.332 ; free physical = 895 ; free virtual = 4406
---------------------------------------------------------------------------------
---------------------------------------------------------------------------------
Start Renaming Generated Nets
---------------------------------------------------------------------------------
---------------------------------------------------------------------------------
Finished Renaming Generated Nets : Time (s): cpu = 00:00:47 ; elapsed = 00:01:32 . Memory (MB): peak = 1683.953 ; gain = 425.332 ; free physical = 895 ; free virtual = 4406
---------------------------------------------------------------------------------
---------------------------------------------------------------------------------
Start Writing Synthesis Report
---------------------------------------------------------------------------------

Report BlackBoxes: 
+-+--------------+----------+
| |BlackBox name |Instances |
+-+--------------+----------+
+-+--------------+----------+

Report Cell Usage: 
+-+-----+------+
| |Cell |Count |
+-+-----+------+
+-+-----+------+

Report Instance Areas: 
+------+---------+-------+------+
|      |Instance |Module |Cells |
+------+---------+-------+------+
|1     |top      |       |     0|
+------+---------+-------+------+
---------------------------------------------------------------------------------
Finished Writing Synthesis Report : Time (s): cpu = 00:00:47 ; elapsed = 00:01:32 . Memory (MB): peak = 1683.953 ; gain = 425.332 ; free physical = 895 ; free virtual = 4406
---------------------------------------------------------------------------------
Synthesis finished with 0 errors, 0 critical warnings and 10 warnings.
Synthesis Optimization Runtime : Time (s): cpu = 00:00:30 ; elapsed = 00:00:41 . Memory (MB): peak = 1683.953 ; gain = 142.316 ; free physical = 960 ; free virtual = 4471
Synthesis Optimization Complete : Time (s): cpu = 00:00:47 ; elapsed = 00:01:32 . Memory (MB): peak = 1683.961 ; gain = 425.332 ; free physical = 960 ; free virtual = 4471
INFO: [Project 1-571] Translating synthesized netlist
INFO: [Project 1-570] Preparing netlist for logic optimization
INFO: [Opt 31-138] Pushed 0 inverter(s) to 0 load pin(s).
INFO: [Project 1-111] Unisim Transformation Summary:
No Unisim elements were transformed.

INFO: [Common 17-83] Releasing license: Synthesis
13 Infos, 20 Warnings, 0 Critical Warnings and 0 Errors encountered.
synth_design completed successfully
synth_design: Time (s): cpu = 00:00:51 ; elapsed = 00:01:34 . Memory (MB): peak = 1698.953 ; gain = 452.078 ; free physical = 887 ; free virtual = 4399
WARNING: [Constraints 18-5210] No constraint will be written out.
INFO: [Common 17-1381] The checkpoint '/home/junhonglin/Xilinx/PYNQ_Car/Robot/Robot.runs/base_mb_iop_arduino_reset_0_synth_1/base_mb_iop_arduino_reset_0.dcp' has been generated.
