
*** Running vivado
    with args -log system_trace_cntrl_64_0_0.vds -m64 -product Vivado -mode batch -messageDb vivado.pb -notrace -source system_trace_cntrl_64_0_0.tcl


****** Vivado v2018.2 (64-bit)
  **** SW Build 2258646 on Thu Jun 14 20:02:38 MDT 2018
  **** IP Build 2256618 on Thu Jun 14 22:10:49 MDT 2018
    ** Copyright 1986-2018 Xilinx, Inc. All Rights Reserved.

source system_trace_cntrl_64_0_0.tcl -notrace
Command: synth_design -top system_trace_cntrl_64_0_0 -part xc7z020clg400-1 -mode out_of_context
Starting synth_design
Attempting to get a license for feature 'Synthesis' and/or device 'xc7z020'
INFO: [Common 17-349] Got license for feature 'Synthesis' and/or device 'xc7z020'
INFO: Launching helper process for spawning children vivado processes
INFO: Helper process launched with PID 22844 
---------------------------------------------------------------------------------
Starting RTL Elaboration : Time (s): cpu = 00:00:04 ; elapsed = 00:00:06 . Memory (MB): peak = 1343.629 ; gain = 83.738 ; free physical = 544 ; free virtual = 1265
---------------------------------------------------------------------------------
INFO: [Synth 8-6157] synthesizing module 'system_trace_cntrl_64_0_0' [/home/junhonglin/Xilinx/PYNQ_Car/Robot/Robot.srcs/sources_1/bd/system/ip/system_trace_cntrl_64_0_0/synth/system_trace_cntrl_64_0_0.v:57]
INFO: [Synth 8-6157] synthesizing module 'trace_cntrl_64' [/home/junhonglin/Xilinx/PYNQ_Car/Robot/Robot.srcs/sources_1/bd/system/ipshared/4b5e/hdl/verilog/trace_cntrl_64.v:12]
	Parameter ap_ST_fsm_state1 bound to: 3'b001 
	Parameter ap_ST_fsm_pp0_stage0 bound to: 3'b010 
	Parameter ap_ST_fsm_state6 bound to: 3'b100 
	Parameter C_S_AXI_TRACE_CNTRL_DATA_WIDTH bound to: 32 - type: integer 
	Parameter C_S_AXI_TRACE_CNTRL_ADDR_WIDTH bound to: 6 - type: integer 
	Parameter C_S_AXI_DATA_WIDTH bound to: 32 - type: integer 
	Parameter C_S_AXI_TRACE_CNTRL_WSTRB_WIDTH bound to: 4 - type: integer 
	Parameter C_S_AXI_WSTRB_WIDTH bound to: 4 - type: integer 
INFO: [Synth 8-5534] Detected attribute (* fsm_encoding = "none" *) [/home/junhonglin/Xilinx/PYNQ_Car/Robot/Robot.srcs/sources_1/bd/system/ipshared/4b5e/hdl/verilog/trace_cntrl_64.v:106]
INFO: [Synth 8-6157] synthesizing module 'trace_cntrl_64_trace_cntrl_s_axi' [/home/junhonglin/Xilinx/PYNQ_Car/Robot/Robot.srcs/sources_1/bd/system/ipshared/4b5e/hdl/verilog/trace_cntrl_64_trace_cntrl_s_axi.v:9]
	Parameter C_S_AXI_ADDR_WIDTH bound to: 6 - type: integer 
	Parameter C_S_AXI_DATA_WIDTH bound to: 32 - type: integer 
	Parameter ADDR_AP_CTRL bound to: 6'b000000 
	Parameter ADDR_GIE bound to: 6'b000100 
	Parameter ADDR_IER bound to: 6'b001000 
	Parameter ADDR_ISR bound to: 6'b001100 
	Parameter ADDR_TRIGGER_V_DATA_0 bound to: 6'b010000 
	Parameter ADDR_TRIGGER_V_DATA_1 bound to: 6'b010100 
	Parameter ADDR_TRIGGER_V_CTRL bound to: 6'b011000 
	Parameter ADDR_LENGTH_R_DATA_0 bound to: 6'b011100 
	Parameter ADDR_LENGTH_R_CTRL bound to: 6'b100000 
	Parameter WRIDLE bound to: 2'b00 
	Parameter WRDATA bound to: 2'b01 
	Parameter WRRESP bound to: 2'b10 
	Parameter WRRESET bound to: 2'b11 
	Parameter RDIDLE bound to: 2'b00 
	Parameter RDDATA bound to: 2'b01 
	Parameter RDRESET bound to: 2'b10 
	Parameter ADDR_BITS bound to: 6 - type: integer 
INFO: [Synth 8-155] case statement is not full and has no default [/home/junhonglin/Xilinx/PYNQ_Car/Robot/Robot.srcs/sources_1/bd/system/ipshared/4b5e/hdl/verilog/trace_cntrl_64_trace_cntrl_s_axi.v:206]
INFO: [Synth 8-6155] done synthesizing module 'trace_cntrl_64_trace_cntrl_s_axi' (1#1) [/home/junhonglin/Xilinx/PYNQ_Car/Robot/Robot.srcs/sources_1/bd/system/ipshared/4b5e/hdl/verilog/trace_cntrl_64_trace_cntrl_s_axi.v:9]
INFO: [Synth 8-6155] done synthesizing module 'trace_cntrl_64' (2#1) [/home/junhonglin/Xilinx/PYNQ_Car/Robot/Robot.srcs/sources_1/bd/system/ipshared/4b5e/hdl/verilog/trace_cntrl_64.v:12]
INFO: [Synth 8-6155] done synthesizing module 'system_trace_cntrl_64_0_0' (3#1) [/home/junhonglin/Xilinx/PYNQ_Car/Robot/Robot.srcs/sources_1/bd/system/ip/system_trace_cntrl_64_0_0/synth/system_trace_cntrl_64_0_0.v:57]
WARNING: [Synth 8-3331] design trace_cntrl_64 has unconnected port trace_64_TLAST[0]
---------------------------------------------------------------------------------
Finished RTL Elaboration : Time (s): cpu = 00:00:07 ; elapsed = 00:00:09 . Memory (MB): peak = 1389.254 ; gain = 129.363 ; free physical = 550 ; free virtual = 1272
---------------------------------------------------------------------------------

Report Check Netlist: 
+------+------------------+-------+---------+-------+------------------+
|      |Item              |Errors |Warnings |Status |Description       |
+------+------------------+-------+---------+-------+------------------+
|1     |multi_driven_nets |      0|        0|Passed |Multi driven nets |
+------+------------------+-------+---------+-------+------------------+
---------------------------------------------------------------------------------
Start Handling Custom Attributes
---------------------------------------------------------------------------------
---------------------------------------------------------------------------------
Finished Handling Custom Attributes : Time (s): cpu = 00:00:07 ; elapsed = 00:00:09 . Memory (MB): peak = 1389.254 ; gain = 129.363 ; free physical = 552 ; free virtual = 1273
---------------------------------------------------------------------------------
---------------------------------------------------------------------------------
Finished RTL Optimization Phase 1 : Time (s): cpu = 00:00:07 ; elapsed = 00:00:09 . Memory (MB): peak = 1389.254 ; gain = 129.363 ; free physical = 552 ; free virtual = 1273
---------------------------------------------------------------------------------
INFO: [Device 21-403] Loading part xc7z020clg400-1
INFO: [Project 1-570] Preparing netlist for logic optimization

Processing XDC Constraints
Initializing timing engine
Parsing XDC File [/home/junhonglin/Xilinx/PYNQ_Car/Robot/Robot.srcs/sources_1/bd/system/ip/system_trace_cntrl_64_0_0/constraints/trace_cntrl_64_ooc.xdc] for cell 'inst'
Finished Parsing XDC File [/home/junhonglin/Xilinx/PYNQ_Car/Robot/Robot.srcs/sources_1/bd/system/ip/system_trace_cntrl_64_0_0/constraints/trace_cntrl_64_ooc.xdc] for cell 'inst'
Parsing XDC File [/home/junhonglin/Xilinx/PYNQ_Car/Robot/Robot.runs/system_trace_cntrl_64_0_0_synth_1/dont_touch.xdc]
Finished Parsing XDC File [/home/junhonglin/Xilinx/PYNQ_Car/Robot/Robot.runs/system_trace_cntrl_64_0_0_synth_1/dont_touch.xdc]
Completed Processing XDC Constraints

INFO: [Project 1-111] Unisim Transformation Summary:
No Unisim elements were transformed.

Constraint Validation Runtime : Time (s): cpu = 00:00:00.10 ; elapsed = 00:00:00.10 . Memory (MB): peak = 1774.293 ; gain = 0.000 ; free physical = 602 ; free virtual = 1157
---------------------------------------------------------------------------------
Finished Constraint Validation : Time (s): cpu = 00:00:32 ; elapsed = 00:01:11 . Memory (MB): peak = 1774.293 ; gain = 514.402 ; free physical = 1276 ; free virtual = 1846
---------------------------------------------------------------------------------
---------------------------------------------------------------------------------
Start Loading Part and Timing Information
---------------------------------------------------------------------------------
Loading part: xc7z020clg400-1
---------------------------------------------------------------------------------
Finished Loading Part and Timing Information : Time (s): cpu = 00:00:32 ; elapsed = 00:01:11 . Memory (MB): peak = 1774.293 ; gain = 514.402 ; free physical = 1277 ; free virtual = 1847
---------------------------------------------------------------------------------
---------------------------------------------------------------------------------
Start Applying 'set_property' XDC Constraints
---------------------------------------------------------------------------------
Applied set_property DONT_TOUCH = true for inst. (constraint file  /home/junhonglin/Xilinx/PYNQ_Car/Robot/Robot.runs/system_trace_cntrl_64_0_0_synth_1/dont_touch.xdc, line 9).
---------------------------------------------------------------------------------
Finished applying 'set_property' XDC Constraints : Time (s): cpu = 00:00:32 ; elapsed = 00:01:11 . Memory (MB): peak = 1774.293 ; gain = 514.402 ; free physical = 1261 ; free virtual = 1831
---------------------------------------------------------------------------------
INFO: [Synth 8-802] inferred FSM for state register 'wstate_reg' in module 'trace_cntrl_64_trace_cntrl_s_axi'
INFO: [Synth 8-802] inferred FSM for state register 'rstate_reg' in module 'trace_cntrl_64_trace_cntrl_s_axi'
INFO: [Synth 8-5544] ROM "wnext" won't be mapped to Block RAM because address size (1) smaller than threshold (5)
INFO: [Synth 8-5544] ROM "wnext" won't be mapped to Block RAM because address size (1) smaller than threshold (5)
INFO: [Synth 8-5818] HDL ADVISOR - The operator resource <adder> is shared. To prevent sharing consider applying a KEEP on the output of the operator [/home/junhonglin/Xilinx/PYNQ_Car/Robot/Robot.srcs/sources_1/bd/system/ipshared/4b5e/hdl/verilog/trace_cntrl_64.v:1217]
INFO: [Synth 8-4490] FSM extraction disabled for register 'ap_CS_fsm_reg' through user attribute
---------------------------------------------------------------------------------------------------
                   State |                     New Encoding |                Previous Encoding 
---------------------------------------------------------------------------------------------------
                  iSTATE |                             0001 |                               11
*
                  WRIDLE |                             0010 |                               00
                  WRDATA |                             0100 |                               01
                  WRRESP |                             1000 |                               10
---------------------------------------------------------------------------------------------------
INFO: [Synth 8-3354] encoded FSM with state register 'wstate_reg' using encoding 'one-hot' in module 'trace_cntrl_64_trace_cntrl_s_axi'
---------------------------------------------------------------------------------------------------
                   State |                     New Encoding |                Previous Encoding 
---------------------------------------------------------------------------------------------------
                  iSTATE |                              001 |                               10
*
                  RDIDLE |                              010 |                               00
                  RDDATA |                              100 |                               01
---------------------------------------------------------------------------------------------------
INFO: [Synth 8-3354] encoded FSM with state register 'rstate_reg' using encoding 'one-hot' in module 'trace_cntrl_64_trace_cntrl_s_axi'
---------------------------------------------------------------------------------
Finished RTL Optimization Phase 2 : Time (s): cpu = 00:00:33 ; elapsed = 00:01:12 . Memory (MB): peak = 1774.293 ; gain = 514.402 ; free physical = 1259 ; free virtual = 1832
---------------------------------------------------------------------------------

Report RTL Partitions: 
+-+--------------+------------+----------+
| |RTL Partition |Replication |Instances |
+-+--------------+------------+----------+
+-+--------------+------------+----------+
---------------------------------------------------------------------------------
Start RTL Component Statistics 
---------------------------------------------------------------------------------
Detailed RTL Component Info : 
+---Adders : 
	   3 Input     32 Bit       Adders := 1     
	   2 Input     32 Bit       Adders := 1     
+---XORs : 
	   2 Input      1 Bit         XORs := 2     
+---Registers : 
	               64 Bit    Registers := 5     
	               32 Bit    Registers := 8     
	                8 Bit    Registers := 10    
	                6 Bit    Registers := 1     
	                3 Bit    Registers := 1     
	                2 Bit    Registers := 14    
	                1 Bit    Registers := 62    
+---Muxes : 
	   2 Input     64 Bit        Muxes := 2     
	   2 Input     32 Bit        Muxes := 3     
	   8 Input     32 Bit        Muxes := 1     
	   2 Input      8 Bit        Muxes := 4     
	   4 Input      4 Bit        Muxes := 1     
	   2 Input      4 Bit        Muxes := 3     
	   3 Input      3 Bit        Muxes := 1     
	   2 Input      3 Bit        Muxes := 3     
	   8 Input      3 Bit        Muxes := 1     
	   6 Input      3 Bit        Muxes := 1     
	   2 Input      2 Bit        Muxes := 21    
	   4 Input      2 Bit        Muxes := 7     
	   3 Input      2 Bit        Muxes := 6     
	   2 Input      1 Bit        Muxes := 25    
---------------------------------------------------------------------------------
Finished RTL Component Statistics 
---------------------------------------------------------------------------------
---------------------------------------------------------------------------------
Start RTL Hierarchical Component Statistics 
---------------------------------------------------------------------------------
Hierarchical RTL Component report 
Module trace_cntrl_64_trace_cntrl_s_axi 
Detailed RTL Component Info : 
+---XORs : 
	   2 Input      1 Bit         XORs := 2     
+---Registers : 
	               32 Bit    Registers := 4     
	                6 Bit    Registers := 1     
	                2 Bit    Registers := 1     
	                1 Bit    Registers := 8     
+---Muxes : 
	   2 Input     32 Bit        Muxes := 2     
	   8 Input     32 Bit        Muxes := 1     
	   4 Input      4 Bit        Muxes := 1     
	   2 Input      4 Bit        Muxes := 3     
	   3 Input      3 Bit        Muxes := 1     
	   2 Input      3 Bit        Muxes := 2     
	   8 Input      3 Bit        Muxes := 1     
	   2 Input      1 Bit        Muxes := 1     
Module trace_cntrl_64 
Detailed RTL Component Info : 
+---Adders : 
	   3 Input     32 Bit       Adders := 1     
	   2 Input     32 Bit       Adders := 1     
+---Registers : 
	               64 Bit    Registers := 5     
	               32 Bit    Registers := 4     
	                8 Bit    Registers := 10    
	                3 Bit    Registers := 1     
	                2 Bit    Registers := 13    
	                1 Bit    Registers := 54    
+---Muxes : 
	   2 Input     64 Bit        Muxes := 2     
	   2 Input     32 Bit        Muxes := 1     
	   2 Input      8 Bit        Muxes := 4     
	   2 Input      3 Bit        Muxes := 1     
	   6 Input      3 Bit        Muxes := 1     
	   2 Input      2 Bit        Muxes := 21    
	   4 Input      2 Bit        Muxes := 7     
	   3 Input      2 Bit        Muxes := 6     
	   2 Input      1 Bit        Muxes := 24    
---------------------------------------------------------------------------------
Finished RTL Hierarchical Component Statistics
---------------------------------------------------------------------------------
---------------------------------------------------------------------------------
Start Part Resource Summary
---------------------------------------------------------------------------------
Part Resources:
DSPs: 220 (col length:60)
BRAMs: 280 (col length: RAMB18 60 RAMB36 30)
---------------------------------------------------------------------------------
Finished Part Resource Summary
---------------------------------------------------------------------------------
---------------------------------------------------------------------------------
Start Cross Boundary and Area Optimization
---------------------------------------------------------------------------------
Warning: Parallel synthesis criteria is not met 
WARNING: [Synth 8-3331] design trace_cntrl_64 has unconnected port trace_64_TLAST[0]
---------------------------------------------------------------------------------
Finished Cross Boundary and Area Optimization : Time (s): cpu = 00:00:40 ; elapsed = 00:01:19 . Memory (MB): peak = 1774.293 ; gain = 514.402 ; free physical = 1754 ; free virtual = 2332
---------------------------------------------------------------------------------

Report RTL Partitions: 
+-+--------------+------------+----------+
| |RTL Partition |Replication |Instances |
+-+--------------+------------+----------+
+-+--------------+------------+----------+
---------------------------------------------------------------------------------
Start Applying XDC Timing Constraints
---------------------------------------------------------------------------------
---------------------------------------------------------------------------------
Finished Applying XDC Timing Constraints : Time (s): cpu = 00:00:58 ; elapsed = 00:01:44 . Memory (MB): peak = 1774.293 ; gain = 514.402 ; free physical = 1052 ; free virtual = 1640
---------------------------------------------------------------------------------
---------------------------------------------------------------------------------
Start Timing Optimization
---------------------------------------------------------------------------------
---------------------------------------------------------------------------------
Finished Timing Optimization : Time (s): cpu = 00:01:02 ; elapsed = 00:01:49 . Memory (MB): peak = 1774.293 ; gain = 514.402 ; free physical = 881 ; free virtual = 1483
---------------------------------------------------------------------------------

Report RTL Partitions: 
+-+--------------+------------+----------+
| |RTL Partition |Replication |Instances |
+-+--------------+------------+----------+
+-+--------------+------------+----------+
---------------------------------------------------------------------------------
Start Technology Mapping
---------------------------------------------------------------------------------
---------------------------------------------------------------------------------
Finished Technology Mapping : Time (s): cpu = 00:01:04 ; elapsed = 00:01:50 . Memory (MB): peak = 1774.293 ; gain = 514.402 ; free physical = 842 ; free virtual = 1444
---------------------------------------------------------------------------------

Report RTL Partitions: 
+-+--------------+------------+----------+
| |RTL Partition |Replication |Instances |
+-+--------------+------------+----------+
+-+--------------+------------+----------+
---------------------------------------------------------------------------------
Start IO Insertion
---------------------------------------------------------------------------------
---------------------------------------------------------------------------------
Start Flattening Before IO Insertion
---------------------------------------------------------------------------------
---------------------------------------------------------------------------------
Finished Flattening Before IO Insertion
---------------------------------------------------------------------------------
---------------------------------------------------------------------------------
Start Final Netlist Cleanup
---------------------------------------------------------------------------------
---------------------------------------------------------------------------------
Finished Final Netlist Cleanup
---------------------------------------------------------------------------------
---------------------------------------------------------------------------------
Finished IO Insertion : Time (s): cpu = 00:01:05 ; elapsed = 00:01:52 . Memory (MB): peak = 1774.293 ; gain = 514.402 ; free physical = 805 ; free virtual = 1408
---------------------------------------------------------------------------------

Report Check Netlist: 
+------+------------------+-------+---------+-------+------------------+
|      |Item              |Errors |Warnings |Status |Description       |
+------+------------------+-------+---------+-------+------------------+
|1     |multi_driven_nets |      0|        0|Passed |Multi driven nets |
+------+------------------+-------+---------+-------+------------------+
---------------------------------------------------------------------------------
Start Renaming Generated Instances
---------------------------------------------------------------------------------
---------------------------------------------------------------------------------
Finished Renaming Generated Instances : Time (s): cpu = 00:01:05 ; elapsed = 00:01:52 . Memory (MB): peak = 1774.293 ; gain = 514.402 ; free physical = 804 ; free virtual = 1407
---------------------------------------------------------------------------------

Report RTL Partitions: 
+-+--------------+------------+----------+
| |RTL Partition |Replication |Instances |
+-+--------------+------------+----------+
+-+--------------+------------+----------+
---------------------------------------------------------------------------------
Start Rebuilding User Hierarchy
---------------------------------------------------------------------------------
---------------------------------------------------------------------------------
Finished Rebuilding User Hierarchy : Time (s): cpu = 00:01:06 ; elapsed = 00:01:52 . Memory (MB): peak = 1774.293 ; gain = 514.402 ; free physical = 792 ; free virtual = 1394
---------------------------------------------------------------------------------
---------------------------------------------------------------------------------
Start Renaming Generated Ports
---------------------------------------------------------------------------------
---------------------------------------------------------------------------------
Finished Renaming Generated Ports : Time (s): cpu = 00:01:06 ; elapsed = 00:01:52 . Memory (MB): peak = 1774.293 ; gain = 514.402 ; free physical = 792 ; free virtual = 1394
---------------------------------------------------------------------------------
---------------------------------------------------------------------------------
Start Handling Custom Attributes
---------------------------------------------------------------------------------
---------------------------------------------------------------------------------
Finished Handling Custom Attributes : Time (s): cpu = 00:01:06 ; elapsed = 00:01:52 . Memory (MB): peak = 1774.293 ; gain = 514.402 ; free physical = 785 ; free virtual = 1388
---------------------------------------------------------------------------------
---------------------------------------------------------------------------------
Start Renaming Generated Nets
---------------------------------------------------------------------------------
---------------------------------------------------------------------------------
Finished Renaming Generated Nets : Time (s): cpu = 00:01:06 ; elapsed = 00:01:52 . Memory (MB): peak = 1774.293 ; gain = 514.402 ; free physical = 784 ; free virtual = 1387
---------------------------------------------------------------------------------
---------------------------------------------------------------------------------
Start Writing Synthesis Report
---------------------------------------------------------------------------------

Report BlackBoxes: 
+-+--------------+----------+
| |BlackBox name |Instances |
+-+--------------+----------+
+-+--------------+----------+

Report Cell Usage: 
+------+-------+------+
|      |Cell   |Count |
+------+-------+------+
|1     |CARRY4 |    34|
|2     |LUT1   |    35|
|3     |LUT2   |    11|
|4     |LUT3   |   310|
|5     |LUT4   |    93|
|6     |LUT5   |    54|
|7     |LUT6   |   120|
|8     |FDRE   |   791|
|9     |FDSE   |     3|
+------+-------+------+

Report Instance Areas: 
+------+---------------------------------------+---------------------------------+------+
|      |Instance                               |Module                           |Cells |
+------+---------------------------------------+---------------------------------+------+
|1     |top                                    |                                 |  1451|
|2     |  inst                                 |trace_cntrl_64                   |  1451|
|3     |    trace_cntrl_64_trace_cntrl_s_axi_U |trace_cntrl_64_trace_cntrl_s_axi |   370|
+------+---------------------------------------+---------------------------------+------+
---------------------------------------------------------------------------------
Finished Writing Synthesis Report : Time (s): cpu = 00:01:06 ; elapsed = 00:01:52 . Memory (MB): peak = 1774.293 ; gain = 514.402 ; free physical = 784 ; free virtual = 1387
---------------------------------------------------------------------------------
Synthesis finished with 0 errors, 0 critical warnings and 1 warnings.
Synthesis Optimization Runtime : Time (s): cpu = 00:00:46 ; elapsed = 00:00:58 . Memory (MB): peak = 1774.293 ; gain = 129.363 ; free physical = 830 ; free virtual = 1432
Synthesis Optimization Complete : Time (s): cpu = 00:01:06 ; elapsed = 00:01:53 . Memory (MB): peak = 1774.293 ; gain = 514.402 ; free physical = 829 ; free virtual = 1432
INFO: [Project 1-571] Translating synthesized netlist
INFO: [Netlist 29-17] Analyzing 34 Unisim elements for replacement
INFO: [Netlist 29-28] Unisim Transformation completed in 0 CPU seconds
INFO: [Project 1-570] Preparing netlist for logic optimization
INFO: [Opt 31-138] Pushed 0 inverter(s) to 0 load pin(s).
INFO: [Project 1-111] Unisim Transformation Summary:
No Unisim elements were transformed.

INFO: [Common 17-83] Releasing license: Synthesis
27 Infos, 2 Warnings, 0 Critical Warnings and 0 Errors encountered.
synth_design completed successfully
synth_design: Time (s): cpu = 00:01:11 ; elapsed = 00:01:56 . Memory (MB): peak = 1785.301 ; gain = 537.125 ; free physical = 757 ; free virtual = 1359
WARNING: [Constraints 18-5210] No constraint will be written out.
INFO: [Common 17-1381] The checkpoint '/home/junhonglin/Xilinx/PYNQ_Car/Robot/Robot.runs/system_trace_cntrl_64_0_0_synth_1/system_trace_cntrl_64_0_0.dcp' has been generated.
