
*** Running vivado
    with args -log PYNQ_HDMI_v_osd_0_0.vds -m64 -product Vivado -mode batch -messageDb vivado.pb -notrace -source PYNQ_HDMI_v_osd_0_0.tcl


****** Vivado v2017.4 (64-bit)
  **** SW Build 2086221 on Fri Dec 15 20:54:30 MST 2017
  **** IP Build 2085800 on Fri Dec 15 22:25:07 MST 2017
    ** Copyright 1986-2017 Xilinx, Inc. All Rights Reserved.

source PYNQ_HDMI_v_osd_0_0.tcl -notrace
Command: synth_design -top PYNQ_HDMI_v_osd_0_0 -part xc7z020clg400-1 -mode out_of_context
Starting synth_design
Attempting to get a license for feature 'Synthesis' and/or device 'xc7z020'
INFO: [Common 17-349] Got license for feature 'Synthesis' and/or device 'xc7z020'
INFO: Launching helper process for spawning children vivado processes
INFO: Helper process launched with PID 9642 
---------------------------------------------------------------------------------
Starting RTL Elaboration : Time (s): cpu = 00:00:15 ; elapsed = 00:00:18 . Memory (MB): peak = 1330.742 ; gain = 88.996 ; free physical = 1280 ; free virtual = 5601
---------------------------------------------------------------------------------
INFO: [Synth 8-638] synthesizing module 'PYNQ_HDMI_v_osd_0_0' [/home/junhonglin/Xilinx/PYNQ_Car/PYNQ_HDMI_ov5640/hdmi-in.srcs/sources_1/bd/PYNQ_HDMI/ip/PYNQ_HDMI_v_osd_0_0/synth/PYNQ_HDMI_v_osd_0_0.vhd:77]
	Parameter C_HAS_AXI4_LITE bound to: 0 - type: integer 
	Parameter C_HAS_INTC_IF bound to: 0 - type: integer 
	Parameter C_S_AXIS_VIDEO_DATA_WIDTH bound to: 8 - type: integer 
	Parameter C_S_AXIS_VIDEO_FORMAT bound to: 2 - type: integer 
	Parameter C_S_AXIS_VIDEO_TDATA_WIDTH bound to: 24 - type: integer 
	Parameter C_M_AXIS_VIDEO_TDATA_WIDTH bound to: 24 - type: integer 
	Parameter C_NUM_LAYERS bound to: 1 - type: integer 
	Parameter C_SCREEN_WIDTH bound to: 1920 - type: integer 
	Parameter C_M_AXIS_VIDEO_WIDTH bound to: 1920 - type: integer 
	Parameter C_M_AXIS_VIDEO_HEIGHT bound to: 1080 - type: integer 
	Parameter C_LAYER0_TYPE bound to: 2 - type: integer 
	Parameter C_LAYER1_TYPE bound to: 0 - type: integer 
	Parameter C_LAYER2_TYPE bound to: 0 - type: integer 
	Parameter C_LAYER3_TYPE bound to: 0 - type: integer 
	Parameter C_LAYER4_TYPE bound to: 0 - type: integer 
	Parameter C_LAYER5_TYPE bound to: 0 - type: integer 
	Parameter C_LAYER6_TYPE bound to: 0 - type: integer 
	Parameter C_LAYER7_TYPE bound to: 0 - type: integer 
	Parameter C_BGCOLOR0 bound to: 0 - type: integer 
	Parameter C_BGCOLOR1 bound to: 48 - type: integer 
	Parameter C_BGCOLOR2 bound to: 226 - type: integer 
	Parameter C_LAYER0_ENABLE bound to: 1 - type: integer 
	Parameter C_LAYER0_GALPHA_EN bound to: 1 - type: integer 
	Parameter C_LAYER0_PRIORITY bound to: 0 - type: integer 
	Parameter C_LAYER0_ALPHA bound to: 256 - type: integer 
	Parameter C_LAYER0_X_POS bound to: 320 - type: integer 
	Parameter C_LAYER0_Y_POS bound to: 140 - type: integer 
	Parameter C_LAYER0_X_SIZE bound to: 1280 - type: integer 
	Parameter C_LAYER0_Y_SIZE bound to: 800 - type: integer 
	Parameter C_LAYER1_ENABLE bound to: 0 - type: integer 
	Parameter C_LAYER1_GALPHA_EN bound to: 0 - type: integer 
	Parameter C_LAYER1_PRIORITY bound to: 0 - type: integer 
	Parameter C_LAYER1_ALPHA bound to: 256 - type: integer 
	Parameter C_LAYER1_X_POS bound to: 0 - type: integer 
	Parameter C_LAYER1_Y_POS bound to: 0 - type: integer 
	Parameter C_LAYER1_X_SIZE bound to: 1280 - type: integer 
	Parameter C_LAYER1_Y_SIZE bound to: 720 - type: integer 
	Parameter C_LAYER2_ENABLE bound to: 0 - type: integer 
	Parameter C_LAYER2_GALPHA_EN bound to: 0 - type: integer 
	Parameter C_LAYER2_PRIORITY bound to: 0 - type: integer 
	Parameter C_LAYER2_ALPHA bound to: 256 - type: integer 
	Parameter C_LAYER2_X_POS bound to: 0 - type: integer 
	Parameter C_LAYER2_Y_POS bound to: 0 - type: integer 
	Parameter C_LAYER2_X_SIZE bound to: 1280 - type: integer 
	Parameter C_LAYER2_Y_SIZE bound to: 720 - type: integer 
	Parameter C_LAYER3_ENABLE bound to: 0 - type: integer 
	Parameter C_LAYER3_GALPHA_EN bound to: 0 - type: integer 
	Parameter C_LAYER3_PRIORITY bound to: 0 - type: integer 
	Parameter C_LAYER3_ALPHA bound to: 256 - type: integer 
	Parameter C_LAYER3_X_POS bound to: 0 - type: integer 
	Parameter C_LAYER3_Y_POS bound to: 0 - type: integer 
	Parameter C_LAYER3_X_SIZE bound to: 1280 - type: integer 
	Parameter C_LAYER3_Y_SIZE bound to: 720 - type: integer 
	Parameter C_LAYER4_ENABLE bound to: 0 - type: integer 
	Parameter C_LAYER4_GALPHA_EN bound to: 0 - type: integer 
	Parameter C_LAYER4_PRIORITY bound to: 0 - type: integer 
	Parameter C_LAYER4_ALPHA bound to: 256 - type: integer 
	Parameter C_LAYER4_X_POS bound to: 0 - type: integer 
	Parameter C_LAYER4_Y_POS bound to: 0 - type: integer 
	Parameter C_LAYER4_X_SIZE bound to: 1280 - type: integer 
	Parameter C_LAYER4_Y_SIZE bound to: 720 - type: integer 
	Parameter C_LAYER5_ENABLE bound to: 0 - type: integer 
	Parameter C_LAYER5_GALPHA_EN bound to: 0 - type: integer 
	Parameter C_LAYER5_PRIORITY bound to: 0 - type: integer 
	Parameter C_LAYER5_ALPHA bound to: 256 - type: integer 
	Parameter C_LAYER5_X_POS bound to: 0 - type: integer 
	Parameter C_LAYER5_Y_POS bound to: 0 - type: integer 
	Parameter C_LAYER5_X_SIZE bound to: 1280 - type: integer 
	Parameter C_LAYER5_Y_SIZE bound to: 720 - type: integer 
	Parameter C_LAYER6_ENABLE bound to: 0 - type: integer 
	Parameter C_LAYER6_GALPHA_EN bound to: 0 - type: integer 
	Parameter C_LAYER6_PRIORITY bound to: 0 - type: integer 
	Parameter C_LAYER6_ALPHA bound to: 256 - type: integer 
	Parameter C_LAYER6_X_POS bound to: 0 - type: integer 
	Parameter C_LAYER6_Y_POS bound to: 0 - type: integer 
	Parameter C_LAYER6_X_SIZE bound to: 1280 - type: integer 
	Parameter C_LAYER6_Y_SIZE bound to: 720 - type: integer 
	Parameter C_LAYER7_ENABLE bound to: 0 - type: integer 
	Parameter C_LAYER7_GALPHA_EN bound to: 0 - type: integer 
	Parameter C_LAYER7_PRIORITY bound to: 0 - type: integer 
	Parameter C_LAYER7_ALPHA bound to: 256 - type: integer 
	Parameter C_LAYER7_X_POS bound to: 0 - type: integer 
	Parameter C_LAYER7_Y_POS bound to: 0 - type: integer 
	Parameter C_LAYER7_X_SIZE bound to: 1280 - type: integer 
	Parameter C_LAYER7_Y_SIZE bound to: 720 - type: integer 
	Parameter C_LAYER0_IMEM_SIZE bound to: 48 - type: integer 
	Parameter C_LAYER0_INS_BOX_EN bound to: 1 - type: integer 
	Parameter C_LAYER0_INS_LINE_EN bound to: 0 - type: integer 
	Parameter C_LAYER0_INS_TEXT_EN bound to: 1 - type: integer 
	Parameter C_LAYER0_CLUT_SIZE bound to: 16 - type: integer 
	Parameter C_LAYER0_CLUT_MEMTYPE bound to: 2 - type: integer 
	Parameter C_LAYER0_FONT_NUM_CHARS bound to: 96 - type: integer 
	Parameter C_LAYER0_FONT_WIDTH bound to: 8 - type: integer 
	Parameter C_LAYER0_FONT_HEIGHT bound to: 8 - type: integer 
	Parameter C_LAYER0_FONT_BPP bound to: 1 - type: integer 
	Parameter C_LAYER0_FONT_ASCII_OFFSET bound to: 32 - type: integer 
	Parameter C_LAYER0_TEXT_NUM_STRINGS bound to: 8 - type: integer 
	Parameter C_LAYER0_TEXT_MAX_STRING_LENGTH bound to: 32 - type: integer 
	Parameter C_LAYER1_IMEM_SIZE bound to: 48 - type: integer 
	Parameter C_LAYER1_INS_BOX_EN bound to: 1 - type: integer 
	Parameter C_LAYER1_INS_LINE_EN bound to: 0 - type: integer 
	Parameter C_LAYER1_INS_TEXT_EN bound to: 1 - type: integer 
	Parameter C_LAYER1_CLUT_SIZE bound to: 16 - type: integer 
	Parameter C_LAYER1_CLUT_MEMTYPE bound to: 2 - type: integer 
	Parameter C_LAYER1_FONT_NUM_CHARS bound to: 96 - type: integer 
	Parameter C_LAYER1_FONT_WIDTH bound to: 8 - type: integer 
	Parameter C_LAYER1_FONT_HEIGHT bound to: 8 - type: integer 
	Parameter C_LAYER1_FONT_BPP bound to: 1 - type: integer 
	Parameter C_LAYER1_FONT_ASCII_OFFSET bound to: 32 - type: integer 
	Parameter C_LAYER1_TEXT_NUM_STRINGS bound to: 8 - type: integer 
	Parameter C_LAYER1_TEXT_MAX_STRING_LENGTH bound to: 32 - type: integer 
	Parameter C_LAYER2_IMEM_SIZE bound to: 48 - type: integer 
	Parameter C_LAYER2_INS_BOX_EN bound to: 1 - type: integer 
	Parameter C_LAYER2_INS_LINE_EN bound to: 0 - type: integer 
	Parameter C_LAYER2_INS_TEXT_EN bound to: 1 - type: integer 
	Parameter C_LAYER2_CLUT_SIZE bound to: 16 - type: integer 
	Parameter C_LAYER2_CLUT_MEMTYPE bound to: 2 - type: integer 
	Parameter C_LAYER2_FONT_NUM_CHARS bound to: 96 - type: integer 
	Parameter C_LAYER2_FONT_WIDTH bound to: 8 - type: integer 
	Parameter C_LAYER2_FONT_HEIGHT bound to: 8 - type: integer 
	Parameter C_LAYER2_FONT_BPP bound to: 1 - type: integer 
	Parameter C_LAYER2_FONT_ASCII_OFFSET bound to: 32 - type: integer 
	Parameter C_LAYER2_TEXT_NUM_STRINGS bound to: 8 - type: integer 
	Parameter C_LAYER2_TEXT_MAX_STRING_LENGTH bound to: 32 - type: integer 
	Parameter C_LAYER3_IMEM_SIZE bound to: 48 - type: integer 
	Parameter C_LAYER3_INS_BOX_EN bound to: 1 - type: integer 
	Parameter C_LAYER3_INS_LINE_EN bound to: 0 - type: integer 
	Parameter C_LAYER3_INS_TEXT_EN bound to: 1 - type: integer 
	Parameter C_LAYER3_CLUT_SIZE bound to: 16 - type: integer 
	Parameter C_LAYER3_CLUT_MEMTYPE bound to: 2 - type: integer 
	Parameter C_LAYER3_FONT_NUM_CHARS bound to: 96 - type: integer 
	Parameter C_LAYER3_FONT_WIDTH bound to: 8 - type: integer 
	Parameter C_LAYER3_FONT_HEIGHT bound to: 8 - type: integer 
	Parameter C_LAYER3_FONT_BPP bound to: 1 - type: integer 
	Parameter C_LAYER3_FONT_ASCII_OFFSET bound to: 32 - type: integer 
	Parameter C_LAYER3_TEXT_NUM_STRINGS bound to: 8 - type: integer 
	Parameter C_LAYER3_TEXT_MAX_STRING_LENGTH bound to: 32 - type: integer 
	Parameter C_LAYER4_IMEM_SIZE bound to: 48 - type: integer 
	Parameter C_LAYER4_INS_BOX_EN bound to: 1 - type: integer 
	Parameter C_LAYER4_INS_LINE_EN bound to: 0 - type: integer 
	Parameter C_LAYER4_INS_TEXT_EN bound to: 1 - type: integer 
	Parameter C_LAYER4_CLUT_SIZE bound to: 16 - type: integer 
	Parameter C_LAYER4_CLUT_MEMTYPE bound to: 2 - type: integer 
	Parameter C_LAYER4_FONT_NUM_CHARS bound to: 96 - type: integer 
	Parameter C_LAYER4_FONT_WIDTH bound to: 8 - type: integer 
	Parameter C_LAYER4_FONT_HEIGHT bound to: 8 - type: integer 
	Parameter C_LAYER4_FONT_BPP bound to: 1 - type: integer 
	Parameter C_LAYER4_FONT_ASCII_OFFSET bound to: 32 - type: integer 
	Parameter C_LAYER4_TEXT_NUM_STRINGS bound to: 8 - type: integer 
	Parameter C_LAYER4_TEXT_MAX_STRING_LENGTH bound to: 32 - type: integer 
	Parameter C_LAYER5_IMEM_SIZE bound to: 48 - type: integer 
	Parameter C_LAYER5_INS_BOX_EN bound to: 1 - type: integer 
	Parameter C_LAYER5_INS_LINE_EN bound to: 0 - type: integer 
	Parameter C_LAYER5_INS_TEXT_EN bound to: 1 - type: integer 
	Parameter C_LAYER5_CLUT_SIZE bound to: 16 - type: integer 
	Parameter C_LAYER5_CLUT_MEMTYPE bound to: 2 - type: integer 
	Parameter C_LAYER5_FONT_NUM_CHARS bound to: 96 - type: integer 
	Parameter C_LAYER5_FONT_WIDTH bound to: 8 - type: integer 
	Parameter C_LAYER5_FONT_HEIGHT bound to: 8 - type: integer 
	Parameter C_LAYER5_FONT_BPP bound to: 1 - type: integer 
	Parameter C_LAYER5_FONT_ASCII_OFFSET bound to: 32 - type: integer 
	Parameter C_LAYER5_TEXT_NUM_STRINGS bound to: 8 - type: integer 
	Parameter C_LAYER5_TEXT_MAX_STRING_LENGTH bound to: 32 - type: integer 
	Parameter C_LAYER6_IMEM_SIZE bound to: 48 - type: integer 
	Parameter C_LAYER6_INS_BOX_EN bound to: 1 - type: integer 
	Parameter C_LAYER6_INS_LINE_EN bound to: 0 - type: integer 
	Parameter C_LAYER6_INS_TEXT_EN bound to: 1 - type: integer 
	Parameter C_LAYER6_CLUT_SIZE bound to: 16 - type: integer 
	Parameter C_LAYER6_CLUT_MEMTYPE bound to: 2 - type: integer 
	Parameter C_LAYER6_FONT_NUM_CHARS bound to: 96 - type: integer 
	Parameter C_LAYER6_FONT_WIDTH bound to: 8 - type: integer 
	Parameter C_LAYER6_FONT_HEIGHT bound to: 8 - type: integer 
	Parameter C_LAYER6_FONT_BPP bound to: 1 - type: integer 
	Parameter C_LAYER6_FONT_ASCII_OFFSET bound to: 32 - type: integer 
	Parameter C_LAYER6_TEXT_NUM_STRINGS bound to: 8 - type: integer 
	Parameter C_LAYER6_TEXT_MAX_STRING_LENGTH bound to: 32 - type: integer 
	Parameter C_LAYER7_IMEM_SIZE bound to: 48 - type: integer 
	Parameter C_LAYER7_INS_BOX_EN bound to: 1 - type: integer 
	Parameter C_LAYER7_INS_LINE_EN bound to: 0 - type: integer 
	Parameter C_LAYER7_INS_TEXT_EN bound to: 1 - type: integer 
	Parameter C_LAYER7_CLUT_SIZE bound to: 16 - type: integer 
	Parameter C_LAYER7_CLUT_MEMTYPE bound to: 2 - type: integer 
	Parameter C_LAYER7_FONT_NUM_CHARS bound to: 96 - type: integer 
	Parameter C_LAYER7_FONT_WIDTH bound to: 8 - type: integer 
	Parameter C_LAYER7_FONT_HEIGHT bound to: 8 - type: integer 
	Parameter C_LAYER7_FONT_BPP bound to: 1 - type: integer 
	Parameter C_LAYER7_FONT_ASCII_OFFSET bound to: 32 - type: integer 
	Parameter C_LAYER7_TEXT_NUM_STRINGS bound to: 8 - type: integer 
	Parameter C_LAYER7_TEXT_MAX_STRING_LENGTH bound to: 32 - type: integer 
INFO: [Synth 8-3491] module 'v_osd' declared at '/home/junhonglin/Xilinx/PYNQ_Car/PYNQ_HDMI_ov5640/hdmi-in.srcs/sources_1/bd/PYNQ_HDMI/ipshared/ca04/hdl/v_osd_v6_0_vh_rfs.vhd:19568' bound to instance 'U0' of component 'v_osd' [/home/junhonglin/Xilinx/PYNQ_Car/PYNQ_HDMI_ov5640/hdmi-in.srcs/sources_1/bd/PYNQ_HDMI/ip/PYNQ_HDMI_v_osd_0_0/synth/PYNQ_HDMI_v_osd_0_0.vhd:380]
INFO: [Synth 8-256] done synthesizing module 'PYNQ_HDMI_v_osd_0_0' (17#1) [/home/junhonglin/Xilinx/PYNQ_Car/PYNQ_HDMI_ov5640/hdmi-in.srcs/sources_1/bd/PYNQ_HDMI/ip/PYNQ_HDMI_v_osd_0_0/synth/PYNQ_HDMI_v_osd_0_0.vhd:77]
WARNING: [Synth 8-3331] design alpha_blend_ctrl has unconnected port frame_sync
WARNING: [Synth 8-3331] design osd_priority_select has unconnected port layer_priority[31]
WARNING: [Synth 8-3331] design osd_priority_select has unconnected port layer_priority[30]
WARNING: [Synth 8-3331] design osd_priority_select has unconnected port layer_priority[29]
WARNING: [Synth 8-3331] design osd_priority_select has unconnected port layer_priority[28]
WARNING: [Synth 8-3331] design osd_priority_select has unconnected port layer_priority[27]
WARNING: [Synth 8-3331] design osd_priority_select has unconnected port layer_priority[26]
WARNING: [Synth 8-3331] design osd_priority_select has unconnected port layer_priority[25]
WARNING: [Synth 8-3331] design osd_priority_select has unconnected port layer_priority[24]
WARNING: [Synth 8-3331] design osd_priority_select has unconnected port layer_priority[23]
WARNING: [Synth 8-3331] design osd_priority_select has unconnected port layer_priority[22]
WARNING: [Synth 8-3331] design osd_priority_select has unconnected port layer_priority[21]
WARNING: [Synth 8-3331] design osd_priority_select has unconnected port layer_priority[20]
WARNING: [Synth 8-3331] design osd_priority_select has unconnected port layer_priority[19]
WARNING: [Synth 8-3331] design osd_priority_select has unconnected port layer_priority[18]
WARNING: [Synth 8-3331] design osd_priority_select has unconnected port layer_priority[17]
WARNING: [Synth 8-3331] design osd_priority_select has unconnected port layer_priority[16]
WARNING: [Synth 8-3331] design osd_priority_select has unconnected port layer_priority[15]
WARNING: [Synth 8-3331] design osd_priority_select has unconnected port layer_priority[14]
WARNING: [Synth 8-3331] design osd_priority_select has unconnected port layer_priority[13]
WARNING: [Synth 8-3331] design osd_priority_select has unconnected port layer_priority[12]
WARNING: [Synth 8-3331] design osd_priority_select has unconnected port layer_priority[11]
WARNING: [Synth 8-3331] design osd_priority_select has unconnected port layer_priority[10]
WARNING: [Synth 8-3331] design osd_priority_select has unconnected port layer_priority[9]
WARNING: [Synth 8-3331] design osd_priority_select has unconnected port layer_priority[8]
WARNING: [Synth 8-3331] design osd_priority_select has unconnected port layer_priority[7]
WARNING: [Synth 8-3331] design osd_priority_select has unconnected port layer_priority[6]
WARNING: [Synth 8-3331] design osd_priority_select has unconnected port layer_priority[5]
WARNING: [Synth 8-3331] design osd_priority_select has unconnected port layer_priority[4]
WARNING: [Synth 8-3331] design osd_priority_select has unconnected port layer_priority[3]
WARNING: [Synth 8-3331] design osd_priority_select has unconnected port layer_priority[2]
WARNING: [Synth 8-3331] design osd_priority_select has unconnected port layer_priority[1]
WARNING: [Synth 8-3331] design osd_priority_select has unconnected port layer_priority[0]
WARNING: [Synth 8-3331] design osd_backbone has unconnected port video_data_in[23]
WARNING: [Synth 8-3331] design osd_backbone has unconnected port video_data_in[22]
WARNING: [Synth 8-3331] design osd_backbone has unconnected port video_data_in[21]
WARNING: [Synth 8-3331] design osd_backbone has unconnected port video_data_in[20]
WARNING: [Synth 8-3331] design osd_backbone has unconnected port video_data_in[19]
WARNING: [Synth 8-3331] design osd_backbone has unconnected port video_data_in[18]
WARNING: [Synth 8-3331] design osd_backbone has unconnected port video_data_in[17]
WARNING: [Synth 8-3331] design osd_backbone has unconnected port video_data_in[16]
WARNING: [Synth 8-3331] design osd_backbone has unconnected port video_data_in[15]
WARNING: [Synth 8-3331] design osd_backbone has unconnected port video_data_in[14]
WARNING: [Synth 8-3331] design osd_backbone has unconnected port video_data_in[13]
WARNING: [Synth 8-3331] design osd_backbone has unconnected port video_data_in[12]
WARNING: [Synth 8-3331] design osd_backbone has unconnected port video_data_in[11]
WARNING: [Synth 8-3331] design osd_backbone has unconnected port video_data_in[10]
WARNING: [Synth 8-3331] design osd_backbone has unconnected port video_data_in[9]
WARNING: [Synth 8-3331] design osd_backbone has unconnected port video_data_in[8]
WARNING: [Synth 8-3331] design osd_backbone has unconnected port video_data_in[7]
WARNING: [Synth 8-3331] design osd_backbone has unconnected port video_data_in[6]
WARNING: [Synth 8-3331] design osd_backbone has unconnected port video_data_in[5]
WARNING: [Synth 8-3331] design osd_backbone has unconnected port video_data_in[4]
WARNING: [Synth 8-3331] design osd_backbone has unconnected port video_data_in[3]
WARNING: [Synth 8-3331] design osd_backbone has unconnected port video_data_in[2]
WARNING: [Synth 8-3331] design osd_backbone has unconnected port video_data_in[1]
WARNING: [Synth 8-3331] design osd_backbone has unconnected port video_data_in[0]
WARNING: [Synth 8-3331] design osd_backbone has unconnected port control[31]
WARNING: [Synth 8-3331] design osd_backbone has unconnected port control[30]
WARNING: [Synth 8-3331] design osd_backbone has unconnected port control[29]
WARNING: [Synth 8-3331] design osd_backbone has unconnected port control[28]
WARNING: [Synth 8-3331] design osd_backbone has unconnected port control[27]
WARNING: [Synth 8-3331] design osd_backbone has unconnected port control[26]
WARNING: [Synth 8-3331] design osd_backbone has unconnected port control[25]
WARNING: [Synth 8-3331] design osd_backbone has unconnected port control[24]
WARNING: [Synth 8-3331] design osd_backbone has unconnected port control[23]
WARNING: [Synth 8-3331] design osd_backbone has unconnected port control[22]
WARNING: [Synth 8-3331] design osd_backbone has unconnected port control[21]
WARNING: [Synth 8-3331] design osd_backbone has unconnected port control[20]
WARNING: [Synth 8-3331] design osd_backbone has unconnected port control[19]
WARNING: [Synth 8-3331] design osd_backbone has unconnected port control[18]
WARNING: [Synth 8-3331] design osd_backbone has unconnected port control[17]
WARNING: [Synth 8-3331] design osd_backbone has unconnected port control[16]
WARNING: [Synth 8-3331] design osd_backbone has unconnected port control[15]
WARNING: [Synth 8-3331] design osd_backbone has unconnected port control[14]
WARNING: [Synth 8-3331] design osd_backbone has unconnected port control[13]
WARNING: [Synth 8-3331] design osd_backbone has unconnected port control[12]
WARNING: [Synth 8-3331] design osd_backbone has unconnected port control[11]
WARNING: [Synth 8-3331] design osd_backbone has unconnected port control[10]
WARNING: [Synth 8-3331] design osd_backbone has unconnected port control[9]
WARNING: [Synth 8-3331] design osd_backbone has unconnected port control[8]
WARNING: [Synth 8-3331] design osd_backbone has unconnected port control[7]
WARNING: [Synth 8-3331] design osd_backbone has unconnected port control[6]
WARNING: [Synth 8-3331] design osd_backbone has unconnected port control[5]
WARNING: [Synth 8-3331] design osd_backbone has unconnected port control[4]
WARNING: [Synth 8-3331] design osd_backbone has unconnected port control[3]
WARNING: [Synth 8-3331] design osd_backbone has unconnected port control[2]
WARNING: [Synth 8-3331] design osd_backbone has unconnected port control[1]
WARNING: [Synth 8-3331] design osd_backbone has unconnected port ctrl_inst_addr[31]
WARNING: [Synth 8-3331] design osd_backbone has unconnected port ctrl_inst_addr[30]
WARNING: [Synth 8-3331] design osd_backbone has unconnected port ctrl_inst_addr[29]
WARNING: [Synth 8-3331] design osd_backbone has unconnected port ctrl_inst_addr[28]
WARNING: [Synth 8-3331] design osd_backbone has unconnected port ctrl_inst_addr[27]
WARNING: [Synth 8-3331] design osd_backbone has unconnected port ctrl_inst_addr[26]
WARNING: [Synth 8-3331] design osd_backbone has unconnected port ctrl_inst_addr[25]
WARNING: [Synth 8-3331] design osd_backbone has unconnected port ctrl_inst_addr[24]
WARNING: [Synth 8-3331] design osd_backbone has unconnected port ctrl_inst_addr[23]
WARNING: [Synth 8-3331] design osd_backbone has unconnected port ctrl_inst_addr[22]
WARNING: [Synth 8-3331] design osd_backbone has unconnected port ctrl_inst_addr[21]
WARNING: [Synth 8-3331] design osd_backbone has unconnected port ctrl_inst_addr[20]
INFO: [Common 17-14] Message 'Synth 8-3331' appears 100 times and further instances of the messages will be disabled. Use the Tcl command set_msg_config to change the current settings.
---------------------------------------------------------------------------------
Finished RTL Elaboration : Time (s): cpu = 00:00:20 ; elapsed = 00:00:24 . Memory (MB): peak = 1383.273 ; gain = 141.527 ; free physical = 1288 ; free virtual = 5609
---------------------------------------------------------------------------------

Report Check Netlist: 
+------+------------------+-------+---------+-------+------------------+
|      |Item              |Errors |Warnings |Status |Description       |
+------+------------------+-------+---------+-------+------------------+
|1     |multi_driven_nets |      0|        0|Passed |Multi driven nets |
+------+------------------+-------+---------+-------+------------------+
---------------------------------------------------------------------------------
Finished RTL Optimization Phase 1 : Time (s): cpu = 00:00:20 ; elapsed = 00:00:24 . Memory (MB): peak = 1383.273 ; gain = 141.527 ; free physical = 1290 ; free virtual = 5611
---------------------------------------------------------------------------------
INFO: [Netlist 29-17] Analyzing 1 Unisim elements for replacement
INFO: [Netlist 29-28] Unisim Transformation completed in 0 CPU seconds
INFO: [Device 21-403] Loading part xc7z020clg400-1
INFO: [Project 1-570] Preparing netlist for logic optimization

Processing XDC Constraints
Initializing timing engine
Parsing XDC File [/home/junhonglin/Xilinx/PYNQ_Car/PYNQ_HDMI_ov5640/hdmi-in.srcs/sources_1/bd/PYNQ_HDMI/ip/PYNQ_HDMI_v_osd_0_0/PYNQ_HDMI_v_osd_0_0_ooc.xdc] for cell 'U0'
Finished Parsing XDC File [/home/junhonglin/Xilinx/PYNQ_Car/PYNQ_HDMI_ov5640/hdmi-in.srcs/sources_1/bd/PYNQ_HDMI/ip/PYNQ_HDMI_v_osd_0_0/PYNQ_HDMI_v_osd_0_0_ooc.xdc] for cell 'U0'
Parsing XDC File [/home/junhonglin/Xilinx/PYNQ_Car/PYNQ_HDMI_ov5640/hdmi-in.runs/PYNQ_HDMI_v_osd_0_0_synth_1/dont_touch.xdc]
Finished Parsing XDC File [/home/junhonglin/Xilinx/PYNQ_Car/PYNQ_HDMI_ov5640/hdmi-in.runs/PYNQ_HDMI_v_osd_0_0_synth_1/dont_touch.xdc]
Parsing XDC File [/home/junhonglin/Xilinx/PYNQ_Car/PYNQ_HDMI_ov5640/hdmi-in.srcs/sources_1/bd/PYNQ_HDMI/ip/PYNQ_HDMI_v_osd_0_0/PYNQ_HDMI_v_osd_0_0_clocks.xdc] for cell 'U0'
Finished Parsing XDC File [/home/junhonglin/Xilinx/PYNQ_Car/PYNQ_HDMI_ov5640/hdmi-in.srcs/sources_1/bd/PYNQ_HDMI/ip/PYNQ_HDMI_v_osd_0_0/PYNQ_HDMI_v_osd_0_0_clocks.xdc] for cell 'U0'
Completed Processing XDC Constraints

INFO: [Project 1-111] Unisim Transformation Summary:
  A total of 1 instances were transformed.
  RAM64X1S => RAM64X1S (RAMS64E): 1 instances

Constraint Validation Runtime : Time (s): cpu = 00:00:00.10 ; elapsed = 00:00:00.05 . Memory (MB): peak = 1758.297 ; gain = 0.000 ; free physical = 1015 ; free virtual = 5336
---------------------------------------------------------------------------------
Finished Constraint Validation : Time (s): cpu = 00:00:50 ; elapsed = 00:01:19 . Memory (MB): peak = 1758.297 ; gain = 516.551 ; free physical = 1099 ; free virtual = 5420
---------------------------------------------------------------------------------
---------------------------------------------------------------------------------
Start Loading Part and Timing Information
---------------------------------------------------------------------------------
Loading part: xc7z020clg400-1
---------------------------------------------------------------------------------
Finished Loading Part and Timing Information : Time (s): cpu = 00:00:50 ; elapsed = 00:01:19 . Memory (MB): peak = 1758.297 ; gain = 516.551 ; free physical = 1099 ; free virtual = 5420
---------------------------------------------------------------------------------
---------------------------------------------------------------------------------
Start Applying 'set_property' XDC Constraints
---------------------------------------------------------------------------------
Applied set_property DONT_TOUCH = true for U0. (constraint file  /home/junhonglin/Xilinx/PYNQ_Car/PYNQ_HDMI_ov5640/hdmi-in.runs/PYNQ_HDMI_v_osd_0_0_synth_1/dont_touch.xdc, line 9).
---------------------------------------------------------------------------------
Finished applying 'set_property' XDC Constraints : Time (s): cpu = 00:00:50 ; elapsed = 00:01:19 . Memory (MB): peak = 1758.297 ; gain = 516.551 ; free physical = 1101 ; free virtual = 5422
---------------------------------------------------------------------------------
---------------------------------------------------------------------------------
Finished RTL Optimization Phase 2 : Time (s): cpu = 00:00:51 ; elapsed = 00:01:20 . Memory (MB): peak = 1758.297 ; gain = 516.551 ; free physical = 1093 ; free virtual = 5413
---------------------------------------------------------------------------------

Report RTL Partitions: 
+-+--------------+------------+----------+
| |RTL Partition |Replication |Instances |
+-+--------------+------------+----------+
+-+--------------+------------+----------+
---------------------------------------------------------------------------------
Start RTL Component Statistics 
---------------------------------------------------------------------------------
---------------------------------------------------------------------------------
Finished RTL Component Statistics 
---------------------------------------------------------------------------------
---------------------------------------------------------------------------------
Start RTL Hierarchical Component Statistics 
---------------------------------------------------------------------------------
---------------------------------------------------------------------------------
Finished RTL Hierarchical Component Statistics
---------------------------------------------------------------------------------
---------------------------------------------------------------------------------
Start Part Resource Summary
---------------------------------------------------------------------------------
Part Resources:
DSPs: 220 (col length:60)
BRAMs: 280 (col length: RAMB18 60 RAMB36 30)
---------------------------------------------------------------------------------
Finished Part Resource Summary
---------------------------------------------------------------------------------
---------------------------------------------------------------------------------
Start Cross Boundary and Area Optimization
---------------------------------------------------------------------------------
INFO: [Synth 8-3886] merging instance 'U0/U_OSD_TOP/GEN_DATA_NO_CHANNEL_MUX.GEN_CHANNEL_MUX[0].pixel_alpha_reg[0]' (FDRE) to 'U0/U_OSD_TOP/GEN_DATA_NO_CHANNEL_MUX.GEN_CHANNEL_MUX[0].pixel_alpha_reg[1]'
INFO: [Synth 8-3886] merging instance 'U0/U_OSD_TOP/GEN_DATA_NO_CHANNEL_MUX.GEN_CHANNEL_MUX[0].pixel_alpha_reg[1]' (FDRE) to 'U0/U_OSD_TOP/GEN_DATA_NO_CHANNEL_MUX.GEN_CHANNEL_MUX[0].pixel_alpha_reg[2]'
INFO: [Synth 8-3886] merging instance 'U0/U_OSD_TOP/GEN_DATA_NO_CHANNEL_MUX.GEN_CHANNEL_MUX[0].pixel_alpha_reg[2]' (FDRE) to 'U0/U_OSD_TOP/GEN_DATA_NO_CHANNEL_MUX.GEN_CHANNEL_MUX[0].pixel_alpha_reg[3]'
INFO: [Synth 8-3886] merging instance 'U0/U_OSD_TOP/GEN_DATA_NO_CHANNEL_MUX.GEN_CHANNEL_MUX[0].pixel_alpha_reg[3]' (FDRE) to 'U0/U_OSD_TOP/GEN_DATA_NO_CHANNEL_MUX.GEN_CHANNEL_MUX[0].pixel_alpha_reg[4]'
INFO: [Synth 8-3886] merging instance 'U0/U_OSD_TOP/GEN_DATA_NO_CHANNEL_MUX.GEN_CHANNEL_MUX[0].pixel_alpha_reg[4]' (FDRE) to 'U0/U_OSD_TOP/GEN_DATA_NO_CHANNEL_MUX.GEN_CHANNEL_MUX[0].pixel_alpha_reg[5]'
INFO: [Synth 8-3886] merging instance 'U0/U_OSD_TOP/GEN_DATA_NO_CHANNEL_MUX.GEN_CHANNEL_MUX[0].pixel_alpha_reg[5]' (FDRE) to 'U0/U_OSD_TOP/GEN_DATA_NO_CHANNEL_MUX.GEN_CHANNEL_MUX[0].pixel_alpha_reg[6]'
INFO: [Synth 8-3886] merging instance 'U0/U_OSD_TOP/GEN_DATA_NO_CHANNEL_MUX.GEN_CHANNEL_MUX[0].pixel_alpha_reg[6]' (FDRE) to 'U0/U_OSD_TOP/GEN_DATA_NO_CHANNEL_MUX.GEN_CHANNEL_MUX[0].pixel_alpha_reg[7]'
INFO: [Synth 8-3886] merging instance 'U0/U_OSD_TOP/GEN_DATA_NO_CHANNEL_MUX.GEN_CHANNEL_MUX[0].pixel_alpha_reg[7]' (FDRE) to 'U0/U_OSD_TOP/GEN_DATA_NO_CHANNEL_MUX.GEN_CHANNEL_MUX[0].pixel_alpha_reg[8]'
INFO: [Synth 8-3333] propagating constant 0 across sequential element (U0/\U_OSD_TOP/GEN_DATA_NO_CHANNEL_MUX.GEN_CHANNEL_MUX[0].pixel_alpha_reg[8] )
INFO: [Synth 8-3333] propagating constant 0 across sequential element (U0/\U_OSD_TOP/GEN_PRIO_SELECT[0].UOSD_PRIO_SELECT0/p_select_reg[0] )
INFO: [Synth 8-3886] merging instance 'U0/U_OSD_TOP/GEN_PARALLEL_ALPHA_PIPE.GEN_A_CHANNEL[0].UOSD_ALPHA_BLEND_ELEM_BG0/b_reg_reg[8]' (FDRE) to 'U0/U_OSD_TOP/GEN_PARALLEL_ALPHA_PIPE.GEN_A_CHANNEL[2].UOSD_ALPHA_BLEND_ELEM_BG0/b_reg_reg[8]'
INFO: [Synth 8-3886] merging instance 'U0/U_OSD_TOP/GEN_PARALLEL_ALPHA_PIPE.GEN_A_CHANNEL[0].UOSD_ALPHA_BLEND_ELEM_BG0/d_reg_reg[8]' (FDRE) to 'U0/U_OSD_TOP/GEN_PARALLEL_ALPHA_PIPE.GEN_A_CHANNEL[2].UOSD_ALPHA_BLEND_ELEM_BG0/b_reg_reg[8]'
INFO: [Synth 8-3886] merging instance 'U0/U_OSD_TOP/GEN_PARALLEL_ALPHA_PIPE.GEN_A_CHANNEL[0].UOSD_ALPHA_BLEND_ELEM_BG0/b_reg_reg[9]' (FDRE) to 'U0/U_OSD_TOP/GEN_PARALLEL_ALPHA_PIPE.GEN_A_CHANNEL[2].UOSD_ALPHA_BLEND_ELEM_BG0/b_reg_reg[8]'
INFO: [Synth 8-3886] merging instance 'U0/U_OSD_TOP/GEN_PARALLEL_ALPHA_PIPE.GEN_A_CHANNEL[0].UOSD_ALPHA_BLEND_ELEM_BG0/d_reg_reg[9]' (FDRE) to 'U0/U_OSD_TOP/GEN_PARALLEL_ALPHA_PIPE.GEN_A_CHANNEL[2].UOSD_ALPHA_BLEND_ELEM_BG0/b_reg_reg[8]'
INFO: [Synth 8-3886] merging instance 'U0/U_OSD_TOP/GEN_PARALLEL_ALPHA_PIPE.GEN_A_CHANNEL[1].UOSD_ALPHA_BLEND_ELEM_BG0/b_reg_reg[8]' (FDRE) to 'U0/U_OSD_TOP/GEN_PARALLEL_ALPHA_PIPE.GEN_A_CHANNEL[2].UOSD_ALPHA_BLEND_ELEM_BG0/b_reg_reg[8]'
INFO: [Synth 8-3886] merging instance 'U0/U_OSD_TOP/GEN_PARALLEL_ALPHA_PIPE.GEN_A_CHANNEL[1].UOSD_ALPHA_BLEND_ELEM_BG0/d_reg_reg[8]' (FDRE) to 'U0/U_OSD_TOP/GEN_PARALLEL_ALPHA_PIPE.GEN_A_CHANNEL[2].UOSD_ALPHA_BLEND_ELEM_BG0/b_reg_reg[8]'
INFO: [Synth 8-3886] merging instance 'U0/U_OSD_TOP/GEN_PARALLEL_ALPHA_PIPE.GEN_A_CHANNEL[1].UOSD_ALPHA_BLEND_ELEM_BG0/b_reg_reg[9]' (FDRE) to 'U0/U_OSD_TOP/GEN_PARALLEL_ALPHA_PIPE.GEN_A_CHANNEL[2].UOSD_ALPHA_BLEND_ELEM_BG0/b_reg_reg[8]'
INFO: [Synth 8-3886] merging instance 'U0/U_OSD_TOP/GEN_PARALLEL_ALPHA_PIPE.GEN_A_CHANNEL[1].UOSD_ALPHA_BLEND_ELEM_BG0/d_reg_reg[9]' (FDRE) to 'U0/U_OSD_TOP/GEN_PARALLEL_ALPHA_PIPE.GEN_A_CHANNEL[2].UOSD_ALPHA_BLEND_ELEM_BG0/b_reg_reg[8]'
INFO: [Synth 8-3333] propagating constant 0 across sequential element (U0/i_6)
INFO: [Synth 8-3886] merging instance 'U0/U_OSD_TOP/GEN_PARALLEL_ALPHA_PIPE.GEN_A_CHANNEL[2].UOSD_ALPHA_BLEND_ELEM_BG0/b_reg_reg[8]' (FDRE) to 'U0/U_OSD_TOP/GEN_PARALLEL_ALPHA_PIPE.GEN_A_CHANNEL[2].UOSD_ALPHA_BLEND_ELEM_BG0/d_reg_reg[8]'
INFO: [Synth 8-3886] merging instance 'U0/U_OSD_TOP/GEN_PARALLEL_ALPHA_PIPE.GEN_A_CHANNEL[2].UOSD_ALPHA_BLEND_ELEM_BG0/d_reg_reg[8]' (FDRE) to 'U0/U_OSD_TOP/GEN_PARALLEL_ALPHA_PIPE.GEN_A_CHANNEL[2].UOSD_ALPHA_BLEND_ELEM_BG0/d_reg_reg[9]'
INFO: [Synth 8-3886] merging instance 'U0/U_OSD_TOP/GEN_PARALLEL_ALPHA_PIPE.GEN_A_CHANNEL[2].UOSD_ALPHA_BLEND_ELEM_BG0/b_reg_reg[9]' (FDRE) to 'U0/U_OSD_TOP/GEN_PARALLEL_ALPHA_PIPE.GEN_A_CHANNEL[2].UOSD_ALPHA_BLEND_ELEM_BG0/d_reg_reg[9]'
INFO: [Synth 8-3333] propagating constant 0 across sequential element (U0/\U_OSD_TOP/GEN_PARALLEL_ALPHA_PIPE.GEN_A_CHANNEL[2].UOSD_ALPHA_BLEND_ELEM_BG0/d_reg_reg[9] )
INFO: [Synth 8-3886] merging instance 'U0/U_OSD_TOP/intr_status_reg[2]' (FDE) to 'U0/U_OSD_TOP/intr_status_reg[3]'
INFO: [Synth 8-3886] merging instance 'U0/U_OSD_TOP/intr_status_reg[3]' (FDE) to 'U0/U_OSD_TOP/intr_status_reg[4]'
INFO: [Synth 8-3886] merging instance 'U0/U_OSD_TOP/intr_status_reg[4]' (FDE) to 'U0/U_OSD_TOP/intr_status_reg[5]'
INFO: [Synth 8-3886] merging instance 'U0/U_OSD_TOP/intr_status_reg[5]' (FDE) to 'U0/U_OSD_TOP/intr_status_reg[6]'
INFO: [Synth 8-3886] merging instance 'U0/U_OSD_TOP/intr_status_reg[6]' (FDE) to 'U0/U_OSD_TOP/intr_status_reg[7]'
INFO: [Synth 8-3886] merging instance 'U0/U_OSD_TOP/intr_status_reg[7]' (FDE) to 'U0/U_OSD_TOP/intr_status_reg[8]'
INFO: [Synth 8-3886] merging instance 'U0/U_OSD_TOP/intr_status_reg[8]' (FDE) to 'U0/U_OSD_TOP/intr_status_reg[9]'
INFO: [Synth 8-3886] merging instance 'U0/U_OSD_TOP/intr_status_reg[9]' (FDE) to 'U0/U_OSD_TOP/intr_status_reg[10]'
INFO: [Synth 8-3886] merging instance 'U0/U_OSD_TOP/intr_status_reg[10]' (FDE) to 'U0/U_OSD_TOP/intr_status_reg[11]'
INFO: [Synth 8-3886] merging instance 'U0/U_OSD_TOP/intr_status_reg[11]' (FDE) to 'U0/U_OSD_TOP/intr_status_reg[12]'
INFO: [Synth 8-3886] merging instance 'U0/U_OSD_TOP/intr_status_reg[12]' (FDE) to 'U0/U_OSD_TOP/intr_status_reg[13]'
INFO: [Synth 8-3886] merging instance 'U0/U_OSD_TOP/intr_status_reg[13]' (FDE) to 'U0/U_OSD_TOP/intr_status_reg[14]'
INFO: [Synth 8-3886] merging instance 'U0/U_OSD_TOP/intr_status_reg[14]' (FDE) to 'U0/U_OSD_TOP/intr_status_reg[15]'
INFO: [Synth 8-3886] merging instance 'U0/U_OSD_TOP/intr_status_reg[15]' (FDE) to 'U0/U_OSD_TOP/intr_status_reg[17]'
INFO: [Synth 8-3886] merging instance 'U0/U_OSD_TOP/intr_status_reg[17]' (FDE) to 'U0/U_OSD_TOP/intr_status_reg[18]'
INFO: [Synth 8-3886] merging instance 'U0/U_OSD_TOP/intr_status_reg[18]' (FDE) to 'U0/U_OSD_TOP/intr_status_reg[19]'
INFO: [Synth 8-3886] merging instance 'U0/U_OSD_TOP/intr_status_reg[19]' (FDE) to 'U0/U_OSD_TOP/intr_status_reg[20]'
INFO: [Synth 8-3886] merging instance 'U0/U_OSD_TOP/intr_status_reg[20]' (FDE) to 'U0/U_OSD_TOP/intr_status_reg[21]'
INFO: [Synth 8-3886] merging instance 'U0/U_OSD_TOP/intr_status_reg[21]' (FDE) to 'U0/U_OSD_TOP/intr_status_reg[22]'
INFO: [Synth 8-3886] merging instance 'U0/U_OSD_TOP/intr_status_reg[22]' (FDE) to 'U0/U_OSD_TOP/intr_status_reg[23]'
INFO: [Synth 8-3886] merging instance 'U0/U_OSD_TOP/intr_status_reg[23]' (FDE) to 'U0/U_OSD_TOP/intr_status_reg[24]'
INFO: [Synth 8-3886] merging instance 'U0/U_OSD_TOP/intr_status_reg[24]' (FDE) to 'U0/U_OSD_TOP/intr_status_reg[25]'
INFO: [Synth 8-3886] merging instance 'U0/U_OSD_TOP/intr_status_reg[25]' (FDE) to 'U0/U_OSD_TOP/intr_status_reg[26]'
INFO: [Synth 8-3886] merging instance 'U0/U_OSD_TOP/intr_status_reg[26]' (FDE) to 'U0/U_OSD_TOP/intr_status_reg[27]'
INFO: [Synth 8-3886] merging instance 'U0/U_OSD_TOP/intr_status_reg[27]' (FDE) to 'U0/U_OSD_TOP/intr_status_reg[28]'
INFO: [Synth 8-3886] merging instance 'U0/U_OSD_TOP/intr_status_reg[28]' (FDE) to 'U0/U_OSD_TOP/intr_status_reg[29]'
INFO: [Synth 8-3886] merging instance 'U0/U_OSD_TOP/intr_status_reg[29]' (FDE) to 'U0/U_OSD_TOP/intr_status_reg[30]'
INFO: [Synth 8-3886] merging instance 'U0/U_OSD_TOP/intr_status_reg[30]' (FDE) to 'U0/U_OSD_TOP/intr_status_reg[31]'
INFO: [Synth 8-3333] propagating constant 0 across sequential element (U0/\U_OSD_TOP/intr_status_reg[31] )
INFO: [Synth 8-3333] propagating constant 0 across sequential element (U0/\U_OSD_TOP/intr_error_reg[4] )
INFO: [Synth 8-3333] propagating constant 0 across sequential element (U0/\U_OSD_TOP/intr_error_reg[5] )
INFO: [Synth 8-3333] propagating constant 0 across sequential element (U0/\U_OSD_TOP/intr_error_reg[6] )
INFO: [Synth 8-3333] propagating constant 0 across sequential element (U0/\U_OSD_TOP/intr_error_reg[7] )
INFO: [Synth 8-3333] propagating constant 0 across sequential element (U0/\U_OSD_TOP/intr_error_reg[8] )
INFO: [Synth 8-3333] propagating constant 0 across sequential element (U0/\U_OSD_TOP/intr_error_reg[9] )
INFO: [Synth 8-3333] propagating constant 0 across sequential element (U0/\U_OSD_TOP/intr_error_reg[10] )
INFO: [Synth 8-3333] propagating constant 0 across sequential element (U0/\U_OSD_TOP/intr_error_reg[11] )
INFO: [Synth 8-3333] propagating constant 0 across sequential element (U0/\U_OSD_TOP/intr_error_reg[12] )
INFO: [Synth 8-3333] propagating constant 0 across sequential element (U0/\U_OSD_TOP/intr_error_reg[13] )
INFO: [Synth 8-3333] propagating constant 0 across sequential element (U0/\U_OSD_TOP/intr_error_reg[14] )
INFO: [Synth 8-3333] propagating constant 0 across sequential element (U0/\U_OSD_TOP/intr_error_reg[15] )
INFO: [Synth 8-3333] propagating constant 0 across sequential element (U0/\U_OSD_TOP/intr_error_reg[16] )
INFO: [Synth 8-3333] propagating constant 0 across sequential element (U0/\U_OSD_TOP/intr_error_reg[17] )
INFO: [Synth 8-3333] propagating constant 0 across sequential element (U0/\U_OSD_TOP/intr_error_reg[18] )
INFO: [Synth 8-3333] propagating constant 0 across sequential element (U0/\U_OSD_TOP/intr_error_reg[19] )
INFO: [Synth 8-3333] propagating constant 0 across sequential element (U0/\U_OSD_TOP/intr_error_reg[20] )
INFO: [Synth 8-3333] propagating constant 0 across sequential element (U0/\U_OSD_TOP/intr_error_reg[21] )
INFO: [Synth 8-3333] propagating constant 0 across sequential element (U0/\U_OSD_TOP/intr_error_reg[22] )
INFO: [Synth 8-3333] propagating constant 0 across sequential element (U0/\U_OSD_TOP/intr_error_reg[23] )
INFO: [Synth 8-3333] propagating constant 0 across sequential element (U0/\U_OSD_TOP/intr_error_reg[24] )
INFO: [Synth 8-3333] propagating constant 0 across sequential element (U0/\U_OSD_TOP/intr_error_reg[25] )
INFO: [Synth 8-3333] propagating constant 0 across sequential element (U0/\U_OSD_TOP/intr_error_reg[26] )
INFO: [Synth 8-3333] propagating constant 0 across sequential element (U0/\U_OSD_TOP/intr_error_reg[27] )
INFO: [Synth 8-3333] propagating constant 0 across sequential element (U0/\U_OSD_TOP/intr_error_reg[28] )
INFO: [Synth 8-3333] propagating constant 0 across sequential element (U0/\U_OSD_TOP/intr_error_reg[29] )
INFO: [Synth 8-3333] propagating constant 0 across sequential element (U0/\U_OSD_TOP/intr_error_reg[30] )
INFO: [Synth 8-3333] propagating constant 0 across sequential element (U0/\U_OSD_TOP/intr_error_reg[31] )
INFO: [Synth 8-3332] Sequential element (U_OSD_TOP/tlast_delay_reg[18]) is unused and will be removed from module v_osd.
INFO: [Synth 8-3332] Sequential element (U_OSD_TOP/GEN_PRIO_SELECT[0].UOSD_PRIO_SELECT0/p_select_reg[0]) is unused and will be removed from module v_osd.
INFO: [Synth 8-3332] Sequential element (U_OSD_TOP/GEN_DATA_NO_CHANNEL_MUX.GEN_CHANNEL_MUX[0].pixel_alpha_reg[8]) is unused and will be removed from module v_osd.
INFO: [Synth 8-3332] Sequential element (i_6) is unused and will be removed from module v_osd.
INFO: [Synth 8-3332] Sequential element (U_OSD_TOP/GEN_ACTIVE_DELAY[13].layer_active_reg[13][1]) is unused and will be removed from module v_osd.
INFO: [Synth 8-3332] Sequential element (U_OSD_TOP/GEN_ACTIVE_DELAY[14].layer_active_reg[14][1]) is unused and will be removed from module v_osd.
INFO: [Synth 8-3332] Sequential element (U_OSD_TOP/GEN_ACTIVE_DELAY[15].layer_active_reg[15][1]) is unused and will be removed from module v_osd.
INFO: [Synth 8-3332] Sequential element (U_OSD_TOP/GEN_ACTIVE_DELAY[16].layer_active_reg[16][1]) is unused and will be removed from module v_osd.
INFO: [Synth 8-3332] Sequential element (U_OSD_TOP/GEN_ACTIVE_DELAY[17].layer_active_reg[17][1]) is unused and will be removed from module v_osd.
INFO: [Synth 8-3332] Sequential element (U_OSD_TOP/GEN_ACTIVE_DELAY[18].layer_active_reg[18][1]) is unused and will be removed from module v_osd.
INFO: [Synth 8-3332] Sequential element (U_OSD_TOP/intr_status_reg[31]) is unused and will be removed from module v_osd.
INFO: [Synth 8-3332] Sequential element (U_OSD_TOP/intr_error_reg[31]) is unused and will be removed from module v_osd.
INFO: [Synth 8-3332] Sequential element (U_OSD_TOP/intr_error_reg[30]) is unused and will be removed from module v_osd.
INFO: [Synth 8-3332] Sequential element (U_OSD_TOP/intr_error_reg[29]) is unused and will be removed from module v_osd.
INFO: [Synth 8-3332] Sequential element (U_OSD_TOP/intr_error_reg[28]) is unused and will be removed from module v_osd.
INFO: [Synth 8-3332] Sequential element (U_OSD_TOP/intr_error_reg[27]) is unused and will be removed from module v_osd.
INFO: [Synth 8-3332] Sequential element (U_OSD_TOP/intr_error_reg[26]) is unused and will be removed from module v_osd.
INFO: [Synth 8-3332] Sequential element (U_OSD_TOP/intr_error_reg[25]) is unused and will be removed from module v_osd.
INFO: [Synth 8-3332] Sequential element (U_OSD_TOP/intr_error_reg[24]) is unused and will be removed from module v_osd.
INFO: [Synth 8-3332] Sequential element (U_OSD_TOP/intr_error_reg[23]) is unused and will be removed from module v_osd.
INFO: [Synth 8-3332] Sequential element (U_OSD_TOP/intr_error_reg[22]) is unused and will be removed from module v_osd.
INFO: [Synth 8-3332] Sequential element (U_OSD_TOP/intr_error_reg[21]) is unused and will be removed from module v_osd.
INFO: [Synth 8-3332] Sequential element (U_OSD_TOP/intr_error_reg[20]) is unused and will be removed from module v_osd.
INFO: [Synth 8-3332] Sequential element (U_OSD_TOP/intr_error_reg[19]) is unused and will be removed from module v_osd.
INFO: [Synth 8-3332] Sequential element (U_OSD_TOP/intr_error_reg[18]) is unused and will be removed from module v_osd.
INFO: [Synth 8-3332] Sequential element (U_OSD_TOP/intr_error_reg[17]) is unused and will be removed from module v_osd.
INFO: [Synth 8-3332] Sequential element (U_OSD_TOP/intr_error_reg[16]) is unused and will be removed from module v_osd.
INFO: [Synth 8-3332] Sequential element (U_OSD_TOP/intr_error_reg[15]) is unused and will be removed from module v_osd.
INFO: [Synth 8-3332] Sequential element (U_OSD_TOP/intr_error_reg[14]) is unused and will be removed from module v_osd.
INFO: [Synth 8-3332] Sequential element (U_OSD_TOP/intr_error_reg[13]) is unused and will be removed from module v_osd.
INFO: [Synth 8-3332] Sequential element (U_OSD_TOP/intr_error_reg[12]) is unused and will be removed from module v_osd.
INFO: [Synth 8-3332] Sequential element (U_OSD_TOP/intr_error_reg[11]) is unused and will be removed from module v_osd.
INFO: [Synth 8-3332] Sequential element (U_OSD_TOP/intr_error_reg[10]) is unused and will be removed from module v_osd.
INFO: [Synth 8-3332] Sequential element (U_OSD_TOP/intr_error_reg[9]) is unused and will be removed from module v_osd.
INFO: [Synth 8-3332] Sequential element (U_OSD_TOP/intr_error_reg[8]) is unused and will be removed from module v_osd.
INFO: [Synth 8-3332] Sequential element (U_OSD_TOP/intr_error_reg[7]) is unused and will be removed from module v_osd.
INFO: [Synth 8-3332] Sequential element (U_OSD_TOP/intr_error_reg[6]) is unused and will be removed from module v_osd.
INFO: [Synth 8-3332] Sequential element (U_OSD_TOP/intr_error_reg[5]) is unused and will be removed from module v_osd.
INFO: [Synth 8-3332] Sequential element (U_OSD_TOP/intr_error_reg[4]) is unused and will be removed from module v_osd.
INFO: [Synth 8-3332] Sequential element (U_OSD_TOP/sof_delay_reg[17]) is unused and will be removed from module v_osd.
INFO: [Synth 8-3332] Sequential element (U_OSD_TOP/GEN_PARALLEL_ALPHA_PIPE.GEN_A_CHANNEL[2].UOSD_ALPHA_BLEND_ELEM_BG0/d_reg_reg[9]) is unused and will be removed from module v_osd.
INFO: [Synth 8-3333] propagating constant 0 across sequential element (U0/U_VIDEO_CTRL/\GEN_HAS_IRQ.irq_reg )
INFO: [Synth 8-3332] Sequential element (GEN_HAS_IRQ.irq_reg) is unused and will be removed from module video_ctrl.
---------------------------------------------------------------------------------
Finished Cross Boundary and Area Optimization : Time (s): cpu = 00:00:55 ; elapsed = 00:01:24 . Memory (MB): peak = 1758.297 ; gain = 516.551 ; free physical = 1073 ; free virtual = 5395
---------------------------------------------------------------------------------

Report RTL Partitions: 
+-+--------------+------------+----------+
| |RTL Partition |Replication |Instances |
+-+--------------+------------+----------+
+-+--------------+------------+----------+
---------------------------------------------------------------------------------
Start Applying XDC Timing Constraints
---------------------------------------------------------------------------------
---------------------------------------------------------------------------------
Finished Applying XDC Timing Constraints : Time (s): cpu = 00:01:10 ; elapsed = 00:01:44 . Memory (MB): peak = 1758.297 ; gain = 516.551 ; free physical = 918 ; free virtual = 5241
---------------------------------------------------------------------------------
---------------------------------------------------------------------------------
Start Timing Optimization
---------------------------------------------------------------------------------
---------------------------------------------------------------------------------
Finished Timing Optimization : Time (s): cpu = 00:01:11 ; elapsed = 00:01:46 . Memory (MB): peak = 1758.312 ; gain = 516.566 ; free physical = 908 ; free virtual = 5231
---------------------------------------------------------------------------------

Report RTL Partitions: 
+-+--------------+------------+----------+
| |RTL Partition |Replication |Instances |
+-+--------------+------------+----------+
+-+--------------+------------+----------+
---------------------------------------------------------------------------------
Start Technology Mapping
---------------------------------------------------------------------------------
---------------------------------------------------------------------------------
Finished Technology Mapping : Time (s): cpu = 00:01:11 ; elapsed = 00:01:46 . Memory (MB): peak = 1766.320 ; gain = 524.574 ; free physical = 906 ; free virtual = 5229
---------------------------------------------------------------------------------

Report RTL Partitions: 
+-+--------------+------------+----------+
| |RTL Partition |Replication |Instances |
+-+--------------+------------+----------+
+-+--------------+------------+----------+
---------------------------------------------------------------------------------
Start IO Insertion
---------------------------------------------------------------------------------
---------------------------------------------------------------------------------
Start Flattening Before IO Insertion
---------------------------------------------------------------------------------
---------------------------------------------------------------------------------
Finished Flattening Before IO Insertion
---------------------------------------------------------------------------------
---------------------------------------------------------------------------------
Start Final Netlist Cleanup
---------------------------------------------------------------------------------
INFO: [Synth 8-6064] Net \U_OSD_TOP/enable  is driving 15 big block pins (URAM, BRAM and DSP loads). Created 5 replicas of its driver. 
INFO: [Synth 8-4618] Found max_fanout attribute set to 3 on net \U_OSD_TOP/enable . Fanout reduced from 419 to 3 by creating 139 replicas.
---------------------------------------------------------------------------------
Finished Final Netlist Cleanup
---------------------------------------------------------------------------------
---------------------------------------------------------------------------------
Finished IO Insertion : Time (s): cpu = 00:01:13 ; elapsed = 00:01:47 . Memory (MB): peak = 1766.320 ; gain = 524.574 ; free physical = 906 ; free virtual = 5229
---------------------------------------------------------------------------------

Report Check Netlist: 
+------+------------------+-------+---------+-------+------------------+
|      |Item              |Errors |Warnings |Status |Description       |
+------+------------------+-------+---------+-------+------------------+
|1     |multi_driven_nets |      0|        0|Passed |Multi driven nets |
+------+------------------+-------+---------+-------+------------------+
---------------------------------------------------------------------------------
Start Renaming Generated Instances
---------------------------------------------------------------------------------
---------------------------------------------------------------------------------
Finished Renaming Generated Instances : Time (s): cpu = 00:01:13 ; elapsed = 00:01:47 . Memory (MB): peak = 1766.320 ; gain = 524.574 ; free physical = 906 ; free virtual = 5229
---------------------------------------------------------------------------------

Report RTL Partitions: 
+-+--------------+------------+----------+
| |RTL Partition |Replication |Instances |
+-+--------------+------------+----------+
+-+--------------+------------+----------+
---------------------------------------------------------------------------------
Start Rebuilding User Hierarchy
---------------------------------------------------------------------------------
---------------------------------------------------------------------------------
Finished Rebuilding User Hierarchy : Time (s): cpu = 00:01:13 ; elapsed = 00:01:48 . Memory (MB): peak = 1766.320 ; gain = 524.574 ; free physical = 906 ; free virtual = 5229
---------------------------------------------------------------------------------
---------------------------------------------------------------------------------
Start Renaming Generated Ports
---------------------------------------------------------------------------------
---------------------------------------------------------------------------------
Finished Renaming Generated Ports : Time (s): cpu = 00:01:13 ; elapsed = 00:01:48 . Memory (MB): peak = 1766.320 ; gain = 524.574 ; free physical = 906 ; free virtual = 5229
---------------------------------------------------------------------------------
---------------------------------------------------------------------------------
Start Handling Custom Attributes
---------------------------------------------------------------------------------
---------------------------------------------------------------------------------
Finished Handling Custom Attributes : Time (s): cpu = 00:01:13 ; elapsed = 00:01:48 . Memory (MB): peak = 1766.320 ; gain = 524.574 ; free physical = 906 ; free virtual = 5229
---------------------------------------------------------------------------------
---------------------------------------------------------------------------------
Start Renaming Generated Nets
---------------------------------------------------------------------------------
---------------------------------------------------------------------------------
Finished Renaming Generated Nets : Time (s): cpu = 00:01:13 ; elapsed = 00:01:48 . Memory (MB): peak = 1766.320 ; gain = 524.574 ; free physical = 906 ; free virtual = 5229
---------------------------------------------------------------------------------
---------------------------------------------------------------------------------
Start Writing Synthesis Report
---------------------------------------------------------------------------------

Report BlackBoxes: 
+-+--------------+----------+
| |BlackBox name |Instances |
+-+--------------+----------+
+-+--------------+----------+

Report Cell Usage: 
+------+---------+------+
|      |Cell     |Count |
+------+---------+------+
|1     |CARRY4   |    56|
|2     |DSP48E1  |     3|
|3     |LUT1     |    97|
|4     |LUT2     |    85|
|5     |LUT3     |    25|
|6     |LUT4     |    33|
|7     |LUT5     |    17|
|8     |LUT6     |   227|
|9     |RAM32M   |    10|
|10    |RAM64X1S |     1|
|11    |SRL16E   |     7|
|12    |SRLC32E  |     1|
|13    |FDRE     |   710|
|14    |FDSE     |    44|
+------+---------+------+
---------------------------------------------------------------------------------
Finished Writing Synthesis Report : Time (s): cpu = 00:01:13 ; elapsed = 00:01:48 . Memory (MB): peak = 1766.320 ; gain = 524.574 ; free physical = 906 ; free virtual = 5229
---------------------------------------------------------------------------------
Synthesis finished with 0 errors, 0 critical warnings and 1796 warnings.
Synthesis Optimization Runtime : Time (s): cpu = 00:00:56 ; elapsed = 00:01:07 . Memory (MB): peak = 1766.320 ; gain = 149.551 ; free physical = 979 ; free virtual = 5301
Synthesis Optimization Complete : Time (s): cpu = 00:01:14 ; elapsed = 00:01:48 . Memory (MB): peak = 1766.328 ; gain = 524.574 ; free physical = 979 ; free virtual = 5301
INFO: [Project 1-571] Translating synthesized netlist
INFO: [Netlist 29-17] Analyzing 70 Unisim elements for replacement
INFO: [Netlist 29-28] Unisim Transformation completed in 0 CPU seconds
INFO: [Project 1-570] Preparing netlist for logic optimization
INFO: [Opt 31-138] Pushed 0 inverter(s) to 0 load pin(s).
INFO: [Project 1-111] Unisim Transformation Summary:
  A total of 11 instances were transformed.
  RAM32M => RAM32M (RAMD32, RAMD32, RAMD32, RAMD32, RAMD32, RAMD32, RAMS32, RAMS32): 10 instances
  RAM64X1S => RAM64X1S (RAMS64E): 1 instances

INFO: [Common 17-83] Releasing license: Synthesis
142 Infos, 100 Warnings, 0 Critical Warnings and 0 Errors encountered.
synth_design completed successfully
synth_design: Time (s): cpu = 00:01:17 ; elapsed = 00:01:50 . Memory (MB): peak = 1798.336 ; gain = 556.590 ; free physical = 976 ; free virtual = 5299
INFO: [Common 17-1381] The checkpoint '/home/junhonglin/Xilinx/PYNQ_Car/PYNQ_HDMI_ov5640/hdmi-in.runs/PYNQ_HDMI_v_osd_0_0_synth_1/PYNQ_HDMI_v_osd_0_0.dcp' has been generated.
INFO: [Coretcl 2-1482] Added synthesis output to IP cache for IP /home/junhonglin/Xilinx/PYNQ_Car/PYNQ_HDMI_ov5640/hdmi-in.srcs/sources_1/bd/PYNQ_HDMI/ip/PYNQ_HDMI_v_osd_0_0/PYNQ_HDMI_v_osd_0_0.xci
INFO: [Coretcl 2-1174] Renamed 23 cell refs.
INFO: [Common 17-1381] The checkpoint '/home/junhonglin/Xilinx/PYNQ_Car/PYNQ_HDMI_ov5640/hdmi-in.runs/PYNQ_HDMI_v_osd_0_0_synth_1/PYNQ_HDMI_v_osd_0_0.dcp' has been generated.
INFO: [runtcl-4] Executing : report_utilization -file PYNQ_HDMI_v_osd_0_0_utilization_synth.rpt -pb PYNQ_HDMI_v_osd_0_0_utilization_synth.pb
report_utilization: Time (s): cpu = 00:00:00.20 ; elapsed = 00:00:00.26 . Memory (MB): peak = 1822.348 ; gain = 0.000 ; free physical = 971 ; free virtual = 5296
INFO: [Common 17-206] Exiting Vivado at Mon Feb 25 23:15:47 2019...
