12:39:02 INFO  : Registering command handlers for SDK TCF services
12:39:10 INFO  : Launching XSCT server: xsct.bat -interactive D:\FPGA_intern\PYNQ\PYNQ_ov5640_SDK_Export\temp_xsdb_launch_script.tcl
12:39:22 INFO  : XSCT server has started successfully.
12:39:22 INFO  : Successfully done setting XSCT server connection channel  
12:39:41 INFO  : Successfully done setting SDK workspace  
12:40:41 INFO  : Project 'PYNQ_HDMI_wrapper_hw_platform_0' created. You can now create BSPs and application projects targeting this hardware platform.
13:24:10 INFO  : Refreshed build settings on project PYNQ_ov5640
14:20:25 INFO  : Connected to target on host '127.0.0.1' and port '3121'.
14:20:28 INFO  : 'targets -set -filter {jtag_cable_name =~ "Xilinx PYNQ-Z1 003017A4D182A" && level==0} -index 1' command is executed.
14:20:31 INFO  : FPGA configured successfully with bitstream "D:/FPGA_intern/PYNQ/PYNQ_ov5640_SDK_Export/PYNQ_HDMI_wrapper_hw_platform_0/PYNQ_HDMI_wrapper.bit"
14:20:45 WARN  : Given IPC port value is invalid. Using default port 2350
14:20:45 WARN  : Given XMD timeout value is invalid. Using default value of 50000
14:20:52 WARN  : Given XMD transaction timeout value is invalid. Using default value of 60000 milli seconds
14:20:52 WARN  : Given XMD transaction timeout value is invalid. Using default value of 60000 milli seconds
14:21:16 WARN  : Given XMD transaction timeout value is invalid. Using default value of 60000 milli seconds
14:21:17 WARN  : Given XMD transaction timeout value is invalid. Using default value of 60000 milli seconds
14:21:17 WARN  : Given XMD transaction timeout value is invalid. Using default value of 60000 milli seconds
14:21:17 WARN  : Given XMD transaction timeout value is invalid. Using default value of 60000 milli seconds
14:21:17 WARN  : Given XMD transaction timeout value is invalid. Using default value of 60000 milli seconds
14:21:17 WARN  : Given XMD transaction timeout value is invalid. Using default value of 60000 milli seconds
14:21:17 WARN  : Given XMD transaction timeout value is invalid. Using default value of 60000 milli seconds
14:21:17 INFO  : ps7_init is completed.
14:21:17 WARN  : Given XMD transaction timeout value is invalid. Using default value of 60000 milli seconds
14:21:17 INFO  : ps7_post_config is completed.
14:21:17 WARN  : Given XMD transaction timeout value is invalid. Using default value of 60000 milli seconds
14:21:18 WARN  : Given XMD transaction timeout value is invalid. Using default value of 60000 milli seconds
14:21:18 INFO  : Processor reset is completed for ps7_cortexa9_0
14:21:18 WARN  : Given XMD transaction timeout value is invalid. Using default value of 60000 milli seconds
14:21:19 WARN  : Given XMD transaction timeout value is invalid. Using default value of 60000 milli seconds
14:21:19 WARN  : Given XMD transaction timeout value is invalid. Using default value of 60000 milli seconds
14:21:19 WARN  : Given XMD transaction timeout value is invalid. Using default value of 60000 milli seconds
14:21:19 WARN  : Given XMD transaction timeout value is invalid. Using default value of 60000 milli seconds
14:21:20 WARN  : Given XMD transaction timeout value is invalid. Using default value of 60000 milli seconds
14:21:22 WARN  : Given XMD transaction timeout value is invalid. Using default value of 60000 milli seconds
14:21:22 WARN  : Given XMD transaction timeout value is invalid. Using default value of 60000 milli seconds
14:21:22 WARN  : Given XMD transaction timeout value is invalid. Using default value of 60000 milli seconds
14:42:51 ERROR : Unexpected error while parsing XMD response ?: com.google.gson.JsonSyntaxException: com.google.gson.stream.MalformedJsonException: invalid number or unquoted string near 
14:40:44 INFO  : Registering command handlers for SDK TCF services
14:40:44 INFO  : Launching XSCT server: xsct.bat -interactive C:\Users\weiyil\Vivado_prj\PYNQ_HDMI_ov5640\hdmi-in.sdk\PYNQ_ov5640_SDK_Export\temp_xsdb_launch_script.tcl
14:40:46 INFO  : XSCT server has started successfully.
14:40:47 INFO  : Successfully done setting XSCT server connection channel  
14:40:47 INFO  : Successfully done setting SDK workspace  
