Determining if the pthread_create exist failed with the following output:
Change Dir: /home/junhonglin/Xilinx/PYNQ_Car/PYNQ_Car/build/CMakeFiles/CMakeTmp

Run Build Command:"/usr/bin/make" "cmTC_ef503/fast"
/usr/bin/make -f CMakeFiles/cmTC_ef503.dir/build.make CMakeFiles/cmTC_ef503.dir/build
make[1]: Entering directory '/home/junhonglin/Xilinx/PYNQ_Car/PYNQ_Car/build/CMakeFiles/CMakeTmp'
Building C object CMakeFiles/cmTC_ef503.dir/CheckSymbolExists.c.o
/usr/bin/cc    -o CMakeFiles/cmTC_ef503.dir/CheckSymbolExists.c.o   -c /home/junhonglin/Xilinx/PYNQ_Car/PYNQ_Car/build/CMakeFiles/CMakeTmp/CheckSymbolExists.c
Linking C executable cmTC_ef503
/opt/Xilinx/SDK/2018.2/tps/lnx64/cmake-3.3.2/bin/cmake -E cmake_link_script CMakeFiles/cmTC_ef503.dir/link.txt --verbose=1
/usr/bin/cc       CMakeFiles/cmTC_ef503.dir/CheckSymbolExists.c.o  -o cmTC_ef503 -rdynamic 
CMakeFiles/cmTC_ef503.dir/CheckSymbolExists.c.o: In function `main':
CheckSymbolExists.c:(.text+0x1b): undefined reference to `pthread_create'
collect2: error: ld returned 1 exit status
CMakeFiles/cmTC_ef503.dir/build.make:97: recipe for target 'cmTC_ef503' failed
make[1]: Leaving directory '/home/junhonglin/Xilinx/PYNQ_Car/PYNQ_Car/build/CMakeFiles/CMakeTmp'
make[1]: *** [cmTC_ef503] Error 1
Makefile:126: recipe for target 'cmTC_ef503/fast' failed
make: *** [cmTC_ef503/fast] Error 2

File /home/junhonglin/Xilinx/PYNQ_Car/PYNQ_Car/build/CMakeFiles/CMakeTmp/CheckSymbolExists.c:
/* */
#include <pthread.h>

int main(int argc, char** argv)
{
  (void)argv;
#ifndef pthread_create
  return ((int*)(&pthread_create))[argc];
#else
  (void)argc;
  return 0;
#endif
}

Determining if the function pthread_create exists in the pthreads failed with the following output:
Change Dir: /home/junhonglin/Xilinx/PYNQ_Car/PYNQ_Car/build/CMakeFiles/CMakeTmp

Run Build Command:"/usr/bin/make" "cmTC_6bf00/fast"
/usr/bin/make -f CMakeFiles/cmTC_6bf00.dir/build.make CMakeFiles/cmTC_6bf00.dir/build
make[1]: Entering directory '/home/junhonglin/Xilinx/PYNQ_Car/PYNQ_Car/build/CMakeFiles/CMakeTmp'
Building C object CMakeFiles/cmTC_6bf00.dir/CheckFunctionExists.c.o
/usr/bin/cc   -DCHECK_FUNCTION_EXISTS=pthread_create   -o CMakeFiles/cmTC_6bf00.dir/CheckFunctionExists.c.o   -c /opt/Xilinx/SDK/2018.2/tps/lnx64/cmake-3.3.2/share/cmake-3.3/Modules/CheckFunctionExists.c
Linking C executable cmTC_6bf00
/opt/Xilinx/SDK/2018.2/tps/lnx64/cmake-3.3.2/bin/cmake -E cmake_link_script CMakeFiles/cmTC_6bf00.dir/link.txt --verbose=1
/usr/bin/cc   -DCHECK_FUNCTION_EXISTS=pthread_create    CMakeFiles/cmTC_6bf00.dir/CheckFunctionExists.c.o  -o cmTC_6bf00 -rdynamic -lpthreads 
/usr/bin/ld: cannot find -lpthreads
collect2: error: ld returned 1 exit status
CMakeFiles/cmTC_6bf00.dir/build.make:97: recipe for target 'cmTC_6bf00' failed
make[1]: *** [cmTC_6bf00] Error 1
make[1]: Leaving directory '/home/junhonglin/Xilinx/PYNQ_Car/PYNQ_Car/build/CMakeFiles/CMakeTmp'
Makefile:126: recipe for target 'cmTC_6bf00/fast' failed
make: *** [cmTC_6bf00/fast] Error 2


