10:20:35 INFO  : Launching XSCT server: xsct -n -interactive /home/junhonglin/Xilinx/PYNQ_Car/base.sdk/temp_xsdb_launch_script.tcl
10:20:37 INFO  : XSCT server has started successfully.
10:20:37 INFO  : Successfully done setting XSCT server connection channel  
10:20:38 INFO  : Successfully done setting SDK workspace  
10:20:40 INFO  : Registering command handlers for SDK TCF services
10:23:01 ERROR : Unexpected error occurred during generating bsp sources
java.lang.reflect.InvocationTargetException
	at org.eclipse.jface.operation.ModalContext.run(ModalContext.java:398)
	at org.eclipse.jface.dialogs.ProgressMonitorDialog.run(ProgressMonitorDialog.java:481)
	at org.eclipse.ui.internal.progress.ProgressMonitorJobsDialog.run(ProgressMonitorJobsDialog.java:242)
	at org.eclipse.ui.internal.progress.ProgressManager$3.run(ProgressManager.java:895)
	at org.eclipse.swt.custom.BusyIndicator.showWhile(BusyIndicator.java:70)
	at org.eclipse.ui.internal.progress.ProgressManager.busyCursorWhile(ProgressManager.java:930)
	at org.eclipse.ui.internal.progress.ProgressManager.busyCursorWhile(ProgressManager.java:905)
	at org.eclipse.ui.internal.progress.ProgressManager.run(ProgressManager.java:1078)
	at com.xilinx.sdk.sw.ui.handlers.RegenBspSourcesHandler.execute(RegenBspSourcesHandler.java:124)
	at com.xilinx.sdk.sw.ui.handlers.RegenBspSourcesHandler.execute(RegenBspSourcesHandler.java:78)
	at org.eclipse.ui.internal.handlers.HandlerProxy.execute(HandlerProxy.java:295)
	at org.eclipse.ui.internal.handlers.E4HandlerProxy.execute(E4HandlerProxy.java:90)
	at sun.reflect.NativeMethodAccessorImpl.invoke0(Native Method)
	at sun.reflect.NativeMethodAccessorImpl.invoke(NativeMethodAccessorImpl.java:62)
	at sun.reflect.DelegatingMethodAccessorImpl.invoke(DelegatingMethodAccessorImpl.java:43)
	at java.lang.reflect.Method.invoke(Method.java:498)
	at org.eclipse.e4.core.internal.di.MethodRequestor.execute(MethodRequestor.java:55)
	at org.eclipse.e4.core.internal.di.InjectorImpl.invokeUsingClass(InjectorImpl.java:282)
	at org.eclipse.e4.core.internal.di.InjectorImpl.invoke(InjectorImpl.java:264)
	at org.eclipse.e4.core.contexts.ContextInjectionFactory.invoke(ContextInjectionFactory.java:132)
	at org.eclipse.e4.core.commands.internal.HandlerServiceHandler.execute(HandlerServiceHandler.java:152)
	at org.eclipse.core.commands.Command.executeWithChecks(Command.java:494)
	at org.eclipse.core.commands.ParameterizedCommand.executeWithChecks(ParameterizedCommand.java:488)
	at org.eclipse.e4.core.commands.internal.HandlerServiceImpl.executeHandler(HandlerServiceImpl.java:210)
	at org.eclipse.e4.ui.workbench.renderers.swt.HandledContributionItem.executeItem(HandledContributionItem.java:433)
	at org.eclipse.e4.ui.workbench.renderers.swt.AbstractContributionItem.handleWidgetSelection(AbstractContributionItem.java:454)
	at org.eclipse.e4.ui.workbench.renderers.swt.AbstractContributionItem$3.handleEvent(AbstractContributionItem.java:482)
	at org.eclipse.swt.widgets.EventTable.sendEvent(EventTable.java:84)
	at org.eclipse.swt.widgets.Display.sendEvent(Display.java:5219)
	at org.eclipse.swt.widgets.Widget.sendEvent(Widget.java:1340)
	at org.eclipse.swt.widgets.Display.runDeferredEvents(Display.java:4553)
	at org.eclipse.swt.widgets.Display.readAndDispatch(Display.java:4143)
	at org.eclipse.e4.ui.internal.workbench.swt.PartRenderingEngine$4.run(PartRenderingEngine.java:1121)
	at org.eclipse.core.databinding.observable.Realm.runWithDefault(Realm.java:336)
	at org.eclipse.e4.ui.internal.workbench.swt.PartRenderingEngine.run(PartRenderingEngine.java:1022)
	at org.eclipse.e4.ui.internal.workbench.E4Workbench.createAndRunUI(E4Workbench.java:150)
	at org.eclipse.ui.internal.Workbench$5.run(Workbench.java:687)
	at org.eclipse.core.databinding.observable.Realm.runWithDefault(Realm.java:336)
	at org.eclipse.ui.internal.Workbench.createAndRunWorkbench(Workbench.java:604)
	at org.eclipse.ui.PlatformUI.createAndRunWorkbench(PlatformUI.java:148)
	at org.eclipse.ui.internal.ide.application.IDEApplication.start(IDEApplication.java:138)
	at org.eclipse.equinox.internal.app.EclipseAppHandle.run(EclipseAppHandle.java:196)
	at org.eclipse.core.runtime.internal.adaptor.EclipseAppLauncher.runApplication(EclipseAppLauncher.java:134)
	at org.eclipse.core.runtime.internal.adaptor.EclipseAppLauncher.start(EclipseAppLauncher.java:104)
	at org.eclipse.core.runtime.adaptor.EclipseStarter.run(EclipseStarter.java:388)
	at org.eclipse.core.runtime.adaptor.EclipseStarter.run(EclipseStarter.java:243)
	at sun.reflect.NativeMethodAccessorImpl.invoke0(Native Method)
	at sun.reflect.NativeMethodAccessorImpl.invoke(NativeMethodAccessorImpl.java:62)
	at sun.reflect.DelegatingMethodAccessorImpl.invoke(DelegatingMethodAccessorImpl.java:43)
	at java.lang.reflect.Method.invoke(Method.java:498)
	at org.eclipse.equinox.launcher.Main.invokeFramework(Main.java:673)
	at org.eclipse.equinox.launcher.Main.basicRun(Main.java:610)
	at org.eclipse.equinox.launcher.Main.run(Main.java:1519)
	at org.eclipse.equinox.launcher.Main.main(Main.java:1492)
Caused by: java.lang.NullPointerException
	at com.xilinx.sdk.sw.ui.handlers.RegenBspSourcesHandler$1.run(RegenBspSourcesHandler.java:135)
	at org.eclipse.jface.operation.ModalContext$ModalContextThread.run(ModalContext.java:119)
