01:29:50 INFO  : Registering command handlers for SDK TCF services
01:29:57 INFO  : Launching XSCT server: xsct -n -interactive /home/junhonglin/Xilinx/PYNQ_Car/PYNQ_HDMI_ov5640/hdmi-in.sdk/temp_xsdb_launch_script.tcl
01:30:00 INFO  : XSCT server has started successfully.
01:30:01 INFO  : Successfully done setting XSCT server connection channel  
01:30:01 INFO  : Successfully done setting SDK workspace  
01:30:01 INFO  : Processing command line option -hwspec /home/junhonglin/Xilinx/PYNQ_Car/PYNQ_HDMI_ov5640/hdmi-in.sdk/PYNQ_HDMI_wrapper.hdf.
01:34:17 INFO  : Refreshed build settings on project PYNQ_ov5640
01:37:03 INFO  : 'targets -set -filter {jtag_cable_name =~ "Xilinx TUL 1234-tulA" && level==0} -index 1' command is executed.
01:37:03 INFO  : 'fpga -state' command is executed.
01:37:06 INFO  : Memory regions updated for context APU
01:37:52 INFO  : Registering command handlers for SDK TCF services
01:37:54 INFO  : Launching XSCT server: xsct -n -interactive /home/junhonglin/Xilinx/PYNQ_Car/PYNQ_HDMI_ov5640/hdmi-in.sdk/temp_xsdb_launch_script.tcl
01:37:57 INFO  : XSCT server has started successfully.
01:37:57 INFO  : Successfully done setting XSCT server connection channel  
01:37:57 INFO  : Successfully done setting SDK workspace  
01:38:07 INFO  : 'targets -set -filter {jtag_cable_name =~ "Xilinx TUL 1234-tulA" && level==0} -index 1' command is executed.
01:38:07 INFO  : 'fpga -state' command is executed.
01:38:09 INFO  : Memory regions updated for context APU
01:38:13 INFO  : Connected to target on host '127.0.0.1' and port '3121'.
01:38:13 INFO  : 'targets -set -filter {jtag_cable_name =~ "Xilinx TUL 1234-tulA" && level==0} -index 1' command is executed.
01:38:15 INFO  : FPGA configured successfully with bitstream "/home/junhonglin/Xilinx/PYNQ_Car/PYNQ_HDMI_ov5640/hdmi-in.sdk/PYNQ_HDMI_wrapper_hw_platform_0/PYNQ_HDMI_wrapper.bit"
01:38:25 INFO  : 'targets -set -filter {jtag_cable_name =~ "Xilinx TUL 1234-tulA" && level==0} -index 1' command is executed.
01:38:25 INFO  : 'fpga -state' command is executed.
01:38:25 INFO  : Connected to target on host '127.0.0.1' and port '3121'.
01:38:25 INFO  : Jtag cable 'Xilinx TUL 1234-tulA' is selected.
01:38:25 INFO  : 'jtag frequency' command is executed.
01:38:25 INFO  : Sourcing of '/home/junhonglin/Xilinx/PYNQ_Car/PYNQ_HDMI_ov5640/hdmi-in.sdk/PYNQ_HDMI_wrapper_hw_platform_0/ps7_init.tcl' is done.
01:38:25 INFO  : Context for 'APU' is selected.
01:38:25 INFO  : Hardware design information is loaded from '/home/junhonglin/Xilinx/PYNQ_Car/PYNQ_HDMI_ov5640/hdmi-in.sdk/PYNQ_HDMI_wrapper_hw_platform_0/system.hdf'.
01:38:25 INFO  : 'configparams force-mem-access 1' command is executed.
01:38:25 INFO  : Context for 'APU' is selected.
01:38:26 INFO  : 'stop' command is executed.
01:38:27 INFO  : 'ps7_init' command is executed.
01:38:27 INFO  : 'ps7_post_config' command is executed.
01:38:27 INFO  : Context for processor 'ps7_cortexa9_0' is selected.
01:38:27 INFO  : Processor reset is completed for 'ps7_cortexa9_0'.
01:38:27 INFO  : Context for processor 'ps7_cortexa9_0' is selected.
01:38:27 INFO  : The application '/home/junhonglin/Xilinx/PYNQ_Car/PYNQ_HDMI_ov5640/hdmi-in.sdk/PYNQ_ov5640/Debug/PYNQ_ov5640.elf' is downloaded to processor 'ps7_cortexa9_0'.
01:38:27 INFO  : 'configparams force-mem-access 0' command is executed.
01:38:27 INFO  : ----------------XSDB Script----------------
connect -url tcp:127.0.0.1:3121
source /home/junhonglin/Xilinx/PYNQ_Car/PYNQ_HDMI_ov5640/hdmi-in.sdk/PYNQ_HDMI_wrapper_hw_platform_0/ps7_init.tcl
targets -set -nocase -filter {name =~"APU*" && jtag_cable_name =~ "Xilinx TUL 1234-tulA"} -index 0
loadhw -hw /home/junhonglin/Xilinx/PYNQ_Car/PYNQ_HDMI_ov5640/hdmi-in.sdk/PYNQ_HDMI_wrapper_hw_platform_0/system.hdf -mem-ranges [list {0x40000000 0xbfffffff}]
configparams force-mem-access 1
targets -set -nocase -filter {name =~"APU*" && jtag_cable_name =~ "Xilinx TUL 1234-tulA"} -index 0
stop
ps7_init
ps7_post_config
targets -set -nocase -filter {name =~ "ARM*#0" && jtag_cable_name =~ "Xilinx TUL 1234-tulA"} -index 0
rst -processor
targets -set -nocase -filter {name =~ "ARM*#0" && jtag_cable_name =~ "Xilinx TUL 1234-tulA"} -index 0
dow /home/junhonglin/Xilinx/PYNQ_Car/PYNQ_HDMI_ov5640/hdmi-in.sdk/PYNQ_ov5640/Debug/PYNQ_ov5640.elf
configparams force-mem-access 0
----------------End of Script----------------

01:38:28 INFO  : Memory regions updated for context APU
01:38:28 INFO  : Context for processor 'ps7_cortexa9_0' is selected.
01:38:28 INFO  : 'con' command is executed.
01:38:28 INFO  : ----------------XSDB Script (After Launch)----------------
targets -set -nocase -filter {name =~ "ARM*#0" && jtag_cable_name =~ "Xilinx TUL 1234-tulA"} -index 0
con
----------------End of Script----------------

01:38:28 INFO  : Launch script is exported to file '/home/junhonglin/Xilinx/PYNQ_Car/PYNQ_HDMI_ov5640/hdmi-in.sdk/.sdk/launch_scripts/xilinx_c-c++_application_(system_debugger)/system_debugger_using_debug_pynq_ov5640.elf_on_local.tcl'
01:39:42 INFO  : Disconnected from the channel tcfchan#1.
01:39:43 INFO  : 'targets -set -filter {jtag_cable_name =~ "Xilinx TUL 1234-tulA" && level==0} -index 1' command is executed.
01:39:43 INFO  : 'fpga -state' command is executed.
01:39:43 INFO  : Connected to target on host '127.0.0.1' and port '3121'.
01:39:44 INFO  : Jtag cable 'Xilinx TUL 1234-tulA' is selected.
01:39:44 INFO  : 'jtag frequency' command is executed.
01:39:44 INFO  : Sourcing of '/home/junhonglin/Xilinx/PYNQ_Car/PYNQ_HDMI_ov5640/hdmi-in.sdk/PYNQ_HDMI_wrapper_hw_platform_0/ps7_init.tcl' is done.
01:39:44 INFO  : Context for 'APU' is selected.
01:39:47 INFO  : Hardware design information is loaded from '/home/junhonglin/Xilinx/PYNQ_Car/PYNQ_HDMI_ov5640/hdmi-in.sdk/PYNQ_HDMI_wrapper_hw_platform_0/system.hdf'.
01:39:47 INFO  : 'configparams force-mem-access 1' command is executed.
01:39:47 INFO  : Context for 'APU' is selected.
01:39:47 INFO  : 'stop' command is executed.
01:39:49 INFO  : 'ps7_init' command is executed.
01:39:49 INFO  : 'ps7_post_config' command is executed.
01:39:49 INFO  : Context for processor 'ps7_cortexa9_0' is selected.
01:39:49 INFO  : Processor reset is completed for 'ps7_cortexa9_0'.
01:39:49 INFO  : Context for processor 'ps7_cortexa9_0' is selected.
01:39:49 INFO  : The application '/home/junhonglin/Xilinx/PYNQ_Car/PYNQ_HDMI_ov5640/hdmi-in.sdk/PYNQ_ov5640/Debug/PYNQ_ov5640.elf' is downloaded to processor 'ps7_cortexa9_0'.
01:39:49 INFO  : 'configparams force-mem-access 0' command is executed.
01:39:49 INFO  : ----------------XSDB Script----------------
connect -url tcp:127.0.0.1:3121
source /home/junhonglin/Xilinx/PYNQ_Car/PYNQ_HDMI_ov5640/hdmi-in.sdk/PYNQ_HDMI_wrapper_hw_platform_0/ps7_init.tcl
targets -set -nocase -filter {name =~"APU*" && jtag_cable_name =~ "Xilinx TUL 1234-tulA"} -index 0
loadhw -hw /home/junhonglin/Xilinx/PYNQ_Car/PYNQ_HDMI_ov5640/hdmi-in.sdk/PYNQ_HDMI_wrapper_hw_platform_0/system.hdf -mem-ranges [list {0x40000000 0xbfffffff}]
configparams force-mem-access 1
targets -set -nocase -filter {name =~"APU*" && jtag_cable_name =~ "Xilinx TUL 1234-tulA"} -index 0
stop
ps7_init
ps7_post_config
targets -set -nocase -filter {name =~ "ARM*#0" && jtag_cable_name =~ "Xilinx TUL 1234-tulA"} -index 0
rst -processor
targets -set -nocase -filter {name =~ "ARM*#0" && jtag_cable_name =~ "Xilinx TUL 1234-tulA"} -index 0
dow /home/junhonglin/Xilinx/PYNQ_Car/PYNQ_HDMI_ov5640/hdmi-in.sdk/PYNQ_ov5640/Debug/PYNQ_ov5640.elf
configparams force-mem-access 0
----------------End of Script----------------

01:39:50 INFO  : Memory regions updated for context APU
01:39:50 INFO  : Context for processor 'ps7_cortexa9_0' is selected.
01:39:50 INFO  : 'con' command is executed.
01:39:50 INFO  : ----------------XSDB Script (After Launch)----------------
targets -set -nocase -filter {name =~ "ARM*#0" && jtag_cable_name =~ "Xilinx TUL 1234-tulA"} -index 0
con
----------------End of Script----------------

01:39:50 INFO  : Launch script is exported to file '/home/junhonglin/Xilinx/PYNQ_Car/PYNQ_HDMI_ov5640/hdmi-in.sdk/.sdk/launch_scripts/xilinx_c-c++_application_(system_debugger)/system_debugger_using_debug_pynq_ov5640.elf_on_local.tcl'
01:40:24 INFO  : Disconnected from the channel tcfchan#2.
01:40:25 INFO  : 'targets -set -filter {jtag_cable_name =~ "Xilinx TUL 1234-tulA" && level==0} -index 1' command is executed.
01:40:25 INFO  : 'fpga -state' command is executed.
01:40:25 INFO  : Connected to target on host '127.0.0.1' and port '3121'.
01:40:25 INFO  : Jtag cable 'Xilinx TUL 1234-tulA' is selected.
01:40:25 INFO  : 'jtag frequency' command is executed.
01:40:25 INFO  : Sourcing of '/home/junhonglin/Xilinx/PYNQ_Car/PYNQ_HDMI_ov5640/hdmi-in.sdk/PYNQ_HDMI_wrapper_hw_platform_0/ps7_init.tcl' is done.
01:40:25 INFO  : Context for 'APU' is selected.
01:40:29 INFO  : Hardware design information is loaded from '/home/junhonglin/Xilinx/PYNQ_Car/PYNQ_HDMI_ov5640/hdmi-in.sdk/PYNQ_HDMI_wrapper_hw_platform_0/system.hdf'.
01:40:29 INFO  : 'configparams force-mem-access 1' command is executed.
01:40:29 INFO  : Context for 'APU' is selected.
01:40:29 INFO  : 'stop' command is executed.
01:40:30 INFO  : 'ps7_init' command is executed.
01:40:30 INFO  : 'ps7_post_config' command is executed.
01:40:30 INFO  : Context for processor 'ps7_cortexa9_0' is selected.
01:40:30 INFO  : Processor reset is completed for 'ps7_cortexa9_0'.
01:40:30 INFO  : Context for processor 'ps7_cortexa9_0' is selected.
01:40:31 INFO  : The application '/home/junhonglin/Xilinx/PYNQ_Car/PYNQ_HDMI_ov5640/hdmi-in.sdk/PYNQ_ov5640/Debug/PYNQ_ov5640.elf' is downloaded to processor 'ps7_cortexa9_0'.
01:40:31 INFO  : 'configparams force-mem-access 0' command is executed.
01:40:31 INFO  : ----------------XSDB Script----------------
connect -url tcp:127.0.0.1:3121
source /home/junhonglin/Xilinx/PYNQ_Car/PYNQ_HDMI_ov5640/hdmi-in.sdk/PYNQ_HDMI_wrapper_hw_platform_0/ps7_init.tcl
targets -set -nocase -filter {name =~"APU*" && jtag_cable_name =~ "Xilinx TUL 1234-tulA"} -index 0
loadhw -hw /home/junhonglin/Xilinx/PYNQ_Car/PYNQ_HDMI_ov5640/hdmi-in.sdk/PYNQ_HDMI_wrapper_hw_platform_0/system.hdf -mem-ranges [list {0x40000000 0xbfffffff}]
configparams force-mem-access 1
targets -set -nocase -filter {name =~"APU*" && jtag_cable_name =~ "Xilinx TUL 1234-tulA"} -index 0
stop
ps7_init
ps7_post_config
targets -set -nocase -filter {name =~ "ARM*#0" && jtag_cable_name =~ "Xilinx TUL 1234-tulA"} -index 0
rst -processor
targets -set -nocase -filter {name =~ "ARM*#0" && jtag_cable_name =~ "Xilinx TUL 1234-tulA"} -index 0
dow /home/junhonglin/Xilinx/PYNQ_Car/PYNQ_HDMI_ov5640/hdmi-in.sdk/PYNQ_ov5640/Debug/PYNQ_ov5640.elf
configparams force-mem-access 0
----------------End of Script----------------

01:40:31 INFO  : Memory regions updated for context APU
01:40:31 INFO  : Context for processor 'ps7_cortexa9_0' is selected.
01:40:31 INFO  : 'con' command is executed.
01:40:31 INFO  : ----------------XSDB Script (After Launch)----------------
targets -set -nocase -filter {name =~ "ARM*#0" && jtag_cable_name =~ "Xilinx TUL 1234-tulA"} -index 0
con
----------------End of Script----------------

01:40:31 INFO  : Launch script is exported to file '/home/junhonglin/Xilinx/PYNQ_Car/PYNQ_HDMI_ov5640/hdmi-in.sdk/.sdk/launch_scripts/xilinx_c-c++_application_(system_debugger)/system_debugger_using_debug_pynq_ov5640.elf_on_local.tcl'
01:41:00 INFO  : Disconnected from the channel tcfchan#3.
01:41:01 INFO  : 'targets -set -filter {jtag_cable_name =~ "Xilinx TUL 1234-tulA" && level==0} -index 1' command is executed.
01:41:01 INFO  : 'fpga -state' command is executed.
01:41:01 INFO  : Connected to target on host '127.0.0.1' and port '3121'.
01:41:02 INFO  : Jtag cable 'Xilinx TUL 1234-tulA' is selected.
01:41:02 INFO  : 'jtag frequency' command is executed.
01:41:02 INFO  : Sourcing of '/home/junhonglin/Xilinx/PYNQ_Car/PYNQ_HDMI_ov5640/hdmi-in.sdk/PYNQ_HDMI_wrapper_hw_platform_0/ps7_init.tcl' is done.
01:41:02 INFO  : Context for 'APU' is selected.
01:41:08 INFO  : Hardware design information is loaded from '/home/junhonglin/Xilinx/PYNQ_Car/PYNQ_HDMI_ov5640/hdmi-in.sdk/PYNQ_HDMI_wrapper_hw_platform_0/system.hdf'.
01:41:08 INFO  : 'configparams force-mem-access 1' command is executed.
01:41:08 INFO  : Context for 'APU' is selected.
01:41:08 INFO  : 'stop' command is executed.
01:41:10 INFO  : 'ps7_init' command is executed.
01:41:10 INFO  : 'ps7_post_config' command is executed.
01:41:10 INFO  : Context for processor 'ps7_cortexa9_0' is selected.
01:41:10 INFO  : Processor reset is completed for 'ps7_cortexa9_0'.
01:41:10 INFO  : Context for processor 'ps7_cortexa9_0' is selected.
01:41:11 INFO  : The application '/home/junhonglin/Xilinx/PYNQ_Car/PYNQ_HDMI_ov5640/hdmi-in.sdk/PYNQ_ov5640/Debug/PYNQ_ov5640.elf' is downloaded to processor 'ps7_cortexa9_0'.
01:41:11 INFO  : 'configparams force-mem-access 0' command is executed.
01:41:11 INFO  : ----------------XSDB Script----------------
connect -url tcp:127.0.0.1:3121
source /home/junhonglin/Xilinx/PYNQ_Car/PYNQ_HDMI_ov5640/hdmi-in.sdk/PYNQ_HDMI_wrapper_hw_platform_0/ps7_init.tcl
targets -set -nocase -filter {name =~"APU*" && jtag_cable_name =~ "Xilinx TUL 1234-tulA"} -index 0
loadhw -hw /home/junhonglin/Xilinx/PYNQ_Car/PYNQ_HDMI_ov5640/hdmi-in.sdk/PYNQ_HDMI_wrapper_hw_platform_0/system.hdf -mem-ranges [list {0x40000000 0xbfffffff}]
configparams force-mem-access 1
targets -set -nocase -filter {name =~"APU*" && jtag_cable_name =~ "Xilinx TUL 1234-tulA"} -index 0
stop
ps7_init
ps7_post_config
targets -set -nocase -filter {name =~ "ARM*#0" && jtag_cable_name =~ "Xilinx TUL 1234-tulA"} -index 0
rst -processor
targets -set -nocase -filter {name =~ "ARM*#0" && jtag_cable_name =~ "Xilinx TUL 1234-tulA"} -index 0
dow /home/junhonglin/Xilinx/PYNQ_Car/PYNQ_HDMI_ov5640/hdmi-in.sdk/PYNQ_ov5640/Debug/PYNQ_ov5640.elf
configparams force-mem-access 0
----------------End of Script----------------

01:41:11 INFO  : Memory regions updated for context APU
01:41:11 INFO  : Context for processor 'ps7_cortexa9_0' is selected.
01:41:11 INFO  : 'con' command is executed.
01:41:11 INFO  : ----------------XSDB Script (After Launch)----------------
targets -set -nocase -filter {name =~ "ARM*#0" && jtag_cable_name =~ "Xilinx TUL 1234-tulA"} -index 0
con
----------------End of Script----------------

01:41:11 INFO  : Launch script is exported to file '/home/junhonglin/Xilinx/PYNQ_Car/PYNQ_HDMI_ov5640/hdmi-in.sdk/.sdk/launch_scripts/xilinx_c-c++_application_(system_debugger)/system_debugger_using_debug_pynq_ov5640.elf_on_local.tcl'
01:42:14 INFO  : Disconnected from the channel tcfchan#4.
01:42:55 INFO  : 'targets -set -filter {jtag_cable_name =~ "Xilinx TUL 1234-tulA" && level==0} -index 1' command is executed.
01:42:55 INFO  : 'fpga -state' command is executed.
01:42:55 INFO  : Connected to target on host '127.0.0.1' and port '3121'.
01:42:56 INFO  : Jtag cable 'Xilinx TUL 1234-tulA' is selected.
01:42:56 INFO  : 'jtag frequency' command is executed.
01:42:56 INFO  : Sourcing of '/home/junhonglin/Xilinx/PYNQ_Car/PYNQ_HDMI_ov5640/hdmi-in.sdk/PYNQ_HDMI_wrapper_hw_platform_0/ps7_init.tcl' is done.
01:42:56 INFO  : Context for 'APU' is selected.
01:42:59 INFO  : Hardware design information is loaded from '/home/junhonglin/Xilinx/PYNQ_Car/PYNQ_HDMI_ov5640/hdmi-in.sdk/PYNQ_HDMI_wrapper_hw_platform_0/system.hdf'.
01:42:59 INFO  : 'configparams force-mem-access 1' command is executed.
01:42:59 INFO  : Context for 'APU' is selected.
01:42:59 INFO  : 'stop' command is executed.
01:43:00 INFO  : 'ps7_init' command is executed.
01:43:00 INFO  : 'ps7_post_config' command is executed.
01:43:00 INFO  : Context for processor 'ps7_cortexa9_0' is selected.
01:43:00 INFO  : Processor reset is completed for 'ps7_cortexa9_0'.
01:43:00 INFO  : Context for processor 'ps7_cortexa9_0' is selected.
01:43:01 INFO  : The application '/home/junhonglin/Xilinx/PYNQ_Car/PYNQ_HDMI_ov5640/hdmi-in.sdk/PYNQ_ov5640/Debug/PYNQ_ov5640.elf' is downloaded to processor 'ps7_cortexa9_0'.
01:43:01 INFO  : 'configparams force-mem-access 0' command is executed.
01:43:01 INFO  : ----------------XSDB Script----------------
connect -url tcp:127.0.0.1:3121
source /home/junhonglin/Xilinx/PYNQ_Car/PYNQ_HDMI_ov5640/hdmi-in.sdk/PYNQ_HDMI_wrapper_hw_platform_0/ps7_init.tcl
targets -set -nocase -filter {name =~"APU*" && jtag_cable_name =~ "Xilinx TUL 1234-tulA"} -index 0
loadhw -hw /home/junhonglin/Xilinx/PYNQ_Car/PYNQ_HDMI_ov5640/hdmi-in.sdk/PYNQ_HDMI_wrapper_hw_platform_0/system.hdf -mem-ranges [list {0x40000000 0xbfffffff}]
configparams force-mem-access 1
targets -set -nocase -filter {name =~"APU*" && jtag_cable_name =~ "Xilinx TUL 1234-tulA"} -index 0
stop
ps7_init
ps7_post_config
targets -set -nocase -filter {name =~ "ARM*#0" && jtag_cable_name =~ "Xilinx TUL 1234-tulA"} -index 0
rst -processor
targets -set -nocase -filter {name =~ "ARM*#0" && jtag_cable_name =~ "Xilinx TUL 1234-tulA"} -index 0
dow /home/junhonglin/Xilinx/PYNQ_Car/PYNQ_HDMI_ov5640/hdmi-in.sdk/PYNQ_ov5640/Debug/PYNQ_ov5640.elf
configparams force-mem-access 0
----------------End of Script----------------

01:43:01 INFO  : Memory regions updated for context APU
01:43:01 INFO  : Context for processor 'ps7_cortexa9_0' is selected.
01:43:01 INFO  : 'con' command is executed.
01:43:01 INFO  : ----------------XSDB Script (After Launch)----------------
targets -set -nocase -filter {name =~ "ARM*#0" && jtag_cable_name =~ "Xilinx TUL 1234-tulA"} -index 0
con
----------------End of Script----------------

01:43:01 INFO  : Launch script is exported to file '/home/junhonglin/Xilinx/PYNQ_Car/PYNQ_HDMI_ov5640/hdmi-in.sdk/.sdk/launch_scripts/xilinx_c-c++_application_(system_debugger)/system_debugger_using_debug_pynq_ov5640.elf_on_local.tcl'
01:45:01 INFO  : Disconnected from the channel tcfchan#5.
01:45:02 INFO  : 'targets -set -filter {jtag_cable_name =~ "Xilinx TUL 1234-tulA" && level==0} -index 1' command is executed.
01:45:02 INFO  : 'fpga -state' command is executed.
01:45:02 INFO  : Connected to target on host '127.0.0.1' and port '3121'.
01:45:03 INFO  : Jtag cable 'Xilinx TUL 1234-tulA' is selected.
01:45:03 INFO  : 'jtag frequency' command is executed.
01:45:03 INFO  : Sourcing of '/home/junhonglin/Xilinx/PYNQ_Car/PYNQ_HDMI_ov5640/hdmi-in.sdk/PYNQ_HDMI_wrapper_hw_platform_0/ps7_init.tcl' is done.
01:45:03 INFO  : Context for 'APU' is selected.
01:45:06 INFO  : Hardware design information is loaded from '/home/junhonglin/Xilinx/PYNQ_Car/PYNQ_HDMI_ov5640/hdmi-in.sdk/PYNQ_HDMI_wrapper_hw_platform_0/system.hdf'.
01:45:06 INFO  : 'configparams force-mem-access 1' command is executed.
01:45:06 INFO  : Context for 'APU' is selected.
01:45:06 INFO  : 'stop' command is executed.
01:45:08 INFO  : 'ps7_init' command is executed.
01:45:08 INFO  : 'ps7_post_config' command is executed.
01:45:08 INFO  : Context for processor 'ps7_cortexa9_0' is selected.
01:45:08 INFO  : Processor reset is completed for 'ps7_cortexa9_0'.
01:45:08 INFO  : Context for processor 'ps7_cortexa9_0' is selected.
01:45:08 INFO  : The application '/home/junhonglin/Xilinx/PYNQ_Car/PYNQ_HDMI_ov5640/hdmi-in.sdk/PYNQ_ov5640/Debug/PYNQ_ov5640.elf' is downloaded to processor 'ps7_cortexa9_0'.
01:45:08 INFO  : 'configparams force-mem-access 0' command is executed.
01:45:08 INFO  : ----------------XSDB Script----------------
connect -url tcp:127.0.0.1:3121
source /home/junhonglin/Xilinx/PYNQ_Car/PYNQ_HDMI_ov5640/hdmi-in.sdk/PYNQ_HDMI_wrapper_hw_platform_0/ps7_init.tcl
targets -set -nocase -filter {name =~"APU*" && jtag_cable_name =~ "Xilinx TUL 1234-tulA"} -index 0
loadhw -hw /home/junhonglin/Xilinx/PYNQ_Car/PYNQ_HDMI_ov5640/hdmi-in.sdk/PYNQ_HDMI_wrapper_hw_platform_0/system.hdf -mem-ranges [list {0x40000000 0xbfffffff}]
configparams force-mem-access 1
targets -set -nocase -filter {name =~"APU*" && jtag_cable_name =~ "Xilinx TUL 1234-tulA"} -index 0
stop
ps7_init
ps7_post_config
targets -set -nocase -filter {name =~ "ARM*#0" && jtag_cable_name =~ "Xilinx TUL 1234-tulA"} -index 0
rst -processor
targets -set -nocase -filter {name =~ "ARM*#0" && jtag_cable_name =~ "Xilinx TUL 1234-tulA"} -index 0
dow /home/junhonglin/Xilinx/PYNQ_Car/PYNQ_HDMI_ov5640/hdmi-in.sdk/PYNQ_ov5640/Debug/PYNQ_ov5640.elf
configparams force-mem-access 0
----------------End of Script----------------

01:45:08 INFO  : Memory regions updated for context APU
01:45:09 INFO  : Context for processor 'ps7_cortexa9_0' is selected.
01:45:09 INFO  : 'con' command is executed.
01:45:09 INFO  : ----------------XSDB Script (After Launch)----------------
targets -set -nocase -filter {name =~ "ARM*#0" && jtag_cable_name =~ "Xilinx TUL 1234-tulA"} -index 0
con
----------------End of Script----------------

01:45:09 INFO  : Launch script is exported to file '/home/junhonglin/Xilinx/PYNQ_Car/PYNQ_HDMI_ov5640/hdmi-in.sdk/.sdk/launch_scripts/xilinx_c-c++_application_(system_debugger)/system_debugger_using_debug_pynq_ov5640.elf_on_local.tcl'
01:46:47 INFO  : Disconnected from the channel tcfchan#6.
01:46:50 INFO  : 'targets -set -filter {jtag_cable_name =~ "Xilinx TUL 1234-tulA" && level==0} -index 1' command is executed.
01:46:50 INFO  : 'fpga -state' command is executed.
01:46:50 INFO  : Connected to target on host '127.0.0.1' and port '3121'.
01:46:51 INFO  : Jtag cable 'Xilinx TUL 1234-tulA' is selected.
01:46:51 INFO  : 'jtag frequency' command is executed.
01:46:51 INFO  : Sourcing of '/home/junhonglin/Xilinx/PYNQ_Car/PYNQ_HDMI_ov5640/hdmi-in.sdk/PYNQ_HDMI_wrapper_hw_platform_0/ps7_init.tcl' is done.
01:46:51 INFO  : Context for 'APU' is selected.
01:46:54 INFO  : Hardware design information is loaded from '/home/junhonglin/Xilinx/PYNQ_Car/PYNQ_HDMI_ov5640/hdmi-in.sdk/PYNQ_HDMI_wrapper_hw_platform_0/system.hdf'.
01:46:54 INFO  : 'configparams force-mem-access 1' command is executed.
01:46:54 INFO  : Context for 'APU' is selected.
01:46:54 INFO  : 'stop' command is executed.
01:46:56 INFO  : 'ps7_init' command is executed.
01:46:56 INFO  : 'ps7_post_config' command is executed.
01:46:56 INFO  : Context for processor 'ps7_cortexa9_0' is selected.
01:46:56 INFO  : Processor reset is completed for 'ps7_cortexa9_0'.
01:46:56 INFO  : Context for processor 'ps7_cortexa9_0' is selected.
01:46:56 INFO  : The application '/home/junhonglin/Xilinx/PYNQ_Car/PYNQ_HDMI_ov5640/hdmi-in.sdk/PYNQ_ov5640/Debug/PYNQ_ov5640.elf' is downloaded to processor 'ps7_cortexa9_0'.
01:46:56 INFO  : 'configparams force-mem-access 0' command is executed.
01:46:56 INFO  : ----------------XSDB Script----------------
connect -url tcp:127.0.0.1:3121
source /home/junhonglin/Xilinx/PYNQ_Car/PYNQ_HDMI_ov5640/hdmi-in.sdk/PYNQ_HDMI_wrapper_hw_platform_0/ps7_init.tcl
targets -set -nocase -filter {name =~"APU*" && jtag_cable_name =~ "Xilinx TUL 1234-tulA"} -index 0
loadhw -hw /home/junhonglin/Xilinx/PYNQ_Car/PYNQ_HDMI_ov5640/hdmi-in.sdk/PYNQ_HDMI_wrapper_hw_platform_0/system.hdf -mem-ranges [list {0x40000000 0xbfffffff}]
configparams force-mem-access 1
targets -set -nocase -filter {name =~"APU*" && jtag_cable_name =~ "Xilinx TUL 1234-tulA"} -index 0
stop
ps7_init
ps7_post_config
targets -set -nocase -filter {name =~ "ARM*#0" && jtag_cable_name =~ "Xilinx TUL 1234-tulA"} -index 0
rst -processor
targets -set -nocase -filter {name =~ "ARM*#0" && jtag_cable_name =~ "Xilinx TUL 1234-tulA"} -index 0
dow /home/junhonglin/Xilinx/PYNQ_Car/PYNQ_HDMI_ov5640/hdmi-in.sdk/PYNQ_ov5640/Debug/PYNQ_ov5640.elf
configparams force-mem-access 0
----------------End of Script----------------

01:46:56 INFO  : Memory regions updated for context APU
01:46:57 INFO  : Context for processor 'ps7_cortexa9_0' is selected.
01:46:57 INFO  : 'con' command is executed.
01:46:57 INFO  : ----------------XSDB Script (After Launch)----------------
targets -set -nocase -filter {name =~ "ARM*#0" && jtag_cable_name =~ "Xilinx TUL 1234-tulA"} -index 0
con
----------------End of Script----------------

01:46:57 INFO  : Launch script is exported to file '/home/junhonglin/Xilinx/PYNQ_Car/PYNQ_HDMI_ov5640/hdmi-in.sdk/.sdk/launch_scripts/xilinx_c-c++_application_(system_debugger)/system_debugger_using_debug_pynq_ov5640.elf_on_local.tcl'
01:48:01 INFO  : Disconnected from the channel tcfchan#7.
01:48:02 INFO  : 'targets -set -filter {jtag_cable_name =~ "Xilinx TUL 1234-tulA" && level==0} -index 1' command is executed.
01:48:02 INFO  : 'fpga -state' command is executed.
01:48:02 INFO  : Connected to target on host '127.0.0.1' and port '3121'.
01:48:03 INFO  : Jtag cable 'Xilinx TUL 1234-tulA' is selected.
01:48:03 INFO  : 'jtag frequency' command is executed.
01:48:03 INFO  : Sourcing of '/home/junhonglin/Xilinx/PYNQ_Car/PYNQ_HDMI_ov5640/hdmi-in.sdk/PYNQ_HDMI_wrapper_hw_platform_0/ps7_init.tcl' is done.
01:48:03 INFO  : Context for 'APU' is selected.
01:48:06 INFO  : Hardware design information is loaded from '/home/junhonglin/Xilinx/PYNQ_Car/PYNQ_HDMI_ov5640/hdmi-in.sdk/PYNQ_HDMI_wrapper_hw_platform_0/system.hdf'.
01:48:06 INFO  : 'configparams force-mem-access 1' command is executed.
01:48:06 INFO  : Context for 'APU' is selected.
01:48:06 INFO  : 'stop' command is executed.
01:48:07 INFO  : 'ps7_init' command is executed.
01:48:07 INFO  : 'ps7_post_config' command is executed.
01:48:07 INFO  : Context for processor 'ps7_cortexa9_0' is selected.
01:48:07 INFO  : Processor reset is completed for 'ps7_cortexa9_0'.
01:48:07 INFO  : Context for processor 'ps7_cortexa9_0' is selected.
01:48:08 INFO  : The application '/home/junhonglin/Xilinx/PYNQ_Car/PYNQ_HDMI_ov5640/hdmi-in.sdk/PYNQ_ov5640/Debug/PYNQ_ov5640.elf' is downloaded to processor 'ps7_cortexa9_0'.
01:48:08 INFO  : 'configparams force-mem-access 0' command is executed.
01:48:08 INFO  : ----------------XSDB Script----------------
connect -url tcp:127.0.0.1:3121
source /home/junhonglin/Xilinx/PYNQ_Car/PYNQ_HDMI_ov5640/hdmi-in.sdk/PYNQ_HDMI_wrapper_hw_platform_0/ps7_init.tcl
targets -set -nocase -filter {name =~"APU*" && jtag_cable_name =~ "Xilinx TUL 1234-tulA"} -index 0
loadhw -hw /home/junhonglin/Xilinx/PYNQ_Car/PYNQ_HDMI_ov5640/hdmi-in.sdk/PYNQ_HDMI_wrapper_hw_platform_0/system.hdf -mem-ranges [list {0x40000000 0xbfffffff}]
configparams force-mem-access 1
targets -set -nocase -filter {name =~"APU*" && jtag_cable_name =~ "Xilinx TUL 1234-tulA"} -index 0
stop
ps7_init
ps7_post_config
targets -set -nocase -filter {name =~ "ARM*#0" && jtag_cable_name =~ "Xilinx TUL 1234-tulA"} -index 0
rst -processor
targets -set -nocase -filter {name =~ "ARM*#0" && jtag_cable_name =~ "Xilinx TUL 1234-tulA"} -index 0
dow /home/junhonglin/Xilinx/PYNQ_Car/PYNQ_HDMI_ov5640/hdmi-in.sdk/PYNQ_ov5640/Debug/PYNQ_ov5640.elf
configparams force-mem-access 0
----------------End of Script----------------

01:48:08 INFO  : Memory regions updated for context APU
01:48:08 INFO  : Context for processor 'ps7_cortexa9_0' is selected.
01:48:08 INFO  : 'con' command is executed.
01:48:08 INFO  : ----------------XSDB Script (After Launch)----------------
targets -set -nocase -filter {name =~ "ARM*#0" && jtag_cable_name =~ "Xilinx TUL 1234-tulA"} -index 0
con
----------------End of Script----------------

01:48:08 INFO  : Launch script is exported to file '/home/junhonglin/Xilinx/PYNQ_Car/PYNQ_HDMI_ov5640/hdmi-in.sdk/.sdk/launch_scripts/xilinx_c-c++_application_(system_debugger)/system_debugger_using_debug_pynq_ov5640.elf_on_local.tcl'
01:53:58 INFO  : Connected to target on host '127.0.0.1' and port '3121'.
01:54:16 INFO  : Connected to target on host '127.0.0.1' and port '3121'.
01:54:16 INFO  : 'targets -set -filter {jtag_cable_name =~ "Xilinx TUL 1234-tulA" && level==0} -index 1' command is executed.
01:54:18 INFO  : FPGA configured successfully with bitstream "/home/junhonglin/Xilinx/PYNQ_Car/PYNQ_HDMI_ov5640/hdmi-in.sdk/PYNQ_HDMI_wrapper_hw_platform_0/PYNQ_HDMI_wrapper.bit"
01:54:29 INFO  : Disconnected from the channel tcfchan#8.
01:54:30 INFO  : 'targets -set -filter {jtag_cable_name =~ "Xilinx TUL 1234-tulA" && level==0} -index 1' command is executed.
01:54:30 INFO  : 'fpga -state' command is executed.
01:54:30 INFO  : Connected to target on host '127.0.0.1' and port '3121'.
01:54:31 INFO  : Jtag cable 'Xilinx TUL 1234-tulA' is selected.
01:54:31 INFO  : 'jtag frequency' command is executed.
01:54:31 INFO  : Sourcing of '/home/junhonglin/Xilinx/PYNQ_Car/PYNQ_HDMI_ov5640/hdmi-in.sdk/PYNQ_HDMI_wrapper_hw_platform_0/ps7_init.tcl' is done.
01:54:31 INFO  : Context for 'APU' is selected.
01:54:35 INFO  : Hardware design information is loaded from '/home/junhonglin/Xilinx/PYNQ_Car/PYNQ_HDMI_ov5640/hdmi-in.sdk/PYNQ_HDMI_wrapper_hw_platform_0/system.hdf'.
01:54:35 INFO  : 'configparams force-mem-access 1' command is executed.
01:54:35 INFO  : Context for 'APU' is selected.
01:54:35 INFO  : 'stop' command is executed.
01:54:36 INFO  : 'ps7_init' command is executed.
01:54:36 INFO  : 'ps7_post_config' command is executed.
01:54:36 INFO  : Context for processor 'ps7_cortexa9_0' is selected.
01:54:36 INFO  : Processor reset is completed for 'ps7_cortexa9_0'.
01:54:36 INFO  : Context for processor 'ps7_cortexa9_0' is selected.
01:54:37 INFO  : The application '/home/junhonglin/Xilinx/PYNQ_Car/PYNQ_HDMI_ov5640/hdmi-in.sdk/PYNQ_ov5640/Debug/PYNQ_ov5640.elf' is downloaded to processor 'ps7_cortexa9_0'.
01:54:37 INFO  : 'configparams force-mem-access 0' command is executed.
01:54:37 INFO  : ----------------XSDB Script----------------
connect -url tcp:127.0.0.1:3121
source /home/junhonglin/Xilinx/PYNQ_Car/PYNQ_HDMI_ov5640/hdmi-in.sdk/PYNQ_HDMI_wrapper_hw_platform_0/ps7_init.tcl
targets -set -nocase -filter {name =~"APU*" && jtag_cable_name =~ "Xilinx TUL 1234-tulA"} -index 0
loadhw -hw /home/junhonglin/Xilinx/PYNQ_Car/PYNQ_HDMI_ov5640/hdmi-in.sdk/PYNQ_HDMI_wrapper_hw_platform_0/system.hdf -mem-ranges [list {0x40000000 0xbfffffff}]
configparams force-mem-access 1
targets -set -nocase -filter {name =~"APU*" && jtag_cable_name =~ "Xilinx TUL 1234-tulA"} -index 0
stop
ps7_init
ps7_post_config
targets -set -nocase -filter {name =~ "ARM*#0" && jtag_cable_name =~ "Xilinx TUL 1234-tulA"} -index 0
rst -processor
targets -set -nocase -filter {name =~ "ARM*#0" && jtag_cable_name =~ "Xilinx TUL 1234-tulA"} -index 0
dow /home/junhonglin/Xilinx/PYNQ_Car/PYNQ_HDMI_ov5640/hdmi-in.sdk/PYNQ_ov5640/Debug/PYNQ_ov5640.elf
configparams force-mem-access 0
----------------End of Script----------------

01:54:37 INFO  : Memory regions updated for context APU
01:54:37 INFO  : Context for processor 'ps7_cortexa9_0' is selected.
01:54:38 INFO  : 'con' command is executed.
01:54:38 INFO  : ----------------XSDB Script (After Launch)----------------
targets -set -nocase -filter {name =~ "ARM*#0" && jtag_cable_name =~ "Xilinx TUL 1234-tulA"} -index 0
con
----------------End of Script----------------

01:54:38 INFO  : Launch script is exported to file '/home/junhonglin/Xilinx/PYNQ_Car/PYNQ_HDMI_ov5640/hdmi-in.sdk/.sdk/launch_scripts/xilinx_c-c++_application_(system_debugger)/system_debugger_using_debug_pynq_ov5640.elf_on_local.tcl'
02:04:29 INFO  : Disconnected from the channel tcfchan#9.
