14:53:57 **** Incremental Build of configuration Release for project PYNQ_ov5640 ****
make pre-build main-build 
a9-linaro-pre-build-step
' '
'Building file: ../src/display_demo.c'
'Invoking: ARM v7 gcc compiler'
arm-none-eabi-gcc -Wall -O2 -c -fmessage-length=0 -MT"src/display_demo.o" -mcpu=cortex-a9 -mfpu=vfpv3 -mfloat-abi=hard -I../../PYNQ_ov5640_bsp/ps7_cortexa9_0/include -MMD -MP -MF"src/display_demo.d" -MT"src/display_demo.o" -o "src/display_demo.o" "../src/display_demo.c"
../src/display_demo.c: In function 'main':
../src/display_demo.c:90:7: warning: unused variable 'Status' [-Wunused-variable]
  u32  Status;
       ^~~~~~
../src/display_demo.c: In function 'store_img':
../src/display_demo.c:425:14: warning: unused variable 'ver' [-Wunused-variable]
     u32 temp,ver;
              ^~~
In file included from ../src/display_demo.c:37:0:
../src/display_demo.c: At top level:
../src/ov5640.h:7:12: warning: 'ov5640_get_para_chip_id' declared 'static' but never defined [-Wunused-function]
 static int ov5640_get_para_chip_id(int *val);
            ^~~~~~~~~~~~~~~~~~~~~~~
'Finished building: ../src/display_demo.c'
' '
'Building target: PYNQ_ov5640.elf'
'Invoking: ARM v7 gcc linker'
arm-none-eabi-gcc -mcpu=cortex-a9 -mfpu=vfpv3 -mfloat-abi=hard -Wl,-build-id=none -specs=Xilinx.spec -Wl,-T -Wl,../src/lscript.ld -L../../PYNQ_ov5640_bsp/ps7_cortexa9_0/lib -o "PYNQ_ov5640.elf"  ./src/vdma/xaxivdma_ext.o  ./src/timer_ps/timer_ps.o  ./src/dynclk/dynclk.o  ./src/display_ctrl/display_ctrl.o  ./src/OV5640.o ./src/SCCB.o ./src/display_demo.o ./src/platform.o   -Wl,--start-group,-lxil,-lgcc,-lc,--end-group -Wl,--start-group,-lxilffs,-lxil,-lgcc,-lc,--end-group
'Finished building target: PYNQ_ov5640.elf'
' '
'Invoking: ARM v7 Print Size'
arm-none-eabi-size PYNQ_ov5640.elf  |tee "PYNQ_ov5640.elf.size"
   text	   data	    bss	    dec	    hex	filename
 132852	   2788	27983392	28119032	1ad0ff8	PYNQ_ov5640.elf
'Finished building: PYNQ_ov5640.elf.size'
' '

14:54:01 Build Finished (took 4s.547ms)

14:54:01 **** Incremental Build of configuration Debug for project PYNQ_ov5640 ****
make pre-build main-build 
a9-linaro-pre-build-step
' '
make: Nothing to be done for `main-build'.
