16:47:09 **** Clean-only build of project bsp_iop_pmoda_mb ****
make -k clean 
make -C iop_pmoda_mb/libsrc/qspips_v3_4/src -s clean 
make -C iop_pmoda_mb/libsrc/standalone_v6_7/src -s clean 
make -C iop_pmoda_mb/libsrc/gpiops_v3_3/src -s clean 
make -C iop_pmoda_mb/libsrc/emacps_v3_7/src -s clean 
make -C iop_pmoda_mb/libsrc/uartps_v3_6/src -s clean 
make -C iop_pmoda_mb/libsrc/io_switch_v1_0/src -s clean 
make -C iop_pmoda_mb/libsrc/iic_v3_4/src -s clean 
make -C iop_pmoda_mb/libsrc/iicps_v3_7/src -s clean 
make -C iop_pmoda_mb/libsrc/pynqmb_v1_0/src -s clean 
make -C iop_pmoda_mb/libsrc/gpio_v4_3/src -s clean 
make -C iop_pmoda_mb/libsrc/spi_v4_4/src -s clean 
make -C iop_pmoda_mb/libsrc/cpu_v2_7/src -s clean 
make -C iop_pmoda_mb/libsrc/intc_v3_7/src -s clean 
make -C iop_pmoda_mb/libsrc/intrgpio_v4_1/src -s clean 
make -C iop_pmoda_mb/libsrc/sdps_v3_5/src -s clean 
make -C iop_pmoda_mb/libsrc/mailbox_bram_v0_1/src -s clean 
make -C iop_pmoda_mb/libsrc/usbps_v2_4/src -s clean 
make -C iop_pmoda_mb/libsrc/tmrctr_v4_4/src -s clean 
rm -f iop_pmoda_mb/lib/libxil.a

16:47:09 Build Finished (took 483ms)

