15:29:18 **** Build of project bsp_iop_arduino_mb ****
make -k all 
Running Make include in iop_arduino_mb/libsrc/standalone_v6_7/src
make -C iop_arduino_mb/libsrc/standalone_v6_7/src -s include  "SHELL=/bin/sh" "COMPILER=mb-gcc" "ARCHIVER=mb-ar" "COMPILER_FLAGS=  -O2 -c -mcpu=v10.0 -mlittle-endian -mxl-soft-mul" "EXTRA_COMPILER_FLAGS=-ffunction-sections -fdata-sections -Wall -Wextra"
Running Make include in iop_arduino_mb/libsrc/qspips_v3_4/src
make -C iop_arduino_mb/libsrc/qspips_v3_4/src -s include  "SHELL=/bin/sh" "COMPILER=mb-gcc" "ARCHIVER=mb-ar" "COMPILER_FLAGS=  -O2 -c -mcpu=v10.0 -mlittle-endian -mxl-soft-mul" "EXTRA_COMPILER_FLAGS=-ffunction-sections -fdata-sections -Wall -Wextra"
Running Make include in iop_arduino_mb/libsrc/PulseCounter_v1_0/src
make -C iop_arduino_mb/libsrc/PulseCounter_v1_0/src -s include  "SHELL=/bin/sh" "COMPILER=mb-gcc" "ARCHIVER=mb-ar" "COMPILER_FLAGS=  -O2 -c -mcpu=v10.0 -mlittle-endian -mxl-soft-mul" "EXTRA_COMPILER_FLAGS=-ffunction-sections -fdata-sections -Wall -Wextra"
Running Make include in iop_arduino_mb/libsrc/gpiops_v3_3/src
make -C iop_arduino_mb/libsrc/gpiops_v3_3/src -s include  "SHELL=/bin/sh" "COMPILER=mb-gcc" "ARCHIVER=mb-ar" "COMPILER_FLAGS=  -O2 -c -mcpu=v10.0 -mlittle-endian -mxl-soft-mul" "EXTRA_COMPILER_FLAGS=-ffunction-sections -fdata-sections -Wall -Wextra"
Running Make include in iop_arduino_mb/libsrc/emacps_v3_7/src
make -C iop_arduino_mb/libsrc/emacps_v3_7/src -s include  "SHELL=/bin/sh" "COMPILER=mb-gcc" "ARCHIVER=mb-ar" "COMPILER_FLAGS=  -O2 -c -mcpu=v10.0 -mlittle-endian -mxl-soft-mul" "EXTRA_COMPILER_FLAGS=-ffunction-sections -fdata-sections -Wall -Wextra"
Running Make include in iop_arduino_mb/libsrc/uartps_v3_6/src
make -C iop_arduino_mb/libsrc/uartps_v3_6/src -s include  "SHELL=/bin/sh" "COMPILER=mb-gcc" "ARCHIVER=mb-ar" "COMPILER_FLAGS=  -O2 -c -mcpu=v10.0 -mlittle-endian -mxl-soft-mul" "EXTRA_COMPILER_FLAGS=-ffunction-sections -fdata-sections -Wall -Wextra"
Running Make include in iop_arduino_mb/libsrc/io_switch_v1_0/src
make -C iop_arduino_mb/libsrc/io_switch_v1_0/src -s include  "SHELL=/bin/sh" "COMPILER=mb-gcc" "ARCHIVER=mb-ar" "COMPILER_FLAGS=  -O2 -c -mcpu=v10.0 -mlittle-endian -mxl-soft-mul" "EXTRA_COMPILER_FLAGS=-ffunction-sections -fdata-sections -Wall -Wextra"
Running Make include in iop_arduino_mb/libsrc/iic_v3_4/src
make -C iop_arduino_mb/libsrc/iic_v3_4/src -s include  "SHELL=/bin/sh" "COMPILER=mb-gcc" "ARCHIVER=mb-ar" "COMPILER_FLAGS=  -O2 -c -mcpu=v10.0 -mlittle-endian -mxl-soft-mul" "EXTRA_COMPILER_FLAGS=-ffunction-sections -fdata-sections -Wall -Wextra"
Running Make include in iop_arduino_mb/libsrc/iicps_v3_7/src
make -C iop_arduino_mb/libsrc/iicps_v3_7/src -s include  "SHELL=/bin/sh" "COMPILER=mb-gcc" "ARCHIVER=mb-ar" "COMPILER_FLAGS=  -O2 -c -mcpu=v10.0 -mlittle-endian -mxl-soft-mul" "EXTRA_COMPILER_FLAGS=-ffunction-sections -fdata-sections -Wall -Wextra"
Running Make include in iop_arduino_mb/libsrc/pynqmb_v1_0/src
make -C iop_arduino_mb/libsrc/pynqmb_v1_0/src -s include  "SHELL=/bin/sh" "COMPILER=mb-gcc" "ARCHIVER=mb-ar" "COMPILER_FLAGS=  -O2 -c -mcpu=v10.0 -mlittle-endian -mxl-soft-mul" "EXTRA_COMPILER_FLAGS=-ffunction-sections -fdata-sections -Wall -Wextra"
Running Make include in iop_arduino_mb/libsrc/gpio_v4_3/src
make -C iop_arduino_mb/libsrc/gpio_v4_3/src -s include  "SHELL=/bin/sh" "COMPILER=mb-gcc" "ARCHIVER=mb-ar" "COMPILER_FLAGS=  -O2 -c -mcpu=v10.0 -mlittle-endian -mxl-soft-mul" "EXTRA_COMPILER_FLAGS=-ffunction-sections -fdata-sections -Wall -Wextra"
Running Make include in iop_arduino_mb/libsrc/uartlite_v3_2/src
make -C iop_arduino_mb/libsrc/uartlite_v3_2/src -s include  "SHELL=/bin/sh" "COMPILER=mb-gcc" "ARCHIVER=mb-ar" "COMPILER_FLAGS=  -O2 -c -mcpu=v10.0 -mlittle-endian -mxl-soft-mul" "EXTRA_COMPILER_FLAGS=-ffunction-sections -fdata-sections -Wall -Wextra"
Running Make include in iop_arduino_mb/libsrc/spi_v4_4/src
make -C iop_arduino_mb/libsrc/spi_v4_4/src -s include  "SHELL=/bin/sh" "COMPILER=mb-gcc" "ARCHIVER=mb-ar" "COMPILER_FLAGS=  -O2 -c -mcpu=v10.0 -mlittle-endian -mxl-soft-mul" "EXTRA_COMPILER_FLAGS=-ffunction-sections -fdata-sections -Wall -Wextra"
Running Make include in iop_arduino_mb/libsrc/cpu_v2_7/src
make -C iop_arduino_mb/libsrc/cpu_v2_7/src -s include  "SHELL=/bin/sh" "COMPILER=mb-gcc" "ARCHIVER=mb-ar" "COMPILER_FLAGS=  -O2 -c -mcpu=v10.0 -mlittle-endian -mxl-soft-mul" "EXTRA_COMPILER_FLAGS=-ffunction-sections -fdata-sections -Wall -Wextra"
Running Make include in iop_arduino_mb/libsrc/sysmon_v7_4/src
make -C iop_arduino_mb/libsrc/sysmon_v7_4/src -s include  "SHELL=/bin/sh" "COMPILER=mb-gcc" "ARCHIVER=mb-ar" "COMPILER_FLAGS=  -O2 -c -mcpu=v10.0 -mlittle-endian -mxl-soft-mul" "EXTRA_COMPILER_FLAGS=-ffunction-sections -fdata-sections -Wall -Wextra"
Running Make include in iop_arduino_mb/libsrc/intc_v3_7/src
make -C iop_arduino_mb/libsrc/intc_v3_7/src -s include  "SHELL=/bin/sh" "COMPILER=mb-gcc" "ARCHIVER=mb-ar" "COMPILER_FLAGS=  -O2 -c -mcpu=v10.0 -mlittle-endian -mxl-soft-mul" "EXTRA_COMPILER_FLAGS=-ffunction-sections -fdata-sections -Wall -Wextra"
Running Make include in iop_arduino_mb/libsrc/intrgpio_v4_1/src
make -C iop_arduino_mb/libsrc/intrgpio_v4_1/src -s include  "SHELL=/bin/sh" "COMPILER=mb-gcc" "ARCHIVER=mb-ar" "COMPILER_FLAGS=  -O2 -c -mcpu=v10.0 -mlittle-endian -mxl-soft-mul" "EXTRA_COMPILER_FLAGS=-ffunction-sections -fdata-sections -Wall -Wextra"
Running Make include in iop_arduino_mb/libsrc/sdps_v3_5/src
make -C iop_arduino_mb/libsrc/sdps_v3_5/src -s include  "SHELL=/bin/sh" "COMPILER=mb-gcc" "ARCHIVER=mb-ar" "COMPILER_FLAGS=  -O2 -c -mcpu=v10.0 -mlittle-endian -mxl-soft-mul" "EXTRA_COMPILER_FLAGS=-ffunction-sections -fdata-sections -Wall -Wextra"
Running Make include in iop_arduino_mb/libsrc/mailbox_bram_v0_1/src
make -C iop_arduino_mb/libsrc/mailbox_bram_v0_1/src -s include  "SHELL=/bin/sh" "COMPILER=mb-gcc" "ARCHIVER=mb-ar" "COMPILER_FLAGS=  -O2 -c -mcpu=v10.0 -mlittle-endian -mxl-soft-mul" "EXTRA_COMPILER_FLAGS=-ffunction-sections -fdata-sections -Wall -Wextra"
Running Make include in iop_arduino_mb/libsrc/usbps_v2_4/src
make -C iop_arduino_mb/libsrc/usbps_v2_4/src -s include  "SHELL=/bin/sh" "COMPILER=mb-gcc" "ARCHIVER=mb-ar" "COMPILER_FLAGS=  -O2 -c -mcpu=v10.0 -mlittle-endian -mxl-soft-mul" "EXTRA_COMPILER_FLAGS=-ffunction-sections -fdata-sections -Wall -Wextra"
Running Make include in iop_arduino_mb/libsrc/tmrctr_v4_4/src
make -C iop_arduino_mb/libsrc/tmrctr_v4_4/src -s include  "SHELL=/bin/sh" "COMPILER=mb-gcc" "ARCHIVER=mb-ar" "COMPILER_FLAGS=  -O2 -c -mcpu=v10.0 -mlittle-endian -mxl-soft-mul" "EXTRA_COMPILER_FLAGS=-ffunction-sections -fdata-sections -Wall -Wextra"
Running Make libs in iop_arduino_mb/libsrc/standalone_v6_7/src
make -C iop_arduino_mb/libsrc/standalone_v6_7/src -s libs  "SHELL=/bin/sh" "COMPILER=mb-gcc" "ARCHIVER=mb-ar" "COMPILER_FLAGS=  -O2 -c -mcpu=v10.0 -mlittle-endian -mxl-soft-mul" "EXTRA_COMPILER_FLAGS=-ffunction-sections -fdata-sections -Wall -Wextra"
Compiling standalone
microblaze_sleep.c:74:9: note: #pragma message: For the sleep routines, assembly instructions are used
 #pragma message ("For the sleep routines, assembly instructions are used")
         ^~~~~~~
Running Make libs in iop_arduino_mb/libsrc/qspips_v3_4/src
make -C iop_arduino_mb/libsrc/qspips_v3_4/src -s libs  "SHELL=/bin/sh" "COMPILER=mb-gcc" "ARCHIVER=mb-ar" "COMPILER_FLAGS=  -O2 -c -mcpu=v10.0 -mlittle-endian -mxl-soft-mul" "EXTRA_COMPILER_FLAGS=-ffunction-sections -fdata-sections -Wall -Wextra"
Compiling qspips
Running Make libs in iop_arduino_mb/libsrc/PulseCounter_v1_0/src
make -C iop_arduino_mb/libsrc/PulseCounter_v1_0/src -s libs  "SHELL=/bin/sh" "COMPILER=mb-gcc" "ARCHIVER=mb-ar" "COMPILER_FLAGS=  -O2 -c -mcpu=v10.0 -mlittle-endian -mxl-soft-mul" "EXTRA_COMPILER_FLAGS=-ffunction-sections -fdata-sections -Wall -Wextra"
Compiling PulseCounter...
PulseCounter_selftest.c: In function 'PULSECOUNTER_Reg_SelfTest':
PulseCounter_selftest.c:52:61: warning: comparison between signed and unsigned integer expressions [-Wsign-compare]
    if ( PULSECOUNTER_mReadReg (baseaddr, read_loop_index*4) != (read_loop_index+1)*READ_WRITE_MUL_FACTOR){
                                                             ^~
PulseCounter_selftest.c:36:6: warning: unused variable 'Index' [-Wunused-variable]
  int Index;
      ^~~~~
Running Make libs in iop_arduino_mb/libsrc/gpiops_v3_3/src
make -C iop_arduino_mb/libsrc/gpiops_v3_3/src -s libs  "SHELL=/bin/sh" "COMPILER=mb-gcc" "ARCHIVER=mb-ar" "COMPILER_FLAGS=  -O2 -c -mcpu=v10.0 -mlittle-endian -mxl-soft-mul" "EXTRA_COMPILER_FLAGS=-ffunction-sections -fdata-sections -Wall -Wextra"
Compiling gpiops
Running Make libs in iop_arduino_mb/libsrc/emacps_v3_7/src
make -C iop_arduino_mb/libsrc/emacps_v3_7/src -s libs  "SHELL=/bin/sh" "COMPILER=mb-gcc" "ARCHIVER=mb-ar" "COMPILER_FLAGS=  -O2 -c -mcpu=v10.0 -mlittle-endian -mxl-soft-mul" "EXTRA_COMPILER_FLAGS=-ffunction-sections -fdata-sections -Wall -Wextra"
Compiling emacps
Running Make libs in iop_arduino_mb/libsrc/uartps_v3_6/src
make -C iop_arduino_mb/libsrc/uartps_v3_6/src -s libs  "SHELL=/bin/sh" "COMPILER=mb-gcc" "ARCHIVER=mb-ar" "COMPILER_FLAGS=  -O2 -c -mcpu=v10.0 -mlittle-endian -mxl-soft-mul" "EXTRA_COMPILER_FLAGS=-ffunction-sections -fdata-sections -Wall -Wextra"
Compiling uartps
Running Make libs in iop_arduino_mb/libsrc/io_switch_v1_0/src
make -C iop_arduino_mb/libsrc/io_switch_v1_0/src -s libs  "SHELL=/bin/sh" "COMPILER=mb-gcc" "ARCHIVER=mb-ar" "COMPILER_FLAGS=  -O2 -c -mcpu=v10.0 -mlittle-endian -mxl-soft-mul" "EXTRA_COMPILER_FLAGS=-ffunction-sections -fdata-sections -Wall -Wextra"
Compiling io_switch...
Running Make libs in iop_arduino_mb/libsrc/iic_v3_4/src
make -C iop_arduino_mb/libsrc/iic_v3_4/src -s libs  "SHELL=/bin/sh" "COMPILER=mb-gcc" "ARCHIVER=mb-ar" "COMPILER_FLAGS=  -O2 -c -mcpu=v10.0 -mlittle-endian -mxl-soft-mul" "EXTRA_COMPILER_FLAGS=-ffunction-sections -fdata-sections -Wall -Wextra"
Compiling iic
Running Make libs in iop_arduino_mb/libsrc/iicps_v3_7/src
make -C iop_arduino_mb/libsrc/iicps_v3_7/src -s libs  "SHELL=/bin/sh" "COMPILER=mb-gcc" "ARCHIVER=mb-ar" "COMPILER_FLAGS=  -O2 -c -mcpu=v10.0 -mlittle-endian -mxl-soft-mul" "EXTRA_COMPILER_FLAGS=-ffunction-sections -fdata-sections -Wall -Wextra"
Compiling iicps
Running Make libs in iop_arduino_mb/libsrc/pynqmb_v1_0/src
make -C iop_arduino_mb/libsrc/pynqmb_v1_0/src -s libs  "SHELL=/bin/sh" "COMPILER=mb-gcc" "ARCHIVER=mb-ar" "COMPILER_FLAGS=  -O2 -c -mcpu=v10.0 -mlittle-endian -mxl-soft-mul" "EXTRA_COMPILER_FLAGS=-ffunction-sections -fdata-sections -Wall -Wextra"
Compiling pynqmb library
Running Make libs in iop_arduino_mb/libsrc/gpio_v4_3/src
make -C iop_arduino_mb/libsrc/gpio_v4_3/src -s libs  "SHELL=/bin/sh" "COMPILER=mb-gcc" "ARCHIVER=mb-ar" "COMPILER_FLAGS=  -O2 -c -mcpu=v10.0 -mlittle-endian -mxl-soft-mul" "EXTRA_COMPILER_FLAGS=-ffunction-sections -fdata-sections -Wall -Wextra"
Compiling gpio
Running Make libs in iop_arduino_mb/libsrc/uartlite_v3_2/src
make -C iop_arduino_mb/libsrc/uartlite_v3_2/src -s libs  "SHELL=/bin/sh" "COMPILER=mb-gcc" "ARCHIVER=mb-ar" "COMPILER_FLAGS=  -O2 -c -mcpu=v10.0 -mlittle-endian -mxl-soft-mul" "EXTRA_COMPILER_FLAGS=-ffunction-sections -fdata-sections -Wall -Wextra"
Compiling uartlite
Running Make libs in iop_arduino_mb/libsrc/spi_v4_4/src
make -C iop_arduino_mb/libsrc/spi_v4_4/src -s libs  "SHELL=/bin/sh" "COMPILER=mb-gcc" "ARCHIVER=mb-ar" "COMPILER_FLAGS=  -O2 -c -mcpu=v10.0 -mlittle-endian -mxl-soft-mul" "EXTRA_COMPILER_FLAGS=-ffunction-sections -fdata-sections -Wall -Wextra"
Compiling spi
Running Make libs in iop_arduino_mb/libsrc/cpu_v2_7/src
make -C iop_arduino_mb/libsrc/cpu_v2_7/src -s libs  "SHELL=/bin/sh" "COMPILER=mb-gcc" "ARCHIVER=mb-ar" "COMPILER_FLAGS=  -O2 -c -mcpu=v10.0 -mlittle-endian -mxl-soft-mul" "EXTRA_COMPILER_FLAGS=-ffunction-sections -fdata-sections -Wall -Wextra"
Compiling cpu
Running Make libs in iop_arduino_mb/libsrc/sysmon_v7_4/src
make -C iop_arduino_mb/libsrc/sysmon_v7_4/src -s libs  "SHELL=/bin/sh" "COMPILER=mb-gcc" "ARCHIVER=mb-ar" "COMPILER_FLAGS=  -O2 -c -mcpu=v10.0 -mlittle-endian -mxl-soft-mul" "EXTRA_COMPILER_FLAGS=-ffunction-sections -fdata-sections -Wall -Wextra"
Compiling sysmon
Running Make libs in iop_arduino_mb/libsrc/intc_v3_7/src
make -C iop_arduino_mb/libsrc/intc_v3_7/src -s libs  "SHELL=/bin/sh" "COMPILER=mb-gcc" "ARCHIVER=mb-ar" "COMPILER_FLAGS=  -O2 -c -mcpu=v10.0 -mlittle-endian -mxl-soft-mul" "EXTRA_COMPILER_FLAGS=-ffunction-sections -fdata-sections -Wall -Wextra"
Compiling intc
Running Make libs in iop_arduino_mb/libsrc/intrgpio_v4_1/src
make -C iop_arduino_mb/libsrc/intrgpio_v4_1/src -s libs  "SHELL=/bin/sh" "COMPILER=mb-gcc" "ARCHIVER=mb-ar" "COMPILER_FLAGS=  -O2 -c -mcpu=v10.0 -mlittle-endian -mxl-soft-mul" "EXTRA_COMPILER_FLAGS=-ffunction-sections -fdata-sections -Wall -Wextra"
Compiling intrgpio
Running Make libs in iop_arduino_mb/libsrc/sdps_v3_5/src
make -C iop_arduino_mb/libsrc/sdps_v3_5/src -s libs  "SHELL=/bin/sh" "COMPILER=mb-gcc" "ARCHIVER=mb-ar" "COMPILER_FLAGS=  -O2 -c -mcpu=v10.0 -mlittle-endian -mxl-soft-mul" "EXTRA_COMPILER_FLAGS=-ffunction-sections -fdata-sections -Wall -Wextra"
Compiling sdps
Running Make libs in iop_arduino_mb/libsrc/mailbox_bram_v0_1/src
make -C iop_arduino_mb/libsrc/mailbox_bram_v0_1/src -s libs  "SHELL=/bin/sh" "COMPILER=mb-gcc" "ARCHIVER=mb-ar" "COMPILER_FLAGS=  -O2 -c -mcpu=v10.0 -mlittle-endian -mxl-soft-mul" "EXTRA_COMPILER_FLAGS=-ffunction-sections -fdata-sections -Wall -Wextra"
Compiling mailbox_bram
Running Make libs in iop_arduino_mb/libsrc/usbps_v2_4/src
make -C iop_arduino_mb/libsrc/usbps_v2_4/src -s libs  "SHELL=/bin/sh" "COMPILER=mb-gcc" "ARCHIVER=mb-ar" "COMPILER_FLAGS=  -O2 -c -mcpu=v10.0 -mlittle-endian -mxl-soft-mul" "EXTRA_COMPILER_FLAGS=-ffunction-sections -fdata-sections -Wall -Wextra"
Compiling usbps
Running Make libs in iop_arduino_mb/libsrc/tmrctr_v4_4/src
make -C iop_arduino_mb/libsrc/tmrctr_v4_4/src -s libs  "SHELL=/bin/sh" "COMPILER=mb-gcc" "ARCHIVER=mb-ar" "COMPILER_FLAGS=  -O2 -c -mcpu=v10.0 -mlittle-endian -mxl-soft-mul" "EXTRA_COMPILER_FLAGS=-ffunction-sections -fdata-sections -Wall -Wextra"
Compiling tmrctr
Finished building libraries
15:29:29 **** Clean-only build of configuration Debug for project arduino_4wdmoto ****
make clean 
rm -rf  ./src/4WD_MOTO.o ./src/arduino_4wdmoto.o  ./src/4WD_MOTO.d ./src/arduino_4wdmoto.d  arduino_4wdmoto.elf.size  arduino_4wdmoto.elf
 
15:29:30 **** Build of configuration Debug for project arduino_4wdmoto ****
make all 
Building file: ../src/4WD_MOTO.c
Invoking: MicroBlaze gcc compiler
mb-gcc -Wall -O0 -g3 -I../../bsp_iop_arduino_mb/iop_arduino_mb/include -c -fmessage-length=0 -MT"src/4WD_MOTO.o" -mlittle-endian -mcpu=v10.0 -mxl-soft-mul -Wl,--no-relax -ffunction-sections -fdata-sections -MMD -MP -MF"src/4WD_MOTO.d" -MT"src/4WD_MOTO.o" -o "src/4WD_MOTO.o" "../src/4WD_MOTO.c"
../src/4WD_MOTO.c: In function 'get_velocity':
../src/4WD_MOTO.c:137:8: warning: implicit declaration of function 'timer_get_pulsewidth'; did you mean 'timer_get_num_devices'? [-Wimplicit-function-declaration]
  v_a = timer_get_pulsewidth(timer_e,0);
        ^~~~~~~~~~~~~~~~~~~~
        timer_get_num_devices
Finished building: ../src/4WD_MOTO.c
 
Building file: ../src/arduino_4wdmoto.c
Invoking: MicroBlaze gcc compiler
mb-gcc -Wall -O0 -g3 -I../../bsp_iop_arduino_mb/iop_arduino_mb/include -c -fmessage-length=0 -MT"src/arduino_4wdmoto.o" -mlittle-endian -mcpu=v10.0 -mxl-soft-mul -Wl,--no-relax -ffunction-sections -fdata-sections -MMD -MP -MF"src/arduino_4wdmoto.d" -MT"src/arduino_4wdmoto.o" -o "src/arduino_4wdmoto.o" "../src/arduino_4wdmoto.c"
../src/arduino_4wdmoto.c: In function 'main':
../src/arduino_4wdmoto.c:142:8: warning: unused variable 'dist' [-Wunused-variable]
  float dist;
        ^~~~
Finished building: ../src/arduino_4wdmoto.c
 
Building target: arduino_4wdmoto.elf
Invoking: MicroBlaze gcc linker
mb-gcc -L../../bsp_iop_arduino_mb/iop_arduino_mb/lib -Wl,-T -Wl,../src/lscript.ld -mlittle-endian -mcpu=v10.0 -mxl-soft-mul -Wl,--no-relax -Wl,--gc-sections -o "arduino_4wdmoto.elf"  ./src/4WD_MOTO.o ./src/arduino_4wdmoto.o   -Wl,--start-group,-lxil,-lgcc,-lc,--end-group
Finished building target: arduino_4wdmoto.elf
 
make --no-print-directory post-build
MicroBlaze Bin Gen
mb-objcopy -O binary arduino_4wdmoto.elf arduino_4wdmoto.bin
 
Invoking: MicroBlaze Print Size
mb-size arduino_4wdmoto.elf  |tee "arduino_4wdmoto.elf.size"
   text	   data	    bss	    dec	    hex	filename
   9592	    508	   3396	  13496	   34b8	arduino_4wdmoto.elf
Finished building: arduino_4wdmoto.elf.size
 
15:30:01 **** Incremental Build of configuration Debug for project arduino_4wdmoto ****
make all 
make: Nothing to be done for 'all'.
15:30:36 **** Incremental Build of configuration Debug for project arduino_4wdmoto ****
make all 
make: Nothing to be done for 'all'.
15:31:45 **** Incremental Build of configuration Debug for project arduino_4wdmoto ****
make all 
make: Nothing to be done for 'all'.
15:32:40 **** Incremental Build of configuration Debug for project arduino_4wdmoto ****
make all 
make: Nothing to be done for 'all'.
15:32:57 **** Incremental Build of configuration Debug for project arduino_4wdmoto ****
make all 
make: Nothing to be done for 'all'.
15:34:53 **** Incremental Build of configuration Debug for project arduino_4wdmoto ****
make all 
make: Nothing to be done for 'all'.
16:47:08 **** Clean-only build of project bsp_iop_arduino_mb ****
make -k clean 
make -C iop_arduino_mb/libsrc/standalone_v6_7/src -s clean 
make -C iop_arduino_mb/libsrc/qspips_v3_4/src -s clean 
make -C iop_arduino_mb/libsrc/PulseCounter_v1_0/src -s clean 
make -C iop_arduino_mb/libsrc/gpiops_v3_3/src -s clean 
make -C iop_arduino_mb/libsrc/emacps_v3_7/src -s clean 
make -C iop_arduino_mb/libsrc/uartps_v3_6/src -s clean 
make -C iop_arduino_mb/libsrc/io_switch_v1_0/src -s clean 
make -C iop_arduino_mb/libsrc/iic_v3_4/src -s clean 
make -C iop_arduino_mb/libsrc/iicps_v3_7/src -s clean 
make -C iop_arduino_mb/libsrc/pynqmb_v1_0/src -s clean 
make -C iop_arduino_mb/libsrc/gpio_v4_3/src -s clean 
make -C iop_arduino_mb/libsrc/uartlite_v3_2/src -s clean 
make -C iop_arduino_mb/libsrc/spi_v4_4/src -s clean 
make -C iop_arduino_mb/libsrc/cpu_v2_7/src -s clean 
make -C iop_arduino_mb/libsrc/sysmon_v7_4/src -s clean 
make -C iop_arduino_mb/libsrc/intc_v3_7/src -s clean 
make -C iop_arduino_mb/libsrc/intrgpio_v4_1/src -s clean 
make -C iop_arduino_mb/libsrc/sdps_v3_5/src -s clean 
make -C iop_arduino_mb/libsrc/mailbox_bram_v0_1/src -s clean 
make -C iop_arduino_mb/libsrc/usbps_v2_4/src -s clean 
make -C iop_arduino_mb/libsrc/tmrctr_v4_4/src -s clean 
rm -f iop_arduino_mb/lib/libxil.a
16:47:09 **** Clean-only build of project bsp_iop_pmoda_mb ****
make -k clean 
make -C iop_pmoda_mb/libsrc/qspips_v3_4/src -s clean 
make -C iop_pmoda_mb/libsrc/standalone_v6_7/src -s clean 
make -C iop_pmoda_mb/libsrc/gpiops_v3_3/src -s clean 
make -C iop_pmoda_mb/libsrc/emacps_v3_7/src -s clean 
make -C iop_pmoda_mb/libsrc/uartps_v3_6/src -s clean 
make -C iop_pmoda_mb/libsrc/io_switch_v1_0/src -s clean 
make -C iop_pmoda_mb/libsrc/iic_v3_4/src -s clean 
make -C iop_pmoda_mb/libsrc/iicps_v3_7/src -s clean 
make -C iop_pmoda_mb/libsrc/pynqmb_v1_0/src -s clean 
make -C iop_pmoda_mb/libsrc/gpio_v4_3/src -s clean 
make -C iop_pmoda_mb/libsrc/spi_v4_4/src -s clean 
make -C iop_pmoda_mb/libsrc/cpu_v2_7/src -s clean 
make -C iop_pmoda_mb/libsrc/intc_v3_7/src -s clean 
make -C iop_pmoda_mb/libsrc/intrgpio_v4_1/src -s clean 
make -C iop_pmoda_mb/libsrc/sdps_v3_5/src -s clean 
make -C iop_pmoda_mb/libsrc/mailbox_bram_v0_1/src -s clean 
make -C iop_pmoda_mb/libsrc/usbps_v2_4/src -s clean 
make -C iop_pmoda_mb/libsrc/tmrctr_v4_4/src -s clean 
rm -f iop_pmoda_mb/lib/libxil.a
16:47:09 **** Clean-only build of project bsp_iop_pmodb_mb ****
make -k clean 
make -C iop_pmodb_mb/libsrc/qspips_v3_4/src -s clean 
make -C iop_pmodb_mb/libsrc/standalone_v6_7/src -s clean 
make -C iop_pmodb_mb/libsrc/gpiops_v3_3/src -s clean 
make -C iop_pmodb_mb/libsrc/emacps_v3_7/src -s clean 
make -C iop_pmodb_mb/libsrc/uartps_v3_6/src -s clean 
make -C iop_pmodb_mb/libsrc/io_switch_v1_0/src -s clean 
make -C iop_pmodb_mb/libsrc/iic_v3_4/src -s clean 
make -C iop_pmodb_mb/libsrc/iicps_v3_7/src -s clean 
make -C iop_pmodb_mb/libsrc/pynqmb_v1_0/src -s clean 
make -C iop_pmodb_mb/libsrc/gpio_v4_3/src -s clean 
make -C iop_pmodb_mb/libsrc/spi_v4_4/src -s clean 
make -C iop_pmodb_mb/libsrc/cpu_v2_7/src -s clean 
make -C iop_pmodb_mb/libsrc/intc_v3_7/src -s clean 
make -C iop_pmodb_mb/libsrc/intrgpio_v4_1/src -s clean 
make -C iop_pmodb_mb/libsrc/sdps_v3_5/src -s clean 
make -C iop_pmodb_mb/libsrc/mailbox_bram_v0_1/src -s clean 
make -C iop_pmodb_mb/libsrc/usbps_v2_4/src -s clean 
make -C iop_pmodb_mb/libsrc/tmrctr_v4_4/src -s clean 
rm -f iop_pmodb_mb/lib/libxil.a
16:47:10 **** Clean-only build of project bsp_iop_rpi_mb ****
make -k clean 
make -C iop_rpi_mb/libsrc/qspips_v3_4/src -s clean 
make -C iop_rpi_mb/libsrc/standalone_v6_7/src -s clean 
make -C iop_rpi_mb/libsrc/gpiops_v3_3/src -s clean 
make -C iop_rpi_mb/libsrc/emacps_v3_7/src -s clean 
make -C iop_rpi_mb/libsrc/uartps_v3_6/src -s clean 
make -C iop_rpi_mb/libsrc/io_switch_v1_0/src -s clean 
make -C iop_rpi_mb/libsrc/iic_v3_4/src -s clean 
make -C iop_rpi_mb/libsrc/iicps_v3_7/src -s clean 
make -C iop_rpi_mb/libsrc/pynqmb_v1_0/src -s clean 
make -C iop_rpi_mb/libsrc/gpio_v4_3/src -s clean 
make -C iop_rpi_mb/libsrc/uartlite_v3_2/src -s clean 
make -C iop_rpi_mb/libsrc/spi_v4_4/src -s clean 
make -C iop_rpi_mb/libsrc/cpu_v2_7/src -s clean 
make -C iop_rpi_mb/libsrc/intc_v3_7/src -s clean 
make -C iop_rpi_mb/libsrc/intrgpio_v4_1/src -s clean 
make -C iop_rpi_mb/libsrc/sdps_v3_5/src -s clean 
make -C iop_rpi_mb/libsrc/mailbox_bram_v0_1/src -s clean 
make -C iop_rpi_mb/libsrc/usbps_v2_4/src -s clean 
make -C iop_rpi_mb/libsrc/tmrctr_v4_4/src -s clean 
rm -f iop_rpi_mb/lib/libxil.a
16:47:12 **** Clean-only build of configuration Debug for project arduino_4wdmoto ****
make clean 
rm -rf  ./src/4WD_MOTO.o ./src/arduino_4wdmoto.o  ./src/4WD_MOTO.d ./src/arduino_4wdmoto.d  arduino_4wdmoto.elf.size  arduino_4wdmoto.elf
 
16:47:22 **** Build of project bsp_iop_arduino_mb ****
make -k all 
Running Make include in iop_arduino_mb/libsrc/standalone_v6_7/src
make -C iop_arduino_mb/libsrc/standalone_v6_7/src -s include  "SHELL=/bin/sh" "COMPILER=mb-gcc" "ARCHIVER=mb-ar" "COMPILER_FLAGS=  -O2 -c -mcpu=v10.0 -mlittle-endian -mxl-soft-mul" "EXTRA_COMPILER_FLAGS=-ffunction-sections -fdata-sections -Wall -Wextra"
Running Make include in iop_arduino_mb/libsrc/qspips_v3_4/src
make -C iop_arduino_mb/libsrc/qspips_v3_4/src -s include  "SHELL=/bin/sh" "COMPILER=mb-gcc" "ARCHIVER=mb-ar" "COMPILER_FLAGS=  -O2 -c -mcpu=v10.0 -mlittle-endian -mxl-soft-mul" "EXTRA_COMPILER_FLAGS=-ffunction-sections -fdata-sections -Wall -Wextra"
Running Make include in iop_arduino_mb/libsrc/PulseCounter_v1_0/src
make -C iop_arduino_mb/libsrc/PulseCounter_v1_0/src -s include  "SHELL=/bin/sh" "COMPILER=mb-gcc" "ARCHIVER=mb-ar" "COMPILER_FLAGS=  -O2 -c -mcpu=v10.0 -mlittle-endian -mxl-soft-mul" "EXTRA_COMPILER_FLAGS=-ffunction-sections -fdata-sections -Wall -Wextra"
Running Make include in iop_arduino_mb/libsrc/gpiops_v3_3/src
make -C iop_arduino_mb/libsrc/gpiops_v3_3/src -s include  "SHELL=/bin/sh" "COMPILER=mb-gcc" "ARCHIVER=mb-ar" "COMPILER_FLAGS=  -O2 -c -mcpu=v10.0 -mlittle-endian -mxl-soft-mul" "EXTRA_COMPILER_FLAGS=-ffunction-sections -fdata-sections -Wall -Wextra"
Running Make include in iop_arduino_mb/libsrc/emacps_v3_7/src
make -C iop_arduino_mb/libsrc/emacps_v3_7/src -s include  "SHELL=/bin/sh" "COMPILER=mb-gcc" "ARCHIVER=mb-ar" "COMPILER_FLAGS=  -O2 -c -mcpu=v10.0 -mlittle-endian -mxl-soft-mul" "EXTRA_COMPILER_FLAGS=-ffunction-sections -fdata-sections -Wall -Wextra"
Running Make include in iop_arduino_mb/libsrc/uartps_v3_6/src
make -C iop_arduino_mb/libsrc/uartps_v3_6/src -s include  "SHELL=/bin/sh" "COMPILER=mb-gcc" "ARCHIVER=mb-ar" "COMPILER_FLAGS=  -O2 -c -mcpu=v10.0 -mlittle-endian -mxl-soft-mul" "EXTRA_COMPILER_FLAGS=-ffunction-sections -fdata-sections -Wall -Wextra"
Running Make include in iop_arduino_mb/libsrc/io_switch_v1_0/src
make -C iop_arduino_mb/libsrc/io_switch_v1_0/src -s include  "SHELL=/bin/sh" "COMPILER=mb-gcc" "ARCHIVER=mb-ar" "COMPILER_FLAGS=  -O2 -c -mcpu=v10.0 -mlittle-endian -mxl-soft-mul" "EXTRA_COMPILER_FLAGS=-ffunction-sections -fdata-sections -Wall -Wextra"
Running Make include in iop_arduino_mb/libsrc/iic_v3_4/src
make -C iop_arduino_mb/libsrc/iic_v3_4/src -s include  "SHELL=/bin/sh" "COMPILER=mb-gcc" "ARCHIVER=mb-ar" "COMPILER_FLAGS=  -O2 -c -mcpu=v10.0 -mlittle-endian -mxl-soft-mul" "EXTRA_COMPILER_FLAGS=-ffunction-sections -fdata-sections -Wall -Wextra"
Running Make include in iop_arduino_mb/libsrc/iicps_v3_7/src
make -C iop_arduino_mb/libsrc/iicps_v3_7/src -s include  "SHELL=/bin/sh" "COMPILER=mb-gcc" "ARCHIVER=mb-ar" "COMPILER_FLAGS=  -O2 -c -mcpu=v10.0 -mlittle-endian -mxl-soft-mul" "EXTRA_COMPILER_FLAGS=-ffunction-sections -fdata-sections -Wall -Wextra"
Running Make include in iop_arduino_mb/libsrc/pynqmb_v1_0/src
make -C iop_arduino_mb/libsrc/pynqmb_v1_0/src -s include  "SHELL=/bin/sh" "COMPILER=mb-gcc" "ARCHIVER=mb-ar" "COMPILER_FLAGS=  -O2 -c -mcpu=v10.0 -mlittle-endian -mxl-soft-mul" "EXTRA_COMPILER_FLAGS=-ffunction-sections -fdata-sections -Wall -Wextra"
Running Make include in iop_arduino_mb/libsrc/gpio_v4_3/src
make -C iop_arduino_mb/libsrc/gpio_v4_3/src -s include  "SHELL=/bin/sh" "COMPILER=mb-gcc" "ARCHIVER=mb-ar" "COMPILER_FLAGS=  -O2 -c -mcpu=v10.0 -mlittle-endian -mxl-soft-mul" "EXTRA_COMPILER_FLAGS=-ffunction-sections -fdata-sections -Wall -Wextra"
Running Make include in iop_arduino_mb/libsrc/uartlite_v3_2/src
make -C iop_arduino_mb/libsrc/uartlite_v3_2/src -s include  "SHELL=/bin/sh" "COMPILER=mb-gcc" "ARCHIVER=mb-ar" "COMPILER_FLAGS=  -O2 -c -mcpu=v10.0 -mlittle-endian -mxl-soft-mul" "EXTRA_COMPILER_FLAGS=-ffunction-sections -fdata-sections -Wall -Wextra"
Running Make include in iop_arduino_mb/libsrc/spi_v4_4/src
make -C iop_arduino_mb/libsrc/spi_v4_4/src -s include  "SHELL=/bin/sh" "COMPILER=mb-gcc" "ARCHIVER=mb-ar" "COMPILER_FLAGS=  -O2 -c -mcpu=v10.0 -mlittle-endian -mxl-soft-mul" "EXTRA_COMPILER_FLAGS=-ffunction-sections -fdata-sections -Wall -Wextra"
Running Make include in iop_arduino_mb/libsrc/cpu_v2_7/src
make -C iop_arduino_mb/libsrc/cpu_v2_7/src -s include  "SHELL=/bin/sh" "COMPILER=mb-gcc" "ARCHIVER=mb-ar" "COMPILER_FLAGS=  -O2 -c -mcpu=v10.0 -mlittle-endian -mxl-soft-mul" "EXTRA_COMPILER_FLAGS=-ffunction-sections -fdata-sections -Wall -Wextra"
Running Make include in iop_arduino_mb/libsrc/sysmon_v7_4/src
make -C iop_arduino_mb/libsrc/sysmon_v7_4/src -s include  "SHELL=/bin/sh" "COMPILER=mb-gcc" "ARCHIVER=mb-ar" "COMPILER_FLAGS=  -O2 -c -mcpu=v10.0 -mlittle-endian -mxl-soft-mul" "EXTRA_COMPILER_FLAGS=-ffunction-sections -fdata-sections -Wall -Wextra"
Running Make include in iop_arduino_mb/libsrc/intc_v3_7/src
make -C iop_arduino_mb/libsrc/intc_v3_7/src -s include  "SHELL=/bin/sh" "COMPILER=mb-gcc" "ARCHIVER=mb-ar" "COMPILER_FLAGS=  -O2 -c -mcpu=v10.0 -mlittle-endian -mxl-soft-mul" "EXTRA_COMPILER_FLAGS=-ffunction-sections -fdata-sections -Wall -Wextra"
Running Make include in iop_arduino_mb/libsrc/intrgpio_v4_1/src
make -C iop_arduino_mb/libsrc/intrgpio_v4_1/src -s include  "SHELL=/bin/sh" "COMPILER=mb-gcc" "ARCHIVER=mb-ar" "COMPILER_FLAGS=  -O2 -c -mcpu=v10.0 -mlittle-endian -mxl-soft-mul" "EXTRA_COMPILER_FLAGS=-ffunction-sections -fdata-sections -Wall -Wextra"
Running Make include in iop_arduino_mb/libsrc/sdps_v3_5/src
make -C iop_arduino_mb/libsrc/sdps_v3_5/src -s include  "SHELL=/bin/sh" "COMPILER=mb-gcc" "ARCHIVER=mb-ar" "COMPILER_FLAGS=  -O2 -c -mcpu=v10.0 -mlittle-endian -mxl-soft-mul" "EXTRA_COMPILER_FLAGS=-ffunction-sections -fdata-sections -Wall -Wextra"
Running Make include in iop_arduino_mb/libsrc/mailbox_bram_v0_1/src
make -C iop_arduino_mb/libsrc/mailbox_bram_v0_1/src -s include  "SHELL=/bin/sh" "COMPILER=mb-gcc" "ARCHIVER=mb-ar" "COMPILER_FLAGS=  -O2 -c -mcpu=v10.0 -mlittle-endian -mxl-soft-mul" "EXTRA_COMPILER_FLAGS=-ffunction-sections -fdata-sections -Wall -Wextra"
Running Make include in iop_arduino_mb/libsrc/usbps_v2_4/src
make -C iop_arduino_mb/libsrc/usbps_v2_4/src -s include  "SHELL=/bin/sh" "COMPILER=mb-gcc" "ARCHIVER=mb-ar" "COMPILER_FLAGS=  -O2 -c -mcpu=v10.0 -mlittle-endian -mxl-soft-mul" "EXTRA_COMPILER_FLAGS=-ffunction-sections -fdata-sections -Wall -Wextra"
Running Make include in iop_arduino_mb/libsrc/tmrctr_v4_4/src
make -C iop_arduino_mb/libsrc/tmrctr_v4_4/src -s include  "SHELL=/bin/sh" "COMPILER=mb-gcc" "ARCHIVER=mb-ar" "COMPILER_FLAGS=  -O2 -c -mcpu=v10.0 -mlittle-endian -mxl-soft-mul" "EXTRA_COMPILER_FLAGS=-ffunction-sections -fdata-sections -Wall -Wextra"
Running Make libs in iop_arduino_mb/libsrc/standalone_v6_7/src
make -C iop_arduino_mb/libsrc/standalone_v6_7/src -s libs  "SHELL=/bin/sh" "COMPILER=mb-gcc" "ARCHIVER=mb-ar" "COMPILER_FLAGS=  -O2 -c -mcpu=v10.0 -mlittle-endian -mxl-soft-mul" "EXTRA_COMPILER_FLAGS=-ffunction-sections -fdata-sections -Wall -Wextra"
Compiling standalone
microblaze_sleep.c: In function 'usleep_MB':
microblaze_sleep.c:106:29: warning: unused parameter 'useconds' [-Wunused-parameter]
 int usleep_MB(unsigned long useconds)
                             ^~~~~~~~
microblaze_sleep.c: In function 'sleep_MB':
microblaze_sleep.c:128:32: warning: unused parameter 'seconds' [-Wunused-parameter]
 unsigned sleep_MB(unsigned int seconds)
                                ^~~~~~~
microblaze_sleep.c: In function 'MB_Sleep':
microblaze_sleep.c:153:19: warning: unused parameter 'MilliSeconds' [-Wunused-parameter]
 void MB_Sleep(u32 MilliSeconds)
                   ^~~~~~~~~~~~
mb-ar: creating ../../../lib/libxil.a
Running Make libs in iop_arduino_mb/libsrc/qspips_v3_4/src
make -C iop_arduino_mb/libsrc/qspips_v3_4/src -s libs  "SHELL=/bin/sh" "COMPILER=mb-gcc" "ARCHIVER=mb-ar" "COMPILER_FLAGS=  -O2 -c -mcpu=v10.0 -mlittle-endian -mxl-soft-mul" "EXTRA_COMPILER_FLAGS=-ffunction-sections -fdata-sections -Wall -Wextra"
Compiling qspips
Running Make libs in iop_arduino_mb/libsrc/PulseCounter_v1_0/src
make -C iop_arduino_mb/libsrc/PulseCounter_v1_0/src -s libs  "SHELL=/bin/sh" "COMPILER=mb-gcc" "ARCHIVER=mb-ar" "COMPILER_FLAGS=  -O2 -c -mcpu=v10.0 -mlittle-endian -mxl-soft-mul" "EXTRA_COMPILER_FLAGS=-ffunction-sections -fdata-sections -Wall -Wextra"
Compiling PulseCounter...
PulseCounter_selftest.c: In function 'PULSECOUNTER_Reg_SelfTest':
PulseCounter_selftest.c:52:61: warning: comparison between signed and unsigned integer expressions [-Wsign-compare]
    if ( PULSECOUNTER_mReadReg (baseaddr, read_loop_index*4) != (read_loop_index+1)*READ_WRITE_MUL_FACTOR){
                                                             ^~
PulseCounter_selftest.c:36:6: warning: unused variable 'Index' [-Wunused-variable]
  int Index;
      ^~~~~
Running Make libs in iop_arduino_mb/libsrc/gpiops_v3_3/src
make -C iop_arduino_mb/libsrc/gpiops_v3_3/src -s libs  "SHELL=/bin/sh" "COMPILER=mb-gcc" "ARCHIVER=mb-ar" "COMPILER_FLAGS=  -O2 -c -mcpu=v10.0 -mlittle-endian -mxl-soft-mul" "EXTRA_COMPILER_FLAGS=-ffunction-sections -fdata-sections -Wall -Wextra"
Compiling gpiops
Running Make libs in iop_arduino_mb/libsrc/emacps_v3_7/src
make -C iop_arduino_mb/libsrc/emacps_v3_7/src -s libs  "SHELL=/bin/sh" "COMPILER=mb-gcc" "ARCHIVER=mb-ar" "COMPILER_FLAGS=  -O2 -c -mcpu=v10.0 -mlittle-endian -mxl-soft-mul" "EXTRA_COMPILER_FLAGS=-ffunction-sections -fdata-sections -Wall -Wextra"
Compiling emacps
Running Make libs in iop_arduino_mb/libsrc/uartps_v3_6/src
make -C iop_arduino_mb/libsrc/uartps_v3_6/src -s libs  "SHELL=/bin/sh" "COMPILER=mb-gcc" "ARCHIVER=mb-ar" "COMPILER_FLAGS=  -O2 -c -mcpu=v10.0 -mlittle-endian -mxl-soft-mul" "EXTRA_COMPILER_FLAGS=-ffunction-sections -fdata-sections -Wall -Wextra"
Compiling uartps
Running Make libs in iop_arduino_mb/libsrc/io_switch_v1_0/src
make -C iop_arduino_mb/libsrc/io_switch_v1_0/src -s libs  "SHELL=/bin/sh" "COMPILER=mb-gcc" "ARCHIVER=mb-ar" "COMPILER_FLAGS=  -O2 -c -mcpu=v10.0 -mlittle-endian -mxl-soft-mul" "EXTRA_COMPILER_FLAGS=-ffunction-sections -fdata-sections -Wall -Wextra"
Compiling io_switch...
Running Make libs in iop_arduino_mb/libsrc/iic_v3_4/src
make -C iop_arduino_mb/libsrc/iic_v3_4/src -s libs  "SHELL=/bin/sh" "COMPILER=mb-gcc" "ARCHIVER=mb-ar" "COMPILER_FLAGS=  -O2 -c -mcpu=v10.0 -mlittle-endian -mxl-soft-mul" "EXTRA_COMPILER_FLAGS=-ffunction-sections -fdata-sections -Wall -Wextra"
Compiling iic
Running Make libs in iop_arduino_mb/libsrc/iicps_v3_7/src
make -C iop_arduino_mb/libsrc/iicps_v3_7/src -s libs  "SHELL=/bin/sh" "COMPILER=mb-gcc" "ARCHIVER=mb-ar" "COMPILER_FLAGS=  -O2 -c -mcpu=v10.0 -mlittle-endian -mxl-soft-mul" "EXTRA_COMPILER_FLAGS=-ffunction-sections -fdata-sections -Wall -Wextra"
Compiling iicps
Running Make libs in iop_arduino_mb/libsrc/pynqmb_v1_0/src
make -C iop_arduino_mb/libsrc/pynqmb_v1_0/src -s libs  "SHELL=/bin/sh" "COMPILER=mb-gcc" "ARCHIVER=mb-ar" "COMPILER_FLAGS=  -O2 -c -mcpu=v10.0 -mlittle-endian -mxl-soft-mul" "EXTRA_COMPILER_FLAGS=-ffunction-sections -fdata-sections -Wall -Wextra"
Compiling pynqmb library
Running Make libs in iop_arduino_mb/libsrc/gpio_v4_3/src
make -C iop_arduino_mb/libsrc/gpio_v4_3/src -s libs  "SHELL=/bin/sh" "COMPILER=mb-gcc" "ARCHIVER=mb-ar" "COMPILER_FLAGS=  -O2 -c -mcpu=v10.0 -mlittle-endian -mxl-soft-mul" "EXTRA_COMPILER_FLAGS=-ffunction-sections -fdata-sections -Wall -Wextra"
Compiling gpio
Running Make libs in iop_arduino_mb/libsrc/uartlite_v3_2/src
make -C iop_arduino_mb/libsrc/uartlite_v3_2/src -s libs  "SHELL=/bin/sh" "COMPILER=mb-gcc" "ARCHIVER=mb-ar" "COMPILER_FLAGS=  -O2 -c -mcpu=v10.0 -mlittle-endian -mxl-soft-mul" "EXTRA_COMPILER_FLAGS=-ffunction-sections -fdata-sections -Wall -Wextra"
Compiling uartlite
Running Make libs in iop_arduino_mb/libsrc/spi_v4_4/src
make -C iop_arduino_mb/libsrc/spi_v4_4/src -s libs  "SHELL=/bin/sh" "COMPILER=mb-gcc" "ARCHIVER=mb-ar" "COMPILER_FLAGS=  -O2 -c -mcpu=v10.0 -mlittle-endian -mxl-soft-mul" "EXTRA_COMPILER_FLAGS=-ffunction-sections -fdata-sections -Wall -Wextra"
Compiling spi
Running Make libs in iop_arduino_mb/libsrc/cpu_v2_7/src
make -C iop_arduino_mb/libsrc/cpu_v2_7/src -s libs  "SHELL=/bin/sh" "COMPILER=mb-gcc" "ARCHIVER=mb-ar" "COMPILER_FLAGS=  -O2 -c -mcpu=v10.0 -mlittle-endian -mxl-soft-mul" "EXTRA_COMPILER_FLAGS=-ffunction-sections -fdata-sections -Wall -Wextra"
Compiling cpu
Running Make libs in iop_arduino_mb/libsrc/sysmon_v7_4/src
make -C iop_arduino_mb/libsrc/sysmon_v7_4/src -s libs  "SHELL=/bin/sh" "COMPILER=mb-gcc" "ARCHIVER=mb-ar" "COMPILER_FLAGS=  -O2 -c -mcpu=v10.0 -mlittle-endian -mxl-soft-mul" "EXTRA_COMPILER_FLAGS=-ffunction-sections -fdata-sections -Wall -Wextra"
Compiling sysmon
Running Make libs in iop_arduino_mb/libsrc/intc_v3_7/src
make -C iop_arduino_mb/libsrc/intc_v3_7/src -s libs  "SHELL=/bin/sh" "COMPILER=mb-gcc" "ARCHIVER=mb-ar" "COMPILER_FLAGS=  -O2 -c -mcpu=v10.0 -mlittle-endian -mxl-soft-mul" "EXTRA_COMPILER_FLAGS=-ffunction-sections -fdata-sections -Wall -Wextra"
Compiling intc
Running Make libs in iop_arduino_mb/libsrc/intrgpio_v4_1/src
make -C iop_arduino_mb/libsrc/intrgpio_v4_1/src -s libs  "SHELL=/bin/sh" "COMPILER=mb-gcc" "ARCHIVER=mb-ar" "COMPILER_FLAGS=  -O2 -c -mcpu=v10.0 -mlittle-endian -mxl-soft-mul" "EXTRA_COMPILER_FLAGS=-ffunction-sections -fdata-sections -Wall -Wextra"
Compiling intrgpio
Running Make libs in iop_arduino_mb/libsrc/sdps_v3_5/src
make -C iop_arduino_mb/libsrc/sdps_v3_5/src -s libs  "SHELL=/bin/sh" "COMPILER=mb-gcc" "ARCHIVER=mb-ar" "COMPILER_FLAGS=  -O2 -c -mcpu=v10.0 -mlittle-endian -mxl-soft-mul" "EXTRA_COMPILER_FLAGS=-ffunction-sections -fdata-sections -Wall -Wextra"
Compiling sdps
Running Make libs in iop_arduino_mb/libsrc/mailbox_bram_v0_1/src
make -C iop_arduino_mb/libsrc/mailbox_bram_v0_1/src -s libs  "SHELL=/bin/sh" "COMPILER=mb-gcc" "ARCHIVER=mb-ar" "COMPILER_FLAGS=  -O2 -c -mcpu=v10.0 -mlittle-endian -mxl-soft-mul" "EXTRA_COMPILER_FLAGS=-ffunction-sections -fdata-sections -Wall -Wextra"
Compiling mailbox_bram
Running Make libs in iop_arduino_mb/libsrc/usbps_v2_4/src
make -C iop_arduino_mb/libsrc/usbps_v2_4/src -s libs  "SHELL=/bin/sh" "COMPILER=mb-gcc" "ARCHIVER=mb-ar" "COMPILER_FLAGS=  -O2 -c -mcpu=v10.0 -mlittle-endian -mxl-soft-mul" "EXTRA_COMPILER_FLAGS=-ffunction-sections -fdata-sections -Wall -Wextra"
Compiling usbps
Running Make libs in iop_arduino_mb/libsrc/tmrctr_v4_4/src
make -C iop_arduino_mb/libsrc/tmrctr_v4_4/src -s libs  "SHELL=/bin/sh" "COMPILER=mb-gcc" "ARCHIVER=mb-ar" "COMPILER_FLAGS=  -O2 -c -mcpu=v10.0 -mlittle-endian -mxl-soft-mul" "EXTRA_COMPILER_FLAGS=-ffunction-sections -fdata-sections -Wall -Wextra"
Compiling tmrctr
Finished building libraries
16:47:32 **** Build of configuration Debug for project arduino_4wdmoto ****
make all 
Building file: ../src/4WD_MOTO.c
Invoking: MicroBlaze gcc compiler
mb-gcc -Wall -O0 -g3 -I../../bsp_iop_arduino_mb/iop_arduino_mb/include -c -fmessage-length=0 -MT"src/4WD_MOTO.o" -mlittle-endian -mcpu=v10.0 -mxl-soft-mul -Wl,--no-relax -ffunction-sections -fdata-sections -MMD -MP -MF"src/4WD_MOTO.d" -MT"src/4WD_MOTO.o" -o "src/4WD_MOTO.o" "../src/4WD_MOTO.c"
../src/4WD_MOTO.c: In function 'get_velocity':
../src/4WD_MOTO.c:137:8: warning: implicit declaration of function 'timer_get_pulsewidth'; did you mean 'timer_get_num_devices'? [-Wimplicit-function-declaration]
  v_a = timer_get_pulsewidth(timer_e,0);
        ^~~~~~~~~~~~~~~~~~~~
        timer_get_num_devices
Finished building: ../src/4WD_MOTO.c
 
Building file: ../src/arduino_4wdmoto.c
Invoking: MicroBlaze gcc compiler
mb-gcc -Wall -O0 -g3 -I../../bsp_iop_arduino_mb/iop_arduino_mb/include -c -fmessage-length=0 -MT"src/arduino_4wdmoto.o" -mlittle-endian -mcpu=v10.0 -mxl-soft-mul -Wl,--no-relax -ffunction-sections -fdata-sections -MMD -MP -MF"src/arduino_4wdmoto.d" -MT"src/arduino_4wdmoto.o" -o "src/arduino_4wdmoto.o" "../src/arduino_4wdmoto.c"
../src/arduino_4wdmoto.c: In function 'main':
../src/arduino_4wdmoto.c:142:8: warning: unused variable 'dist' [-Wunused-variable]
  float dist;
        ^~~~
Finished building: ../src/arduino_4wdmoto.c
 
Building target: arduino_4wdmoto.elf
Invoking: MicroBlaze gcc linker
mb-gcc -L../../bsp_iop_arduino_mb/iop_arduino_mb/lib -Wl,-T -Wl,../src/lscript.ld -mlittle-endian -mcpu=v10.0 -mxl-soft-mul -Wl,--no-relax -Wl,--gc-sections -o "arduino_4wdmoto.elf"  ./src/4WD_MOTO.o ./src/arduino_4wdmoto.o   -Wl,--start-group,-lxil,-lgcc,-lc,--end-group
Finished building target: arduino_4wdmoto.elf
 
make --no-print-directory post-build
MicroBlaze Bin Gen
mb-objcopy -O binary arduino_4wdmoto.elf arduino_4wdmoto.bin
 
Invoking: MicroBlaze Print Size
mb-size arduino_4wdmoto.elf  |tee "arduino_4wdmoto.elf.size"
   text	   data	    bss	    dec	    hex	filename
   9556	    508	   3392	  13456	   3490	arduino_4wdmoto.elf
Finished building: arduino_4wdmoto.elf.size
 
16:58:58 **** Incremental Build of configuration Debug for project arduino_4wdmoto ****
make all 
make: Nothing to be done for 'all'.
