14:12:23 **** Build of configuration Debug for project arduino_10DOF_IMU_temp ****
make all 
Building file: ../src/QMC5883_c.c
Invoking: MicroBlaze gcc compiler
mb-gcc -Wall -O0 -g3 -I../../bsp_iop_arduino_mb/iop_arduino_mb/include -c -fmessage-length=0 -MT"src/QMC5883_c.o" -mlittle-endian -mcpu=v10.0 -mxl-soft-mul -Wl,--no-relax -ffunction-sections -fdata-sections -MMD -MP -MF"src/QMC5883_c.d" -MT"src/QMC5883_c.o" -o "src/QMC5883_c.o" "../src/QMC5883_c.c"
Finished building: ../src/QMC5883_c.c
 
Building file: ../src/arduino_10DOF_IMU.c
Invoking: MicroBlaze gcc compiler
mb-gcc -Wall -O0 -g3 -I../../bsp_iop_arduino_mb/iop_arduino_mb/include -c -fmessage-length=0 -MT"src/arduino_10DOF_IMU.o" -mlittle-endian -mcpu=v10.0 -mxl-soft-mul -Wl,--no-relax -ffunction-sections -fdata-sections -MMD -MP -MF"src/arduino_10DOF_IMU.d" -MT"src/arduino_10DOF_IMU.o" -o "src/arduino_10DOF_IMU.o" "../src/arduino_10DOF_IMU.c"
../src/arduino_10DOF_IMU.c: In function 'main':
../src/arduino_10DOF_IMU.c:84:10: warning: unused variable 'mag' [-Wunused-variable]
   Vector mag = QMC5883_readRaw();
          ^~~
Finished building: ../src/arduino_10DOF_IMU.c
 
Building target: arduino_10DOF_IMU_temp.elf
Invoking: MicroBlaze gcc linker
mb-gcc -L../../bsp_iop_arduino_mb/iop_arduino_mb/lib -Wl,-T -Wl,../src/lscript.ld -mlittle-endian -mcpu=v10.0 -mxl-soft-mul -Wl,--no-relax -Wl,--gc-sections -o "arduino_10DOF_IMU_temp.elf"  ./src/QMC5883_c.o ./src/arduino_10DOF_IMU.o   -Wl,--start-group,-lxil,-lgcc,-lc,--end-group
Finished building target: arduino_10DOF_IMU_temp.elf
 
Invoking: MicroBlaze Print Size
mb-size arduino_10DOF_IMU_temp.elf  |tee "arduino_10DOF_IMU_temp.elf.size"
   text	   data	    bss	    dec	    hex	filename
  18496	    540	   3268	  22304	   5720	arduino_10DOF_IMU_temp.elf
Finished building: arduino_10DOF_IMU_temp.elf.size
 

14:12:24 Build Finished (took 1s.229ms)

