11:04:09 **** Auto Build of configuration Debug for project demo_gesture_moto ****
make all 
Building file: ../src/demo_gesture_moto.c
Invoking: MicroBlaze gcc compiler
mb-gcc -Wall -O0 -g3 -I../../bsp_iop_arduino_mb/iop_arduino_mb/include -c -fmessage-length=0 -MT"src/demo_gesture_moto.o" -mlittle-endian -mcpu=v10.0 -mxl-soft-mul -Wl,--no-relax -ffunction-sections -fdata-sections -MMD -MP -MF"src/demo_gesture_moto.d" -MT"src/demo_gesture_moto.o" -o "src/demo_gesture_moto.o" "../src/demo_gesture_moto.c"
In file included from ../src/demo_gesture_moto.c:51:0:
../src/4WD_MOTO.h:35:13: warning: 'set_direction' declared 'static' but never defined [-Wunused-function]
 static void set_direction(unsigned int motor, unsigned int direction);
             ^~~~~~~~~~~~~
Finished building: ../src/demo_gesture_moto.c
 
Building target: demo_gesture_moto.elf
Invoking: MicroBlaze gcc linker
mb-gcc -L../../bsp_iop_arduino_mb/iop_arduino_mb/lib -Wl,-T -Wl,../src/lscript.ld -mlittle-endian -mcpu=v10.0 -mxl-soft-mul -Wl,--no-relax -Wl,--gc-sections -o "demo_gesture_moto.elf"  ./src/4WD_MOTO.o ./src/SparkFun_APDS9960.o ./src/demo_gesture_moto.o   -Wl,--start-group,-lxil,-lgcc,-lc,--end-group
Finished building target: demo_gesture_moto.elf
 
Invoking: MicroBlaze Print Size
mb-size demo_gesture_moto.elf  |tee "demo_gesture_moto.elf.size"
   text	   data	    bss	    dec	    hex	filename
  27404	    660	   3688	  31752	   7c08	demo_gesture_moto.elf
Finished building: demo_gesture_moto.elf.size
 

11:04:09 Build Finished (took 792ms)

