17:56:05 **** Auto Build of configuration Debug for project arduino_run_gesture_plus ****
make all 
Building file: ../src/arduino_run_gesture.cc
Invoking: MicroBlaze g++ compiler
mb-g++ -Wall -O0 -g3 -c -fmessage-length=0 -MT"src/arduino_run_gesture.o" -I../../bsp_iop_arduino_mb/iop_arduino_mb/include -mlittle-endian -mcpu=v10.0 -mxl-soft-mul -Wl,--no-relax -ffunction-sections -fdata-sections -MMD -MP -MF"src/arduino_run_gesture.d" -MT"src/arduino_run_gesture.o" -o "src/arduino_run_gesture.o" "../src/arduino_run_gesture.cc"
../src/arduino_run_gesture.cc: In function 'int main()':
../src/arduino_run_gesture.cc:75:13: warning: unused variable 'period' [-Wunused-variable]
  int which, period, duty;
             ^~~~~~
../src/arduino_run_gesture.cc:75:21: warning: unused variable 'duty' [-Wunused-variable]
  int which, period, duty;
                     ^~~~
../src/arduino_run_gesture.cc:76:8: warning: unused variable 'v' [-Wunused-variable]
  float v;
        ^
Finished building: ../src/arduino_run_gesture.cc
 
Building target: arduino_run_gesture_plus.elf
Invoking: MicroBlaze g++ linker
mb-g++ -Wl,-T -Wl,../src/lscript.ld -L../../bsp_iop_arduino_mb/iop_arduino_mb/lib -mlittle-endian -mcpu=v10.0 -mxl-soft-mul -Wl,--no-relax -Wl,--gc-sections -o "arduino_run_gesture_plus.elf"  ./src/4WD_MOTO.o ./src/I2CMultiplexer.o ./src/SparkFun_APDS9960.o ./src/arduino_run_gesture.o   -Wl,--start-group,-lxil,-lgcc,-lc,-lstdc++,--end-group
Finished building target: arduino_run_gesture_plus.elf
 
make --no-print-directory post-build
Microblaze Bin Gen
mb-objcopy -O binary arduino_run_gesture.elf arduino_run_gesture.bin
mb-objcopy: 'arduino_run_gesture.elf': No such file
makefile:67: recipe for target 'post-build' failed
make[1]: [post-build] Error 1 (ignored)
 
Invoking: MicroBlaze Print Size
mb-size arduino_run_gesture_plus.elf  |tee "arduino_run_gesture_plus.elf.size"
   text	   data	    bss	    dec	    hex	filename
  25860	    536	   3668	  30064	   7570	arduino_run_gesture_plus.elf
Finished building: arduino_run_gesture_plus.elf.size
 

17:56:05 Build Finished (took 420ms)

