13:45:06 **** Build of project bsp_iop_rpi_mb ****
make -k all 
Running Make include in iop_rpi_mb/libsrc/qspips_v3_4/src
make -C iop_rpi_mb/libsrc/qspips_v3_4/src -s include  "SHELL=/bin/sh" "COMPILER=mb-gcc" "ARCHIVER=mb-ar" "COMPILER_FLAGS=  -O2 -c -mcpu=v10.0 -mlittle-endian -mxl-soft-mul" "EXTRA_COMPILER_FLAGS=-ffunction-sections -fdata-sections -Wall -Wextra"
Running Make include in iop_rpi_mb/libsrc/standalone_v6_7/src
make -C iop_rpi_mb/libsrc/standalone_v6_7/src -s include  "SHELL=/bin/sh" "COMPILER=mb-gcc" "ARCHIVER=mb-ar" "COMPILER_FLAGS=  -O2 -c -mcpu=v10.0 -mlittle-endian -mxl-soft-mul" "EXTRA_COMPILER_FLAGS=-ffunction-sections -fdata-sections -Wall -Wextra"
Running Make include in iop_rpi_mb/libsrc/gpiops_v3_3/src
make -C iop_rpi_mb/libsrc/gpiops_v3_3/src -s include  "SHELL=/bin/sh" "COMPILER=mb-gcc" "ARCHIVER=mb-ar" "COMPILER_FLAGS=  -O2 -c -mcpu=v10.0 -mlittle-endian -mxl-soft-mul" "EXTRA_COMPILER_FLAGS=-ffunction-sections -fdata-sections -Wall -Wextra"
Running Make include in iop_rpi_mb/libsrc/emacps_v3_7/src
make -C iop_rpi_mb/libsrc/emacps_v3_7/src -s include  "SHELL=/bin/sh" "COMPILER=mb-gcc" "ARCHIVER=mb-ar" "COMPILER_FLAGS=  -O2 -c -mcpu=v10.0 -mlittle-endian -mxl-soft-mul" "EXTRA_COMPILER_FLAGS=-ffunction-sections -fdata-sections -Wall -Wextra"
Running Make include in iop_rpi_mb/libsrc/uartps_v3_6/src
make -C iop_rpi_mb/libsrc/uartps_v3_6/src -s include  "SHELL=/bin/sh" "COMPILER=mb-gcc" "ARCHIVER=mb-ar" "COMPILER_FLAGS=  -O2 -c -mcpu=v10.0 -mlittle-endian -mxl-soft-mul" "EXTRA_COMPILER_FLAGS=-ffunction-sections -fdata-sections -Wall -Wextra"
Running Make include in iop_rpi_mb/libsrc/io_switch_v1_0/src
make -C iop_rpi_mb/libsrc/io_switch_v1_0/src -s include  "SHELL=/bin/sh" "COMPILER=mb-gcc" "ARCHIVER=mb-ar" "COMPILER_FLAGS=  -O2 -c -mcpu=v10.0 -mlittle-endian -mxl-soft-mul" "EXTRA_COMPILER_FLAGS=-ffunction-sections -fdata-sections -Wall -Wextra"
Running Make include in iop_rpi_mb/libsrc/iic_v3_4/src
make -C iop_rpi_mb/libsrc/iic_v3_4/src -s include  "SHELL=/bin/sh" "COMPILER=mb-gcc" "ARCHIVER=mb-ar" "COMPILER_FLAGS=  -O2 -c -mcpu=v10.0 -mlittle-endian -mxl-soft-mul" "EXTRA_COMPILER_FLAGS=-ffunction-sections -fdata-sections -Wall -Wextra"
Running Make include in iop_rpi_mb/libsrc/iicps_v3_7/src
make -C iop_rpi_mb/libsrc/iicps_v3_7/src -s include  "SHELL=/bin/sh" "COMPILER=mb-gcc" "ARCHIVER=mb-ar" "COMPILER_FLAGS=  -O2 -c -mcpu=v10.0 -mlittle-endian -mxl-soft-mul" "EXTRA_COMPILER_FLAGS=-ffunction-sections -fdata-sections -Wall -Wextra"
Running Make include in iop_rpi_mb/libsrc/pynqmb_v1_0/src
make -C iop_rpi_mb/libsrc/pynqmb_v1_0/src -s include  "SHELL=/bin/sh" "COMPILER=mb-gcc" "ARCHIVER=mb-ar" "COMPILER_FLAGS=  -O2 -c -mcpu=v10.0 -mlittle-endian -mxl-soft-mul" "EXTRA_COMPILER_FLAGS=-ffunction-sections -fdata-sections -Wall -Wextra"
Running Make include in iop_rpi_mb/libsrc/gpio_v4_3/src
make -C iop_rpi_mb/libsrc/gpio_v4_3/src -s include  "SHELL=/bin/sh" "COMPILER=mb-gcc" "ARCHIVER=mb-ar" "COMPILER_FLAGS=  -O2 -c -mcpu=v10.0 -mlittle-endian -mxl-soft-mul" "EXTRA_COMPILER_FLAGS=-ffunction-sections -fdata-sections -Wall -Wextra"
Running Make include in iop_rpi_mb/libsrc/uartlite_v3_2/src
make -C iop_rpi_mb/libsrc/uartlite_v3_2/src -s include  "SHELL=/bin/sh" "COMPILER=mb-gcc" "ARCHIVER=mb-ar" "COMPILER_FLAGS=  -O2 -c -mcpu=v10.0 -mlittle-endian -mxl-soft-mul" "EXTRA_COMPILER_FLAGS=-ffunction-sections -fdata-sections -Wall -Wextra"
Running Make include in iop_rpi_mb/libsrc/spi_v4_4/src
make -C iop_rpi_mb/libsrc/spi_v4_4/src -s include  "SHELL=/bin/sh" "COMPILER=mb-gcc" "ARCHIVER=mb-ar" "COMPILER_FLAGS=  -O2 -c -mcpu=v10.0 -mlittle-endian -mxl-soft-mul" "EXTRA_COMPILER_FLAGS=-ffunction-sections -fdata-sections -Wall -Wextra"
Running Make include in iop_rpi_mb/libsrc/cpu_v2_7/src
make -C iop_rpi_mb/libsrc/cpu_v2_7/src -s include  "SHELL=/bin/sh" "COMPILER=mb-gcc" "ARCHIVER=mb-ar" "COMPILER_FLAGS=  -O2 -c -mcpu=v10.0 -mlittle-endian -mxl-soft-mul" "EXTRA_COMPILER_FLAGS=-ffunction-sections -fdata-sections -Wall -Wextra"
Running Make include in iop_rpi_mb/libsrc/intc_v3_7/src
make -C iop_rpi_mb/libsrc/intc_v3_7/src -s include  "SHELL=/bin/sh" "COMPILER=mb-gcc" "ARCHIVER=mb-ar" "COMPILER_FLAGS=  -O2 -c -mcpu=v10.0 -mlittle-endian -mxl-soft-mul" "EXTRA_COMPILER_FLAGS=-ffunction-sections -fdata-sections -Wall -Wextra"
Running Make include in iop_rpi_mb/libsrc/intrgpio_v4_1/src
make -C iop_rpi_mb/libsrc/intrgpio_v4_1/src -s include  "SHELL=/bin/sh" "COMPILER=mb-gcc" "ARCHIVER=mb-ar" "COMPILER_FLAGS=  -O2 -c -mcpu=v10.0 -mlittle-endian -mxl-soft-mul" "EXTRA_COMPILER_FLAGS=-ffunction-sections -fdata-sections -Wall -Wextra"
Running Make include in iop_rpi_mb/libsrc/sdps_v3_5/src
make -C iop_rpi_mb/libsrc/sdps_v3_5/src -s include  "SHELL=/bin/sh" "COMPILER=mb-gcc" "ARCHIVER=mb-ar" "COMPILER_FLAGS=  -O2 -c -mcpu=v10.0 -mlittle-endian -mxl-soft-mul" "EXTRA_COMPILER_FLAGS=-ffunction-sections -fdata-sections -Wall -Wextra"
Running Make include in iop_rpi_mb/libsrc/mailbox_bram_v0_1/src
make -C iop_rpi_mb/libsrc/mailbox_bram_v0_1/src -s include  "SHELL=/bin/sh" "COMPILER=mb-gcc" "ARCHIVER=mb-ar" "COMPILER_FLAGS=  -O2 -c -mcpu=v10.0 -mlittle-endian -mxl-soft-mul" "EXTRA_COMPILER_FLAGS=-ffunction-sections -fdata-sections -Wall -Wextra"
Running Make include in iop_rpi_mb/libsrc/usbps_v2_4/src
make -C iop_rpi_mb/libsrc/usbps_v2_4/src -s include  "SHELL=/bin/sh" "COMPILER=mb-gcc" "ARCHIVER=mb-ar" "COMPILER_FLAGS=  -O2 -c -mcpu=v10.0 -mlittle-endian -mxl-soft-mul" "EXTRA_COMPILER_FLAGS=-ffunction-sections -fdata-sections -Wall -Wextra"
Running Make include in iop_rpi_mb/libsrc/tmrctr_v4_4/src
make -C iop_rpi_mb/libsrc/tmrctr_v4_4/src -s include  "SHELL=/bin/sh" "COMPILER=mb-gcc" "ARCHIVER=mb-ar" "COMPILER_FLAGS=  -O2 -c -mcpu=v10.0 -mlittle-endian -mxl-soft-mul" "EXTRA_COMPILER_FLAGS=-ffunction-sections -fdata-sections -Wall -Wextra"
Running Make libs in iop_rpi_mb/libsrc/qspips_v3_4/src
make -C iop_rpi_mb/libsrc/qspips_v3_4/src -s libs  "SHELL=/bin/sh" "COMPILER=mb-gcc" "ARCHIVER=mb-ar" "COMPILER_FLAGS=  -O2 -c -mcpu=v10.0 -mlittle-endian -mxl-soft-mul" "EXTRA_COMPILER_FLAGS=-ffunction-sections -fdata-sections -Wall -Wextra"
Compiling qspips
Running Make libs in iop_rpi_mb/libsrc/standalone_v6_7/src
make -C iop_rpi_mb/libsrc/standalone_v6_7/src -s libs  "SHELL=/bin/sh" "COMPILER=mb-gcc" "ARCHIVER=mb-ar" "COMPILER_FLAGS=  -O2 -c -mcpu=v10.0 -mlittle-endian -mxl-soft-mul" "EXTRA_COMPILER_FLAGS=-ffunction-sections -fdata-sections -Wall -Wextra"
Compiling standalone
microblaze_sleep.c: In function 'usleep_MB':
microblaze_sleep.c:106:29: warning: unused parameter 'useconds' [-Wunused-parameter]
 int usleep_MB(unsigned long useconds)
                             ^~~~~~~~
microblaze_sleep.c: In function 'sleep_MB':
microblaze_sleep.c:128:32: warning: unused parameter 'seconds' [-Wunused-parameter]
 unsigned sleep_MB(unsigned int seconds)
                                ^~~~~~~
microblaze_sleep.c: In function 'MB_Sleep':
microblaze_sleep.c:153:19: warning: unused parameter 'MilliSeconds' [-Wunused-parameter]
 void MB_Sleep(u32 MilliSeconds)
                   ^~~~~~~~~~~~
Running Make libs in iop_rpi_mb/libsrc/gpiops_v3_3/src
make -C iop_rpi_mb/libsrc/gpiops_v3_3/src -s libs  "SHELL=/bin/sh" "COMPILER=mb-gcc" "ARCHIVER=mb-ar" "COMPILER_FLAGS=  -O2 -c -mcpu=v10.0 -mlittle-endian -mxl-soft-mul" "EXTRA_COMPILER_FLAGS=-ffunction-sections -fdata-sections -Wall -Wextra"
Compiling gpiops
Running Make libs in iop_rpi_mb/libsrc/emacps_v3_7/src
make -C iop_rpi_mb/libsrc/emacps_v3_7/src -s libs  "SHELL=/bin/sh" "COMPILER=mb-gcc" "ARCHIVER=mb-ar" "COMPILER_FLAGS=  -O2 -c -mcpu=v10.0 -mlittle-endian -mxl-soft-mul" "EXTRA_COMPILER_FLAGS=-ffunction-sections -fdata-sections -Wall -Wextra"
Compiling emacps
Running Make libs in iop_rpi_mb/libsrc/uartps_v3_6/src
make -C iop_rpi_mb/libsrc/uartps_v3_6/src -s libs  "SHELL=/bin/sh" "COMPILER=mb-gcc" "ARCHIVER=mb-ar" "COMPILER_FLAGS=  -O2 -c -mcpu=v10.0 -mlittle-endian -mxl-soft-mul" "EXTRA_COMPILER_FLAGS=-ffunction-sections -fdata-sections -Wall -Wextra"
Compiling uartps
Running Make libs in iop_rpi_mb/libsrc/io_switch_v1_0/src
make -C iop_rpi_mb/libsrc/io_switch_v1_0/src -s libs  "SHELL=/bin/sh" "COMPILER=mb-gcc" "ARCHIVER=mb-ar" "COMPILER_FLAGS=  -O2 -c -mcpu=v10.0 -mlittle-endian -mxl-soft-mul" "EXTRA_COMPILER_FLAGS=-ffunction-sections -fdata-sections -Wall -Wextra"
Compiling io_switch...
Running Make libs in iop_rpi_mb/libsrc/iic_v3_4/src
make -C iop_rpi_mb/libsrc/iic_v3_4/src -s libs  "SHELL=/bin/sh" "COMPILER=mb-gcc" "ARCHIVER=mb-ar" "COMPILER_FLAGS=  -O2 -c -mcpu=v10.0 -mlittle-endian -mxl-soft-mul" "EXTRA_COMPILER_FLAGS=-ffunction-sections -fdata-sections -Wall -Wextra"
Compiling iic
Running Make libs in iop_rpi_mb/libsrc/iicps_v3_7/src
make -C iop_rpi_mb/libsrc/iicps_v3_7/src -s libs  "SHELL=/bin/sh" "COMPILER=mb-gcc" "ARCHIVER=mb-ar" "COMPILER_FLAGS=  -O2 -c -mcpu=v10.0 -mlittle-endian -mxl-soft-mul" "EXTRA_COMPILER_FLAGS=-ffunction-sections -fdata-sections -Wall -Wextra"
Compiling iicps
Running Make libs in iop_rpi_mb/libsrc/pynqmb_v1_0/src
make -C iop_rpi_mb/libsrc/pynqmb_v1_0/src -s libs  "SHELL=/bin/sh" "COMPILER=mb-gcc" "ARCHIVER=mb-ar" "COMPILER_FLAGS=  -O2 -c -mcpu=v10.0 -mlittle-endian -mxl-soft-mul" "EXTRA_COMPILER_FLAGS=-ffunction-sections -fdata-sections -Wall -Wextra"
Compiling pynqmb library
Running Make libs in iop_rpi_mb/libsrc/gpio_v4_3/src
make -C iop_rpi_mb/libsrc/gpio_v4_3/src -s libs  "SHELL=/bin/sh" "COMPILER=mb-gcc" "ARCHIVER=mb-ar" "COMPILER_FLAGS=  -O2 -c -mcpu=v10.0 -mlittle-endian -mxl-soft-mul" "EXTRA_COMPILER_FLAGS=-ffunction-sections -fdata-sections -Wall -Wextra"
Compiling gpio
Running Make libs in iop_rpi_mb/libsrc/uartlite_v3_2/src
make -C iop_rpi_mb/libsrc/uartlite_v3_2/src -s libs  "SHELL=/bin/sh" "COMPILER=mb-gcc" "ARCHIVER=mb-ar" "COMPILER_FLAGS=  -O2 -c -mcpu=v10.0 -mlittle-endian -mxl-soft-mul" "EXTRA_COMPILER_FLAGS=-ffunction-sections -fdata-sections -Wall -Wextra"
Compiling uartlite
Running Make libs in iop_rpi_mb/libsrc/spi_v4_4/src
make -C iop_rpi_mb/libsrc/spi_v4_4/src -s libs  "SHELL=/bin/sh" "COMPILER=mb-gcc" "ARCHIVER=mb-ar" "COMPILER_FLAGS=  -O2 -c -mcpu=v10.0 -mlittle-endian -mxl-soft-mul" "EXTRA_COMPILER_FLAGS=-ffunction-sections -fdata-sections -Wall -Wextra"
Compiling spi
Running Make libs in iop_rpi_mb/libsrc/cpu_v2_7/src
make -C iop_rpi_mb/libsrc/cpu_v2_7/src -s libs  "SHELL=/bin/sh" "COMPILER=mb-gcc" "ARCHIVER=mb-ar" "COMPILER_FLAGS=  -O2 -c -mcpu=v10.0 -mlittle-endian -mxl-soft-mul" "EXTRA_COMPILER_FLAGS=-ffunction-sections -fdata-sections -Wall -Wextra"
Compiling cpu
Running Make libs in iop_rpi_mb/libsrc/intc_v3_7/src
make -C iop_rpi_mb/libsrc/intc_v3_7/src -s libs  "SHELL=/bin/sh" "COMPILER=mb-gcc" "ARCHIVER=mb-ar" "COMPILER_FLAGS=  -O2 -c -mcpu=v10.0 -mlittle-endian -mxl-soft-mul" "EXTRA_COMPILER_FLAGS=-ffunction-sections -fdata-sections -Wall -Wextra"
Compiling intc
Running Make libs in iop_rpi_mb/libsrc/intrgpio_v4_1/src
make -C iop_rpi_mb/libsrc/intrgpio_v4_1/src -s libs  "SHELL=/bin/sh" "COMPILER=mb-gcc" "ARCHIVER=mb-ar" "COMPILER_FLAGS=  -O2 -c -mcpu=v10.0 -mlittle-endian -mxl-soft-mul" "EXTRA_COMPILER_FLAGS=-ffunction-sections -fdata-sections -Wall -Wextra"
Compiling intrgpio
Running Make libs in iop_rpi_mb/libsrc/sdps_v3_5/src
make -C iop_rpi_mb/libsrc/sdps_v3_5/src -s libs  "SHELL=/bin/sh" "COMPILER=mb-gcc" "ARCHIVER=mb-ar" "COMPILER_FLAGS=  -O2 -c -mcpu=v10.0 -mlittle-endian -mxl-soft-mul" "EXTRA_COMPILER_FLAGS=-ffunction-sections -fdata-sections -Wall -Wextra"
Compiling sdps
Running Make libs in iop_rpi_mb/libsrc/mailbox_bram_v0_1/src
make -C iop_rpi_mb/libsrc/mailbox_bram_v0_1/src -s libs  "SHELL=/bin/sh" "COMPILER=mb-gcc" "ARCHIVER=mb-ar" "COMPILER_FLAGS=  -O2 -c -mcpu=v10.0 -mlittle-endian -mxl-soft-mul" "EXTRA_COMPILER_FLAGS=-ffunction-sections -fdata-sections -Wall -Wextra"
Compiling mailbox_bram
Running Make libs in iop_rpi_mb/libsrc/usbps_v2_4/src
make -C iop_rpi_mb/libsrc/usbps_v2_4/src -s libs  "SHELL=/bin/sh" "COMPILER=mb-gcc" "ARCHIVER=mb-ar" "COMPILER_FLAGS=  -O2 -c -mcpu=v10.0 -mlittle-endian -mxl-soft-mul" "EXTRA_COMPILER_FLAGS=-ffunction-sections -fdata-sections -Wall -Wextra"
Compiling usbps
Running Make libs in iop_rpi_mb/libsrc/tmrctr_v4_4/src
make -C iop_rpi_mb/libsrc/tmrctr_v4_4/src -s libs  "SHELL=/bin/sh" "COMPILER=mb-gcc" "ARCHIVER=mb-ar" "COMPILER_FLAGS=  -O2 -c -mcpu=v10.0 -mlittle-endian -mxl-soft-mul" "EXTRA_COMPILER_FLAGS=-ffunction-sections -fdata-sections -Wall -Wextra"
Compiling tmrctr
Finished building libraries

13:45:17 Build Finished (took 11s.13ms)

