Copyright 1986-2018 Xilinx, Inc. All Rights Reserved.
------------------------------------------------------------------------------------
| Tool Version : Vivado v.2018.2 (lin64) Build 2258646 Thu Jun 14 20:02:38 MDT 2018
| Date         : Thu Mar 21 18:25:01 2019
| Host         : ubuntu running 64-bit Ubuntu 18.04.2 LTS
| Command      : upgrade_ip
| Device       : xc7z020clg400-1
------------------------------------------------------------------------------------

Upgrade Log for IP 'design_1_PulseCounter_0_1'

1. Summary
----------

SUCCESS in the upgrade of design_1_PulseCounter_0_1 (user.org:user:PulseCounter:2.0) from (Rev. 3) to (Rev. 4)






Copyright 1986-2018 Xilinx, Inc. All Rights Reserved.
------------------------------------------------------------------------------------
| Tool Version : Vivado v.2018.2 (lin64) Build 2258646 Thu Jun 14 20:02:38 MDT 2018
| Date         : Thu Mar 21 17:50:52 2019
| Host         : ubuntu running 64-bit Ubuntu 18.04.2 LTS
| Command      : upgrade_ip
| Device       : xc7z020clg400-1
------------------------------------------------------------------------------------

Upgrade Log for IP 'design_1_PulseCounter_0_1'

1. Summary
----------

SUCCESS in the upgrade of design_1_PulseCounter_0_1 (user.org:user:PulseCounter:2.0) from (Rev. 2) to (Rev. 3)

