
*** Running vivado
    with args -log base_distributor_rpi_0.vds -m64 -product Vivado -mode batch -messageDb vivado.pb -notrace -source base_distributor_rpi_0.tcl


****** Vivado v2018.2 (64-bit)
  **** SW Build 2258646 on Thu Jun 14 20:02:38 MDT 2018
  **** IP Build 2256618 on Thu Jun 14 22:10:49 MDT 2018
    ** Copyright 1986-2018 Xilinx, Inc. All Rights Reserved.

source base_distributor_rpi_0.tcl -notrace
Command: synth_design -top base_distributor_rpi_0 -part xc7z020clg400-1 -mode out_of_context
Starting synth_design
Attempting to get a license for feature 'Synthesis' and/or device 'xc7z020'
INFO: [Common 17-349] Got license for feature 'Synthesis' and/or device 'xc7z020'
INFO: Launching helper process for spawning children vivado processes
INFO: Helper process launched with PID 29055 
---------------------------------------------------------------------------------
Starting RTL Elaboration : Time (s): cpu = 00:00:05 ; elapsed = 00:00:07 . Memory (MB): peak = 1343.828 ; gain = 84.707 ; free physical = 1997 ; free virtual = 5473
---------------------------------------------------------------------------------
INFO: [Synth 8-6157] synthesizing module 'base_distributor_rpi_0' [/home/junhonglin/Xilinx/PYNQ_Car/Robot/Robot.srcs/sources_1/bd/base/ip/base_distributor_rpi_0/synth/base_distributor_rpi_0.v:58]
INFO: [Synth 8-6157] synthesizing module 'wire_distributor' [/home/junhonglin/Xilinx/PYNQ_Car/Robot/Robot.srcs/sources_1/bd/base/ipshared/1a70/wire_distributor.v:3]
	Parameter TYPE bound to: 0 - type: integer 
	Parameter WIDTH bound to: 28 - type: integer 
INFO: [Synth 8-6155] done synthesizing module 'wire_distributor' (1#1) [/home/junhonglin/Xilinx/PYNQ_Car/Robot/Robot.srcs/sources_1/bd/base/ipshared/1a70/wire_distributor.v:3]
INFO: [Synth 8-6155] done synthesizing module 'base_distributor_rpi_0' (2#1) [/home/junhonglin/Xilinx/PYNQ_Car/Robot/Robot.srcs/sources_1/bd/base/ip/base_distributor_rpi_0/synth/base_distributor_rpi_0.v:58]
---------------------------------------------------------------------------------
Finished RTL Elaboration : Time (s): cpu = 00:00:07 ; elapsed = 00:00:10 . Memory (MB): peak = 1388.453 ; gain = 129.332 ; free physical = 1918 ; free virtual = 5395
---------------------------------------------------------------------------------

Report Check Netlist: 
+------+------------------+-------+---------+-------+------------------+
|      |Item              |Errors |Warnings |Status |Description       |
+------+------------------+-------+---------+-------+------------------+
|1     |multi_driven_nets |      0|        0|Passed |Multi driven nets |
+------+------------------+-------+---------+-------+------------------+
---------------------------------------------------------------------------------
Start Handling Custom Attributes
---------------------------------------------------------------------------------
---------------------------------------------------------------------------------
Finished Handling Custom Attributes : Time (s): cpu = 00:00:08 ; elapsed = 00:00:11 . Memory (MB): peak = 1388.453 ; gain = 129.332 ; free physical = 1906 ; free virtual = 5382
---------------------------------------------------------------------------------
---------------------------------------------------------------------------------
Finished RTL Optimization Phase 1 : Time (s): cpu = 00:00:08 ; elapsed = 00:00:11 . Memory (MB): peak = 1388.453 ; gain = 129.332 ; free physical = 1906 ; free virtual = 5382
---------------------------------------------------------------------------------
INFO: [Device 21-403] Loading part xc7z020clg400-1
INFO: [Project 1-570] Preparing netlist for logic optimization

Processing XDC Constraints
Initializing timing engine
Completed Processing XDC Constraints

INFO: [Project 1-111] Unisim Transformation Summary:
No Unisim elements were transformed.

WARNING: [Constraints 18-5210] No constraint will be written out.
Constraint Validation Runtime : Time (s): cpu = 00:00:00.18 ; elapsed = 00:00:00.36 . Memory (MB): peak = 1671.477 ; gain = 2.000 ; free physical = 982 ; free virtual = 4461
---------------------------------------------------------------------------------
Finished Constraint Validation : Time (s): cpu = 00:00:36 ; elapsed = 00:01:25 . Memory (MB): peak = 1671.477 ; gain = 412.355 ; free physical = 1219 ; free virtual = 4698
---------------------------------------------------------------------------------
---------------------------------------------------------------------------------
Start Loading Part and Timing Information
---------------------------------------------------------------------------------
Loading part: xc7z020clg400-1
---------------------------------------------------------------------------------
Finished Loading Part and Timing Information : Time (s): cpu = 00:00:36 ; elapsed = 00:01:25 . Memory (MB): peak = 1671.477 ; gain = 412.355 ; free physical = 1219 ; free virtual = 4698
---------------------------------------------------------------------------------
---------------------------------------------------------------------------------
Start Applying 'set_property' XDC Constraints
---------------------------------------------------------------------------------
---------------------------------------------------------------------------------
Finished applying 'set_property' XDC Constraints : Time (s): cpu = 00:00:36 ; elapsed = 00:01:25 . Memory (MB): peak = 1671.477 ; gain = 412.355 ; free physical = 1220 ; free virtual = 4699
---------------------------------------------------------------------------------
---------------------------------------------------------------------------------
Finished RTL Optimization Phase 2 : Time (s): cpu = 00:00:36 ; elapsed = 00:01:25 . Memory (MB): peak = 1671.477 ; gain = 412.355 ; free physical = 1218 ; free virtual = 4697
---------------------------------------------------------------------------------

Report RTL Partitions: 
+-+--------------+------------+----------+
| |RTL Partition |Replication |Instances |
+-+--------------+------------+----------+
+-+--------------+------------+----------+
---------------------------------------------------------------------------------
Start RTL Component Statistics 
---------------------------------------------------------------------------------
Detailed RTL Component Info : 
---------------------------------------------------------------------------------
Finished RTL Component Statistics 
---------------------------------------------------------------------------------
---------------------------------------------------------------------------------
Start RTL Hierarchical Component Statistics 
---------------------------------------------------------------------------------
Hierarchical RTL Component report 
---------------------------------------------------------------------------------
Finished RTL Hierarchical Component Statistics
---------------------------------------------------------------------------------
---------------------------------------------------------------------------------
Start Part Resource Summary
---------------------------------------------------------------------------------
Part Resources:
DSPs: 220 (col length:60)
BRAMs: 280 (col length: RAMB18 60 RAMB36 30)
---------------------------------------------------------------------------------
Finished Part Resource Summary
---------------------------------------------------------------------------------
---------------------------------------------------------------------------------
Start Cross Boundary and Area Optimization
---------------------------------------------------------------------------------
Warning: Parallel synthesis criteria is not met 
WARNING: [Synth 8-3330] design base_distributor_rpi_0 has an empty top module
---------------------------------------------------------------------------------
Finished Cross Boundary and Area Optimization : Time (s): cpu = 00:00:37 ; elapsed = 00:01:26 . Memory (MB): peak = 1671.477 ; gain = 412.355 ; free physical = 1210 ; free virtual = 4690
---------------------------------------------------------------------------------

Report RTL Partitions: 
+-+--------------+------------+----------+
| |RTL Partition |Replication |Instances |
+-+--------------+------------+----------+
+-+--------------+------------+----------+
---------------------------------------------------------------------------------
Start Applying XDC Timing Constraints
---------------------------------------------------------------------------------
---------------------------------------------------------------------------------
Finished Applying XDC Timing Constraints : Time (s): cpu = 00:00:53 ; elapsed = 00:01:50 . Memory (MB): peak = 1683.461 ; gain = 424.340 ; free physical = 985 ; free virtual = 4468
---------------------------------------------------------------------------------
---------------------------------------------------------------------------------
Start Timing Optimization
---------------------------------------------------------------------------------
---------------------------------------------------------------------------------
Finished Timing Optimization : Time (s): cpu = 00:00:53 ; elapsed = 00:01:50 . Memory (MB): peak = 1683.461 ; gain = 424.340 ; free physical = 985 ; free virtual = 4468
---------------------------------------------------------------------------------

Report RTL Partitions: 
+-+--------------+------------+----------+
| |RTL Partition |Replication |Instances |
+-+--------------+------------+----------+
+-+--------------+------------+----------+
---------------------------------------------------------------------------------
Start Technology Mapping
---------------------------------------------------------------------------------
---------------------------------------------------------------------------------
Finished Technology Mapping : Time (s): cpu = 00:00:53 ; elapsed = 00:01:50 . Memory (MB): peak = 1683.461 ; gain = 424.340 ; free physical = 984 ; free virtual = 4468
---------------------------------------------------------------------------------

Report RTL Partitions: 
+-+--------------+------------+----------+
| |RTL Partition |Replication |Instances |
+-+--------------+------------+----------+
+-+--------------+------------+----------+
---------------------------------------------------------------------------------
Start IO Insertion
---------------------------------------------------------------------------------
---------------------------------------------------------------------------------
Start Flattening Before IO Insertion
---------------------------------------------------------------------------------
---------------------------------------------------------------------------------
Finished Flattening Before IO Insertion
---------------------------------------------------------------------------------
---------------------------------------------------------------------------------
Start Final Netlist Cleanup
---------------------------------------------------------------------------------
---------------------------------------------------------------------------------
Finished Final Netlist Cleanup
---------------------------------------------------------------------------------
---------------------------------------------------------------------------------
Finished IO Insertion : Time (s): cpu = 00:00:55 ; elapsed = 00:01:51 . Memory (MB): peak = 1683.461 ; gain = 424.340 ; free physical = 972 ; free virtual = 4455
---------------------------------------------------------------------------------

Report Check Netlist: 
+------+------------------+-------+---------+-------+------------------+
|      |Item              |Errors |Warnings |Status |Description       |
+------+------------------+-------+---------+-------+------------------+
|1     |multi_driven_nets |      0|        0|Passed |Multi driven nets |
+------+------------------+-------+---------+-------+------------------+
---------------------------------------------------------------------------------
Start Renaming Generated Instances
---------------------------------------------------------------------------------
---------------------------------------------------------------------------------
Finished Renaming Generated Instances : Time (s): cpu = 00:00:55 ; elapsed = 00:01:51 . Memory (MB): peak = 1683.461 ; gain = 424.340 ; free physical = 972 ; free virtual = 4455
---------------------------------------------------------------------------------

Report RTL Partitions: 
+-+--------------+------------+----------+
| |RTL Partition |Replication |Instances |
+-+--------------+------------+----------+
+-+--------------+------------+----------+
---------------------------------------------------------------------------------
Start Rebuilding User Hierarchy
---------------------------------------------------------------------------------
---------------------------------------------------------------------------------
Finished Rebuilding User Hierarchy : Time (s): cpu = 00:00:55 ; elapsed = 00:01:51 . Memory (MB): peak = 1683.461 ; gain = 424.340 ; free physical = 972 ; free virtual = 4455
---------------------------------------------------------------------------------
---------------------------------------------------------------------------------
Start Renaming Generated Ports
---------------------------------------------------------------------------------
---------------------------------------------------------------------------------
Finished Renaming Generated Ports : Time (s): cpu = 00:00:55 ; elapsed = 00:01:51 . Memory (MB): peak = 1683.461 ; gain = 424.340 ; free physical = 972 ; free virtual = 4455
---------------------------------------------------------------------------------
---------------------------------------------------------------------------------
Start Handling Custom Attributes
---------------------------------------------------------------------------------
---------------------------------------------------------------------------------
Finished Handling Custom Attributes : Time (s): cpu = 00:00:55 ; elapsed = 00:01:51 . Memory (MB): peak = 1683.461 ; gain = 424.340 ; free physical = 972 ; free virtual = 4455
---------------------------------------------------------------------------------
---------------------------------------------------------------------------------
Start Renaming Generated Nets
---------------------------------------------------------------------------------
---------------------------------------------------------------------------------
Finished Renaming Generated Nets : Time (s): cpu = 00:00:55 ; elapsed = 00:01:51 . Memory (MB): peak = 1683.461 ; gain = 424.340 ; free physical = 972 ; free virtual = 4455
---------------------------------------------------------------------------------
---------------------------------------------------------------------------------
Start Writing Synthesis Report
---------------------------------------------------------------------------------

Report BlackBoxes: 
+-+--------------+----------+
| |BlackBox name |Instances |
+-+--------------+----------+
+-+--------------+----------+

Report Cell Usage: 
+-+-----+------+
| |Cell |Count |
+-+-----+------+
+-+-----+------+

Report Instance Areas: 
+------+---------+-------+------+
|      |Instance |Module |Cells |
+------+---------+-------+------+
|1     |top      |       |     0|
+------+---------+-------+------+
---------------------------------------------------------------------------------
Finished Writing Synthesis Report : Time (s): cpu = 00:00:55 ; elapsed = 00:01:51 . Memory (MB): peak = 1683.461 ; gain = 424.340 ; free physical = 972 ; free virtual = 4455
---------------------------------------------------------------------------------
Synthesis finished with 0 errors, 0 critical warnings and 1 warnings.
Synthesis Optimization Runtime : Time (s): cpu = 00:00:31 ; elapsed = 00:00:43 . Memory (MB): peak = 1684.461 ; gain = 142.316 ; free physical = 1028 ; free virtual = 4512
Synthesis Optimization Complete : Time (s): cpu = 00:00:55 ; elapsed = 00:01:51 . Memory (MB): peak = 1684.469 ; gain = 425.340 ; free physical = 1036 ; free virtual = 4519
INFO: [Project 1-571] Translating synthesized netlist
INFO: [Project 1-570] Preparing netlist for logic optimization
INFO: [Opt 31-138] Pushed 0 inverter(s) to 0 load pin(s).
INFO: [Project 1-111] Unisim Transformation Summary:
No Unisim elements were transformed.

INFO: [Common 17-83] Releasing license: Synthesis
13 Infos, 2 Warnings, 0 Critical Warnings and 0 Errors encountered.
synth_design completed successfully
synth_design: Time (s): cpu = 00:00:58 ; elapsed = 00:01:53 . Memory (MB): peak = 1699.461 ; gain = 452.086 ; free physical = 1007 ; free virtual = 4491
WARNING: [Constraints 18-5210] No constraint will be written out.
INFO: [Common 17-1381] The checkpoint '/home/junhonglin/Xilinx/PYNQ_Car/Robot/Robot.runs/base_distributor_rpi_0_synth_1/base_distributor_rpi_0.dcp' has been generated.
