#-----------------------------------------------------------
# Webtalk v2017.4 (64-bit)
# SW Build 2086221 on Fri Dec 15 20:54:30 MST 2017
# 
# Start of session at: Mon Jan 21 18:51:39 2019
# Process ID: 15068
# Current directory: /home/junhonglin/Xilinx/PYNQ_Car/base.sdk/webtalk
# Command line: wbtcv -mode batch -source sdk_webtalk.tcl
# Log file: /home/junhonglin/Xilinx/PYNQ_Car/base.sdk/webtalk/webtalk.log
# Journal file: /home/junhonglin/Xilinx/PYNQ_Car/base.sdk/webtalk/webtalk.jou
#-----------------------------------------------------------
source sdk_webtalk.tcl
# webtalk_init -webtalk_dir /home/junhonglin/Xilinx/PYNQ_Car/base.sdk/webtalk
# webtalk_register_client -client project
# webtalk_add_data -client project -key date_generated -value "2019-01-21 18:51:37" -context "software_version_and_target_device"
# webtalk_add_data -client project -key product_version -value "SDK v2017.4" -context "software_version_and_target_device"
# webtalk_add_data -client project -key build_version -value "2017.4" -context "software_version_and_target_device"
# webtalk_add_data -client project -key os_platform -value "amd64" -context "software_version_and_target_device"
# webtalk_add_data -client project -key registration_id -value "" -context "software_version_and_target_device"
# webtalk_add_data -client project -key tool_flow -value "SDK" -context "software_version_and_target_device"
# webtalk_add_data -client project -key beta -value "false" -context "software_version_and_target_device"
# webtalk_add_data -client project -key route_design -value "NA" -context "software_version_and_target_device"
# webtalk_add_data -client project -key target_family -value "NA" -context "software_version_and_target_device"
# webtalk_add_data -client project -key target_device -value "NA" -context "software_version_and_target_device"
# webtalk_add_data -client project -key target_package -value "NA" -context "software_version_and_target_device"
# webtalk_add_data -client project -key target_speed -value "NA" -context "software_version_and_target_device"
# webtalk_add_data -client project -key random_id -value "qncdvf3p522qsnl65fmhjhv7do" -context "software_version_and_target_device"
# webtalk_add_data -client project -key project_id -value "2017.4_29" -context "software_version_and_target_device"
# webtalk_add_data -client project -key project_iteration -value "29" -context "software_version_and_target_device"
# webtalk_add_data -client project -key os_name -value "Ubuntu" -context "user_environment"
# webtalk_add_data -client project -key os_release -value "Ubuntu 16.04.5 LTS" -context "user_environment"
# webtalk_add_data -client project -key cpu_name -value "Intel(R) Core(TM) i7-4720HQ CPU @ 2.60GHz" -context "user_environment"
# webtalk_add_data -client project -key cpu_speed -value "2601.000 MHz" -context "user_environment"
# webtalk_add_data -client project -key total_processors -value "8" -context "user_environment"
# webtalk_add_data -client project -key system_ram -value "6.226 GB" -context "user_environment"
# webtalk_register_client -client sdk
# webtalk_add_data -client sdk -key uid -value "1548055811000" -context "sdk\\\\bsp/1548055811000"
# webtalk_add_data -client sdk -key hwid -value "1547299599000" -context "sdk\\\\bsp/1548055811000"
# webtalk_add_data -client sdk -key os -value "standalone" -context "sdk\\\\bsp/1548055811000"
# webtalk_add_data -client sdk -key apptemplate -value "empty_application" -context "sdk\\\\bsp/1548055811000"
# webtalk_add_data -client sdk -key RecordType -value "BSPCreation" -context "sdk\\\\bsp/1548055811000"
# webtalk_add_data -client sdk -key uid -value "1548055816000" -context "sdk\\\\application/1548055816000"
# webtalk_add_data -client sdk -key hwid -value "1547299599000" -context "sdk\\\\application/1548055816000"
# webtalk_add_data -client sdk -key bspid -value "1548055811000" -context "sdk\\\\application/1548055816000"
# webtalk_add_data -client sdk -key newbsp -value "true" -context "sdk\\\\application/1548055816000"
# webtalk_add_data -client sdk -key os -value "standalone" -context "sdk\\\\application/1548055816000"
# webtalk_add_data -client sdk -key apptemplate -value "empty_application" -context "sdk\\\\application/1548055816000"
# webtalk_add_data -client sdk -key RecordType -value "APPCreation" -context "sdk\\\\application/1548055816000"
# webtalk_add_data -client sdk -key LangUsed -value "C" -context "sdk\\\\application/1548055816000"
# webtalk_add_data -client sdk -key Procused -value "microblaze" -context "sdk\\\\application/1548055816000"
# webtalk_add_data -client sdk -key projSize -value "104.02734375" -context "sdk\\\\application/1548055816000"
# webtalk_add_data -client sdk -key uid -value "1548059064000" -context "sdk\\\\bsp/1548059064000"
# webtalk_add_data -client sdk -key hwid -value "1547299599000" -context "sdk\\\\bsp/1548059064000"
# webtalk_add_data -client sdk -key os -value "standalone" -context "sdk\\\\bsp/1548059064000"
# webtalk_add_data -client sdk -key apptemplate -value "empty_application" -context "sdk\\\\bsp/1548059064000"
# webtalk_add_data -client sdk -key RecordType -value "BSPCreation" -context "sdk\\\\bsp/1548059064000"
# webtalk_add_data -client sdk -key uid -value "1548059068000" -context "sdk\\\\application/1548059068000"
# webtalk_add_data -client sdk -key hwid -value "1547299599000" -context "sdk\\\\application/1548059068000"
# webtalk_add_data -client sdk -key bspid -value "1548059064000" -context "sdk\\\\application/1548059068000"
# webtalk_add_data -client sdk -key newbsp -value "true" -context "sdk\\\\application/1548059068000"
# webtalk_add_data -client sdk -key os -value "standalone" -context "sdk\\\\application/1548059068000"
# webtalk_add_data -client sdk -key apptemplate -value "empty_application" -context "sdk\\\\application/1548059068000"
# webtalk_add_data -client sdk -key RecordType -value "APPCreation" -context "sdk\\\\application/1548059068000"
# webtalk_add_data -client sdk -key LangUsed -value "C" -context "sdk\\\\application/1548059068000"
# webtalk_add_data -client sdk -key Procused -value "microblaze" -context "sdk\\\\application/1548059068000"
# webtalk_add_data -client sdk -key uid -value "1548063182000" -context "sdk\\\\bsp/1548063182000"
# webtalk_add_data -client sdk -key hwid -value "1547299599000" -context "sdk\\\\bsp/1548063182000"
# webtalk_add_data -client sdk -key os -value "standalone" -context "sdk\\\\bsp/1548063182000"
# webtalk_add_data -client sdk -key apptemplate -value "empty_application" -context "sdk\\\\bsp/1548063182000"
# webtalk_add_data -client sdk -key RecordType -value "BSPCreation" -context "sdk\\\\bsp/1548063182000"
# webtalk_add_data -client sdk -key uid -value "1548063186000" -context "sdk\\\\application/1548063186000"
# webtalk_add_data -client sdk -key hwid -value "1547299599000" -context "sdk\\\\application/1548063186000"
# webtalk_add_data -client sdk -key bspid -value "1548063182000" -context "sdk\\\\application/1548063186000"
# webtalk_add_data -client sdk -key newbsp -value "true" -context "sdk\\\\application/1548063186000"
# webtalk_add_data -client sdk -key os -value "standalone" -context "sdk\\\\application/1548063186000"
# webtalk_add_data -client sdk -key apptemplate -value "empty_application" -context "sdk\\\\application/1548063186000"
# webtalk_add_data -client sdk -key RecordType -value "APPCreation" -context "sdk\\\\application/1548063186000"
# webtalk_add_data -client sdk -key LangUsed -value "CPP" -context "sdk\\\\application/1548063186000"
# webtalk_add_data -client sdk -key Procused -value "microblaze" -context "sdk\\\\application/1548063186000"
# webtalk_add_data -client sdk -key uid -value "NA" -context "sdk\\\\bsp/1548067897927"
# webtalk_add_data -client sdk -key RecordType -value "ToolUsage" -context "sdk\\\\bsp/1548067897927"
# webtalk_add_data -client sdk -key BootgenCount -value "0" -context "sdk\\\\bsp/1548067897927"
# webtalk_add_data -client sdk -key DebugCount -value "8" -context "sdk\\\\bsp/1548067897927"
# webtalk_add_data -client sdk -key PerfCount -value "0" -context "sdk\\\\bsp/1548067897927"
# webtalk_add_data -client sdk -key FlashCount -value "0" -context "sdk\\\\bsp/1548067897927"
# webtalk_add_data -client sdk -key CrossTriggCount -value "0" -context "sdk\\\\bsp/1548067897927"
# webtalk_add_data -client sdk -key QemuDebugCount -value "0" -context "sdk\\\\bsp/1548067897927"
# webtalk_transmit -clientid 1753157802 -regid "" -xml /home/junhonglin/Xilinx/PYNQ_Car/base.sdk/webtalk/usage_statistics_ext_sdk.xml -html /home/junhonglin/Xilinx/PYNQ_Car/base.sdk/webtalk/usage_statistics_ext_sdk.html -wdm /home/junhonglin/Xilinx/PYNQ_Car/base.sdk/webtalk/sdk_webtalk.wdm -intro "<H3>SDK Usage Report</H3><BR>"
# webtalk_terminate
INFO: [Common 17-206] Exiting Webtalk at Mon Jan 21 18:51:39 2019...
