Copyright 1986-2018 Xilinx, Inc. All Rights Reserved.
---------------------------------------------------------------------------------------------------------------------
| Tool Version : Vivado v.2018.2 (lin64) Build 2258646 Thu Jun 14 20:02:38 MDT 2018
| Date         : Wed Mar 27 23:35:28 2019
| Host         : ubuntu running 64-bit Ubuntu 18.04.2 LTS
| Command      : report_utilization -file base_wrapper_utilization_placed.rpt -pb base_wrapper_utilization_placed.pb
| Design       : base_wrapper
| Device       : 7z020clg400-1
| Design State : Fully Placed
---------------------------------------------------------------------------------------------------------------------

Utilization Design Information

Table of Contents
-----------------
1. Slice Logic
1.1 Summary of Registers by Type
2. Slice Logic Distribution
3. Memory
4. DSP
5. IO and GT Specific
6. Clocking
7. Specific Feature
8. Primitives
9. Black Boxes
10. Instantiated Netlists

1. Slice Logic
--------------

+----------------------------+-------+-------+-----------+-------+
|          Site Type         |  Used | Fixed | Available | Util% |
+----------------------------+-------+-------+-----------+-------+
| Slice LUTs                 | 38518 |     0 |     53200 | 72.40 |
|   LUT as Logic             | 36872 |     0 |     53200 | 69.31 |
|   LUT as Memory            |  1646 |     0 |     17400 |  9.46 |
|     LUT as Distributed RAM |   420 |     0 |           |       |
|     LUT as Shift Register  |  1226 |     0 |           |       |
| Slice Registers            | 53134 |    15 |    106400 | 49.94 |
|   Register as Flip Flop    | 53123 |    15 |    106400 | 49.93 |
|   Register as Latch        |     7 |     0 |    106400 | <0.01 |
|   Register as AND/OR       |     4 |     0 |    106400 | <0.01 |
| F7 Muxes                   |  1055 |     0 |     26600 |  3.97 |
| F8 Muxes                   |   104 |     0 |     13300 |  0.78 |
+----------------------------+-------+-------+-----------+-------+


1.1 Summary of Registers by Type
--------------------------------

+-------+--------------+-------------+--------------+
| Total | Clock Enable | Synchronous | Asynchronous |
+-------+--------------+-------------+--------------+
| 4     |            _ |           - |            - |
| 0     |            _ |           - |          Set |
| 0     |            _ |           - |        Reset |
| 0     |            _ |         Set |            - |
| 0     |            _ |       Reset |            - |
| 0     |          Yes |           - |            - |
| 95    |          Yes |           - |          Set |
| 1147  |          Yes |           - |        Reset |
| 1886  |          Yes |         Set |            - |
| 50005 |          Yes |       Reset |            - |
+-------+--------------+-------------+--------------+


2. Slice Logic Distribution
---------------------------

+-------------------------------------------+-------+-------+-----------+-------+
|                 Site Type                 |  Used | Fixed | Available | Util% |
+-------------------------------------------+-------+-------+-----------+-------+
| Slice                                     | 13146 |     0 |     13300 | 98.84 |
|   SLICEL                                  |  8856 |     0 |           |       |
|   SLICEM                                  |  4290 |     0 |           |       |
| LUT as Logic                              | 36872 |     0 |     53200 | 69.31 |
|   using O5 output only                    |     7 |       |           |       |
|   using O6 output only                    | 29467 |       |           |       |
|   using O5 and O6                         |  7398 |       |           |       |
| LUT as Memory                             |  1646 |     0 |     17400 |  9.46 |
|   LUT as Distributed RAM                  |   420 |     0 |           |       |
|     using O5 output only                  |     0 |       |           |       |
|     using O6 output only                  |     4 |       |           |       |
|     using O5 and O6                       |   416 |       |           |       |
|   LUT as Shift Register                   |  1226 |     0 |           |       |
|     using O5 output only                  |    47 |       |           |       |
|     using O6 output only                  |   682 |       |           |       |
|     using O5 and O6                       |   497 |       |           |       |
| LUT Flip Flop Pairs                       | 18566 |     0 |     53200 | 34.90 |
|   fully used LUT-FF pairs                 |  4116 |       |           |       |
|   LUT-FF pairs with one unused LUT output | 13824 |       |           |       |
|   LUT-FF pairs with one unused Flip Flop  | 11523 |       |           |       |
| Unique Control Sets                       |  2774 |       |           |       |
+-------------------------------------------+-------+-------+-----------+-------+
* Note: Review the Control Sets Report for more information regarding control sets.


3. Memory
---------

+-------------------+------+-------+-----------+-------+
|     Site Type     | Used | Fixed | Available | Util% |
+-------------------+------+-------+-----------+-------+
| Block RAM Tile    |  127 |     0 |       140 | 90.71 |
|   RAMB36/FIFO*    |  125 |     0 |       140 | 89.29 |
|     RAMB36E1 only |  125 |       |           |       |
|   RAMB18          |    4 |     0 |       280 |  1.43 |
|     RAMB18E1 only |    4 |       |           |       |
+-------------------+------+-------+-----------+-------+
* Note: Each Block RAM Tile only has one FIFO logic available and therefore can accommodate only one FIFO36E1 or one FIFO18E1. However, if a FIFO18E1 occupies a Block RAM Tile, that tile can still accommodate a RAMB18E1


4. DSP
------

+----------------+------+-------+-----------+-------+
|    Site Type   | Used | Fixed | Available | Util% |
+----------------+------+-------+-----------+-------+
| DSPs           |   18 |     0 |       220 |  8.18 |
|   DSP48E1 only |   18 |       |           |       |
+----------------+------+-------+-----------+-------+


5. IO and GT Specific
---------------------

+-----------------------------+------+-------+-----------+--------+
|          Site Type          | Used | Fixed | Available |  Util% |
+-----------------------------+------+-------+-----------+--------+
| Bonded IOB                  |  119 |   119 |       125 |  95.20 |
|   IOB Master Pads           |   59 |       |           |        |
|   IOB Slave Pads            |   57 |       |           |        |
|   IOB Flip Flops            |    3 |     3 |           |        |
| Bonded IPADs                |    2 |     2 |         2 | 100.00 |
| Bonded IOPADs               |  130 |   130 |       130 | 100.00 |
| PHY_CONTROL                 |    0 |     0 |         4 |   0.00 |
| PHASER_REF                  |    0 |     0 |         4 |   0.00 |
| OUT_FIFO                    |    0 |     0 |        16 |   0.00 |
| IN_FIFO                     |    0 |     0 |        16 |   0.00 |
| IDELAYCTRL                  |    1 |     0 |         4 |  25.00 |
| IBUFDS                      |    4 |     4 |       121 |   3.31 |
| PHASER_OUT/PHASER_OUT_PHY   |    0 |     0 |        16 |   0.00 |
| PHASER_IN/PHASER_IN_PHY     |    0 |     0 |        16 |   0.00 |
| IDELAYE2/IDELAYE2_FINEDELAY |    3 |     3 |       200 |   1.50 |
|   IDELAYE2 only             |    3 |     3 |           |        |
| ILOGIC                      |    8 |     8 |       125 |   6.40 |
|   IFF_Register              |    2 |     2 |           |        |
|   ISERDES                   |    6 |     6 |           |        |
| OLOGIC                      |    9 |     9 |       125 |   7.20 |
|   OUTFF_Register            |    1 |     1 |           |        |
|   OSERDES                   |    8 |     8 |           |        |
+-----------------------------+------+-------+-----------+--------+


6. Clocking
-----------

+--------------+------+-------+-----------+-------+
|   Site Type  | Used | Fixed | Available | Util% |
+--------------+------+-------+-----------+-------+
| BUFGCTRL     |    7 |     0 |        32 | 21.88 |
| BUFIO        |    2 |     0 |        16 | 12.50 |
|   BUFIO only |    2 |     0 |           |       |
| MMCME2_ADV   |    3 |     0 |         4 | 75.00 |
| PLLE2_ADV    |    0 |     0 |         4 |  0.00 |
| BUFMRCE      |    0 |     0 |         8 |  0.00 |
| BUFHCE       |    0 |     0 |        72 |  0.00 |
| BUFR         |    2 |     0 |        16 | 12.50 |
+--------------+------+-------+-----------+-------+


7. Specific Feature
-------------------

+-------------+------+-------+-----------+--------+
|  Site Type  | Used | Fixed | Available |  Util% |
+-------------+------+-------+-----------+--------+
| BSCANE2     |    1 |     0 |         4 |  25.00 |
| CAPTUREE2   |    0 |     0 |         1 |   0.00 |
| DNA_PORT    |    0 |     0 |         1 |   0.00 |
| EFUSE_USR   |    0 |     0 |         1 |   0.00 |
| FRAME_ECCE2 |    0 |     0 |         1 |   0.00 |
| ICAPE2      |    0 |     0 |         2 |   0.00 |
| STARTUPE2   |    0 |     0 |         1 |   0.00 |
| XADC        |    1 |     1 |         1 | 100.00 |
+-------------+------+-------+-----------+--------+


8. Primitives
-------------

+------------+-------+----------------------+
|  Ref Name  |  Used |  Functional Category |
+------------+-------+----------------------+
| FDRE       | 50005 |         Flop & Latch |
| LUT6       | 11967 |                  LUT |
| LUT3       | 10968 |                  LUT |
| LUT4       |  7620 |                  LUT |
| LUT5       |  7373 |                  LUT |
| LUT2       |  5050 |                  LUT |
| FDSE       |  1886 |         Flop & Latch |
| CARRY4     |  1437 |           CarryLogic |
| LUT1       |  1292 |                  LUT |
| SRL16E     |  1285 |   Distributed Memory |
| FDCE       |  1140 |         Flop & Latch |
| MUXF7      |  1055 |                MuxFx |
| RAMD32     |   628 |   Distributed Memory |
| SRLC32E    |   410 |   Distributed Memory |
| RAMS32     |   208 |   Distributed Memory |
| BIBUF      |   130 |                   IO |
| RAMB36E1   |   125 |         Block Memory |
| MUXF8      |   104 |                MuxFx |
| FDPE       |    95 |         Flop & Latch |
| IBUF       |    87 |                   IO |
| OBUFT      |    66 |                   IO |
| SRLC16E    |    28 |   Distributed Memory |
| OBUF       |    18 |                   IO |
| DSP48E1    |    18 |     Block Arithmetic |
| OSERDESE2  |     8 |                   IO |
| LDCE       |     7 |         Flop & Latch |
| BUFG       |     7 |                Clock |
| ISERDESE2  |     6 |                   IO |
| RAMB18E1   |     4 |         Block Memory |
| OBUFDS     |     4 |                   IO |
| IBUFDS     |     4 |                   IO |
| AND2B1L    |     4 |               Others |
| MMCME2_ADV |     3 |                Clock |
| IDELAYE2   |     3 |                   IO |
| BUFR       |     2 |                Clock |
| BUFIO      |     2 |                Clock |
| XADC       |     1 |               Others |
| PS7        |     1 | Specialized Resource |
| IDELAYCTRL |     1 |                   IO |
| BSCANE2    |     1 |               Others |
+------------+-------+----------------------+


9. Black Boxes
--------------

+----------+------+
| Ref Name | Used |
+----------+------+


10. Instantiated Netlists
-------------------------

+--------------------------------+------+
|            Ref Name            | Used |
+--------------------------------+------+
| base_xlconcat_0_1              |    1 |
| base_xlconcat_0_0              |    1 |
| base_xbar_9                    |    1 |
| base_xbar_8                    |    1 |
| base_xbar_7                    |    1 |
| base_xbar_6                    |    1 |
| base_xbar_5                    |    1 |
| base_xbar_4                    |    1 |
| base_xbar_3                    |    1 |
| base_xbar_2                    |    1 |
| base_xbar_10                   |    1 |
| base_xbar_1                    |    1 |
| base_xbar_0                    |    1 |
| base_xadc_0                    |    1 |
| base_vtc_out_0                 |    1 |
| base_vtc_in_0                  |    1 |
| base_v_vid_in_axi4s_0_0        |    1 |
| base_v_axi4s_vid_out_0_0       |    1 |
| base_uartlite_2                |    1 |
| base_uartlite_1                |    1 |
| base_uartlite_0                |    1 |
| base_trace_cntrl_64_0_0        |    1 |
| base_trace_cntrl_32_0_0        |    1 |
| base_timer_5_0                 |    1 |
| base_timer_4_0                 |    1 |
| base_timer_3_0                 |    1 |
| base_timer_2_0                 |    1 |
| base_timer_1_1                 |    1 |
| base_timer_1_0                 |    1 |
| base_timer_1                   |    1 |
| base_timer_0_1                 |    1 |
| base_timer_0_0                 |    1 |
| base_timer_0                   |    1 |
| base_tier2_xbar_2_0            |    1 |
| base_tier2_xbar_1_0            |    1 |
| base_tier2_xbar_0_0            |    1 |
| base_system_interrupts_0       |    1 |
| base_switches_gpio_0           |    1 |
| base_spi_shared_0              |    1 |
| base_spi_direct_0              |    1 |
| base_spi_1_0                   |    1 |
| base_spi_1                     |    1 |
| base_spi_0_0                   |    1 |
| base_spi_0                     |    1 |
| base_slice_pmodb_gpio_0        |    1 |
| base_s00_regslice_6            |    1 |
| base_s00_regslice_5            |    1 |
| base_s00_regslice_4            |    1 |
| base_s00_regslice_3            |    1 |
| base_s00_regslice_2            |    1 |
| base_s00_regslice_1            |    1 |
| base_s00_regslice_0            |    1 |
| base_rst_ps7_0_fclk3_0         |    1 |
| base_rst_ps7_0_fclk1_0         |    1 |
| base_rst_ps7_0_fclk0_0         |    1 |
| base_rst_clk_wiz_1_100M_3      |    1 |
| base_rst_clk_wiz_1_100M_2      |    1 |
| base_rst_clk_wiz_1_100M_1      |    1 |
| base_rst_clk_wiz_1_100M_0      |    1 |
| base_rpi_t_27_8_0              |    1 |
| base_rpi_o_27_8_0              |    1 |
| base_rpi_i_27_0_0              |    1 |
| base_rpi_gpio_0                |    1 |
| base_rpi_7_6_1                 |    1 |
| base_rpi_7_6_0                 |    1 |
| base_rpi_5_4_1                 |    1 |
| base_rpi_5_4_0                 |    1 |
| base_rpi_3_2_1                 |    1 |
| base_rpi_3_2_0                 |    1 |
| base_rpi_1_0_1                 |    1 |
| base_rpi_1_0_0                 |    1 |
| base_rpi2pmoda_2               |    1 |
| base_rpi2pmoda_1               |    1 |
| base_rpi2pmoda_0               |    1 |
| base_rgbleds_gpio_0            |    1 |
| base_rgb2dvi_0_0               |    1 |
| base_ps7_0_0                   |    1 |
| base_proc_sys_reset_pixelclk_0 |    1 |
| base_pmoda_rpi_t_sel_0         |    1 |
| base_pmoda_rpi_o_sel_0         |    1 |
| base_pmoda_rpi_7_6_0           |    1 |
| base_pmoda_rpi_5_4_0           |    1 |
| base_pmoda_rpi_3_2_0           |    1 |
| base_pmoda_rpi_1_0_0           |    1 |
| base_pmoda_rp_pin_sel_0        |    1 |
| base_pixel_unpack_0            |    1 |
| base_pixel_pack_0              |    1 |
| base_mdm_1_0                   |    1 |
| base_mb_iop_rpi_reset_0        |    1 |
| base_mb_iop_rpi_intr_ack_0     |    1 |
| base_mb_iop_pmodb_reset_0      |    1 |
| base_mb_iop_pmodb_intr_ack_0   |    1 |
| base_mb_iop_pmoda_reset_0      |    1 |
| base_mb_iop_pmoda_intr_ack_0   |    1 |
| base_mb_iop_arduino_reset_0    |    1 |
| base_mb_iop_arduino_intr_ack_0 |    1 |
| base_mb_bram_ctrl_3            |    1 |
| base_mb_bram_ctrl_2            |    1 |
| base_mb_bram_ctrl_1            |    1 |
| base_mb_bram_ctrl_0            |    1 |
| base_mb_3                      |    1 |
| base_mb_2                      |    1 |
| base_mb_1                      |    1 |
| base_mb_0                      |    1 |
| base_mb4_timers_interrupt_0    |    1 |
| base_mb4_timer_pwm_0           |    1 |
| base_mb3_timers_interrupt_0    |    1 |
| base_mb3_timer_pwm_0           |    1 |
| base_mb3_timer_generate_0      |    1 |
| base_mb3_timer_capture_7_0     |    1 |
| base_mb3_timer_capture_6_0     |    1 |
| base_mb3_timer_capture_5_0     |    1 |
| base_mb3_timer_capture_4_0     |    1 |
| base_mb3_timer_capture_3_0     |    1 |
| base_mb3_timer_capture_2_0     |    1 |
| base_mb3_timer_capture_1_0     |    1 |
| base_mb3_timer_capture_0_0     |    1 |
| base_m16_regslice_0            |    1 |
| base_m15_regslice_0            |    1 |
| base_m14_regslice_0            |    1 |
| base_m13_regslice_0            |    1 |
| base_m12_regslice_0            |    1 |
| base_m11_regslice_1            |    1 |
| base_m11_regslice_0            |    1 |
| base_m10_regslice_1            |    1 |
| base_m10_regslice_0            |    1 |
| base_m09_regslice_2            |    1 |
| base_m09_regslice_1            |    1 |
| base_m09_regslice_0            |    1 |
| base_m08_regslice_2            |    1 |
| base_m08_regslice_1            |    1 |
| base_m08_regslice_0            |    1 |
| base_m07_regslice_5            |    1 |
| base_m07_regslice_4            |    1 |
| base_m07_regslice_3            |    1 |
| base_m07_regslice_2            |    1 |
| base_m07_regslice_1            |    1 |
| base_m07_regslice_0            |    1 |
| base_m06_regslice_5            |    1 |
| base_m06_regslice_4            |    1 |
| base_m06_regslice_3            |    1 |
| base_m06_regslice_2            |    1 |
| base_m06_regslice_1            |    1 |
| base_m06_regslice_0            |    1 |
| base_m05_regslice_5            |    1 |
| base_m05_regslice_4            |    1 |
| base_m05_regslice_3            |    1 |
| base_m05_regslice_2            |    1 |
| base_m05_regslice_1            |    1 |
| base_m05_regslice_0            |    1 |
| base_m04_regslice_5            |    1 |
| base_m04_regslice_4            |    1 |
| base_m04_regslice_3            |    1 |
| base_m04_regslice_2            |    1 |
| base_m04_regslice_1            |    1 |
| base_m04_regslice_0            |    1 |
| base_m03_regslice_6            |    1 |
| base_m03_regslice_5            |    1 |
| base_m03_regslice_4            |    1 |
| base_m03_regslice_3            |    1 |
| base_m03_regslice_2            |    1 |
| base_m03_regslice_1            |    1 |
| base_m03_regslice_0            |    1 |
| base_m02_regslice_6            |    1 |
| base_m02_regslice_5            |    1 |
| base_m02_regslice_4            |    1 |
| base_m02_regslice_3            |    1 |
| base_m02_regslice_2            |    1 |
| base_m02_regslice_1            |    1 |
| base_m02_regslice_0            |    1 |
| base_m01_regslice_6            |    1 |
| base_m01_regslice_5            |    1 |
| base_m01_regslice_4            |    1 |
| base_m01_regslice_3            |    1 |
| base_m01_regslice_2            |    1 |
| base_m01_regslice_1            |    1 |
| base_m01_regslice_0            |    1 |
| base_m00_regslice_6            |    1 |
| base_m00_regslice_5            |    1 |
| base_m00_regslice_4            |    1 |
| base_m00_regslice_3            |    1 |
| base_m00_regslice_2            |    1 |
| base_m00_regslice_1            |    1 |
| base_m00_regslice_0            |    1 |
| base_lmb_bram_if_cntlr_3       |    1 |
| base_lmb_bram_if_cntlr_2       |    1 |
| base_lmb_bram_if_cntlr_1       |    1 |
| base_lmb_bram_if_cntlr_0       |    1 |
| base_lmb_bram_3                |    1 |
| base_lmb_bram_2                |    1 |
| base_lmb_bram_1                |    1 |
| base_lmb_bram_0                |    1 |
| base_leds_gpio_0               |    1 |
| base_iop_interrupts_0          |    1 |
| base_io_switch_3               |    1 |
| base_io_switch_2               |    1 |
| base_io_switch_1               |    1 |
| base_io_switch_0               |    1 |
| base_intr_concat_2             |    1 |
| base_intr_concat_1             |    1 |
| base_intr_concat_0             |    1 |
| base_intr_3                    |    1 |
| base_intr_2                    |    1 |
| base_intr_1                    |    1 |
| base_intr_0                    |    1 |
| base_interrupt_concat_0        |    1 |
| base_intc_3                    |    1 |
| base_intc_2                    |    1 |
| base_intc_1                    |    1 |
| base_intc_0                    |    1 |
| base_ilmb_v10_3                |    1 |
| base_ilmb_v10_2                |    1 |
| base_ilmb_v10_1                |    1 |
| base_ilmb_v10_0                |    1 |
| base_iic_direct_0              |    1 |
| base_iic_1_0                   |    1 |
| base_iic_1                     |    1 |
| base_iic_0_0                   |    1 |
| base_iic_0                     |    1 |
| base_hdmi_out_hpd_video_0      |    1 |
| base_gpio_1                    |    1 |
| base_gpio_0                    |    1 |
| base_dvi2rgb_0_0               |    1 |
| base_dlmb_v10_3                |    1 |
| base_dlmb_v10_2                |    1 |
| base_dlmb_v10_1                |    1 |
| base_dlmb_v10_0                |    1 |
| base_distributor_rpi_0         |    1 |
| base_distributor_pmoda_0       |    1 |
| base_dff_en_reset_vector_0_3   |    1 |
| base_dff_en_reset_vector_0_2   |    1 |
| base_dff_en_reset_vector_0_1   |    1 |
| base_dff_en_reset_vector_0_0   |    1 |
| base_constant_tkeep_tstrb_1    |    1 |
| base_constant_tkeep_tstrb_0    |    1 |
| base_concat_rp_0               |    1 |
| base_concat_pmodb_0            |    1 |
| base_concat_interrupts_0       |    1 |
| base_color_swap_0_1            |    1 |
| base_color_swap_0_0            |    1 |
| base_color_convert_1           |    1 |
| base_color_convert_0           |    1 |
| base_collector_rpi_27_8_0      |    1 |
| base_collector_pmoda_rpi_0     |    1 |
| base_clk_wiz_10MHz_0           |    1 |
| base_btns_gpio_0               |    1 |
| base_axis_register_slice_0_1   |    1 |
| base_axis_register_slice_0_0   |    1 |
| base_axis_data_fifo_0_1        |    1 |
| base_axis_data_fifo_0_0        |    1 |
| base_axi_vdma_0                |    1 |
| base_axi_gpio_hdmiin_0         |    1 |
| base_axi_dynclk_0              |    1 |
| base_axi_dma_0_1               |    1 |
| base_axi_dma_0_0               |    1 |
| base_auto_us_1                 |    1 |
| base_auto_us_0                 |    1 |
| base_auto_pc_9                 |    1 |
| base_auto_pc_8                 |    1 |
| base_auto_pc_7                 |    1 |
| base_auto_pc_6                 |    1 |
| base_auto_pc_5                 |    1 |
| base_auto_pc_4                 |    1 |
| base_auto_pc_3                 |    1 |
| base_auto_pc_2                 |    1 |
| base_auto_pc_11                |    1 |
| base_auto_pc_10                |    1 |
| base_auto_pc_1                 |    1 |
| base_auto_pc_0                 |    1 |
| base_auto_cc_3                 |    1 |
| base_auto_cc_2                 |    1 |
| base_auto_cc_1                 |    1 |
| base_auto_cc_0                 |    1 |
| base_audio_codec_ctrl_0_0      |    1 |
| base_arduino_gpio_0            |    1 |
| base_PulseCounter_0_1          |    1 |
+--------------------------------+------+


